[ 2017-04-07T08:00:31+08:00 ] ::1 /MIFOOD/index
INFO: [ app_init ] --START--
INFO: Run Behavior\BuildLiteBehavior [ RunTime:0.000199s ]
INFO: [ app_init ] --END-- [ RunTime:0.041826s ]

[ 2017-04-07T08:04:39+08:00 ] ::1 /MIFOOD/index.php/Home/Index/classify/category_id/24
INFO: [ app_init ] --START--
INFO: Run Behavior\BuildLiteBehavior [ RunTime:0.000113s ]
INFO: [ app_init ] --END-- [ RunTime:0.001958s ]

[ 2017-04-07T08:05:02+08:00 ] ::1 /MIFOOD/index.php/Home/Index/details/shop_id/2
INFO: [ app_init ] --START--
INFO: Run Behavior\BuildLiteBehavior [ RunTime:0.000106s ]
INFO: [ app_init ] --END-- [ RunTime:0.001737s ]

[ 2017-04-07T08:05:03+08:00 ] ::1 /MIFOOD/index.php/Home/Index/details/shop_id/js/jquery-1.11.2.min.js
INFO: [ app_init ] --START--
INFO: Run Behavior\BuildLiteBehavior [ RunTime:0.000109s ]
INFO: [ app_init ] --END-- [ RunTime:0.001910s ]

[ 2017-04-07T08:05:03+08:00 ] ::1 /MIFOOD/index.php/Home/Index/details/shop_id/js/bootstrap.min.js
INFO: [ app_init ] --START--
INFO: Run Behavior\BuildLiteBehavior [ RunTime:0.000115s ]
INFO: [ app_init ] --END-- [ RunTime:0.002215s ]

[ 2017-04-07T08:05:22+08:00 ] ::1 /MIFOOD/index.php/Home/Index/details/shop_id/1
INFO: [ app_init ] --START--
INFO: Run Behavior\BuildLiteBehavior [ RunTime:0.000104s ]
INFO: [ app_init ] --END-- [ RunTime:0.001767s ]

[ 2017-04-07T08:05:22+08:00 ] ::1 /MIFOOD/index.php/Home/Index/details/shop_id/js/jquery-1.11.2.min.js
INFO: [ app_init ] --START--
INFO: Run Behavior\BuildLiteBehavior [ RunTime:0.000110s ]
INFO: [ app_init ] --END-- [ RunTime:0.001859s ]

[ 2017-04-07T08:05:22+08:00 ] ::1 /MIFOOD/index.php/Home/Index/details/shop_id/js/bootstrap.min.js
INFO: [ app_init ] --START--
INFO: Run Behavior\BuildLiteBehavior [ RunTime:0.000116s ]
INFO: [ app_init ] --END-- [ RunTime:0.002515s ]

[ 2017-04-07T08:13:35+08:00 ] ::1 /MIFOOD/index.php/Home/Index/details/shop_id/1
INFO: [ app_init ] --START--
INFO: Run Behavior\BuildLiteBehavior [ RunTime:0.000120s ]
INFO: [ app_init ] --END-- [ RunTime:0.002049s ]

[ 2017-04-07T08:13:36+08:00 ] ::1 /MIFOOD/index.php/Home/Index/details/shop_id/js/jquery-1.11.2.min.js
INFO: [ app_init ] --START--
INFO: Run Behavior\BuildLiteBehavior [ RunTime:0.000209s ]
INFO: [ app_init ] --END-- [ RunTime:0.002944s ]

[ 2017-04-07T08:13:36+08:00 ] ::1 /MIFOOD/index.php/Home/Index/details/shop_id/js/bootstrap.min.js
INFO: [ app_init ] --START--
INFO: Run Behavior\BuildLiteBehavior [ RunTime:0.000147s ]
INFO: [ app_init ] --END-- [ RunTime:0.010289s ]

[ 2017-04-07T08:32:00+08:00 ] ::1 /MIFOOD/index.php/Home/Index/details/shop_id/1
INFO: [ app_init ] --START--
INFO: Run Behavior\BuildLiteBehavior [ RunTime:0.000146s ]
INFO: [ app_init ] --END-- [ RunTime:0.003035s ]

[ 2017-04-07T08:32:01+08:00 ] ::1 /MIFOOD/index.php/Home/Index/details/shop_id/js/jquery-1.11.2.min.js
INFO: [ app_init ] --START--
INFO: Run Behavior\BuildLiteBehavior [ RunTime:0.000114s ]
INFO: [ app_init ] --END-- [ RunTime:0.002242s ]

[ 2017-04-07T08:32:01+08:00 ] ::1 /MIFOOD/index.php/Home/Index/details/shop_id/js/bootstrap.min.js
INFO: [ app_init ] --START--
INFO: Run Behavior\BuildLiteBehavior [ RunTime:0.000153s ]
INFO: [ app_init ] --END-- [ RunTime:0.002936s ]

[ 2017-04-07T08:32:07+08:00 ] ::1 /MIFOOD/index.php/Home/Index/details/shop_id/type_id/1
INFO: [ app_init ] --START--
INFO: Run Behavior\BuildLiteBehavior [ RunTime:0.000462s ]
INFO: [ app_init ] --END-- [ RunTime:0.009005s ]

[ 2017-04-07T08:32:07+08:00 ] ::1 /MIFOOD/index.php/Home/Index/details/shop_id/type_id/js/jquery-1.11.2.min.js
INFO: [ app_init ] --START--
INFO: Run Behavior\BuildLiteBehavior [ RunTime:0.000108s ]
INFO: [ app_init ] --END-- [ RunTime:0.001955s ]

[ 2017-04-07T08:32:07+08:00 ] ::1 /MIFOOD/index.php/Home/Index/details/shop_id/type_id/js/bootstrap.min.js
INFO: [ app_init ] --START--
INFO: Run Behavior\BuildLiteBehavior [ RunTime:0.000164s ]
INFO: [ app_init ] --END-- [ RunTime:0.010938s ]

[ 2017-04-07T08:32:38+08:00 ] ::1 /MIFOOD/index.php/Home/Index/details/shop_id/type_id/1
INFO: [ app_init ] --START--
INFO: Run Behavior\BuildLiteBehavior [ RunTime:0.000150s ]
INFO: [ app_init ] --END-- [ RunTime:0.006114s ]

[ 2017-04-07T08:32:39+08:00 ] ::1 /MIFOOD/index.php/Home/Index/details/shop_id/type_id/js/jquery-1.11.2.min.js
INFO: [ app_init ] --START--
INFO: Run Behavior\BuildLiteBehavior [ RunTime:0.006637s ]
INFO: [ app_init ] --END-- [ RunTime:0.009979s ]

[ 2017-04-07T08:32:39+08:00 ] ::1 /MIFOOD/index.php/Home/Index/details/shop_id/type_id/js/bootstrap.min.js
INFO: [ app_init ] --START--
INFO: Run Behavior\BuildLiteBehavior [ RunTime:0.000164s ]
INFO: [ app_init ] --END-- [ RunTime:0.005317s ]

[ 2017-04-07T08:32:51+08:00 ] ::1 /MIFOOD/index.php/Home/Index/details/shop_id/1
INFO: [ app_init ] --START--
INFO: Run Behavior\BuildLiteBehavior [ RunTime:0.000122s ]
INFO: [ app_init ] --END-- [ RunTime:0.002241s ]

[ 2017-04-07T08:32:51+08:00 ] ::1 /MIFOOD/index.php/Home/Index/details/shop_id/js/jquery-1.11.2.min.js
INFO: [ app_init ] --START--
INFO: Run Behavior\BuildLiteBehavior [ RunTime:0.000109s ]
INFO: [ app_init ] --END-- [ RunTime:0.002066s ]

[ 2017-04-07T08:32:52+08:00 ] ::1 /MIFOOD/index.php/Home/Index/details/shop_id/js/bootstrap.min.js
INFO: [ app_init ] --START--
INFO: Run Behavior\BuildLiteBehavior [ RunTime:0.000158s ]
INFO: [ app_init ] --END-- [ RunTime:0.003509s ]

[ 2017-04-07T08:32:58+08:00 ] ::1 /MIFOOD/index.php/Home/Index/details/shop_id/type_id/1
INFO: [ app_init ] --START--
INFO: Run Behavior\BuildLiteBehavior [ RunTime:0.000150s ]
INFO: [ app_init ] --END-- [ RunTime:0.002693s ]

[ 2017-04-07T08:32:59+08:00 ] ::1 /MIFOOD/index.php/Home/Index/details/shop_id/type_id/js/jquery-1.11.2.min.js
INFO: [ app_init ] --START--
INFO: Run Behavior\BuildLiteBehavior [ RunTime:0.000116s ]
INFO: [ app_init ] --END-- [ RunTime:0.002416s ]

[ 2017-04-07T08:32:59+08:00 ] ::1 /MIFOOD/index.php/Home/Index/details/shop_id/type_id/js/bootstrap.min.js
INFO: [ app_init ] --START--
INFO: Run Behavior\BuildLiteBehavior [ RunTime:0.000146s ]
INFO: [ app_init ] --END-- [ RunTime:0.002682s ]

[ 2017-04-07T08:33:18+08:00 ] ::1 /MIFOOD/index.php/Home/Index/details/shop_id/1/type_id/1
INFO: [ app_init ] --START--
INFO: Run Behavior\BuildLiteBehavior [ RunTime:0.000138s ]
INFO: [ app_init ] --END-- [ RunTime:0.003099s ]

[ 2017-04-07T08:33:19+08:00 ] ::1 /MIFOOD/index.php/Home/Index/details/shop_id/1/type_id/js/jquery-1.11.2.min.js
INFO: [ app_init ] --START--
INFO: Run Behavior\BuildLiteBehavior [ RunTime:0.000120s ]
INFO: [ app_init ] --END-- [ RunTime:0.002406s ]

[ 2017-04-07T08:33:19+08:00 ] ::1 /MIFOOD/index.php/Home/Index/details/shop_id/1/type_id/js/bootstrap.min.js
INFO: [ app_init ] --START--
INFO: Run Behavior\BuildLiteBehavior [ RunTime:0.000156s ]
INFO: [ app_init ] --END-- [ RunTime:0.003009s ]

[ 2017-04-07T08:42:55+08:00 ] ::1 /MIFOOD/index.php/Home/Index/details/shop_id/1/type_id/1
INFO: [ app_init ] --START--
INFO: Run Behavior\BuildLiteBehavior [ RunTime:0.000129s ]
INFO: [ app_init ] --END-- [ RunTime:0.002453s ]

[ 2017-04-07T08:42:55+08:00 ] ::1 /MIFOOD/index.php/Home/Index/details/shop_id/1/type_id/js/jquery-1.11.2.min.js
INFO: [ app_init ] --START--
INFO: Run Behavior\BuildLiteBehavior [ RunTime:0.000116s ]
INFO: [ app_init ] --END-- [ RunTime:0.002537s ]

[ 2017-04-07T08:42:55+08:00 ] ::1 /MIFOOD/index.php/Home/Index/details/shop_id/1/type_id/js/bootstrap.min.js
INFO: [ app_init ] --START--
INFO: Run Behavior\BuildLiteBehavior [ RunTime:0.000908s ]
INFO: [ app_init ] --END-- [ RunTime:0.006180s ]

[ 2017-04-07T08:45:30+08:00 ] ::1 /MIFOOD/index.php/Home/Index/details/shop_id/1
INFO: [ app_init ] --START--
INFO: Run Behavior\BuildLiteBehavior [ RunTime:0.000105s ]
INFO: [ app_init ] --END-- [ RunTime:0.001749s ]

[ 2017-04-07T08:45:31+08:00 ] ::1 /MIFOOD/index.php/Home/Index/details/shop_id/js/jquery-1.11.2.min.js
INFO: [ app_init ] --START--
INFO: Run Behavior\BuildLiteBehavior [ RunTime:0.000108s ]
INFO: [ app_init ] --END-- [ RunTime:0.002248s ]

[ 2017-04-07T08:45:31+08:00 ] ::1 /MIFOOD/index.php/Home/Index/details/shop_id/js/bootstrap.min.js
INFO: [ app_init ] --START--
INFO: Run Behavior\BuildLiteBehavior [ RunTime:0.000120s ]
INFO: [ app_init ] --END-- [ RunTime:0.002202s ]

[ 2017-04-07T08:46:41+08:00 ] ::1 /MIFOOD/index.php/Home/Index/details/shop_id/1
INFO: [ app_init ] --START--
INFO: Run Behavior\BuildLiteBehavior [ RunTime:0.000136s ]
INFO: [ app_init ] --END-- [ RunTime:0.002137s ]

[ 2017-04-07T08:46:42+08:00 ] ::1 /MIFOOD/index.php/Home/Index/details/shop_id/js/jquery-1.11.2.min.js
INFO: [ app_init ] --START--
INFO: Run Behavior\BuildLiteBehavior [ RunTime:0.000116s ]
INFO: [ app_init ] --END-- [ RunTime:0.002219s ]

[ 2017-04-07T08:46:42+08:00 ] ::1 /MIFOOD/index.php/Home/Index/details/shop_id/js/bootstrap.min.js
INFO: [ app_init ] --START--
INFO: Run Behavior\BuildLiteBehavior [ RunTime:0.000147s ]
INFO: [ app_init ] --END-- [ RunTime:0.002643s ]

[ 2017-04-07T08:48:18+08:00 ] ::1 /MIFOOD/index.php/Home/Index/details/shop_id/1
INFO: [ app_init ] --START--
INFO: Run Behavior\BuildLiteBehavior [ RunTime:0.000129s ]
INFO: [ app_init ] --END-- [ RunTime:0.003014s ]

[ 2017-04-07T08:48:19+08:00 ] ::1 /MIFOOD/index.php/Home/Index/details/shop_id/js/jquery-1.11.2.min.js
INFO: [ app_init ] --START--
INFO: Run Behavior\BuildLiteBehavior [ RunTime:0.000116s ]
INFO: [ app_init ] --END-- [ RunTime:0.002452s ]

[ 2017-04-07T08:48:19+08:00 ] ::1 /MIFOOD/index.php/Home/Index/details/shop_id/js/bootstrap.min.js
INFO: [ app_init ] --START--
INFO: Run Behavior\BuildLiteBehavior [ RunTime:0.000196s ]
INFO: [ app_init ] --END-- [ RunTime:0.002822s ]

[ 2017-04-07T08:48:44+08:00 ] ::1 /MIFOOD/index.php/Home/Index/details/shop_id/1
INFO: [ app_init ] --START--
INFO: Run Behavior\BuildLiteBehavior [ RunTime:0.000102s ]
INFO: [ app_init ] --END-- [ RunTime:0.001777s ]

[ 2017-04-07T08:48:45+08:00 ] ::1 /MIFOOD/index.php/Home/Index/details/shop_id/js/jquery-1.11.2.min.js
INFO: [ app_init ] --START--
INFO: Run Behavior\BuildLiteBehavior [ RunTime:0.000170s ]
INFO: [ app_init ] --END-- [ RunTime:0.005674s ]

[ 2017-04-07T08:48:45+08:00 ] ::1 /MIFOOD/index.php/Home/Index/details/shop_id/js/bootstrap.min.js
INFO: [ app_init ] --START--
INFO: Run Behavior\BuildLiteBehavior [ RunTime:0.000114s ]
INFO: [ app_init ] --END-- [ RunTime:0.002186s ]

[ 2017-04-07T08:49:08+08:00 ] ::1 /MIFOOD/index.php/Home/Index/details/shop_id/1
INFO: [ app_init ] --START--
INFO: Run Behavior\BuildLiteBehavior [ RunTime:0.000142s ]
INFO: [ app_init ] --END-- [ RunTime:0.002651s ]

[ 2017-04-07T08:49:09+08:00 ] ::1 /MIFOOD/index.php/Home/Index/details/shop_id/js/jquery-1.11.2.min.js
INFO: [ app_init ] --START--
INFO: Run Behavior\BuildLiteBehavior [ RunTime:0.000134s ]
INFO: [ app_init ] --END-- [ RunTime:0.002345s ]

[ 2017-04-07T08:49:09+08:00 ] ::1 /MIFOOD/index.php/Home/Index/details/shop_id/js/bootstrap.min.js
INFO: [ app_init ] --START--
INFO: Run Behavior\BuildLiteBehavior [ RunTime:0.000146s ]
INFO: [ app_init ] --END-- [ RunTime:0.002528s ]

[ 2017-04-07T08:51:02+08:00 ] ::1 /MIFOOD/index.php/Home/Index/details/shop_id/1
INFO: [ app_init ] --START--
INFO: Run Behavior\BuildLiteBehavior [ RunTime:0.000107s ]
INFO: [ app_init ] --END-- [ RunTime:0.002057s ]

[ 2017-04-07T08:51:03+08:00 ] ::1 /MIFOOD/index.php/Home/Index/details/shop_id/js/jquery-1.11.2.min.js
INFO: [ app_init ] --START--
INFO: Run Behavior\BuildLiteBehavior [ RunTime:0.000152s ]
INFO: [ app_init ] --END-- [ RunTime:0.002946s ]

[ 2017-04-07T08:51:03+08:00 ] ::1 /MIFOOD/index.php/Home/Index/details/shop_id/js/bootstrap.min.js
INFO: [ app_init ] --START--
INFO: Run Behavior\BuildLiteBehavior [ RunTime:0.000149s ]
INFO: [ app_init ] --END-- [ RunTime:0.002532s ]

[ 2017-04-07T08:52:09+08:00 ] ::1 /MIFOOD/index.php/Home/Index/details/shop_id/1
INFO: [ app_init ] --START--
INFO: Run Behavior\BuildLiteBehavior [ RunTime:0.000152s ]
INFO: [ app_init ] --END-- [ RunTime:0.002915s ]

[ 2017-04-07T08:52:10+08:00 ] ::1 /MIFOOD/index.php/Home/Index/details/shop_id/js/jquery-1.11.2.min.js
INFO: [ app_init ] --START--
INFO: Run Behavior\BuildLiteBehavior [ RunTime:0.000306s ]
INFO: [ app_init ] --END-- [ RunTime:0.003891s ]

[ 2017-04-07T08:52:10+08:00 ] ::1 /MIFOOD/index.php/Home/Index/details/shop_id/js/bootstrap.min.js
INFO: [ app_init ] --START--
INFO: Run Behavior\BuildLiteBehavior [ RunTime:0.000153s ]
INFO: [ app_init ] --END-- [ RunTime:0.002943s ]

[ 2017-04-07T08:54:23+08:00 ] ::1 /MIFOOD/index.php/Home/Index/details/shop_id/1
INFO: [ app_init ] --START--
INFO: Run Behavior\BuildLiteBehavior [ RunTime:0.000105s ]
INFO: [ app_init ] --END-- [ RunTime:0.001754s ]

[ 2017-04-07T08:56:12+08:00 ] ::1 /MIFOOD/index.php/Home/Index/details/shop_id/1
INFO: [ app_init ] --START--
INFO: Run Behavior\BuildLiteBehavior [ RunTime:0.000113s ]
INFO: [ app_init ] --END-- [ RunTime:0.002124s ]

[ 2017-04-07T08:56:16+08:00 ] ::1 /MIFOOD/index.php/Home/Index/details/shop_id/1
INFO: [ app_init ] --START--
INFO: Run Behavior\BuildLiteBehavior [ RunTime:0.000113s ]
INFO: [ app_init ] --END-- [ RunTime:0.001828s ]

[ 2017-04-07T08:56:39+08:00 ] ::1 /MIFOOD/index.php/Home/Index/logins.html
INFO: [ app_init ] --START--
INFO: Run Behavior\BuildLiteBehavior [ RunTime:0.000107s ]
INFO: [ app_init ] --END-- [ RunTime:0.002088s ]

[ 2017-04-07T08:57:55+08:00 ] ::1 /MIFOOD/index.php/Home/Index/logins.html
INFO: [ app_init ] --START--
INFO: Run Behavior\BuildLiteBehavior [ RunTime:0.000109s ]
INFO: [ app_init ] --END-- [ RunTime:0.002043s ]

[ 2017-04-07T08:58:31+08:00 ] ::1 /MIFOOD/index.php/Home/Login/register.html
INFO: [ app_init ] --START--
INFO: Run Behavior\BuildLiteBehavior [ RunTime:0.000106s ]
INFO: [ app_init ] --END-- [ RunTime:0.001931s ]

[ 2017-04-07T08:58:32+08:00 ] ::1 /MIFOOD/index.php/Home/Index/details/shop_id/1
INFO: [ app_init ] --START--
INFO: Run Behavior\BuildLiteBehavior [ RunTime:0.000112s ]
INFO: [ app_init ] --END-- [ RunTime:0.002120s ]

[ 2017-04-07T09:15:56+08:00 ] ::1 /MIFOOD/index.php/Home/Index/log_out
INFO: [ app_init ] --START--
INFO: Run Behavior\BuildLiteBehavior [ RunTime:0.000111s ]
INFO: [ app_init ] --END-- [ RunTime:0.002101s ]

[ 2017-04-07T09:15:58+08:00 ] ::1 /MIFOOD/index.php/Home/Index/details/shop_id/1
INFO: [ app_init ] --START--
INFO: Run Behavior\BuildLiteBehavior [ RunTime:0.000107s ]
INFO: [ app_init ] --END-- [ RunTime:0.001871s ]

[ 2017-04-07T09:16:06+08:00 ] ::1 /MIFOOD/index.php/Home/Index/logins.html
INFO: [ app_init ] --START--
INFO: Run Behavior\BuildLiteBehavior [ RunTime:0.000105s ]
INFO: [ app_init ] --END-- [ RunTime:0.001776s ]

[ 2017-04-07T09:16:16+08:00 ] ::1 /MIFOOD/index.php/Home/Index/logins.html
INFO: [ app_init ] --START--
INFO: Run Behavior\BuildLiteBehavior [ RunTime:0.000122s ]
INFO: [ app_init ] --END-- [ RunTime:0.002800s ]

[ 2017-04-07T17:40:02+08:00 ] ::1 /MIFOOD/index.php/Home/Index/details/shop_id/1
INFO: [ app_init ] --START--
INFO: Run Behavior\BuildLiteBehavior [ RunTime:0.000105s ]
INFO: [ app_init ] --END-- [ RunTime:0.001748s ]

[ 2017-04-07T17:51:28+08:00 ] ::1 /MIFOOD/index.php/Home/Index/person
INFO: [ app_init ] --START--
INFO: Run Behavior\BuildLiteBehavior [ RunTime:0.000144s ]
INFO: [ app_init ] --END-- [ RunTime:0.002826s ]

[ 2017-04-07T17:51:45+08:00 ] ::1 /MIFOOD/index.php/Home/Index/person
INFO: [ app_init ] --START--
INFO: Run Behavior\BuildLiteBehavior [ RunTime:0.000147s ]
INFO: [ app_init ] --END-- [ RunTime:0.002775s ]

[ 2017-04-07T17:56:09+08:00 ] ::1 /MIFOOD/index.php/Home/Index/person
INFO: [ app_init ] --START--
INFO: Run Behavior\BuildLiteBehavior [ RunTime:0.000145s ]
INFO: [ app_init ] --END-- [ RunTime:0.002693s ]

[ 2017-04-07T17:59:41+08:00 ] ::1 /MIFOOD/index.php/Home/Index/person
INFO: [ app_init ] --START--
INFO: Run Behavior\BuildLiteBehavior [ RunTime:0.000145s ]
INFO: [ app_init ] --END-- [ RunTime:0.002209s ]

[ 2017-04-07T18:03:00+08:00 ] ::1 /MIFOOD/index.php/Home/Index/person
INFO: [ app_init ] --START--
INFO: Run Behavior\BuildLiteBehavior [ RunTime:0.000112s ]
INFO: [ app_init ] --END-- [ RunTime:0.002231s ]

[ 2017-04-07T18:03:31+08:00 ] ::1 /MIFOOD/index.php/Home/Index/person
INFO: [ app_init ] --START--
INFO: Run Behavior\BuildLiteBehavior [ RunTime:0.000103s ]
INFO: [ app_init ] --END-- [ RunTime:0.001673s ]

[ 2017-04-07T18:10:33+08:00 ] ::1 /MIFOOD/index
INFO: [ app_init ] --START--
INFO: Run Behavior\BuildLiteBehavior [ RunTime:0.000102s ]
INFO: [ app_init ] --END-- [ RunTime:0.001665s ]

[ 2017-04-07T18:10:41+08:00 ] ::1 /MIFOOD/index.php/Home/Login/checkName
INFO: [ app_init ] --START--
INFO: Run Behavior\BuildLiteBehavior [ RunTime:0.000105s ]
INFO: [ app_init ] --END-- [ RunTime:0.001739s ]
INFO: [ app_begin ] --START--
INFO: Run Behavior\ReadHtmlCacheBehavior [ RunTime:0.002190s ]
INFO: [ app_begin ] --END-- [ RunTime:0.002632s ]
SQL: SHOW COLUMNS FROM `user` [ RunTime:0.002584s ]

[ 2017-04-07T18:10:44+08:00 ] ::1 /MIFOOD/index.php/Home/Index/logins.html
INFO: [ app_init ] --START--
INFO: Run Behavior\BuildLiteBehavior [ RunTime:0.000114s ]
INFO: [ app_init ] --END-- [ RunTime:0.001957s ]

[ 2017-04-07T18:14:31+08:00 ] ::1 /MIFOOD/index
INFO: [ app_init ] --START--
INFO: Run Behavior\BuildLiteBehavior [ RunTime:0.000103s ]
INFO: [ app_init ] --END-- [ RunTime:0.001952s ]

[ 2017-04-07T18:14:38+08:00 ] ::1 /MIFOOD/index.php/Home/Login/checkName
INFO: [ app_init ] --START--
INFO: Run Behavior\BuildLiteBehavior [ RunTime:0.000112s ]
INFO: [ app_init ] --END-- [ RunTime:0.001942s ]
INFO: [ app_begin ] --START--
INFO: Run Behavior\ReadHtmlCacheBehavior [ RunTime:0.002494s ]
INFO: [ app_begin ] --END-- [ RunTime:0.002925s ]
SQL: SHOW COLUMNS FROM `user` [ RunTime:0.002297s ]

[ 2017-04-07T18:14:47+08:00 ] ::1 /MIFOOD/index.php/Home/Login/checkName
INFO: [ app_init ] --START--
INFO: Run Behavior\BuildLiteBehavior [ RunTime:0.000102s ]
INFO: [ app_init ] --END-- [ RunTime:0.001803s ]
INFO: [ app_begin ] --START--
INFO: Run Behavior\ReadHtmlCacheBehavior [ RunTime:0.002683s ]
INFO: [ app_begin ] --END-- [ RunTime:0.003139s ]
SQL: SHOW COLUMNS FROM `user` [ RunTime:0.002391s ]
SQL: SELECT * FROM `user` WHERE `email` = '2740270539@qq.com' LIMIT 1   [ RunTime:0.000950s ]
INFO: [ app_end ] --START--
INFO: Run Behavior\ShowPageTraceBehavior [ RunTime:0.002886s ]
INFO: [ app_end ] --END-- [ RunTime:0.003305s ]

[ 2017-04-07T18:14:55+08:00 ] ::1 /MIFOOD/index.php/Home/Login/register.html
INFO: [ app_init ] --START--
INFO: Run Behavior\BuildLiteBehavior [ RunTime:0.000104s ]
INFO: [ app_init ] --END-- [ RunTime:0.001833s ]

[ 2017-04-07T18:14:57+08:00 ] ::1 /MIFOOD/index
INFO: [ app_init ] --START--
INFO: Run Behavior\BuildLiteBehavior [ RunTime:0.000116s ]
INFO: [ app_init ] --END-- [ RunTime:0.003075s ]

[ 2017-04-07T18:15:08+08:00 ] ::1 /MIFOOD/index.php/Home/Index/details/shop_id/108
INFO: [ app_init ] --START--
INFO: Run Behavior\BuildLiteBehavior [ RunTime:0.000103s ]
INFO: [ app_init ] --END-- [ RunTime:0.001862s ]

[ 2017-04-07T18:16:10+08:00 ] ::1 /MIFOOD/index.php/Home/Index/details/shop_id/108/p/2.html
INFO: [ app_init ] --START--
INFO: Run Behavior\BuildLiteBehavior [ RunTime:0.000135s ]
INFO: [ app_init ] --END-- [ RunTime:0.002335s ]

[ 2017-04-07T18:16:18+08:00 ] ::1 /MIFOOD/index.php/Home/Index/details/shop_id/108/p/3.html
INFO: [ app_init ] --START--
INFO: Run Behavior\BuildLiteBehavior [ RunTime:0.000157s ]
INFO: [ app_init ] --END-- [ RunTime:0.003345s ]

[ 2017-04-07T18:16:29+08:00 ] ::1 /MIFOOD/index.php/Home/Index/details/shop_id/108/p/3.html
INFO: [ app_init ] --START--
INFO: Run Behavior\BuildLiteBehavior [ RunTime:0.000107s ]
INFO: [ app_init ] --END-- [ RunTime:0.001799s ]

[ 2017-04-07T18:28:33+08:00 ] ::1 /MIFOOD/index.php/Home/Index/details/shop_id/108/p/3.html
INFO: [ app_init ] --START--
INFO: Run Behavior\BuildLiteBehavior [ RunTime:0.000103s ]
INFO: [ app_init ] --END-- [ RunTime:0.001812s ]

[ 2017-04-07T18:28:41+08:00 ] ::1 /MIFOOD/index.php/Home/Index/details/shop_id/108/p/3.html
INFO: [ app_init ] --START--
INFO: Run Behavior\BuildLiteBehavior [ RunTime:0.000147s ]
INFO: [ app_init ] --END-- [ RunTime:0.002258s ]

[ 2017-04-07T18:30:37+08:00 ] ::1 /MIFOOD/index.php/Home/Index/details/shop_id/108/p/3.html
INFO: [ app_init ] --START--
INFO: Run Behavior\BuildLiteBehavior [ RunTime:0.000135s ]
INFO: [ app_init ] --END-- [ RunTime:0.003510s ]

[ 2017-04-07T18:30:40+08:00 ] ::1 /MIFOOD/index.php/Home/Index/person
INFO: [ app_init ] --START--
INFO: Run Behavior\BuildLiteBehavior [ RunTime:0.000110s ]
INFO: [ app_init ] --END-- [ RunTime:0.001820s ]

[ 2017-04-07T18:32:19+08:00 ] ::1 /MIFOOD/index.php/Home/Index/details/shop_id/108/p/3.html
INFO: [ app_init ] --START--
INFO: Run Behavior\BuildLiteBehavior [ RunTime:0.000113s ]
INFO: [ app_init ] --END-- [ RunTime:0.001936s ]

[ 2017-04-07T18:46:08+08:00 ] ::1 /MIFOOD/index.php/Home/Index/details/shop_id/108/p/3.html
INFO: [ app_init ] --START--
INFO: Run Behavior\BuildLiteBehavior [ RunTime:0.000153s ]
INFO: [ app_init ] --END-- [ RunTime:0.003023s ]

[ 2017-04-07T18:46:11+08:00 ] ::1 /MIFOOD/index.php/Home/Index/addLove/shop_id/108
INFO: [ app_init ] --START--
INFO: Run Behavior\BuildLiteBehavior [ RunTime:0.000172s ]
INFO: [ app_init ] --END-- [ RunTime:0.003024s ]

[ 2017-04-07T18:46:22+08:00 ] ::1 /MIFOOD/index.php/Home/Index/person
INFO: [ app_init ] --START--
INFO: Run Behavior\BuildLiteBehavior [ RunTime:0.000106s ]
INFO: [ app_init ] --END-- [ RunTime:0.001831s ]

[ 2017-04-07T18:47:37+08:00 ] ::1 /MIFOOD/index.php/Home/Index/addLove/shop_id/108
INFO: [ app_init ] --START--
INFO: Run Behavior\BuildLiteBehavior [ RunTime:0.000157s ]
INFO: [ app_init ] --END-- [ RunTime:0.003714s ]

[ 2017-04-07T18:47:59+08:00 ] ::1 /MIFOOD/index.php/Home/Index/log_out
INFO: [ app_init ] --START--
INFO: Run Behavior\BuildLiteBehavior [ RunTime:0.000117s ]
INFO: [ app_init ] --END-- [ RunTime:0.002253s ]

[ 2017-04-07T18:48:00+08:00 ] ::1 /MIFOOD/index.php/Home/Index/details/shop_id/108/p/3.html
INFO: [ app_init ] --START--
INFO: Run Behavior\BuildLiteBehavior [ RunTime:0.000107s ]
INFO: [ app_init ] --END-- [ RunTime:0.001951s ]

[ 2017-04-07T18:48:17+08:00 ] ::1 /MIFOOD/index.php/Home/Index/logins.html
INFO: [ app_init ] --START--
INFO: Run Behavior\BuildLiteBehavior [ RunTime:0.000115s ]
INFO: [ app_init ] --END-- [ RunTime:0.002180s ]

[ 2017-04-07T18:54:04+08:00 ] ::1 /MIFOOD/index.php/Home/Index/index
INFO: [ app_init ] --START--
INFO: Run Behavior\BuildLiteBehavior [ RunTime:0.000113s ]
INFO: [ app_init ] --END-- [ RunTime:0.002338s ]

[ 2017-04-07T18:54:13+08:00 ] ::1 /MIFOOD/index.php/Home/Index/index.php/Home/Login/checkName
INFO: [ app_init ] --START--
INFO: Run Behavior\BuildLiteBehavior [ RunTime:0.000121s ]
INFO: [ app_init ] --END-- [ RunTime:0.003057s ]
INFO: [ app_begin ] --START--
INFO: Run Behavior\ReadHtmlCacheBehavior [ RunTime:0.004284s ]
INFO: [ app_begin ] --END-- [ RunTime:0.005078s ]
ERR: 非法操作:index.php

[ 2017-04-07T18:54:18+08:00 ] ::1 /MIFOOD/index.php/Home/Index/logins.html
INFO: [ app_init ] --START--
INFO: Run Behavior\BuildLiteBehavior [ RunTime:0.000107s ]
INFO: [ app_init ] --END-- [ RunTime:0.001804s ]

[ 2017-04-07T18:54:56+08:00 ] ::1 /MIFOOD/index.php/Home/Index/logins.html
INFO: [ app_init ] --START--
INFO: Run Behavior\BuildLiteBehavior [ RunTime:0.000109s ]
INFO: [ app_init ] --END-- [ RunTime:0.001844s ]

[ 2017-04-07T18:55:19+08:00 ] ::1 /MIFOOD/index.php/Home/Index/logins.html
INFO: [ app_init ] --START--
INFO: Run Behavior\BuildLiteBehavior [ RunTime:0.000107s ]
INFO: [ app_init ] --END-- [ RunTime:0.001995s ]

[ 2017-04-07T18:56:51+08:00 ] ::1 /MIFOOD/index.php/Home/Index/index.php/Home/Login/checkName
INFO: [ app_init ] --START--
INFO: Run Behavior\BuildLiteBehavior [ RunTime:0.000108s ]
INFO: [ app_init ] --END-- [ RunTime:0.002218s ]
INFO: [ app_begin ] --START--
INFO: Run Behavior\ReadHtmlCacheBehavior [ RunTime:0.004647s ]
INFO: [ app_begin ] --END-- [ RunTime:0.005441s ]
ERR: 非法操作:index.php

[ 2017-04-07T18:56:56+08:00 ] ::1 /MIFOOD/index.php/Home/Index/index.php/Home/Login/checkName
INFO: [ app_init ] --START--
INFO: Run Behavior\BuildLiteBehavior [ RunTime:0.000104s ]
INFO: [ app_init ] --END-- [ RunTime:0.002083s ]
INFO: [ app_begin ] --START--
INFO: Run Behavior\ReadHtmlCacheBehavior [ RunTime:0.003506s ]
INFO: [ app_begin ] --END-- [ RunTime:0.003973s ]
ERR: 非法操作:index.php

[ 2017-04-07T18:57:25+08:00 ] ::1 /MIFOOD/index.php/Home/Index/index.php/Home/Login/checkName
INFO: [ app_init ] --START--
INFO: Run Behavior\BuildLiteBehavior [ RunTime:0.000172s ]
INFO: [ app_init ] --END-- [ RunTime:0.003409s ]
INFO: [ app_begin ] --START--
INFO: Run Behavior\ReadHtmlCacheBehavior [ RunTime:0.005549s ]
INFO: [ app_begin ] --END-- [ RunTime:0.006083s ]
ERR: 非法操作:index.php

[ 2017-04-07T18:57:31+08:00 ] ::1 /MIFOOD/index.php/Home/Index/index
INFO: [ app_init ] --START--
INFO: Run Behavior\BuildLiteBehavior [ RunTime:0.000115s ]
INFO: [ app_init ] --END-- [ RunTime:0.002276s ]

[ 2017-04-07T18:57:44+08:00 ] ::1 /MIFOOD/index.php/Home/Index/index.php/Home/Login/checkName
INFO: [ app_init ] --START--
INFO: Run Behavior\BuildLiteBehavior [ RunTime:0.000107s ]
INFO: [ app_init ] --END-- [ RunTime:0.002390s ]
INFO: [ app_begin ] --START--
INFO: Run Behavior\ReadHtmlCacheBehavior [ RunTime:0.003750s ]
INFO: [ app_begin ] --END-- [ RunTime:0.004282s ]
ERR: 非法操作:index.php

[ 2017-04-07T18:57:55+08:00 ] ::1 /MIFOOD/index.php/Home/Index/index.php/Home/Login/checkName
INFO: [ app_init ] --START--
INFO: Run Behavior\BuildLiteBehavior [ RunTime:0.000378s ]
INFO: [ app_init ] --END-- [ RunTime:0.003741s ]
INFO: [ app_begin ] --START--
INFO: Run Behavior\ReadHtmlCacheBehavior [ RunTime:0.005140s ]
INFO: [ app_begin ] --END-- [ RunTime:0.005740s ]
ERR: 非法操作:index.php

[ 2017-04-07T18:58:14+08:00 ] ::1 /MIFOOD/index.php/Home/Index/index.php/Home/Login/checkName
INFO: [ app_init ] --START--
INFO: Run Behavior\BuildLiteBehavior [ RunTime:0.000120s ]
INFO: [ app_init ] --END-- [ RunTime:0.002473s ]
INFO: [ app_begin ] --START--
INFO: Run Behavior\ReadHtmlCacheBehavior [ RunTime:0.002603s ]
INFO: [ app_begin ] --END-- [ RunTime:0.003137s ]
ERR: 非法操作:index.php

[ 2017-04-07T18:58:31+08:00 ] ::1 /MIFOOD/index.php/Home/Index/index.php/Home/Login/checkName
INFO: [ app_init ] --START--
INFO: Run Behavior\BuildLiteBehavior [ RunTime:0.000105s ]
INFO: [ app_init ] --END-- [ RunTime:0.001898s ]
INFO: [ app_begin ] --START--
INFO: Run Behavior\ReadHtmlCacheBehavior [ RunTime:0.002396s ]
INFO: [ app_begin ] --END-- [ RunTime:0.002897s ]
ERR: 非法操作:index.php

[ 2017-04-07T18:58:34+08:00 ] ::1 /MIFOOD/index.php/Home/Index/index.php/Home/Login/checkName
INFO: [ app_init ] --START--
INFO: Run Behavior\BuildLiteBehavior [ RunTime:0.000114s ]
INFO: [ app_init ] --END-- [ RunTime:0.001953s ]
INFO: [ app_begin ] --START--
INFO: Run Behavior\ReadHtmlCacheBehavior [ RunTime:0.002351s ]
INFO: [ app_begin ] --END-- [ RunTime:0.002962s ]
ERR: 非法操作:index.php

[ 2017-04-07T18:58:43+08:00 ] ::1 /MIFOOD/index.php/Home/Index/index.php/Home/Login/checkName
INFO: [ app_init ] --START--
INFO: Run Behavior\BuildLiteBehavior [ RunTime:0.000143s ]
INFO: [ app_init ] --END-- [ RunTime:0.002475s ]
INFO: [ app_begin ] --START--
INFO: Run Behavior\ReadHtmlCacheBehavior [ RunTime:0.002521s ]
INFO: [ app_begin ] --END-- [ RunTime:0.003009s ]
ERR: 非法操作:index.php

[ 2017-04-07T18:58:52+08:00 ] ::1 /MIFOOD/index.php/Home/Index/index.php/Home/Login/checkName
INFO: [ app_init ] --START--
INFO: Run Behavior\BuildLiteBehavior [ RunTime:0.000120s ]
INFO: [ app_init ] --END-- [ RunTime:0.002296s ]
INFO: [ app_begin ] --START--
INFO: Run Behavior\ReadHtmlCacheBehavior [ RunTime:0.003406s ]
INFO: [ app_begin ] --END-- [ RunTime:0.003969s ]
ERR: 非法操作:index.php

[ 2017-04-07T18:58:58+08:00 ] ::1 /MIFOOD/index
INFO: [ app_init ] --START--
INFO: Run Behavior\BuildLiteBehavior [ RunTime:0.000113s ]
INFO: [ app_init ] --END-- [ RunTime:0.002392s ]

[ 2017-04-07T18:59:10+08:00 ] ::1 /MIFOOD/index.php/Home/Login/checkName
INFO: [ app_init ] --START--
INFO: Run Behavior\BuildLiteBehavior [ RunTime:0.000116s ]
INFO: [ app_init ] --END-- [ RunTime:0.001909s ]
INFO: [ app_begin ] --START--
INFO: Run Behavior\ReadHtmlCacheBehavior [ RunTime:0.002407s ]
INFO: [ app_begin ] --END-- [ RunTime:0.002898s ]
SQL: SHOW COLUMNS FROM `user` [ RunTime:0.002545s ]

[ 2017-04-07T18:59:23+08:00 ] ::1 /MIFOOD/index.php/Home/Login/checkName
INFO: [ app_init ] --START--
INFO: Run Behavior\BuildLiteBehavior [ RunTime:0.000133s ]
INFO: [ app_init ] --END-- [ RunTime:0.002823s ]
INFO: [ app_begin ] --START--
INFO: Run Behavior\ReadHtmlCacheBehavior [ RunTime:0.003955s ]
INFO: [ app_begin ] --END-- [ RunTime:0.004675s ]
SQL: SHOW COLUMNS FROM `user` [ RunTime:0.002930s ]
SQL: SELECT * FROM `user` WHERE `email` = '2740270539@qq.com' LIMIT 1   [ RunTime:0.001754s ]
INFO: [ app_end ] --START--
INFO: Run Behavior\ShowPageTraceBehavior [ RunTime:0.002896s ]
INFO: [ app_end ] --END-- [ RunTime:0.003412s ]

[ 2017-04-07T18:59:35+08:00 ] ::1 /MIFOOD/index.php/Home/Login/register.html
INFO: [ app_init ] --START--
INFO: Run Behavior\BuildLiteBehavior [ RunTime:0.000110s ]
INFO: [ app_init ] --END-- [ RunTime:0.001960s ]

[ 2017-04-07T18:59:37+08:00 ] ::1 /MIFOOD/index
INFO: [ app_init ] --START--
INFO: Run Behavior\BuildLiteBehavior [ RunTime:0.000120s ]
INFO: [ app_init ] --END-- [ RunTime:0.002415s ]

[ 2017-04-07T18:59:40+08:00 ] ::1 /MIFOOD/index.php/Home/Index/top
INFO: [ app_init ] --START--
INFO: Run Behavior\BuildLiteBehavior [ RunTime:0.000114s ]
INFO: [ app_init ] --END-- [ RunTime:0.002250s ]

[ 2017-04-07T18:59:54+08:00 ] ::1 /MIFOOD/index.php/Home/Index/details/shop_id/2
INFO: [ app_init ] --START--
INFO: Run Behavior\BuildLiteBehavior [ RunTime:0.000184s ]
INFO: [ app_init ] --END-- [ RunTime:0.002051s ]

[ 2017-04-07T19:00:00+08:00 ] ::1 /MIFOOD/index.php/Home/Index/addLove/shop_id/2
INFO: [ app_init ] --START--
INFO: Run Behavior\BuildLiteBehavior [ RunTime:0.000138s ]
INFO: [ app_init ] --END-- [ RunTime:0.003182s ]

[ 2017-04-07T19:00:07+08:00 ] ::1 /MIFOOD/index.php/Home/Index/details/shop_id/2
INFO: [ app_init ] --START--
INFO: Run Behavior\BuildLiteBehavior [ RunTime:0.000132s ]
INFO: [ app_init ] --END-- [ RunTime:0.004004s ]

[ 2017-04-07T19:02:28+08:00 ] ::1 /MIFOOD/index.php/Home/Index/search.html?search=%E7%81%AB%E9%94%85
INFO: [ app_init ] --START--
INFO: Run Behavior\BuildLiteBehavior [ RunTime:0.000118s ]
INFO: [ app_init ] --END-- [ RunTime:0.002363s ]

[ 2017-04-07T19:03:45+08:00 ] ::1 /MIFOOD/index.php/Home/Index/details/shop_id/42
INFO: [ app_init ] --START--
INFO: Run Behavior\BuildLiteBehavior [ RunTime:0.000155s ]
INFO: [ app_init ] --END-- [ RunTime:0.003059s ]

[ 2017-04-07T19:08:10+08:00 ] ::1 /MIFOOD/index.php/Home/Index/details/shop_id/42
INFO: [ app_init ] --START--
INFO: Run Behavior\BuildLiteBehavior [ RunTime:0.000114s ]
INFO: [ app_init ] --END-- [ RunTime:0.002441s ]

[ 2017-04-07T19:08:13+08:00 ] ::1 /MIFOOD/index.php/Home/Index/addLove/shop_id/42
INFO: [ app_init ] --START--
INFO: Run Behavior\BuildLiteBehavior [ RunTime:0.000147s ]
INFO: [ app_init ] --END-- [ RunTime:0.003177s ]

[ 2017-04-07T19:08:29+08:00 ] ::1 /MIFOOD/index.php/Home/Index/details/shop_id/42
INFO: [ app_init ] --START--
INFO: Run Behavior\BuildLiteBehavior [ RunTime:0.000109s ]
INFO: [ app_init ] --END-- [ RunTime:0.002228s ]

[ 2017-04-07T19:08:31+08:00 ] ::1 /MIFOOD/index.php/Home/Index/addLove/shop_id/42
INFO: [ app_init ] --START--
INFO: Run Behavior\BuildLiteBehavior [ RunTime:0.000113s ]
INFO: [ app_init ] --END-- [ RunTime:0.002122s ]

[ 2017-04-07T19:11:05+08:00 ] ::1 /MIFOOD/index.php/Home/Index/details/shop_id/42
INFO: [ app_init ] --START--
INFO: Run Behavior\BuildLiteBehavior [ RunTime:0.000112s ]
INFO: [ app_init ] --END-- [ RunTime:0.002163s ]

[ 2017-04-07T19:12:00+08:00 ] ::1 /MIFOOD/index.php/Home/Index/details/shop_id/42
INFO: [ app_init ] --START--
INFO: Run Behavior\BuildLiteBehavior [ RunTime:0.000120s ]
INFO: [ app_init ] --END-- [ RunTime:0.002237s ]

[ 2017-04-07T19:12:04+08:00 ] ::1 /MIFOOD/index.php/Home/Index/addLove/shop_id/42
INFO: [ app_init ] --START--
INFO: Run Behavior\BuildLiteBehavior [ RunTime:0.000106s ]
INFO: [ app_init ] --END-- [ RunTime:0.001907s ]

[ 2017-04-07T23:07:01+08:00 ] ::1 /MIFOOD/index
INFO: [ app_init ] --START--
INFO: Run Behavior\BuildLiteBehavior [ RunTime:0.000106s ]
INFO: [ app_init ] --END-- [ RunTime:0.001977s ]

[ 2017-04-07T23:07:14+08:00 ] ::1 /MIFOOD/index.php/Home/Index/top
INFO: [ app_init ] --START--
INFO: Run Behavior\BuildLiteBehavior [ RunTime:0.000106s ]
INFO: [ app_init ] --END-- [ RunTime:0.001679s ]

[ 2017-04-07T23:07:22+08:00 ] ::1 /MIFOOD/index.php/Home/Index/classify/category_id/24
INFO: [ app_init ] --START--
INFO: Run Behavior\BuildLiteBehavior [ RunTime:0.000120s ]
INFO: [ app_init ] --END-- [ RunTime:0.003280s ]

[ 2017-04-07T23:07:33+08:00 ] ::1 /MIFOOD/index.php/Home/Index/classify/category_id/details.html
INFO: [ app_init ] --START--
INFO: Run Behavior\BuildLiteBehavior [ RunTime:0.000105s ]
INFO: [ app_init ] --END-- [ RunTime:0.001786s ]

[ 2017-04-07T23:08:00+08:00 ] ::1 /MIFOOD/index.php/Home/Index/classify/category_id/24
INFO: [ app_init ] --START--
INFO: Run Behavior\BuildLiteBehavior [ RunTime:0.000108s ]
INFO: [ app_init ] --END-- [ RunTime:0.001990s ]

[ 2017-04-07T23:08:05+08:00 ] ::1 /MIFOOD/index.php/Home/Index/top
INFO: [ app_init ] --START--
INFO: Run Behavior\BuildLiteBehavior [ RunTime:0.000123s ]
INFO: [ app_init ] --END-- [ RunTime:0.002846s ]

[ 2017-04-07T23:08:08+08:00 ] ::1 /MIFOOD/index.php/Home/Index/details/shop_id/4
INFO: [ app_init ] --START--
INFO: Run Behavior\BuildLiteBehavior [ RunTime:0.000105s ]
INFO: [ app_init ] --END-- [ RunTime:0.001757s ]

[ 2017-04-07T23:08:45+08:00 ] ::1 /MIFOOD/index.php/Home/Index/logins.html
INFO: [ app_init ] --START--
INFO: Run Behavior\BuildLiteBehavior [ RunTime:0.000104s ]
INFO: [ app_init ] --END-- [ RunTime:0.001842s ]

[ 2017-04-07T23:08:46+08:00 ] ::1 /MIFOOD/index.php/Home/Index/details/shop_id/4
INFO: [ app_init ] --START--
INFO: Run Behavior\BuildLiteBehavior [ RunTime:0.000107s ]
INFO: [ app_init ] --END-- [ RunTime:0.002089s ]

[ 2017-04-07T23:08:52+08:00 ] ::1 /MIFOOD/index.php/Home/Index/addLove/shop_id/4
INFO: [ app_init ] --START--
INFO: Run Behavior\BuildLiteBehavior [ RunTime:0.000111s ]
INFO: [ app_init ] --END-- [ RunTime:0.002099s ]

[ 2017-04-07T23:09:04+08:00 ] ::1 /MIFOOD/index.php/Home/Index/details/shop_id/4
INFO: [ app_init ] --START--
INFO: Run Behavior\BuildLiteBehavior [ RunTime:0.000106s ]
INFO: [ app_init ] --END-- [ RunTime:0.001983s ]

[ 2017-04-07T23:09:13+08:00 ] ::1 /MIFOOD/index.php/Home/Index/person
INFO: [ app_init ] --START--
INFO: Run Behavior\BuildLiteBehavior [ RunTime:0.000104s ]
INFO: [ app_init ] --END-- [ RunTime:0.001780s ]

[ 2017-04-07T23:12:22+08:00 ] ::1 /MIFOOD/index.php/Home/Index/person
INFO: [ app_init ] --START--
INFO: Run Behavior\BuildLiteBehavior [ RunTime:0.000253s ]
INFO: [ app_init ] --END-- [ RunTime:0.003487s ]

[ 2017-04-07T23:19:24+08:00 ] ::1 /MIFOOD/index.php/Home/Index/person
INFO: [ app_init ] --START--
INFO: Run Behavior\BuildLiteBehavior [ RunTime:0.000109s ]
INFO: [ app_init ] --END-- [ RunTime:0.002071s ]

[ 2017-04-07T23:21:32+08:00 ] ::1 /MIFOOD/index.php/Home/Index/person
INFO: [ app_init ] --START--
INFO: Run Behavior\BuildLiteBehavior [ RunTime:0.000115s ]
INFO: [ app_init ] --END-- [ RunTime:0.002104s ]

[ 2017-04-07T23:26:24+08:00 ] ::1 /MIFOOD/index.php/Home/Index/person
INFO: [ app_init ] --START--
INFO: Run Behavior\BuildLiteBehavior [ RunTime:0.000117s ]
INFO: [ app_init ] --END-- [ RunTime:0.003138s ]

[ 2017-04-07T23:27:41+08:00 ] ::1 /MIFOOD/index.php/Home/Index/person
INFO: [ app_init ] --START--
INFO: Run Behavior\BuildLiteBehavior [ RunTime:0.000207s ]
INFO: [ app_init ] --END-- [ RunTime:0.001961s ]

[ 2017-04-07T23:42:34+08:00 ] ::1 /MIFOOD/index.php/Home/Index/index.html
INFO: [ app_init ] --START--
INFO: Run Behavior\BuildLiteBehavior [ RunTime:0.000150s ]
INFO: [ app_init ] --END-- [ RunTime:0.003052s ]

[ 2017-04-07T23:42:47+08:00 ] ::1 /MIFOOD/index.php/Home/Index/search.html?search=%E7%81%AB%E9%94%85
INFO: [ app_init ] --START--
INFO: Run Behavior\BuildLiteBehavior [ RunTime:0.000118s ]
INFO: [ app_init ] --END-- [ RunTime:0.002425s ]

[ 2017-04-07T23:43:32+08:00 ] ::1 /MIFOOD/index.php/Home/Index/search.html?search=%E7%81%AB%E9%94%85
INFO: [ app_init ] --START--
INFO: Run Behavior\BuildLiteBehavior [ RunTime:0.000118s ]
INFO: [ app_init ] --END-- [ RunTime:0.002076s ]

[ 2017-04-07T23:45:47+08:00 ] ::1 /MIFOOD/index.php/Home/Index/search.html?search=%E7%81%AB%E9%94%85
INFO: [ app_init ] --START--
INFO: Run Behavior\BuildLiteBehavior [ RunTime:0.000109s ]
INFO: [ app_init ] --END-- [ RunTime:0.002104s ]

[ 2017-04-07T23:46:02+08:00 ] ::1 /MIFOOD/index.php/Home/Index/search.html?search=%E7%81%AB%E9%94%85
INFO: [ app_init ] --START--
INFO: Run Behavior\BuildLiteBehavior [ RunTime:0.000127s ]
INFO: [ app_init ] --END-- [ RunTime:0.003006s ]

[ 2017-04-07T23:47:00+08:00 ] ::1 /MIFOOD/index.php/Home/Index/search.html?search=%E7%81%AB%E9%94%85
INFO: [ app_init ] --START--
INFO: Run Behavior\BuildLiteBehavior [ RunTime:0.000126s ]
INFO: [ app_init ] --END-- [ RunTime:0.002930s ]

[ 2017-04-07T23:47:41+08:00 ] ::1 /MIFOOD/index.php/Home/Index/search.html?search=%E7%81%AB%E9%94%85
INFO: [ app_init ] --START--
INFO: Run Behavior\BuildLiteBehavior [ RunTime:0.000103s ]
INFO: [ app_init ] --END-- [ RunTime:0.001810s ]

[ 2017-04-07T23:48:34+08:00 ] ::1 /MIFOOD/index.php/Home/Index/search.html?search=%E7%81%AB%E9%94%85
INFO: [ app_init ] --START--
INFO: Run Behavior\BuildLiteBehavior [ RunTime:0.000108s ]
INFO: [ app_init ] --END-- [ RunTime:0.002199s ]

[ 2017-04-07T23:50:00+08:00 ] ::1 /MIFOOD/index.php/Home/Index/search.html?search=%E7%81%AB%E9%94%85
INFO: [ app_init ] --START--
INFO: Run Behavior\BuildLiteBehavior [ RunTime:0.000112s ]
INFO: [ app_init ] --END-- [ RunTime:0.002058s ]

