[ 2017-04-05T07:24:33+08:00 ] ::1 /MIFOOD/index.php/Home/Index/classify/category_id/17/p/2.html
INFO: [ app_init ] --START--
INFO: Run Behavior\BuildLiteBehavior [ RunTime:0.000148s ]
INFO: [ app_init ] --END-- [ RunTime:0.004744s ]

[ 2017-04-05T07:24:34+08:00 ] ::1 /MIFOOD/index.php/Home/Index/page1/p/1.html
INFO: [ app_init ] --START--
INFO: Run Behavior\BuildLiteBehavior [ RunTime:0.000115s ]
INFO: [ app_init ] --END-- [ RunTime:0.002128s ]
INFO: [ app_begin ] --START--
INFO: Run Behavior\ReadHtmlCacheBehavior [ RunTime:0.003007s ]
INFO: [ app_begin ] --END-- [ RunTime:0.003543s ]
SQL: SHOW COLUMNS FROM `shop` [ RunTime:0.002138s ]
SQL: SHOW COLUMNS FROM `category` [ RunTime:0.002254s ]
SQL: SELECT * FROM `category` WHERE `state` = 0  [ RunTime:0.002429s ]
NOTIC: [8] Undefined index: category_id F:\Wamp\Wamp_3.0.6\installtion\wamp64\www\MIFOOD\Application\Home\Controller\IndexController.class.php 第 43 行.
SQL: SHOW COLUMNS FROM `shop` [ RunTime:0.004002s ]
SQL: SELECT COUNT(*) AS tp_count FROM `shop` WHERE `category_id` = null AND `state` = 0 LIMIT 1   [ RunTime:0.001608s ]
SQL: SELECT * FROM `shop` WHERE `category_id` = null AND `state` = 0 ORDER BY shop_id desc LIMIT 0,1   [ RunTime:0.001837s ]
NOTIC: [8] Undefined index: category_id F:\Wamp\Wamp_3.0.6\installtion\wamp64\www\MIFOOD\Application\Home\Controller\IndexController.class.php 第 51 行.
SQL: SELECT * FROM `shop` WHERE `category_id` = null LIMIT 12   [ RunTime:0.001839s ]
INFO: [ view_parse ] --START--
INFO: [ template_filter ] --START--
INFO: Run Behavior\ContentReplaceBehavior [ RunTime:0.001334s ]
INFO: [ template_filter ] --END-- [ RunTime:0.003810s ]
NOTIC: [8] Undefined index: user F:\Wamp\Wamp_3.0.6\installtion\wamp64\www\MIFOOD\Application\Runtime\Cache\Home\bd1736db69e2bb255cc6ce738036bdfd.php 第 52 行.
INFO: Run Behavior\ParseTemplateBehavior [ RunTime:0.121316s ]
INFO: [ view_parse ] --END-- [ RunTime:0.122014s ]
INFO: [ view_filter ] --START--
INFO: Run Behavior\WriteHtmlCacheBehavior [ RunTime:0.006333s ]
INFO: [ view_filter ] --END-- [ RunTime:0.007186s ]
INFO: [ app_end ] --START--
INFO: Run Behavior\ShowPageTraceBehavior [ RunTime:0.008026s ]
INFO: [ app_end ] --END-- [ RunTime:0.009512s ]

[ 2017-04-05T07:25:16+08:00 ] ::1 /MIFOOD/index.php/Home/Index/classify/category_id/17/p/2.html
INFO: [ app_init ] --START--
INFO: Run Behavior\BuildLiteBehavior [ RunTime:0.000128s ]
INFO: [ app_init ] --END-- [ RunTime:0.002820s ]

[ 2017-04-05T07:25:17+08:00 ] ::1 /MIFOOD/index.php/Home/Index/page1/p/1.html
INFO: [ app_init ] --START--
INFO: Run Behavior\BuildLiteBehavior [ RunTime:0.000120s ]
INFO: [ app_init ] --END-- [ RunTime:0.003809s ]
INFO: [ app_begin ] --START--
INFO: Run Behavior\ReadHtmlCacheBehavior [ RunTime:0.003939s ]
INFO: [ app_begin ] --END-- [ RunTime:0.004506s ]
SQL: SHOW COLUMNS FROM `shop` [ RunTime:0.003089s ]
SQL: SHOW COLUMNS FROM `category` [ RunTime:0.002486s ]
SQL: SELECT * FROM `category` WHERE `state` = 0  [ RunTime:0.002033s ]
NOTIC: [8] Undefined index: category_id F:\Wamp\Wamp_3.0.6\installtion\wamp64\www\MIFOOD\Application\Home\Controller\IndexController.class.php 第 43 行.
SQL: SHOW COLUMNS FROM `shop` [ RunTime:0.003035s ]
SQL: SELECT COUNT(*) AS tp_count FROM `shop` WHERE `category_id` = null AND `state` = 0 LIMIT 1   [ RunTime:0.001160s ]
SQL: SELECT * FROM `shop` WHERE `category_id` = null AND `state` = 0 ORDER BY shop_id desc LIMIT 0,1   [ RunTime:0.001561s ]
NOTIC: [8] Undefined index: category_id F:\Wamp\Wamp_3.0.6\installtion\wamp64\www\MIFOOD\Application\Home\Controller\IndexController.class.php 第 51 行.
SQL: SELECT * FROM `shop` WHERE `category_id` = null LIMIT 12   [ RunTime:0.001470s ]
INFO: [ view_parse ] --START--
INFO: [ template_filter ] --START--
INFO: Run Behavior\ContentReplaceBehavior [ RunTime:0.000734s ]
INFO: [ template_filter ] --END-- [ RunTime:0.001183s ]
NOTIC: [8] Undefined index: user F:\Wamp\Wamp_3.0.6\installtion\wamp64\www\MIFOOD\Application\Runtime\Cache\Home\bd1736db69e2bb255cc6ce738036bdfd.php 第 52 行.
INFO: Run Behavior\ParseTemplateBehavior [ RunTime:0.056610s ]
INFO: [ view_parse ] --END-- [ RunTime:0.057074s ]
INFO: [ view_filter ] --START--
INFO: Run Behavior\WriteHtmlCacheBehavior [ RunTime:0.002742s ]
INFO: [ view_filter ] --END-- [ RunTime:0.003199s ]
INFO: [ app_end ] --START--
INFO: Run Behavior\ShowPageTraceBehavior [ RunTime:0.003445s ]
INFO: [ app_end ] --END-- [ RunTime:0.003940s ]

[ 2017-04-05T07:39:10+08:00 ] ::1 /MIFOOD/index.php/Home/Index/index
INFO: [ app_init ] --START--
INFO: Run Behavior\BuildLiteBehavior [ RunTime:0.000124s ]
INFO: [ app_init ] --END-- [ RunTime:0.002660s ]

[ 2017-04-05T07:40:07+08:00 ] ::1 /MIFOOD/index.php/Home/Index/details/shop_id/105
INFO: [ app_init ] --START--
INFO: Run Behavior\BuildLiteBehavior [ RunTime:0.000114s ]
INFO: [ app_init ] --END-- [ RunTime:0.002362s ]
ERR: 模板不存在:./Application/Home/View/Index/details.html

[ 2017-04-05T10:22:02+08:00 ] ::1 /MIFOOD/index.php/Home/Index/top
INFO: [ app_init ] --START--
INFO: Run Behavior\BuildLiteBehavior [ RunTime:0.000212s ]
INFO: [ app_init ] --END-- [ RunTime:0.005125s ]

[ 2017-04-05T10:22:13+08:00 ] ::1 /MIFOOD/index.php/Home/Index/classify.html
INFO: [ app_init ] --START--
INFO: Run Behavior\BuildLiteBehavior [ RunTime:0.000118s ]
INFO: [ app_init ] --END-- [ RunTime:0.002269s ]

[ 2017-04-05T10:22:17+08:00 ] ::1 /MIFOOD/index.php/Home/Index/page2/category_id/4
INFO: [ app_init ] --START--
INFO: Run Behavior\BuildLiteBehavior [ RunTime:0.000112s ]
INFO: [ app_init ] --END-- [ RunTime:0.001801s ]
ERR: 模板不存在:./Application/Home/View/Index/test.html

[ 2017-04-05T10:23:30+08:00 ] ::1 /MIFOOD/index.php/Home/Index/classify.html
INFO: [ app_init ] --START--
INFO: Run Behavior\BuildLiteBehavior [ RunTime:0.000106s ]
INFO: [ app_init ] --END-- [ RunTime:0.002070s ]

[ 2017-04-05T10:23:35+08:00 ] ::1 /MIFOOD/index.php/Home/Index/classify/category_id/21
INFO: [ app_init ] --START--
INFO: Run Behavior\BuildLiteBehavior [ RunTime:0.000144s ]
INFO: [ app_init ] --END-- [ RunTime:0.002113s ]

[ 2017-04-05T10:23:41+08:00 ] ::1 /MIFOOD/index.php/Home/Index/classify/category_id/21/p/2.html
INFO: [ app_init ] --START--
INFO: Run Behavior\BuildLiteBehavior [ RunTime:0.000105s ]
INFO: [ app_init ] --END-- [ RunTime:0.001896s ]

[ 2017-04-05T10:24:24+08:00 ] ::1 /MIFOOD/index.php/Home/Index/logins.html
INFO: [ app_init ] --START--
INFO: Run Behavior\BuildLiteBehavior [ RunTime:0.000115s ]
INFO: [ app_init ] --END-- [ RunTime:0.002153s ]

[ 2017-04-05T10:24:38+08:00 ] ::1 /MIFOOD/index.php/Home/Index/logins.html
INFO: [ app_init ] --START--
INFO: Run Behavior\BuildLiteBehavior [ RunTime:0.000116s ]
INFO: [ app_init ] --END-- [ RunTime:0.002370s ]

[ 2017-04-05T10:24:45+08:00 ] ::1 /MIFOOD/index.php/Home/Index/index
INFO: [ app_init ] --START--
INFO: Run Behavior\BuildLiteBehavior [ RunTime:0.000126s ]
INFO: [ app_init ] --END-- [ RunTime:0.002912s ]

[ 2017-04-05T10:24:55+08:00 ] ::1 /MIFOOD/index.php/Home/Index/index.php/Home/Login/checkName
INFO: [ app_init ] --START--
INFO: Run Behavior\BuildLiteBehavior [ RunTime:0.000115s ]
INFO: [ app_init ] --END-- [ RunTime:0.002042s ]
INFO: [ app_begin ] --START--
INFO: Run Behavior\ReadHtmlCacheBehavior [ RunTime:0.002231s ]
INFO: [ app_begin ] --END-- [ RunTime:0.002659s ]
ERR: 非法操作:index.php

[ 2017-04-05T10:25:00+08:00 ] ::1 /MIFOOD/index.php/Home/Index/logins.html
INFO: [ app_init ] --START--
INFO: Run Behavior\BuildLiteBehavior [ RunTime:0.000147s ]
INFO: [ app_init ] --END-- [ RunTime:0.003394s ]

[ 2017-04-05T10:25:40+08:00 ] ::1 /MIFOOD/index.php/Home/Index/index.php/Home/Login/checkName
INFO: [ app_init ] --START--
INFO: Run Behavior\BuildLiteBehavior [ RunTime:0.000105s ]
INFO: [ app_init ] --END-- [ RunTime:0.001684s ]
INFO: [ app_begin ] --START--
INFO: Run Behavior\ReadHtmlCacheBehavior [ RunTime:0.002085s ]
INFO: [ app_begin ] --END-- [ RunTime:0.002528s ]
ERR: 非法操作:index.php

[ 2017-04-05T10:25:48+08:00 ] ::1 /MIFOOD/index.php/Home/Index/index.php/Home/Login/checkName
INFO: [ app_init ] --START--
INFO: Run Behavior\BuildLiteBehavior [ RunTime:0.000106s ]
INFO: [ app_init ] --END-- [ RunTime:0.001722s ]
INFO: [ app_begin ] --START--
INFO: Run Behavior\ReadHtmlCacheBehavior [ RunTime:0.002105s ]
INFO: [ app_begin ] --END-- [ RunTime:0.002541s ]
ERR: 非法操作:index.php

[ 2017-04-05T10:26:47+08:00 ] ::1 /MIFOOD/index
INFO: [ app_init ] --START--
INFO: Run Behavior\BuildLiteBehavior [ RunTime:0.000104s ]
INFO: [ app_init ] --END-- [ RunTime:0.001700s ]

[ 2017-04-05T10:26:58+08:00 ] ::1 /MIFOOD/index.php/Home/Login/checkName
INFO: [ app_init ] --START--
INFO: Run Behavior\BuildLiteBehavior [ RunTime:0.000110s ]
INFO: [ app_init ] --END-- [ RunTime:0.001938s ]
INFO: [ app_begin ] --START--
INFO: Run Behavior\ReadHtmlCacheBehavior [ RunTime:0.002327s ]
INFO: [ app_begin ] --END-- [ RunTime:0.002767s ]
SQL: SHOW COLUMNS FROM `user` [ RunTime:0.002692s ]

[ 2017-04-05T10:27:54+08:00 ] ::1 /MIFOOD/index.php/
INFO: [ app_init ] --START--
INFO: Run Behavior\BuildLiteBehavior [ RunTime:0.000229s ]
INFO: [ app_init ] --END-- [ RunTime:0.004334s ]

[ 2017-04-05T10:29:31+08:00 ] ::1 /MIFOOD/index.php/
INFO: [ app_init ] --START--
INFO: Run Behavior\BuildLiteBehavior [ RunTime:0.000117s ]
INFO: [ app_init ] --END-- [ RunTime:0.002408s ]

[ 2017-04-05T10:33:08+08:00 ] ::1 /MIFOOD/index.php/
INFO: [ app_init ] --START--
INFO: Run Behavior\BuildLiteBehavior [ RunTime:0.000139s ]
INFO: [ app_init ] --END-- [ RunTime:0.002780s ]

[ 2017-04-05T10:33:16+08:00 ] ::1 /MIFOOD/index
INFO: [ app_init ] --START--
INFO: Run Behavior\BuildLiteBehavior [ RunTime:0.000122s ]
INFO: [ app_init ] --END-- [ RunTime:0.002188s ]

[ 2017-04-05T10:33:21+08:00 ] ::1 /MIFOOD/index.php/Home/Login/checkName
INFO: [ app_init ] --START--
INFO: Run Behavior\BuildLiteBehavior [ RunTime:0.000113s ]
INFO: [ app_init ] --END-- [ RunTime:0.002186s ]
INFO: [ app_begin ] --START--
INFO: Run Behavior\ReadHtmlCacheBehavior [ RunTime:0.002549s ]
INFO: [ app_begin ] --END-- [ RunTime:0.003030s ]
SQL: SHOW COLUMNS FROM `user` [ RunTime:0.003389s ]

[ 2017-04-05T10:33:22+08:00 ] ::1 /MIFOOD/index.php/Home/Login/checkName
INFO: [ app_init ] --START--
INFO: Run Behavior\BuildLiteBehavior [ RunTime:0.000124s ]
INFO: [ app_init ] --END-- [ RunTime:0.002162s ]
INFO: [ app_begin ] --START--
INFO: Run Behavior\ReadHtmlCacheBehavior [ RunTime:0.003291s ]
INFO: [ app_begin ] --END-- [ RunTime:0.003932s ]
SQL: SHOW COLUMNS FROM `user` [ RunTime:0.001988s ]

[ 2017-04-05T10:33:44+08:00 ] ::1 /MIFOOD/index.php/Home/Login/checkName
INFO: [ app_init ] --START--
INFO: Run Behavior\BuildLiteBehavior [ RunTime:0.000104s ]
INFO: [ app_init ] --END-- [ RunTime:0.001894s ]
INFO: [ app_begin ] --START--
INFO: Run Behavior\ReadHtmlCacheBehavior [ RunTime:0.002909s ]
INFO: [ app_begin ] --END-- [ RunTime:0.003382s ]
SQL: SHOW COLUMNS FROM `user` [ RunTime:0.003575s ]

[ 2017-04-05T10:33:56+08:00 ] ::1 /MIFOOD/index.php/Home/Login/checkName
INFO: [ app_init ] --START--
INFO: Run Behavior\BuildLiteBehavior [ RunTime:0.000108s ]
INFO: [ app_init ] --END-- [ RunTime:0.001933s ]
INFO: [ app_begin ] --START--
INFO: Run Behavior\ReadHtmlCacheBehavior [ RunTime:0.002370s ]
INFO: [ app_begin ] --END-- [ RunTime:0.002848s ]
SQL: SHOW COLUMNS FROM `user` [ RunTime:0.002519s ]
SQL: SELECT * FROM `user` WHERE `email` = '2740270539@qq.com' LIMIT 1   [ RunTime:0.001074s ]
INFO: [ app_end ] --START--
INFO: Run Behavior\ShowPageTraceBehavior [ RunTime:0.002807s ]
INFO: [ app_end ] --END-- [ RunTime:0.003424s ]

[ 2017-04-05T10:34:44+08:00 ] ::1 /MIFOOD/index
INFO: [ app_init ] --START--
INFO: Run Behavior\BuildLiteBehavior [ RunTime:0.000118s ]
INFO: [ app_init ] --END-- [ RunTime:0.001995s ]

[ 2017-04-05T10:35:53+08:00 ] ::1 /MIFOOD/index
INFO: [ app_init ] --START--
INFO: Run Behavior\BuildLiteBehavior [ RunTime:0.000113s ]
INFO: [ app_init ] --END-- [ RunTime:0.002238s ]

[ 2017-04-05T10:37:49+08:00 ] ::1 /MIFOOD/index
INFO: [ app_init ] --START--
INFO: Run Behavior\BuildLiteBehavior [ RunTime:0.000115s ]
INFO: [ app_init ] --END-- [ RunTime:0.002091s ]

[ 2017-04-05T10:38:54+08:00 ] ::1 /MIFOOD/index
INFO: [ app_init ] --START--
INFO: Run Behavior\BuildLiteBehavior [ RunTime:0.000109s ]
INFO: [ app_init ] --END-- [ RunTime:0.001974s ]

[ 2017-04-05T10:40:26+08:00 ] ::1 /MIFOOD/index
INFO: [ app_init ] --START--
INFO: Run Behavior\BuildLiteBehavior [ RunTime:0.000120s ]
INFO: [ app_init ] --END-- [ RunTime:0.001965s ]

[ 2017-04-05T10:43:37+08:00 ] ::1 /MIFOOD/index.php/Home/Index/search.html?search=%E5%93%88%E5%93%88%E5%93%88
INFO: [ app_init ] --START--
INFO: Run Behavior\BuildLiteBehavior [ RunTime:0.000106s ]
INFO: [ app_init ] --END-- [ RunTime:0.001945s ]

[ 2017-04-05T10:43:52+08:00 ] ::1 /MIFOOD/index.php/Home/Index/search.html?search=%E7%81%AB%E9%94%85
INFO: [ app_init ] --START--
INFO: Run Behavior\BuildLiteBehavior [ RunTime:0.000127s ]
INFO: [ app_init ] --END-- [ RunTime:0.002285s ]

[ 2017-04-05T10:44:49+08:00 ] ::1 /MIFOOD/index.php/Home/Login/checkName
INFO: [ app_init ] --START--
INFO: Run Behavior\BuildLiteBehavior [ RunTime:0.000110s ]
INFO: [ app_init ] --END-- [ RunTime:0.002134s ]
INFO: [ app_begin ] --START--
INFO: Run Behavior\ReadHtmlCacheBehavior [ RunTime:0.002479s ]
INFO: [ app_begin ] --END-- [ RunTime:0.002950s ]
SQL: SHOW COLUMNS FROM `user` [ RunTime:0.001583s ]

[ 2017-04-05T10:44:54+08:00 ] ::1 /MIFOOD/index.php/Home/Login/checkName
INFO: [ app_init ] --START--
INFO: Run Behavior\BuildLiteBehavior [ RunTime:0.000104s ]
INFO: [ app_init ] --END-- [ RunTime:0.001789s ]
INFO: [ app_begin ] --START--
INFO: Run Behavior\ReadHtmlCacheBehavior [ RunTime:0.002120s ]
INFO: [ app_begin ] --END-- [ RunTime:0.002565s ]
SQL: SHOW COLUMNS FROM `user` [ RunTime:0.003220s ]

[ 2017-04-05T10:44:57+08:00 ] ::1 /MIFOOD/index
INFO: [ app_init ] --START--
INFO: Run Behavior\BuildLiteBehavior [ RunTime:0.000119s ]
INFO: [ app_init ] --END-- [ RunTime:0.001993s ]

[ 2017-04-05T10:46:01+08:00 ] ::1 /MIFOOD/index.php/Home/Login/checkName
INFO: [ app_init ] --START--
INFO: Run Behavior\BuildLiteBehavior [ RunTime:0.000104s ]
INFO: [ app_init ] --END-- [ RunTime:0.001811s ]
INFO: [ app_begin ] --START--
INFO: Run Behavior\ReadHtmlCacheBehavior [ RunTime:0.002804s ]
INFO: [ app_begin ] --END-- [ RunTime:0.003253s ]
SQL: SHOW COLUMNS FROM `user` [ RunTime:0.003309s ]

[ 2017-04-05T10:46:03+08:00 ] ::1 /MIFOOD/index.php/Home/Login/checkName
INFO: [ app_init ] --START--
INFO: Run Behavior\BuildLiteBehavior [ RunTime:0.000110s ]
INFO: [ app_init ] --END-- [ RunTime:0.002029s ]
INFO: [ app_begin ] --START--
INFO: Run Behavior\ReadHtmlCacheBehavior [ RunTime:0.002751s ]
INFO: [ app_begin ] --END-- [ RunTime:0.003219s ]
SQL: SHOW COLUMNS FROM `user` [ RunTime:0.002026s ]

[ 2017-04-05T10:46:15+08:00 ] ::1 /MIFOOD/index.php/Home/Login/checkName
INFO: [ app_init ] --START--
INFO: Run Behavior\BuildLiteBehavior [ RunTime:0.000111s ]
INFO: [ app_init ] --END-- [ RunTime:0.002051s ]
INFO: [ app_begin ] --START--
INFO: Run Behavior\ReadHtmlCacheBehavior [ RunTime:0.002621s ]
INFO: [ app_begin ] --END-- [ RunTime:0.003071s ]
SQL: SHOW COLUMNS FROM `user` [ RunTime:0.001718s ]
SQL: SELECT * FROM `user` WHERE `email` = '2740270539@qq.com' LIMIT 1   [ RunTime:0.000842s ]
INFO: [ app_end ] --START--
INFO: Run Behavior\ShowPageTraceBehavior [ RunTime:0.002949s ]
INFO: [ app_end ] --END-- [ RunTime:0.003395s ]

[ 2017-04-05T10:47:49+08:00 ] ::1 /MIFOOD/index
INFO: [ app_init ] --START--
INFO: Run Behavior\BuildLiteBehavior [ RunTime:0.000114s ]
INFO: [ app_init ] --END-- [ RunTime:0.002272s ]

[ 2017-04-05T10:47:55+08:00 ] ::1 /MIFOOD/index.php/Home/Login/checkName
INFO: [ app_init ] --START--
INFO: Run Behavior\BuildLiteBehavior [ RunTime:0.000165s ]
INFO: [ app_init ] --END-- [ RunTime:0.002997s ]
INFO: [ app_begin ] --START--
INFO: Run Behavior\ReadHtmlCacheBehavior [ RunTime:0.007275s ]
INFO: [ app_begin ] --END-- [ RunTime:0.008605s ]
SQL: SHOW COLUMNS FROM `user` [ RunTime:0.002804s ]

[ 2017-04-05T10:48:10+08:00 ] ::1 /MIFOOD/index.php/Home/Login/checkName
INFO: [ app_init ] --START--
INFO: Run Behavior\BuildLiteBehavior [ RunTime:0.000151s ]
INFO: [ app_init ] --END-- [ RunTime:0.002986s ]
INFO: [ app_begin ] --START--
INFO: Run Behavior\ReadHtmlCacheBehavior [ RunTime:0.003911s ]
INFO: [ app_begin ] --END-- [ RunTime:0.004555s ]
SQL: SHOW COLUMNS FROM `user` [ RunTime:0.002202s ]
SQL: SELECT * FROM `user` WHERE `email` = '2740270539@qq.com' LIMIT 1   [ RunTime:0.001126s ]
INFO: [ app_end ] --START--
INFO: Run Behavior\ShowPageTraceBehavior [ RunTime:0.003164s ]
INFO: [ app_end ] --END-- [ RunTime:0.003640s ]

[ 2017-04-05T10:48:27+08:00 ] ::1 /MIFOOD/index.php/Home/Login/register.html
INFO: [ app_init ] --START--
INFO: Run Behavior\BuildLiteBehavior [ RunTime:0.000156s ]
INFO: [ app_init ] --END-- [ RunTime:0.003439s ]

[ 2017-04-05T10:48:28+08:00 ] ::1 /MIFOOD/index
INFO: [ app_init ] --START--
INFO: Run Behavior\BuildLiteBehavior [ RunTime:0.000111s ]
INFO: [ app_init ] --END-- [ RunTime:0.002074s ]

[ 2017-04-05T10:48:36+08:00 ] ::1 /MIFOOD/index.php/Home/Index/log_out
INFO: [ app_init ] --START--
INFO: Run Behavior\BuildLiteBehavior [ RunTime:0.000134s ]
INFO: [ app_init ] --END-- [ RunTime:0.002096s ]

[ 2017-04-05T10:48:37+08:00 ] ::1 /MIFOOD/index
INFO: [ app_init ] --START--
INFO: Run Behavior\BuildLiteBehavior [ RunTime:0.000111s ]
INFO: [ app_init ] --END-- [ RunTime:0.002082s ]

[ 2017-04-05T10:48:50+08:00 ] ::1 /MIFOOD/index.php/Home/Login/checkName
INFO: [ app_init ] --START--
INFO: Run Behavior\BuildLiteBehavior [ RunTime:0.000104s ]
INFO: [ app_init ] --END-- [ RunTime:0.001864s ]
INFO: [ app_begin ] --START--
INFO: Run Behavior\ReadHtmlCacheBehavior [ RunTime:0.002744s ]
INFO: [ app_begin ] --END-- [ RunTime:0.003186s ]
SQL: SHOW COLUMNS FROM `user` [ RunTime:0.004707s ]

[ 2017-04-05T10:49:04+08:00 ] ::1 /MIFOOD/index.php/Home/Login/checkName
INFO: [ app_init ] --START--
INFO: Run Behavior\BuildLiteBehavior [ RunTime:0.000124s ]
INFO: [ app_init ] --END-- [ RunTime:0.002084s ]
INFO: [ app_begin ] --START--
INFO: Run Behavior\ReadHtmlCacheBehavior [ RunTime:0.003428s ]
INFO: [ app_begin ] --END-- [ RunTime:0.003980s ]
SQL: SHOW COLUMNS FROM `user` [ RunTime:0.002460s ]
SQL: SELECT * FROM `user` WHERE `email` = '2740270539@qq.com' LIMIT 1   [ RunTime:0.001545s ]

[ 2017-04-05T10:49:28+08:00 ] ::1 /MIFOOD/index.php/Home/Login/checkName
INFO: [ app_init ] --START--
INFO: Run Behavior\BuildLiteBehavior [ RunTime:0.000137s ]
INFO: [ app_init ] --END-- [ RunTime:0.002473s ]
INFO: [ app_begin ] --START--
INFO: Run Behavior\ReadHtmlCacheBehavior [ RunTime:0.003308s ]
INFO: [ app_begin ] --END-- [ RunTime:0.003960s ]
SQL: SHOW COLUMNS FROM `user` [ RunTime:0.002878s ]

[ 2017-04-05T10:51:11+08:00 ] ::1 /MIFOOD/index
INFO: [ app_init ] --START--
INFO: Run Behavior\BuildLiteBehavior [ RunTime:0.000151s ]
INFO: [ app_init ] --END-- [ RunTime:0.002676s ]

[ 2017-04-05T10:51:18+08:00 ] ::1 /MIFOOD/index.php/Home/Login/checkName
INFO: [ app_init ] --START--
INFO: Run Behavior\BuildLiteBehavior [ RunTime:0.000134s ]
INFO: [ app_init ] --END-- [ RunTime:0.002989s ]
INFO: [ app_begin ] --START--
INFO: Run Behavior\ReadHtmlCacheBehavior [ RunTime:0.003597s ]
INFO: [ app_begin ] --END-- [ RunTime:0.004251s ]
SQL: SHOW COLUMNS FROM `user` [ RunTime:0.001826s ]

[ 2017-04-05T10:51:22+08:00 ] ::1 /MIFOOD/index.php/Home/Login/checkName
INFO: [ app_init ] --START--
INFO: Run Behavior\BuildLiteBehavior [ RunTime:0.000129s ]
INFO: [ app_init ] --END-- [ RunTime:0.002356s ]
INFO: [ app_begin ] --START--
INFO: Run Behavior\ReadHtmlCacheBehavior [ RunTime:0.002899s ]
INFO: [ app_begin ] --END-- [ RunTime:0.003490s ]
SQL: SHOW COLUMNS FROM `user` [ RunTime:0.003322s ]

[ 2017-04-05T10:51:33+08:00 ] ::1 /MIFOOD/index.php/Home/Login/checkName
INFO: [ app_init ] --START--
INFO: Run Behavior\BuildLiteBehavior [ RunTime:0.000117s ]
INFO: [ app_init ] --END-- [ RunTime:0.001784s ]
INFO: [ app_begin ] --START--
INFO: Run Behavior\ReadHtmlCacheBehavior [ RunTime:0.002784s ]
INFO: [ app_begin ] --END-- [ RunTime:0.003312s ]
SQL: SHOW COLUMNS FROM `user` [ RunTime:0.002221s ]
SQL: SELECT * FROM `user` WHERE `email` = '2740170539@qq.com' LIMIT 1   [ RunTime:0.001346s ]
INFO: [ app_end ] --START--
INFO: Run Behavior\ShowPageTraceBehavior [ RunTime:0.003405s ]
INFO: [ app_end ] --END-- [ RunTime:0.004189s ]

[ 2017-04-05T10:51:44+08:00 ] ::1 /MIFOOD/index.php/Home/Login/register.html
INFO: [ app_init ] --START--
INFO: Run Behavior\BuildLiteBehavior [ RunTime:0.000127s ]
INFO: [ app_init ] --END-- [ RunTime:0.002299s ]

[ 2017-04-05T10:51:46+08:00 ] ::1 /MIFOOD/index
INFO: [ app_init ] --START--
INFO: Run Behavior\BuildLiteBehavior [ RunTime:0.000120s ]
INFO: [ app_init ] --END-- [ RunTime:0.002186s ]

[ 2017-04-05T10:52:19+08:00 ] ::1 /MIFOOD/index.php/Home/Index/log_out
INFO: [ app_init ] --START--
INFO: Run Behavior\BuildLiteBehavior [ RunTime:0.000114s ]
INFO: [ app_init ] --END-- [ RunTime:0.002599s ]

[ 2017-04-05T10:52:20+08:00 ] ::1 /MIFOOD/index
INFO: [ app_init ] --START--
INFO: Run Behavior\BuildLiteBehavior [ RunTime:0.000229s ]
INFO: [ app_init ] --END-- [ RunTime:0.002121s ]

[ 2017-04-05T10:52:32+08:00 ] ::1 /MIFOOD/index.php/Home/Login/checkName
INFO: [ app_init ] --START--
INFO: Run Behavior\BuildLiteBehavior [ RunTime:0.000111s ]
INFO: [ app_init ] --END-- [ RunTime:0.001694s ]
INFO: [ app_begin ] --START--
INFO: Run Behavior\ReadHtmlCacheBehavior [ RunTime:0.001990s ]
INFO: [ app_begin ] --END-- [ RunTime:0.002446s ]
SQL: SHOW COLUMNS FROM `user` [ RunTime:0.001915s ]

[ 2017-04-05T10:52:37+08:00 ] ::1 /MIFOOD/index.php/Home/Login/checkName
INFO: [ app_init ] --START--
INFO: Run Behavior\BuildLiteBehavior [ RunTime:0.000109s ]
INFO: [ app_init ] --END-- [ RunTime:0.002050s ]
INFO: [ app_begin ] --START--
INFO: Run Behavior\ReadHtmlCacheBehavior [ RunTime:0.002069s ]
INFO: [ app_begin ] --END-- [ RunTime:0.002548s ]
SQL: SHOW COLUMNS FROM `user` [ RunTime:0.001711s ]

[ 2017-04-05T10:53:39+08:00 ] ::1 /MIFOOD/index
INFO: [ app_init ] --START--
INFO: Run Behavior\BuildLiteBehavior [ RunTime:0.000136s ]
INFO: [ app_init ] --END-- [ RunTime:0.002897s ]

[ 2017-04-05T10:53:43+08:00 ] ::1 /MIFOOD/index.php/Home/Login/checkName
INFO: [ app_init ] --START--
INFO: Run Behavior\BuildLiteBehavior [ RunTime:0.000105s ]
INFO: [ app_init ] --END-- [ RunTime:0.001768s ]
INFO: [ app_begin ] --START--
INFO: Run Behavior\ReadHtmlCacheBehavior [ RunTime:0.002054s ]
INFO: [ app_begin ] --END-- [ RunTime:0.002513s ]
SQL: SHOW COLUMNS FROM `user` [ RunTime:0.001573s ]

[ 2017-04-05T10:53:43+08:00 ] ::1 /MIFOOD/index.php/Home/Login/checkName
INFO: [ app_init ] --START--
INFO: Run Behavior\BuildLiteBehavior [ RunTime:0.000145s ]
INFO: [ app_init ] --END-- [ RunTime:0.003890s ]
INFO: [ app_begin ] --START--
INFO: Run Behavior\ReadHtmlCacheBehavior [ RunTime:0.003015s ]
INFO: [ app_begin ] --END-- [ RunTime:0.003710s ]
SQL: SHOW COLUMNS FROM `user` [ RunTime:0.004558s ]

[ 2017-04-05T10:55:13+08:00 ] ::1 /MIFOOD/index
INFO: [ app_init ] --START--
INFO: Run Behavior\BuildLiteBehavior [ RunTime:0.000107s ]
INFO: [ app_init ] --END-- [ RunTime:0.001714s ]

[ 2017-04-05T10:55:19+08:00 ] ::1 /MIFOOD/index.php/Home/Login/checkName
INFO: [ app_init ] --START--
INFO: Run Behavior\BuildLiteBehavior [ RunTime:0.000103s ]
INFO: [ app_init ] --END-- [ RunTime:0.001670s ]
INFO: [ app_begin ] --START--
INFO: Run Behavior\ReadHtmlCacheBehavior [ RunTime:0.002135s ]
INFO: [ app_begin ] --END-- [ RunTime:0.002613s ]
SQL: SHOW COLUMNS FROM `user` [ RunTime:0.002813s ]

[ 2017-04-05T10:55:21+08:00 ] ::1 /MIFOOD/index.php/Home/Login/checkName
INFO: [ app_init ] --START--
INFO: Run Behavior\BuildLiteBehavior [ RunTime:0.000120s ]
INFO: [ app_init ] --END-- [ RunTime:0.001814s ]
INFO: [ app_begin ] --START--
INFO: Run Behavior\ReadHtmlCacheBehavior [ RunTime:0.001834s ]
INFO: [ app_begin ] --END-- [ RunTime:0.002289s ]
SQL: SHOW COLUMNS FROM `user` [ RunTime:0.001594s ]

[ 2017-04-05T10:55:33+08:00 ] ::1 /MIFOOD/index.php/Home/Login/checkName
INFO: [ app_init ] --START--
INFO: Run Behavior\BuildLiteBehavior [ RunTime:0.000115s ]
INFO: [ app_init ] --END-- [ RunTime:0.001844s ]
INFO: [ app_begin ] --START--
INFO: Run Behavior\ReadHtmlCacheBehavior [ RunTime:0.001967s ]
INFO: [ app_begin ] --END-- [ RunTime:0.002424s ]
SQL: SHOW COLUMNS FROM `user` [ RunTime:0.001722s ]
SQL: SELECT * FROM `user` WHERE `email` = '2740270539@qq.com' LIMIT 1   [ RunTime:0.001220s ]

[ 2017-04-05T10:55:36+08:00 ] ::1 /MIFOOD/index.php/Home/Login/checkName
INFO: [ app_init ] --START--
INFO: Run Behavior\BuildLiteBehavior [ RunTime:0.000119s ]
INFO: [ app_init ] --END-- [ RunTime:0.002019s ]
INFO: [ app_begin ] --START--
INFO: Run Behavior\ReadHtmlCacheBehavior [ RunTime:0.001877s ]
INFO: [ app_begin ] --END-- [ RunTime:0.002321s ]
SQL: SHOW COLUMNS FROM `user` [ RunTime:0.001807s ]

[ 2017-04-05T10:55:42+08:00 ] ::1 /MIFOOD/index.php/Home/Login/checkName
INFO: [ app_init ] --START--
INFO: Run Behavior\BuildLiteBehavior [ RunTime:0.000123s ]
INFO: [ app_init ] --END-- [ RunTime:0.001915s ]
INFO: [ app_begin ] --START--
INFO: Run Behavior\ReadHtmlCacheBehavior [ RunTime:0.002969s ]
INFO: [ app_begin ] --END-- [ RunTime:0.003531s ]
SQL: SHOW COLUMNS FROM `user` [ RunTime:0.002573s ]

[ 2017-04-05T10:56:10+08:00 ] ::1 /MIFOOD/index.php/Home/Login/checkName
INFO: [ app_init ] --START--
INFO: Run Behavior\BuildLiteBehavior [ RunTime:0.000149s ]
INFO: [ app_init ] --END-- [ RunTime:0.002656s ]
INFO: [ app_begin ] --START--
INFO: Run Behavior\ReadHtmlCacheBehavior [ RunTime:0.002953s ]
INFO: [ app_begin ] --END-- [ RunTime:0.003637s ]
SQL: SHOW COLUMNS FROM `user` [ RunTime:0.002326s ]
SQL: SELECT * FROM `user` WHERE `email` = '2740270540@qq.com' LIMIT 1   [ RunTime:0.001212s ]
INFO: [ app_end ] --START--
INFO: Run Behavior\ShowPageTraceBehavior [ RunTime:0.002740s ]
INFO: [ app_end ] --END-- [ RunTime:0.003254s ]

[ 2017-04-05T10:56:18+08:00 ] ::1 /MIFOOD/index.php/Home/Login/register.html
INFO: [ app_init ] --START--
INFO: Run Behavior\BuildLiteBehavior [ RunTime:0.000138s ]
INFO: [ app_init ] --END-- [ RunTime:0.002265s ]

[ 2017-04-05T10:56:19+08:00 ] ::1 /MIFOOD/index
INFO: [ app_init ] --START--
INFO: Run Behavior\BuildLiteBehavior [ RunTime:0.000141s ]
INFO: [ app_init ] --END-- [ RunTime:0.002302s ]

[ 2017-04-05T10:56:24+08:00 ] ::1 /MIFOOD/index.php/Home/Index/log_out
INFO: [ app_init ] --START--
INFO: Run Behavior\BuildLiteBehavior [ RunTime:0.000145s ]
INFO: [ app_init ] --END-- [ RunTime:0.002476s ]

[ 2017-04-05T10:56:25+08:00 ] ::1 /MIFOOD/index
INFO: [ app_init ] --START--
INFO: Run Behavior\BuildLiteBehavior [ RunTime:0.000114s ]
INFO: [ app_init ] --END-- [ RunTime:0.002008s ]

[ 2017-04-05T10:56:32+08:00 ] ::1 /MIFOOD/index.php/Home/Login/checkName
INFO: [ app_init ] --START--
INFO: Run Behavior\BuildLiteBehavior [ RunTime:0.000111s ]
INFO: [ app_init ] --END-- [ RunTime:0.001951s ]
INFO: [ app_begin ] --START--
INFO: Run Behavior\ReadHtmlCacheBehavior [ RunTime:0.002086s ]
INFO: [ app_begin ] --END-- [ RunTime:0.002574s ]
SQL: SHOW COLUMNS FROM `user` [ RunTime:0.001663s ]

[ 2017-04-05T10:56:33+08:00 ] ::1 /MIFOOD/index.php/Home/Login/checkName
INFO: [ app_init ] --START--
INFO: Run Behavior\BuildLiteBehavior [ RunTime:0.000105s ]
INFO: [ app_init ] --END-- [ RunTime:0.001665s ]
INFO: [ app_begin ] --START--
INFO: Run Behavior\ReadHtmlCacheBehavior [ RunTime:0.001878s ]
INFO: [ app_begin ] --END-- [ RunTime:0.002330s ]
SQL: SHOW COLUMNS FROM `user` [ RunTime:0.001816s ]

[ 2017-04-05T10:58:27+08:00 ] ::1 /MIFOOD/index
INFO: [ app_init ] --START--
INFO: Run Behavior\BuildLiteBehavior [ RunTime:0.000113s ]
INFO: [ app_init ] --END-- [ RunTime:0.002197s ]

[ 2017-04-05T10:58:34+08:00 ] ::1 /MIFOOD/index.php/Home/Login/checkName
INFO: [ app_init ] --START--
INFO: Run Behavior\BuildLiteBehavior [ RunTime:0.000186s ]
INFO: [ app_init ] --END-- [ RunTime:0.004285s ]
INFO: [ app_begin ] --START--
INFO: Run Behavior\ReadHtmlCacheBehavior [ RunTime:0.004393s ]
INFO: [ app_begin ] --END-- [ RunTime:0.005493s ]
SQL: SHOW COLUMNS FROM `user` [ RunTime:0.005271s ]

[ 2017-04-05T10:58:36+08:00 ] ::1 /MIFOOD/index.php/Home/Login/checkName
INFO: [ app_init ] --START--
INFO: Run Behavior\BuildLiteBehavior [ RunTime:0.000123s ]
INFO: [ app_init ] --END-- [ RunTime:0.002096s ]
INFO: [ app_begin ] --START--
INFO: Run Behavior\ReadHtmlCacheBehavior [ RunTime:0.002744s ]
INFO: [ app_begin ] --END-- [ RunTime:0.003303s ]
SQL: SHOW COLUMNS FROM `user` [ RunTime:0.003243s ]

[ 2017-04-05T10:58:55+08:00 ] ::1 /MIFOOD/index.php/Home/Login/checkName
INFO: [ app_init ] --START--
INFO: Run Behavior\BuildLiteBehavior [ RunTime:0.000120s ]
INFO: [ app_init ] --END-- [ RunTime:0.002436s ]
INFO: [ app_begin ] --START--
INFO: Run Behavior\ReadHtmlCacheBehavior [ RunTime:0.002448s ]
INFO: [ app_begin ] --END-- [ RunTime:0.002937s ]
SQL: SHOW COLUMNS FROM `user` [ RunTime:0.002674s ]

[ 2017-04-05T10:59:49+08:00 ] ::1 /MIFOOD/
INFO: [ app_init ] --START--
INFO: Run Behavior\BuildLiteBehavior [ RunTime:0.000141s ]
INFO: [ app_init ] --END-- [ RunTime:0.002880s ]

[ 2017-04-05T10:59:57+08:00 ] ::1 /MIFOOD/index.php/Home/Login/checkName
INFO: [ app_init ] --START--
INFO: Run Behavior\BuildLiteBehavior [ RunTime:0.000107s ]
INFO: [ app_init ] --END-- [ RunTime:0.002016s ]
INFO: [ app_begin ] --START--
INFO: Run Behavior\ReadHtmlCacheBehavior [ RunTime:0.003243s ]
INFO: [ app_begin ] --END-- [ RunTime:0.003730s ]
SQL: SHOW COLUMNS FROM `user` [ RunTime:0.002679s ]

[ 2017-04-05T10:59:59+08:00 ] ::1 /MIFOOD/index.php/Home/Login/checkName
INFO: [ app_init ] --START--
INFO: Run Behavior\BuildLiteBehavior [ RunTime:0.000203s ]
INFO: [ app_init ] --END-- [ RunTime:0.003787s ]
INFO: [ app_begin ] --START--
INFO: Run Behavior\ReadHtmlCacheBehavior [ RunTime:0.008830s ]
INFO: [ app_begin ] --END-- [ RunTime:0.009588s ]
SQL: SHOW COLUMNS FROM `user` [ RunTime:0.004519s ]

[ 2017-04-05T11:00:05+08:00 ] ::1 /MIFOOD/index.php/Home/Login/checkName
INFO: [ app_init ] --START--
INFO: Run Behavior\BuildLiteBehavior [ RunTime:0.000151s ]
INFO: [ app_init ] --END-- [ RunTime:0.001951s ]
INFO: [ app_begin ] --START--
INFO: Run Behavior\ReadHtmlCacheBehavior [ RunTime:0.003075s ]
INFO: [ app_begin ] --END-- [ RunTime:0.003634s ]
SQL: SHOW COLUMNS FROM `user` [ RunTime:0.004226s ]

[ 2017-04-05T18:59:45+08:00 ] ::1 /MIFOOD/index
INFO: [ app_init ] --START--
INFO: Run Behavior\BuildLiteBehavior [ RunTime:0.000186s ]
INFO: [ app_init ] --END-- [ RunTime:0.008092s ]

[ 2017-04-05T19:05:44+08:00 ] ::1 /MIFOOD/index.php/Home/Login/checkName
INFO: [ app_init ] --START--
INFO: Run Behavior\BuildLiteBehavior [ RunTime:0.000110s ]
INFO: [ app_init ] --END-- [ RunTime:0.001900s ]
INFO: [ app_begin ] --START--
INFO: Run Behavior\ReadHtmlCacheBehavior [ RunTime:0.002261s ]
INFO: [ app_begin ] --END-- [ RunTime:0.002705s ]
SQL: SHOW COLUMNS FROM `user` [ RunTime:0.003908s ]

[ 2017-04-05T19:05:45+08:00 ] ::1 /MIFOOD/index.php/Home/Login/checkName
INFO: [ app_init ] --START--
INFO: Run Behavior\BuildLiteBehavior [ RunTime:0.000163s ]
INFO: [ app_init ] --END-- [ RunTime:0.002937s ]
INFO: [ app_begin ] --START--
INFO: Run Behavior\ReadHtmlCacheBehavior [ RunTime:0.005032s ]
INFO: [ app_begin ] --END-- [ RunTime:0.005817s ]
SQL: SHOW COLUMNS FROM `user` [ RunTime:0.002476s ]

[ 2017-04-05T19:18:51+08:00 ] ::1 /MIFOOD/index
INFO: [ app_init ] --START--
INFO: Run Behavior\BuildLiteBehavior [ RunTime:0.000129s ]
INFO: [ app_init ] --END-- [ RunTime:0.003607s ]

[ 2017-04-05T19:18:57+08:00 ] ::1 /MIFOOD/index.php/Home/Login/checkName
INFO: [ app_init ] --START--
INFO: Run Behavior\BuildLiteBehavior [ RunTime:0.000145s ]
INFO: [ app_init ] --END-- [ RunTime:0.002887s ]
INFO: [ app_begin ] --START--
INFO: Run Behavior\ReadHtmlCacheBehavior [ RunTime:0.012892s ]
INFO: [ app_begin ] --END-- [ RunTime:0.013553s ]
SQL: SHOW COLUMNS FROM `user` [ RunTime:0.002829s ]

[ 2017-04-05T19:18:58+08:00 ] ::1 /MIFOOD/index.php/Home/Login/checkName
INFO: [ app_init ] --START--
INFO: Run Behavior\BuildLiteBehavior [ RunTime:0.000107s ]
INFO: [ app_init ] --END-- [ RunTime:0.001928s ]
INFO: [ app_begin ] --START--
INFO: Run Behavior\ReadHtmlCacheBehavior [ RunTime:0.002922s ]
INFO: [ app_begin ] --END-- [ RunTime:0.003398s ]
SQL: SHOW COLUMNS FROM `user` [ RunTime:0.002922s ]

[ 2017-04-05T19:19:24+08:00 ] ::1 /MIFOOD/index.php/Home/Login/checkName
INFO: [ app_init ] --START--
INFO: Run Behavior\BuildLiteBehavior [ RunTime:0.000104s ]
INFO: [ app_init ] --END-- [ RunTime:0.001845s ]
INFO: [ app_begin ] --START--
INFO: Run Behavior\ReadHtmlCacheBehavior [ RunTime:0.002904s ]
INFO: [ app_begin ] --END-- [ RunTime:0.003347s ]
SQL: SHOW COLUMNS FROM `user` [ RunTime:0.002603s ]

[ 2017-04-05T19:19:28+08:00 ] ::1 /MIFOOD/index.php/Home/Login/checkName
INFO: [ app_init ] --START--
INFO: Run Behavior\BuildLiteBehavior [ RunTime:0.000115s ]
INFO: [ app_init ] --END-- [ RunTime:0.002070s ]
INFO: [ app_begin ] --START--
INFO: Run Behavior\ReadHtmlCacheBehavior [ RunTime:0.002585s ]
INFO: [ app_begin ] --END-- [ RunTime:0.003039s ]
SQL: SHOW COLUMNS FROM `user` [ RunTime:0.002637s ]
SQL: SELECT * FROM `user` WHERE `email` = '2740270539@qq.com' LIMIT 1   [ RunTime:0.037621s ]

[ 2017-04-05T19:19:53+08:00 ] ::1 /MIFOOD/index.php/Home/Login/checkName
INFO: [ app_init ] --START--
INFO: Run Behavior\BuildLiteBehavior [ RunTime:0.000105s ]
INFO: [ app_init ] --END-- [ RunTime:0.002129s ]
INFO: [ app_begin ] --START--
INFO: Run Behavior\ReadHtmlCacheBehavior [ RunTime:0.002678s ]
INFO: [ app_begin ] --END-- [ RunTime:0.003125s ]
SQL: SHOW COLUMNS FROM `user` [ RunTime:0.003411s ]

[ 2017-04-05T19:20:04+08:00 ] ::1 /MIFOOD/index.php/Home/Login/checkName
INFO: [ app_init ] --START--
INFO: Run Behavior\BuildLiteBehavior [ RunTime:0.000112s ]
INFO: [ app_init ] --END-- [ RunTime:0.002113s ]
INFO: [ app_begin ] --START--
INFO: Run Behavior\ReadHtmlCacheBehavior [ RunTime:0.002732s ]
INFO: [ app_begin ] --END-- [ RunTime:0.003205s ]
SQL: SHOW COLUMNS FROM `user` [ RunTime:0.001734s ]

[ 2017-04-05T19:20:13+08:00 ] ::1 /MIFOOD/index
INFO: [ app_init ] --START--
INFO: Run Behavior\BuildLiteBehavior [ RunTime:0.000139s ]
INFO: [ app_init ] --END-- [ RunTime:0.002667s ]

[ 2017-04-05T19:20:21+08:00 ] ::1 /MIFOOD/index.php/Home/Login/checkName
INFO: [ app_init ] --START--
INFO: Run Behavior\BuildLiteBehavior [ RunTime:0.000129s ]
INFO: [ app_init ] --END-- [ RunTime:0.002014s ]
INFO: [ app_begin ] --START--
INFO: Run Behavior\ReadHtmlCacheBehavior [ RunTime:0.002983s ]
INFO: [ app_begin ] --END-- [ RunTime:0.003456s ]
SQL: SHOW COLUMNS FROM `user` [ RunTime:0.001739s ]

[ 2017-04-05T19:20:26+08:00 ] ::1 /MIFOOD/index.php/Home/Login/checkName
INFO: [ app_init ] --START--
INFO: Run Behavior\BuildLiteBehavior [ RunTime:0.000107s ]
INFO: [ app_init ] --END-- [ RunTime:0.002004s ]
INFO: [ app_begin ] --START--
INFO: Run Behavior\ReadHtmlCacheBehavior [ RunTime:0.002924s ]
INFO: [ app_begin ] --END-- [ RunTime:0.003356s ]
SQL: SHOW COLUMNS FROM `user` [ RunTime:0.002933s ]
SQL: SELECT * FROM `user` WHERE `email` = '2740270539@qq.com' LIMIT 1   [ RunTime:0.001004s ]

[ 2017-04-05T19:20:41+08:00 ] ::1 /MIFOOD/index.php/Home/Login/checkName
INFO: [ app_init ] --START--
INFO: Run Behavior\BuildLiteBehavior [ RunTime:0.000103s ]
INFO: [ app_init ] --END-- [ RunTime:0.002294s ]
INFO: [ app_begin ] --START--
INFO: Run Behavior\ReadHtmlCacheBehavior [ RunTime:0.003057s ]
INFO: [ app_begin ] --END-- [ RunTime:0.003512s ]
SQL: SHOW COLUMNS FROM `user` [ RunTime:0.002191s ]
SQL: SELECT * FROM `user` WHERE `email` = '2740270541@qq.com' LIMIT 1   [ RunTime:0.001215s ]
INFO: [ app_end ] --START--
INFO: Run Behavior\ShowPageTraceBehavior [ RunTime:0.003491s ]
INFO: [ app_end ] --END-- [ RunTime:0.003963s ]

[ 2017-04-05T19:20:53+08:00 ] ::1 /MIFOOD/index.php/Home/Login/register.html
INFO: [ app_init ] --START--
INFO: Run Behavior\BuildLiteBehavior [ RunTime:0.000107s ]
INFO: [ app_init ] --END-- [ RunTime:0.002267s ]

[ 2017-04-05T19:43:54+08:00 ] ::1 /MIFOOD/index.php/Home/Index/top
INFO: [ app_init ] --START--
INFO: Run Behavior\BuildLiteBehavior [ RunTime:0.000123s ]
INFO: [ app_init ] --END-- [ RunTime:0.002135s ]

[ 2017-04-05T19:44:29+08:00 ] ::1 /MIFOOD/index.php/Home/Index/classify.html
INFO: [ app_init ] --START--
INFO: Run Behavior\BuildLiteBehavior [ RunTime:0.000145s ]
INFO: [ app_init ] --END-- [ RunTime:0.002760s ]

[ 2017-04-05T19:44:34+08:00 ] ::1 /MIFOOD/index.php/Home/Index/classify/category_id/24
INFO: [ app_init ] --START--
INFO: Run Behavior\BuildLiteBehavior [ RunTime:0.000104s ]
INFO: [ app_init ] --END-- [ RunTime:0.001761s ]

[ 2017-04-05T19:44:45+08:00 ] ::1 /MIFOOD/index.php/Home/Index/classify/category_id/24/p/2.html
INFO: [ app_init ] --START--
INFO: Run Behavior\BuildLiteBehavior [ RunTime:0.000112s ]
INFO: [ app_init ] --END-- [ RunTime:0.001977s ]

[ 2017-04-05T19:44:54+08:00 ] ::1 /MIFOOD/index.php/Home/Index/health
INFO: [ app_init ] --START--
INFO: Run Behavior\BuildLiteBehavior [ RunTime:0.000176s ]
INFO: [ app_init ] --END-- [ RunTime:0.003214s ]

[ 2017-04-05T19:44:55+08:00 ] ::1 /MIFOOD/index.php/Home/Index/js/owl.carousel.js
INFO: [ app_init ] --START--
INFO: Run Behavior\BuildLiteBehavior [ RunTime:0.000121s ]
INFO: [ app_init ] --END-- [ RunTime:0.002571s ]
ERR: 非法操作:js

[ 2017-04-05T19:44:56+08:00 ] ::1 /MIFOOD/index.php/Home/Index/js/owl.carousel.js
INFO: [ app_init ] --START--
INFO: Run Behavior\BuildLiteBehavior [ RunTime:0.000117s ]
INFO: [ app_init ] --END-- [ RunTime:0.002715s ]
ERR: 非法操作:js

[ 2017-04-05T19:48:39+08:00 ] ::1 /MIFOOD/index.php/Home/Index/classify/category_id/24
INFO: [ app_init ] --START--
INFO: Run Behavior\BuildLiteBehavior [ RunTime:0.000105s ]
INFO: [ app_init ] --END-- [ RunTime:0.001767s ]

[ 2017-04-05T19:50:20+08:00 ] ::1 /MIFOOD/index.php/Home/Index/top
INFO: [ app_init ] --START--
INFO: Run Behavior\BuildLiteBehavior [ RunTime:0.000114s ]
INFO: [ app_init ] --END-- [ RunTime:0.001793s ]

[ 2017-04-05T19:50:23+08:00 ] ::1 /MIFOOD/index.php/Home/Index/classify/24
INFO: [ app_init ] --START--
INFO: Run Behavior\BuildLiteBehavior [ RunTime:0.000149s ]
INFO: [ app_init ] --END-- [ RunTime:0.003223s ]

[ 2017-04-05T19:50:31+08:00 ] ::1 /MIFOOD/index.php/Home/Index/classify/category_id/21
INFO: [ app_init ] --START--
INFO: Run Behavior\BuildLiteBehavior [ RunTime:0.000114s ]
INFO: [ app_init ] --END-- [ RunTime:0.001958s ]

[ 2017-04-05T19:51:02+08:00 ] ::1 /MIFOOD/index.php/Home/Index/classify/category_id/21
INFO: [ app_init ] --START--
INFO: Run Behavior\BuildLiteBehavior [ RunTime:0.000135s ]
INFO: [ app_init ] --END-- [ RunTime:0.002206s ]

[ 2017-04-05T19:51:09+08:00 ] ::1 /MIFOOD/index.php/Home/Index/classify
INFO: [ app_init ] --START--
INFO: Run Behavior\BuildLiteBehavior [ RunTime:0.000106s ]
INFO: [ app_init ] --END-- [ RunTime:0.002297s ]

[ 2017-04-05T19:51:38+08:00 ] ::1 /MIFOOD/index
INFO: [ app_init ] --START--
INFO: Run Behavior\BuildLiteBehavior [ RunTime:0.000117s ]
INFO: [ app_init ] --END-- [ RunTime:0.002485s ]

[ 2017-04-05T19:52:11+08:00 ] ::1 /MIFOOD/index.php/Home/Index/top
INFO: [ app_init ] --START--
INFO: Run Behavior\BuildLiteBehavior [ RunTime:0.000113s ]
INFO: [ app_init ] --END-- [ RunTime:0.002030s ]

[ 2017-04-05T19:52:14+08:00 ] ::1 /MIFOOD/index.php/Home/Index/classify/category_id/24
INFO: [ app_init ] --START--
INFO: Run Behavior\BuildLiteBehavior [ RunTime:0.000154s ]
INFO: [ app_init ] --END-- [ RunTime:0.003059s ]

[ 2017-04-05T20:00:24+08:00 ] ::1 /MIFOOD/index.php/Home/Index/classify
INFO: [ app_init ] --START--
INFO: Run Behavior\BuildLiteBehavior [ RunTime:0.000141s ]
INFO: [ app_init ] --END-- [ RunTime:0.002559s ]

[ 2017-04-05T20:00:29+08:00 ] ::1 /MIFOOD/index.php/Home/Index/classify/category_id/17
INFO: [ app_init ] --START--
INFO: Run Behavior\BuildLiteBehavior [ RunTime:0.000111s ]
INFO: [ app_init ] --END-- [ RunTime:0.001901s ]

[ 2017-04-05T20:00:37+08:00 ] ::1 /MIFOOD/index.php/Home/Index/classify/category_id/17/p/2.html
INFO: [ app_init ] --START--
INFO: Run Behavior\BuildLiteBehavior [ RunTime:0.000117s ]
INFO: [ app_init ] --END-- [ RunTime:0.002137s ]

[ 2017-04-05T20:01:25+08:00 ] ::1 /MIFOOD/index.php/Home/Index/classify/category_id/7
INFO: [ app_init ] --START--
INFO: Run Behavior\BuildLiteBehavior [ RunTime:0.000114s ]
INFO: [ app_init ] --END-- [ RunTime:0.001886s ]

[ 2017-04-05T20:01:33+08:00 ] ::1 /MIFOOD/index.php/Home/Index/classify/category_id/15
INFO: [ app_init ] --START--
INFO: Run Behavior\BuildLiteBehavior [ RunTime:0.000105s ]
INFO: [ app_init ] --END-- [ RunTime:0.001663s ]

[ 2017-04-05T20:01:36+08:00 ] ::1 /MIFOOD/index.php/Home/Index/index
INFO: [ app_init ] --START--
INFO: Run Behavior\BuildLiteBehavior [ RunTime:0.000113s ]
INFO: [ app_init ] --END-- [ RunTime:0.002546s ]

[ 2017-04-05T20:01:41+08:00 ] ::1 /MIFOOD/index.php/Home/Index/classify/category_id/24
INFO: [ app_init ] --START--
INFO: Run Behavior\BuildLiteBehavior [ RunTime:0.000107s ]
INFO: [ app_init ] --END-- [ RunTime:0.001852s ]

[ 2017-04-05T20:02:26+08:00 ] ::1 /MIFOOD/index.php/Home/Index/classify/category_id/24
INFO: [ app_init ] --START--
INFO: Run Behavior\BuildLiteBehavior [ RunTime:0.000107s ]
INFO: [ app_init ] --END-- [ RunTime:0.001960s ]

[ 2017-04-05T21:11:53+08:00 ] ::1 /MIFOOD/index.php/Home/Index/classify/category_id/24
INFO: [ app_init ] --START--
INFO: Run Behavior\BuildLiteBehavior [ RunTime:0.000159s ]
INFO: [ app_init ] --END-- [ RunTime:0.007522s ]

[ 2017-04-05T21:32:48+08:00 ] ::1 /MIFOOD/
INFO: [ app_init ] --START--
INFO: Run Behavior\BuildLiteBehavior [ RunTime:0.000118s ]
INFO: [ app_init ] --END-- [ RunTime:0.002875s ]

[ 2017-04-05T21:33:47+08:00 ] ::1 /MIFOOD/index.php/Home/Index/top
INFO: [ app_init ] --START--
INFO: Run Behavior\BuildLiteBehavior [ RunTime:0.000139s ]
INFO: [ app_init ] --END-- [ RunTime:0.002392s ]

[ 2017-04-05T21:51:11+08:00 ] ::1 /MIFOOD/index.php/Home/Index/logins.html
INFO: [ app_init ] --START--
INFO: Run Behavior\BuildLiteBehavior [ RunTime:0.000145s ]
INFO: [ app_init ] --END-- [ RunTime:0.002457s ]

[ 2017-04-05T21:51:18+08:00 ] ::1 /MIFOOD/index.php/Home/Index/index
INFO: [ app_init ] --START--
INFO: Run Behavior\BuildLiteBehavior [ RunTime:0.000110s ]
INFO: [ app_init ] --END-- [ RunTime:0.002162s ]

[ 2017-04-05T21:51:29+08:00 ] ::1 /MIFOOD/index.php/Home/Index/index.php/Home/Login/checkName
INFO: [ app_init ] --START--
INFO: Run Behavior\BuildLiteBehavior [ RunTime:0.000105s ]
INFO: [ app_init ] --END-- [ RunTime:0.001833s ]
INFO: [ app_begin ] --START--
INFO: Run Behavior\ReadHtmlCacheBehavior [ RunTime:0.002668s ]
INFO: [ app_begin ] --END-- [ RunTime:0.003161s ]
ERR: 非法操作:index.php

[ 2017-04-05T21:51:42+08:00 ] ::1 /MIFOOD/index.php/Home/Index/logins.html
INFO: [ app_init ] --START--
INFO: Run Behavior\BuildLiteBehavior [ RunTime:0.000116s ]
INFO: [ app_init ] --END-- [ RunTime:0.002247s ]

[ 2017-04-05T21:52:41+08:00 ] ::1 /MIFOOD/index.php/Home/Index/logins.html
INFO: [ app_init ] --START--
INFO: Run Behavior\BuildLiteBehavior [ RunTime:0.000124s ]
INFO: [ app_init ] --END-- [ RunTime:0.002138s ]

[ 2017-04-05T21:52:51+08:00 ] ::1 /MIFOOD/index.php/Home/Index/index.php/Home/Login/checkName
INFO: [ app_init ] --START--
INFO: Run Behavior\BuildLiteBehavior [ RunTime:0.000104s ]
INFO: [ app_init ] --END-- [ RunTime:0.001670s ]
INFO: [ app_begin ] --START--
INFO: Run Behavior\ReadHtmlCacheBehavior [ RunTime:0.002143s ]
INFO: [ app_begin ] --END-- [ RunTime:0.002584s ]
ERR: 非法操作:index.php

[ 2017-04-05T21:52:52+08:00 ] ::1 /MIFOOD/index.php/Home/Index/index.php/Home/Login/checkName
INFO: [ app_init ] --START--
INFO: Run Behavior\BuildLiteBehavior [ RunTime:0.000140s ]
INFO: [ app_init ] --END-- [ RunTime:0.002421s ]
INFO: [ app_begin ] --START--
INFO: Run Behavior\ReadHtmlCacheBehavior [ RunTime:0.002243s ]
INFO: [ app_begin ] --END-- [ RunTime:0.002720s ]
ERR: 非法操作:index.php

[ 2017-04-05T21:52:57+08:00 ] ::1 /MIFOOD/index.php/Home/Index/index.php/Home/Login/checkName
INFO: [ app_init ] --START--
INFO: Run Behavior\BuildLiteBehavior [ RunTime:0.000140s ]
INFO: [ app_init ] --END-- [ RunTime:0.002576s ]
INFO: [ app_begin ] --START--
INFO: Run Behavior\ReadHtmlCacheBehavior [ RunTime:0.003598s ]
INFO: [ app_begin ] --END-- [ RunTime:0.004280s ]
ERR: 非法操作:index.php

[ 2017-04-05T21:53:04+08:00 ] ::1 /MIFOOD/index.php/Home/Index/index.php/Home/Login/checkName
INFO: [ app_init ] --START--
INFO: Run Behavior\BuildLiteBehavior [ RunTime:0.000109s ]
INFO: [ app_init ] --END-- [ RunTime:0.002108s ]
INFO: [ app_begin ] --START--
INFO: Run Behavior\ReadHtmlCacheBehavior [ RunTime:0.002057s ]
INFO: [ app_begin ] --END-- [ RunTime:0.002477s ]
ERR: 非法操作:index.php

[ 2017-04-05T21:53:13+08:00 ] ::1 /MIFOOD/index.php/Home/Index/index.php/Home/Login/checkName
INFO: [ app_init ] --START--
INFO: Run Behavior\BuildLiteBehavior [ RunTime:0.000102s ]
INFO: [ app_init ] --END-- [ RunTime:0.001651s ]
INFO: [ app_begin ] --START--
INFO: Run Behavior\ReadHtmlCacheBehavior [ RunTime:0.002134s ]
INFO: [ app_begin ] --END-- [ RunTime:0.002584s ]
ERR: 非法操作:index.php

[ 2017-04-05T21:53:14+08:00 ] ::1 /MIFOOD/index.php/Home/Index/index.php/Home/Login/checkName
INFO: [ app_init ] --START--
INFO: Run Behavior\BuildLiteBehavior [ RunTime:0.000104s ]
INFO: [ app_init ] --END-- [ RunTime:0.001675s ]
INFO: [ app_begin ] --START--
INFO: Run Behavior\ReadHtmlCacheBehavior [ RunTime:0.002823s ]
INFO: [ app_begin ] --END-- [ RunTime:0.003327s ]
ERR: 非法操作:index.php

[ 2017-04-05T21:53:44+08:00 ] ::1 /MIFOOD/index.php/Home/Index/index.php/Home/Login/checkName
INFO: [ app_init ] --START--
INFO: Run Behavior\BuildLiteBehavior [ RunTime:0.000113s ]
INFO: [ app_init ] --END-- [ RunTime:0.001897s ]
INFO: [ app_begin ] --START--
INFO: Run Behavior\ReadHtmlCacheBehavior [ RunTime:0.002394s ]
INFO: [ app_begin ] --END-- [ RunTime:0.002871s ]
ERR: 非法操作:index.php

[ 2017-04-05T21:54:07+08:00 ] ::1 /MIFOOD/index.php/Home/Index/index.php/Home/Login/checkName
INFO: [ app_init ] --START--
INFO: Run Behavior\BuildLiteBehavior [ RunTime:0.000115s ]
INFO: [ app_init ] --END-- [ RunTime:0.001947s ]
INFO: [ app_begin ] --START--
INFO: Run Behavior\ReadHtmlCacheBehavior [ RunTime:0.003126s ]
INFO: [ app_begin ] --END-- [ RunTime:0.003649s ]
ERR: 非法操作:index.php

[ 2017-04-05T21:54:30+08:00 ] ::1 /MIFOOD/index.php/Home/Index/index.php/Home/Login/checkName
INFO: [ app_init ] --START--
INFO: Run Behavior\BuildLiteBehavior [ RunTime:0.000113s ]
INFO: [ app_init ] --END-- [ RunTime:0.001804s ]
INFO: [ app_begin ] --START--
INFO: Run Behavior\ReadHtmlCacheBehavior [ RunTime:0.002391s ]
INFO: [ app_begin ] --END-- [ RunTime:0.002852s ]
ERR: 非法操作:index.php

[ 2017-04-05T21:54:45+08:00 ] ::1 /MIFOOD/index.php/Home/Index/index
INFO: [ app_init ] --START--
INFO: Run Behavior\BuildLiteBehavior [ RunTime:0.000143s ]
INFO: [ app_init ] --END-- [ RunTime:0.002515s ]

[ 2017-04-05T21:55:14+08:00 ] ::1 /MIFOOD/index
INFO: [ app_init ] --START--
INFO: Run Behavior\BuildLiteBehavior [ RunTime:0.000108s ]
INFO: [ app_init ] --END-- [ RunTime:0.002034s ]

[ 2017-04-05T21:55:30+08:00 ] ::1 /MIFOOD/index.php/Home/Login/checkName
INFO: [ app_init ] --START--
INFO: Run Behavior\BuildLiteBehavior [ RunTime:0.000104s ]
INFO: [ app_init ] --END-- [ RunTime:0.001653s ]
INFO: [ app_begin ] --START--
INFO: Run Behavior\ReadHtmlCacheBehavior [ RunTime:0.002285s ]
INFO: [ app_begin ] --END-- [ RunTime:0.002726s ]
SQL: SHOW COLUMNS FROM `user` [ RunTime:0.001713s ]

[ 2017-04-05T21:55:57+08:00 ] ::1 /MIFOOD/index.php/Home/Login/checkName
INFO: [ app_init ] --START--
INFO: Run Behavior\BuildLiteBehavior [ RunTime:0.000108s ]
INFO: [ app_init ] --END-- [ RunTime:0.001698s ]
INFO: [ app_begin ] --START--
INFO: Run Behavior\ReadHtmlCacheBehavior [ RunTime:0.002275s ]
INFO: [ app_begin ] --END-- [ RunTime:0.002726s ]
SQL: SHOW COLUMNS FROM `user` [ RunTime:0.001964s ]
SQL: SELECT * FROM `user` WHERE `email` = '15074856750@163.com' LIMIT 1   [ RunTime:0.001063s ]
INFO: [ app_end ] --START--
INFO: Run Behavior\ShowPageTraceBehavior [ RunTime:0.002555s ]
INFO: [ app_end ] --END-- [ RunTime:0.002978s ]

[ 2017-04-05T21:56:13+08:00 ] ::1 /MIFOOD/index.php/Home/Login/register.html
INFO: [ app_init ] --START--
INFO: Run Behavior\BuildLiteBehavior [ RunTime:0.000157s ]
INFO: [ app_init ] --END-- [ RunTime:0.002849s ]

[ 2017-04-05T21:56:14+08:00 ] ::1 /MIFOOD/index
INFO: [ app_init ] --START--
INFO: Run Behavior\BuildLiteBehavior [ RunTime:0.000107s ]
INFO: [ app_init ] --END-- [ RunTime:0.001823s ]

[ 2017-04-05T21:56:25+08:00 ] ::1 /MIFOOD/index.php/Home/Index/top
INFO: [ app_init ] --START--
INFO: Run Behavior\BuildLiteBehavior [ RunTime:0.000103s ]
INFO: [ app_init ] --END-- [ RunTime:0.001864s ]

[ 2017-04-05T21:56:42+08:00 ] ::1 /MIFOOD/index.php/Home/Index/details/shop_id/3
INFO: [ app_init ] --START--
INFO: Run Behavior\BuildLiteBehavior [ RunTime:0.000138s ]
INFO: [ app_init ] --END-- [ RunTime:0.002490s ]
ERR: 模板不存在:./Application/Home/View/Index/details.html

