[ 2017-04-03T00:00:20+08:00 ] ::1 /MIFOOD/index.php/Home/Index/health
INFO: [ app_init ] --START--
INFO: Run Behavior\BuildLiteBehavior [ RunTime:0.000120s ]
INFO: [ app_init ] --END-- [ RunTime:0.001608s ]

[ 2017-04-03T00:00:20+08:00 ] ::1 /MIFOOD/index.php/Home/Index/js/owl.carousel.js
INFO: [ app_init ] --START--
INFO: Run Behavior\BuildLiteBehavior [ RunTime:0.000112s ]
INFO: [ app_init ] --END-- [ RunTime:0.001551s ]
ERR: 非法操作:js

[ 2017-04-03T00:00:20+08:00 ] ::1 /MIFOOD/index.php/Home/Index/js/owl.carousel.js
INFO: [ app_init ] --START--
INFO: Run Behavior\BuildLiteBehavior [ RunTime:0.000139s ]
INFO: [ app_init ] --END-- [ RunTime:0.001957s ]
ERR: 非法操作:js

[ 2017-04-03T00:01:20+08:00 ] ::1 /MIFOOD/index.php/Home/Index/health
INFO: [ app_init ] --START--
INFO: Run Behavior\BuildLiteBehavior [ RunTime:0.000104s ]
INFO: [ app_init ] --END-- [ RunTime:0.001426s ]

[ 2017-04-03T00:01:20+08:00 ] ::1 /MIFOOD/index.php/Home/Index/js/owl.carousel.js
INFO: [ app_init ] --START--
INFO: Run Behavior\BuildLiteBehavior [ RunTime:0.000106s ]
INFO: [ app_init ] --END-- [ RunTime:0.001413s ]
ERR: 非法操作:js

[ 2017-04-03T00:01:20+08:00 ] ::1 /MIFOOD/index.php/Home/Index/js/owl.carousel.js
INFO: [ app_init ] --START--
INFO: Run Behavior\BuildLiteBehavior [ RunTime:0.000300s ]
INFO: [ app_init ] --END-- [ RunTime:0.002164s ]
ERR: 非法操作:js

[ 2017-04-03T00:01:32+08:00 ] ::1 /MIFOOD/index.php/Home/Index/single.html
INFO: [ app_init ] --START--
INFO: Run Behavior\BuildLiteBehavior [ RunTime:0.000135s ]
INFO: [ app_init ] --END-- [ RunTime:0.002128s ]
ERR: 非法操作:single

[ 2017-04-03T00:01:34+08:00 ] ::1 /MIFOOD/index.php/Home/Index/js/owl.carousel.js
INFO: [ app_init ] --START--
INFO: Run Behavior\BuildLiteBehavior [ RunTime:0.000111s ]
INFO: [ app_init ] --END-- [ RunTime:0.001592s ]
ERR: 非法操作:js

[ 2017-04-03T00:01:34+08:00 ] ::1 /MIFOOD/index.php/Home/Index/js/owl.carousel.js
INFO: [ app_init ] --START--
INFO: Run Behavior\BuildLiteBehavior [ RunTime:0.000107s ]
INFO: [ app_init ] --END-- [ RunTime:0.001488s ]
ERR: 非法操作:js

[ 2017-04-03T00:04:55+08:00 ] ::1 /MIFOOD/index.php/Home/Index/health
INFO: [ app_init ] --START--
INFO: Run Behavior\BuildLiteBehavior [ RunTime:0.000112s ]
INFO: [ app_init ] --END-- [ RunTime:0.001614s ]

[ 2017-04-03T00:04:55+08:00 ] ::1 /MIFOOD/index.php/Home/Index/js/owl.carousel.js
INFO: [ app_init ] --START--
INFO: Run Behavior\BuildLiteBehavior [ RunTime:0.000121s ]
INFO: [ app_init ] --END-- [ RunTime:0.002039s ]
ERR: 非法操作:js

[ 2017-04-03T00:04:55+08:00 ] ::1 /MIFOOD/index.php/Home/Index/js/owl.carousel.js
INFO: [ app_init ] --START--
INFO: Run Behavior\BuildLiteBehavior [ RunTime:0.000154s ]
INFO: [ app_init ] --END-- [ RunTime:0.002778s ]
ERR: 非法操作:js

[ 2017-04-03T00:05:27+08:00 ] ::1 /MIFOOD/index.php/Home/Index/logins.html
INFO: [ app_init ] --START--
INFO: Run Behavior\BuildLiteBehavior [ RunTime:0.000113s ]
INFO: [ app_init ] --END-- [ RunTime:0.001671s ]

[ 2017-04-03T00:05:30+08:00 ] ::1 /MIFOOD/index.php/Home/Index/js/owl.carousel.js
INFO: [ app_init ] --START--
INFO: Run Behavior\BuildLiteBehavior [ RunTime:0.000105s ]
INFO: [ app_init ] --END-- [ RunTime:0.001289s ]
ERR: 非法操作:js

[ 2017-04-03T00:05:30+08:00 ] ::1 /MIFOOD/index.php/Home/Index/js/owl.carousel.js
INFO: [ app_init ] --START--
INFO: Run Behavior\BuildLiteBehavior [ RunTime:0.000114s ]
INFO: [ app_init ] --END-- [ RunTime:0.001528s ]
ERR: 非法操作:js

[ 2017-04-03T00:06:03+08:00 ] ::1 /MIFOOD/index.php/Home/Index/logins.html
INFO: [ app_init ] --START--
INFO: Run Behavior\BuildLiteBehavior [ RunTime:0.000140s ]
INFO: [ app_init ] --END-- [ RunTime:0.001732s ]

[ 2017-04-03T00:06:04+08:00 ] ::1 /MIFOOD/index.php/Home/Index/health
INFO: [ app_init ] --START--
INFO: Run Behavior\BuildLiteBehavior [ RunTime:0.000186s ]
INFO: [ app_init ] --END-- [ RunTime:0.002908s ]

[ 2017-04-03T00:06:05+08:00 ] ::1 /MIFOOD/index.php/Home/Index/js/owl.carousel.js
INFO: [ app_init ] --START--
INFO: Run Behavior\BuildLiteBehavior [ RunTime:0.000119s ]
INFO: [ app_init ] --END-- [ RunTime:0.001727s ]
ERR: 非法操作:js

[ 2017-04-03T00:06:05+08:00 ] ::1 /MIFOOD/index.php/Home/Index/js/owl.carousel.js
INFO: [ app_init ] --START--
INFO: Run Behavior\BuildLiteBehavior [ RunTime:0.000163s ]
INFO: [ app_init ] --END-- [ RunTime:0.002598s ]
ERR: 非法操作:js

[ 2017-04-03T00:07:24+08:00 ] ::1 /MIFOOD/index.php/Home/Index/health
INFO: [ app_init ] --START--
INFO: Run Behavior\BuildLiteBehavior [ RunTime:0.000109s ]
INFO: [ app_init ] --END-- [ RunTime:0.001406s ]

[ 2017-04-03T00:07:24+08:00 ] ::1 /MIFOOD/index.php/Home/Index/js/owl.carousel.js
INFO: [ app_init ] --START--
INFO: Run Behavior\BuildLiteBehavior [ RunTime:0.000107s ]
INFO: [ app_init ] --END-- [ RunTime:0.001365s ]
ERR: 非法操作:js

[ 2017-04-03T00:07:25+08:00 ] ::1 /MIFOOD/index.php/Home/Index/js/owl.carousel.js
INFO: [ app_init ] --START--
INFO: Run Behavior\BuildLiteBehavior [ RunTime:0.000142s ]
INFO: [ app_init ] --END-- [ RunTime:0.001934s ]
ERR: 非法操作:js

[ 2017-04-03T00:07:27+08:00 ] ::1 /MIFOOD/index.php/Home/Index/classify
INFO: [ app_init ] --START--
INFO: Run Behavior\BuildLiteBehavior [ RunTime:0.000146s ]
INFO: [ app_init ] --END-- [ RunTime:0.002497s ]

[ 2017-04-03T00:07:31+08:00 ] ::1 /MIFOOD/index.php/Home/Index/top
INFO: [ app_init ] --START--
INFO: Run Behavior\BuildLiteBehavior [ RunTime:0.000146s ]
INFO: [ app_init ] --END-- [ RunTime:0.001675s ]

[ 2017-04-03T00:07:34+08:00 ] ::1 /MIFOOD/index.php/Home/Index/index.html
INFO: [ app_init ] --START--
INFO: Run Behavior\BuildLiteBehavior [ RunTime:0.000105s ]
INFO: [ app_init ] --END-- [ RunTime:0.001331s ]

[ 2017-04-03T00:07:46+08:00 ] ::1 /MIFOOD/index.php/Home/Index/top
INFO: [ app_init ] --START--
INFO: Run Behavior\BuildLiteBehavior [ RunTime:0.000150s ]
INFO: [ app_init ] --END-- [ RunTime:0.002405s ]

[ 2017-04-03T00:08:01+08:00 ] ::1 /MIFOOD/index.php/Home/Index/classify.html
INFO: [ app_init ] --START--
INFO: Run Behavior\BuildLiteBehavior [ RunTime:0.000155s ]
INFO: [ app_init ] --END-- [ RunTime:0.003266s ]

[ 2017-04-03T00:30:58+08:00 ] ::1 /MIFOOD/Home/Index/emaill
INFO: [ app_init ] --START--
INFO: Run Behavior\BuildLiteBehavior [ RunTime:0.000110s ]
INFO: [ app_init ] --END-- [ RunTime:0.001345s ]
ERR: 非法操作:emaill

[ 2017-04-03T00:31:16+08:00 ] ::1 /MIFOOD/Home/Index/email
INFO: [ app_init ] --START--
INFO: Run Behavior\BuildLiteBehavior [ RunTime:0.000100s ]
INFO: [ app_init ] --END-- [ RunTime:0.001270s ]

[ 2017-04-03T10:30:56+08:00 ] ::1 /MIFOOD/
INFO: [ app_init ] --START--
INFO: Run Behavior\BuildLiteBehavior [ RunTime:0.000110s ]
INFO: [ app_init ] --END-- [ RunTime:0.001881s ]

[ 2017-04-03T10:40:27+08:00 ] ::1 /MIFOOD/index.php/Home/Index/top
INFO: [ app_init ] --START--
INFO: Run Behavior\BuildLiteBehavior [ RunTime:0.000153s ]
INFO: [ app_init ] --END-- [ RunTime:0.002616s ]

[ 2017-04-03T11:34:10+08:00 ] ::1 /MIFOOD/index.php/Home/Index/classify.html
INFO: [ app_init ] --START--
INFO: Run Behavior\BuildLiteBehavior [ RunTime:0.000120s ]
INFO: [ app_init ] --END-- [ RunTime:0.001708s ]

[ 2017-04-03T11:34:17+08:00 ] ::1 /MIFOOD/index.php/Home/Index/health
INFO: [ app_init ] --START--
INFO: Run Behavior\BuildLiteBehavior [ RunTime:0.000138s ]
INFO: [ app_init ] --END-- [ RunTime:0.001758s ]

[ 2017-04-03T11:34:17+08:00 ] ::1 /MIFOOD/index.php/Home/Index/js/owl.carousel.js
INFO: [ app_init ] --START--
INFO: Run Behavior\BuildLiteBehavior [ RunTime:0.000122s ]
INFO: [ app_init ] --END-- [ RunTime:0.001957s ]
ERR: 非法操作:js

[ 2017-04-03T11:34:19+08:00 ] ::1 /MIFOOD/index.php/Home/Index/js/owl.carousel.js
INFO: [ app_init ] --START--
INFO: Run Behavior\BuildLiteBehavior [ RunTime:0.000109s ]
INFO: [ app_init ] --END-- [ RunTime:0.001582s ]
ERR: 非法操作:js

[ 2017-04-03T13:48:40+08:00 ] ::1 /MIFOOD/index.php/Home/Index/index
INFO: [ app_init ] --START--
INFO: Run Behavior\BuildLiteBehavior [ RunTime:0.000120s ]
INFO: [ app_init ] --END-- [ RunTime:0.001939s ]

[ 2017-04-03T13:49:15+08:00 ] ::1 /MIFOOD/index
INFO: [ app_init ] --START--
INFO: Run Behavior\BuildLiteBehavior [ RunTime:0.000137s ]
INFO: [ app_init ] --END-- [ RunTime:0.001699s ]

[ 2017-04-03T13:50:14+08:00 ] ::1 /MIFOOD/index
INFO: [ app_init ] --START--
INFO: Run Behavior\BuildLiteBehavior [ RunTime:0.000154s ]
INFO: [ app_init ] --END-- [ RunTime:0.003712s ]

[ 2017-04-03T13:50:48+08:00 ] ::1 /MIFOOD/index.php/Home/Index/top
INFO: [ app_init ] --START--
INFO: Run Behavior\BuildLiteBehavior [ RunTime:0.000150s ]
INFO: [ app_init ] --END-- [ RunTime:0.002129s ]

[ 2017-04-03T14:13:51+08:00 ] ::1 /MIFOOD/index.php/Home/Index/top
INFO: [ app_init ] --START--
INFO: Run Behavior\BuildLiteBehavior [ RunTime:0.000138s ]
INFO: [ app_init ] --END-- [ RunTime:0.002088s ]

[ 2017-04-03T14:14:50+08:00 ] ::1 /MIFOOD/index.php/Home/Index/top
INFO: [ app_init ] --START--
INFO: Run Behavior\BuildLiteBehavior [ RunTime:0.000123s ]
INFO: [ app_init ] --END-- [ RunTime:0.001828s ]

[ 2017-04-03T14:21:20+08:00 ] ::1 /MIFOOD/index.php/Home/Index/top
INFO: [ app_init ] --START--
INFO: Run Behavior\BuildLiteBehavior [ RunTime:0.000104s ]
INFO: [ app_init ] --END-- [ RunTime:0.001621s ]

[ 2017-04-03T14:21:37+08:00 ] ::1 /MIFOOD/index.php/Home/Index/top
INFO: [ app_init ] --START--
INFO: Run Behavior\BuildLiteBehavior [ RunTime:0.000111s ]
INFO: [ app_init ] --END-- [ RunTime:0.001663s ]

[ 2017-04-03T14:23:02+08:00 ] ::1 /MIFOOD/index.php/Home/Index/top
INFO: [ app_init ] --START--
INFO: Run Behavior\BuildLiteBehavior [ RunTime:0.000110s ]
INFO: [ app_init ] --END-- [ RunTime:0.001438s ]

[ 2017-04-03T14:25:35+08:00 ] ::1 /MIFOOD/index.php/Home/Index/top
INFO: [ app_init ] --START--
INFO: Run Behavior\BuildLiteBehavior [ RunTime:0.000105s ]
INFO: [ app_init ] --END-- [ RunTime:0.001555s ]

[ 2017-04-03T14:26:27+08:00 ] ::1 /MIFOOD/index.php/Home/Index/top
INFO: [ app_init ] --START--
INFO: Run Behavior\BuildLiteBehavior [ RunTime:0.000143s ]
INFO: [ app_init ] --END-- [ RunTime:0.002018s ]

[ 2017-04-03T14:32:50+08:00 ] ::1 /MIFOOD/index.php/Home/Index/top
INFO: [ app_init ] --START--
INFO: Run Behavior\BuildLiteBehavior [ RunTime:0.000140s ]
INFO: [ app_init ] --END-- [ RunTime:0.002316s ]

[ 2017-04-03T14:33:07+08:00 ] ::1 /MIFOOD/index.php/Home/Index/top
INFO: [ app_init ] --START--
INFO: Run Behavior\BuildLiteBehavior [ RunTime:0.000105s ]
INFO: [ app_init ] --END-- [ RunTime:0.001489s ]

[ 2017-04-03T14:34:13+08:00 ] ::1 /MIFOOD/index.php/Home/Index/top.html
INFO: [ app_init ] --START--
INFO: Run Behavior\BuildLiteBehavior [ RunTime:0.000111s ]
INFO: [ app_init ] --END-- [ RunTime:0.001818s ]
INFO: [ app_begin ] --START--
INFO: Run Behavior\ReadHtmlCacheBehavior [ RunTime:0.002393s ]
INFO: [ app_begin ] --END-- [ RunTime:0.002876s ]
SQL: SHOW COLUMNS FROM `shop` [ RunTime:0.002538s ]
SQL: SHOW COLUMNS FROM `shop` [ RunTime:0.002475s ]
SQL: SELECT * FROM `shop` WHERE `state` = 0 ORDER BY loves desc LIMIT 9   [ RunTime:0.001772s ]
INFO: [ view_parse ] --START--
INFO: [ template_filter ] --START--
INFO: Run Behavior\ContentReplaceBehavior [ RunTime:0.001206s ]
INFO: [ template_filter ] --END-- [ RunTime:0.001766s ]
NOTIC: [8] Undefined index: user F:\Wamp\Wamp_3.0.6\installtion\wamp64\www\MIFOOD\Application\Runtime\Cache\Home\82d5a4aa7cf3d0fb5a8a8bc3c45a14ec.php 第 57 行.
NOTIC: [8] Undefined variable: region F:\Wamp\Wamp_3.0.6\installtion\wamp64\www\MIFOOD\Application\Runtime\Cache\Home\82d5a4aa7cf3d0fb5a8a8bc3c45a14ec.php 第 431 行.
INFO: Run Behavior\ParseTemplateBehavior [ RunTime:0.116300s ]
INFO: [ view_parse ] --END-- [ RunTime:0.116765s ]
INFO: [ view_filter ] --START--
INFO: Run Behavior\WriteHtmlCacheBehavior [ RunTime:0.001809s ]
INFO: [ view_filter ] --END-- [ RunTime:0.002227s ]
INFO: [ app_end ] --START--
INFO: Run Behavior\ShowPageTraceBehavior [ RunTime:0.002745s ]
INFO: [ app_end ] --END-- [ RunTime:0.003239s ]

[ 2017-04-03T14:36:52+08:00 ] ::1 /MIFOOD/index.php/Home/Index/top.html
INFO: [ app_init ] --START--
INFO: Run Behavior\BuildLiteBehavior [ RunTime:0.000142s ]
INFO: [ app_init ] --END-- [ RunTime:0.002116s ]
INFO: [ app_begin ] --START--
INFO: Run Behavior\ReadHtmlCacheBehavior [ RunTime:0.002746s ]
INFO: [ app_begin ] --END-- [ RunTime:0.003381s ]
SQL: SHOW COLUMNS FROM `shop` [ RunTime:0.002279s ]
SQL: SHOW COLUMNS FROM `shop` [ RunTime:0.001847s ]
SQL: SELECT * FROM `shop` WHERE `state` = 0 ORDER BY loves desc LIMIT 9   [ RunTime:0.001440s ]
INFO: [ view_parse ] --START--
INFO: [ template_filter ] --START--
INFO: Run Behavior\ContentReplaceBehavior [ RunTime:0.000970s ]
INFO: [ template_filter ] --END-- [ RunTime:0.001446s ]
NOTIC: [8] Undefined index: user F:\Wamp\Wamp_3.0.6\installtion\wamp64\www\MIFOOD\Application\Runtime\Cache\Home\82d5a4aa7cf3d0fb5a8a8bc3c45a14ec.php 第 57 行.
NOTIC: [8] Undefined variable: region F:\Wamp\Wamp_3.0.6\installtion\wamp64\www\MIFOOD\Application\Runtime\Cache\Home\82d5a4aa7cf3d0fb5a8a8bc3c45a14ec.php 第 431 行.
INFO: Run Behavior\ParseTemplateBehavior [ RunTime:0.113527s ]
INFO: [ view_parse ] --END-- [ RunTime:0.114037s ]
INFO: [ view_filter ] --START--
INFO: Run Behavior\WriteHtmlCacheBehavior [ RunTime:0.002401s ]
INFO: [ view_filter ] --END-- [ RunTime:0.002909s ]
INFO: [ app_end ] --START--
INFO: Run Behavior\ShowPageTraceBehavior [ RunTime:0.007057s ]
INFO: [ app_end ] --END-- [ RunTime:0.007740s ]

[ 2017-04-03T14:41:40+08:00 ] ::1 /MIFOOD/index.php/Home/Index/top
INFO: [ app_init ] --START--
INFO: Run Behavior\BuildLiteBehavior [ RunTime:0.000148s ]
INFO: [ app_init ] --END-- [ RunTime:0.003116s ]

[ 2017-04-03T14:41:47+08:00 ] ::1 /MIFOOD/index.php/Home/Index/top.html
INFO: [ app_init ] --START--
INFO: Run Behavior\BuildLiteBehavior [ RunTime:0.000102s ]
INFO: [ app_init ] --END-- [ RunTime:0.001412s ]
INFO: [ app_begin ] --START--
INFO: Run Behavior\ReadHtmlCacheBehavior [ RunTime:0.002055s ]
INFO: [ app_begin ] --END-- [ RunTime:0.002538s ]
SQL: SHOW COLUMNS FROM `shop` [ RunTime:0.002211s ]
SQL: SHOW COLUMNS FROM `shop` [ RunTime:0.001646s ]
SQL: SELECT * FROM `shop` WHERE `state` = 0 ORDER BY loves desc LIMIT 9   [ RunTime:0.001421s ]
SQL: SHOW COLUMNS FROM `city` [ RunTime:0.001945s ]
SQL: SELECT * FROM `city`  [ RunTime:0.000867s ]
INFO: [ view_parse ] --START--
INFO: [ template_filter ] --START--
INFO: Run Behavior\ContentReplaceBehavior [ RunTime:0.000936s ]
INFO: [ template_filter ] --END-- [ RunTime:0.001376s ]
NOTIC: [8] Undefined index: user F:\Wamp\Wamp_3.0.6\installtion\wamp64\www\MIFOOD\Application\Runtime\Cache\Home\82d5a4aa7cf3d0fb5a8a8bc3c45a14ec.php 第 57 行.
NOTIC: [8] Undefined variable: region F:\Wamp\Wamp_3.0.6\installtion\wamp64\www\MIFOOD\Application\Runtime\Cache\Home\82d5a4aa7cf3d0fb5a8a8bc3c45a14ec.php 第 431 行.
INFO: Run Behavior\ParseTemplateBehavior [ RunTime:0.065505s ]
INFO: [ view_parse ] --END-- [ RunTime:0.065971s ]
INFO: [ view_filter ] --START--
INFO: Run Behavior\WriteHtmlCacheBehavior [ RunTime:0.001755s ]
INFO: [ view_filter ] --END-- [ RunTime:0.002246s ]
INFO: [ app_end ] --START--
INFO: Run Behavior\ShowPageTraceBehavior [ RunTime:0.002829s ]
INFO: [ app_end ] --END-- [ RunTime:0.003500s ]

[ 2017-04-03T14:50:28+08:00 ] ::1 /MIFOOD/index.php/Home/Index/top
INFO: [ app_init ] --START--
INFO: Run Behavior\BuildLiteBehavior [ RunTime:0.000113s ]
INFO: [ app_init ] --END-- [ RunTime:0.001577s ]

[ 2017-04-03T14:50:33+08:00 ] ::1 /MIFOOD/index.php/Home/Index/top.html
INFO: [ app_init ] --START--
INFO: Run Behavior\BuildLiteBehavior [ RunTime:0.000111s ]
INFO: [ app_init ] --END-- [ RunTime:0.001576s ]
INFO: [ app_begin ] --START--
INFO: Run Behavior\ReadHtmlCacheBehavior [ RunTime:0.002114s ]
INFO: [ app_begin ] --END-- [ RunTime:0.002643s ]
SQL: SHOW COLUMNS FROM `shop` [ RunTime:0.002027s ]
SQL: SHOW COLUMNS FROM `shop` [ RunTime:0.002114s ]
SQL: SELECT * FROM `shop` WHERE `state` = 0 ORDER BY loves desc LIMIT 9   [ RunTime:0.001500s ]
SQL: SHOW COLUMNS FROM `city` [ RunTime:0.003150s ]
SQL: SELECT * FROM `city`  [ RunTime:0.001038s ]
NOTIC: [8] Undefined variable: opt F:\Wamp\Wamp_3.0.6\installtion\wamp64\www\MIFOOD\Application\Home\Controller\IndexController.class.php 第 20 行.
INFO: [ view_parse ] --START--
INFO: [ template_filter ] --START--
INFO: Run Behavior\ContentReplaceBehavior [ RunTime:0.000991s ]
INFO: [ template_filter ] --END-- [ RunTime:0.001515s ]
NOTIC: [8] Undefined index: user F:\Wamp\Wamp_3.0.6\installtion\wamp64\www\MIFOOD\Application\Runtime\Cache\Home\82d5a4aa7cf3d0fb5a8a8bc3c45a14ec.php 第 57 行.
NOTIC: [8] Undefined variable: region F:\Wamp\Wamp_3.0.6\installtion\wamp64\www\MIFOOD\Application\Runtime\Cache\Home\82d5a4aa7cf3d0fb5a8a8bc3c45a14ec.php 第 431 行.
INFO: Run Behavior\ParseTemplateBehavior [ RunTime:0.071756s ]
INFO: [ view_parse ] --END-- [ RunTime:0.072210s ]
INFO: [ view_filter ] --START--
INFO: Run Behavior\WriteHtmlCacheBehavior [ RunTime:0.001638s ]
INFO: [ view_filter ] --END-- [ RunTime:0.002078s ]
INFO: [ app_end ] --START--
INFO: Run Behavior\ShowPageTraceBehavior [ RunTime:0.002956s ]
INFO: [ app_end ] --END-- [ RunTime:0.003544s ]

[ 2017-04-03T14:53:30+08:00 ] ::1 /MIFOOD/index.php/Home/Index/top
INFO: [ app_init ] --START--
INFO: Run Behavior\BuildLiteBehavior [ RunTime:0.000157s ]
INFO: [ app_init ] --END-- [ RunTime:0.002872s ]

[ 2017-04-03T14:53:38+08:00 ] ::1 /MIFOOD/index.php/Home/Index/Index.html
INFO: [ app_init ] --START--
INFO: Run Behavior\BuildLiteBehavior [ RunTime:0.000114s ]
INFO: [ app_init ] --END-- [ RunTime:0.001812s ]
INFO: [ app_begin ] --START--
INFO: Run Behavior\ReadHtmlCacheBehavior [ RunTime:0.002036s ]
INFO: [ app_begin ] --END-- [ RunTime:0.002581s ]
SQL: SHOW COLUMNS FROM `shop` [ RunTime:0.003763s ]
SQL: SHOW COLUMNS FROM `shop` [ RunTime:0.002845s ]
SQL: SELECT * FROM `shop` WHERE `state` = 0 ORDER BY loves desc LIMIT 9   [ RunTime:0.002061s ]
INFO: [ view_parse ] --START--
INFO: [ template_filter ] --START--
INFO: Run Behavior\ContentReplaceBehavior [ RunTime:0.001393s ]
INFO: [ template_filter ] --END-- [ RunTime:0.002074s ]
NOTIC: [8] Undefined index: user F:\Wamp\Wamp_3.0.6\installtion\wamp64\www\MIFOOD\Application\Runtime\Cache\Home\2a94b8bda04ff446dcedd42276fc99ee.php 第 140 行.
INFO: Run Behavior\ParseTemplateBehavior [ RunTime:0.096896s ]
INFO: [ view_parse ] --END-- [ RunTime:0.097467s ]
INFO: [ view_filter ] --START--
INFO: Run Behavior\WriteHtmlCacheBehavior [ RunTime:0.001713s ]
INFO: [ view_filter ] --END-- [ RunTime:0.002168s ]
INFO: [ app_end ] --START--
INFO: Run Behavior\ShowPageTraceBehavior [ RunTime:0.003548s ]
INFO: [ app_end ] --END-- [ RunTime:0.004073s ]

[ 2017-04-03T14:53:39+08:00 ] ::1 /MIFOOD/index.php/Home/Index/top.html
INFO: [ app_init ] --START--
INFO: Run Behavior\BuildLiteBehavior [ RunTime:0.000176s ]
INFO: [ app_init ] --END-- [ RunTime:0.003212s ]
INFO: [ app_begin ] --START--
INFO: Run Behavior\ReadHtmlCacheBehavior [ RunTime:0.013274s ]
INFO: [ app_begin ] --END-- [ RunTime:0.014610s ]
SQL: SHOW COLUMNS FROM `shop` [ RunTime:0.002597s ]
SQL: SHOW COLUMNS FROM `shop` [ RunTime:0.002544s ]
SQL: SELECT * FROM `shop` WHERE `state` = 0 ORDER BY loves desc LIMIT 9   [ RunTime:0.002083s ]
SQL: SHOW COLUMNS FROM `city` [ RunTime:0.003859s ]
SQL: SELECT * FROM `city`  [ RunTime:0.001611s ]
NOTIC: [8] Undefined variable: opt F:\Wamp\Wamp_3.0.6\installtion\wamp64\www\MIFOOD\Application\Home\Controller\IndexController.class.php 第 20 行.
INFO: [ view_parse ] --START--
INFO: [ template_filter ] --START--
INFO: Run Behavior\ContentReplaceBehavior [ RunTime:0.000951s ]
INFO: [ template_filter ] --END-- [ RunTime:0.001409s ]
NOTIC: [8] Undefined index: user F:\Wamp\Wamp_3.0.6\installtion\wamp64\www\MIFOOD\Application\Runtime\Cache\Home\82d5a4aa7cf3d0fb5a8a8bc3c45a14ec.php 第 57 行.
NOTIC: [8] Undefined variable: region F:\Wamp\Wamp_3.0.6\installtion\wamp64\www\MIFOOD\Application\Runtime\Cache\Home\82d5a4aa7cf3d0fb5a8a8bc3c45a14ec.php 第 431 行.
INFO: Run Behavior\ParseTemplateBehavior [ RunTime:0.080603s ]
INFO: [ view_parse ] --END-- [ RunTime:0.081138s ]
INFO: [ view_filter ] --START--
INFO: Run Behavior\WriteHtmlCacheBehavior [ RunTime:0.001691s ]
INFO: [ view_filter ] --END-- [ RunTime:0.002087s ]
INFO: [ app_end ] --START--
INFO: Run Behavior\ShowPageTraceBehavior [ RunTime:0.003709s ]
INFO: [ app_end ] --END-- [ RunTime:0.004183s ]

[ 2017-04-03T14:54:06+08:00 ] ::1 /MIFOOD/index.php/Home/Index/top
INFO: [ app_init ] --START--
INFO: Run Behavior\BuildLiteBehavior [ RunTime:0.000148s ]
INFO: [ app_init ] --END-- [ RunTime:0.002474s ]

[ 2017-04-03T14:54:11+08:00 ] ::1 /MIFOOD/index.php/Home/Index/top.html
INFO: [ app_init ] --START--
INFO: Run Behavior\BuildLiteBehavior [ RunTime:0.000326s ]
INFO: [ app_init ] --END-- [ RunTime:0.002073s ]
INFO: [ app_begin ] --START--
INFO: Run Behavior\ReadHtmlCacheBehavior [ RunTime:0.002977s ]
INFO: [ app_begin ] --END-- [ RunTime:0.003615s ]
SQL: SHOW COLUMNS FROM `shop` [ RunTime:0.003121s ]
SQL: SHOW COLUMNS FROM `shop` [ RunTime:0.002967s ]
SQL: SELECT * FROM `shop` WHERE `state` = 0 ORDER BY loves desc LIMIT 9   [ RunTime:0.001818s ]
SQL: SHOW COLUMNS FROM `city` [ RunTime:0.003941s ]
SQL: SELECT * FROM `city`  [ RunTime:0.001158s ]
NOTIC: [8] Undefined variable: opt F:\Wamp\Wamp_3.0.6\installtion\wamp64\www\MIFOOD\Application\Home\Controller\IndexController.class.php 第 20 行.
INFO: [ view_parse ] --START--
INFO: [ template_filter ] --START--
INFO: Run Behavior\ContentReplaceBehavior [ RunTime:0.000955s ]
INFO: [ template_filter ] --END-- [ RunTime:0.001411s ]
NOTIC: [8] Undefined index: user F:\Wamp\Wamp_3.0.6\installtion\wamp64\www\MIFOOD\Application\Runtime\Cache\Home\82d5a4aa7cf3d0fb5a8a8bc3c45a14ec.php 第 57 行.
NOTIC: [8] Undefined variable: region F:\Wamp\Wamp_3.0.6\installtion\wamp64\www\MIFOOD\Application\Runtime\Cache\Home\82d5a4aa7cf3d0fb5a8a8bc3c45a14ec.php 第 431 行.
INFO: Run Behavior\ParseTemplateBehavior [ RunTime:0.069770s ]
INFO: [ view_parse ] --END-- [ RunTime:0.070252s ]
INFO: [ view_filter ] --START--
INFO: Run Behavior\WriteHtmlCacheBehavior [ RunTime:0.001676s ]
INFO: [ view_filter ] --END-- [ RunTime:0.002080s ]
INFO: [ app_end ] --START--
INFO: Run Behavior\ShowPageTraceBehavior [ RunTime:0.002721s ]
INFO: [ app_end ] --END-- [ RunTime:0.003302s ]

[ 2017-04-03T14:54:11+08:00 ] ::1 /MIFOOD/index.php/Home/Index/top.html
INFO: [ app_init ] --START--
INFO: Run Behavior\BuildLiteBehavior [ RunTime:0.000117s ]
INFO: [ app_init ] --END-- [ RunTime:0.001984s ]
INFO: [ app_begin ] --START--
INFO: Run Behavior\ReadHtmlCacheBehavior [ RunTime:0.003091s ]
INFO: [ app_begin ] --END-- [ RunTime:0.003732s ]
SQL: SHOW COLUMNS FROM `shop` [ RunTime:0.002924s ]
SQL: SHOW COLUMNS FROM `shop` [ RunTime:0.002857s ]
SQL: SELECT * FROM `shop` WHERE `state` = 0 ORDER BY loves desc LIMIT 9   [ RunTime:0.002284s ]
SQL: SHOW COLUMNS FROM `city` [ RunTime:0.002475s ]
SQL: SELECT * FROM `city`  [ RunTime:0.001608s ]
NOTIC: [8] Undefined variable: opt F:\Wamp\Wamp_3.0.6\installtion\wamp64\www\MIFOOD\Application\Home\Controller\IndexController.class.php 第 20 行.
INFO: [ view_parse ] --START--
INFO: [ template_filter ] --START--
INFO: Run Behavior\ContentReplaceBehavior [ RunTime:0.000986s ]
INFO: [ template_filter ] --END-- [ RunTime:0.001513s ]
NOTIC: [8] Undefined index: user F:\Wamp\Wamp_3.0.6\installtion\wamp64\www\MIFOOD\Application\Runtime\Cache\Home\82d5a4aa7cf3d0fb5a8a8bc3c45a14ec.php 第 57 行.
NOTIC: [8] Undefined variable: region F:\Wamp\Wamp_3.0.6\installtion\wamp64\www\MIFOOD\Application\Runtime\Cache\Home\82d5a4aa7cf3d0fb5a8a8bc3c45a14ec.php 第 431 行.
INFO: Run Behavior\ParseTemplateBehavior [ RunTime:0.074192s ]
INFO: [ view_parse ] --END-- [ RunTime:0.074740s ]
INFO: [ view_filter ] --START--
INFO: Run Behavior\WriteHtmlCacheBehavior [ RunTime:0.001405s ]
INFO: [ view_filter ] --END-- [ RunTime:0.001805s ]
INFO: [ app_end ] --START--
INFO: Run Behavior\ShowPageTraceBehavior [ RunTime:0.002330s ]
INFO: [ app_end ] --END-- [ RunTime:0.002828s ]

[ 2017-04-03T14:54:29+08:00 ] ::1 /MIFOOD/index.php/Home/Index/top
INFO: [ app_init ] --START--
INFO: Run Behavior\BuildLiteBehavior [ RunTime:0.000141s ]
INFO: [ app_init ] --END-- [ RunTime:0.001907s ]

[ 2017-04-03T14:54:34+08:00 ] ::1 /MIFOOD/index.php/Home/Index/top.html
INFO: [ app_init ] --START--
INFO: Run Behavior\BuildLiteBehavior [ RunTime:0.000156s ]
INFO: [ app_init ] --END-- [ RunTime:0.002085s ]
INFO: [ app_begin ] --START--
INFO: Run Behavior\ReadHtmlCacheBehavior [ RunTime:0.002470s ]
INFO: [ app_begin ] --END-- [ RunTime:0.003197s ]
SQL: SHOW COLUMNS FROM `shop` [ RunTime:0.001907s ]
SQL: SHOW COLUMNS FROM `shop` [ RunTime:0.002197s ]
SQL: SELECT * FROM `shop` WHERE `state` = 0 ORDER BY loves desc LIMIT 9   [ RunTime:0.001562s ]
SQL: SHOW COLUMNS FROM `city` [ RunTime:0.001733s ]
SQL: SELECT * FROM `city`  [ RunTime:0.000762s ]
NOTIC: [8] Undefined variable: opt F:\Wamp\Wamp_3.0.6\installtion\wamp64\www\MIFOOD\Application\Home\Controller\IndexController.class.php 第 20 行.
INFO: [ view_parse ] --START--
INFO: [ template_filter ] --START--
INFO: Run Behavior\ContentReplaceBehavior [ RunTime:0.000953s ]
INFO: [ template_filter ] --END-- [ RunTime:0.001404s ]
NOTIC: [8] Undefined index: user F:\Wamp\Wamp_3.0.6\installtion\wamp64\www\MIFOOD\Application\Runtime\Cache\Home\82d5a4aa7cf3d0fb5a8a8bc3c45a14ec.php 第 57 行.
NOTIC: [8] Undefined variable: region F:\Wamp\Wamp_3.0.6\installtion\wamp64\www\MIFOOD\Application\Runtime\Cache\Home\82d5a4aa7cf3d0fb5a8a8bc3c45a14ec.php 第 431 行.
INFO: Run Behavior\ParseTemplateBehavior [ RunTime:0.070696s ]
INFO: [ view_parse ] --END-- [ RunTime:0.071130s ]
INFO: [ view_filter ] --START--
INFO: Run Behavior\WriteHtmlCacheBehavior [ RunTime:0.001823s ]
INFO: [ view_filter ] --END-- [ RunTime:0.002266s ]
INFO: [ app_end ] --START--
INFO: Run Behavior\ShowPageTraceBehavior [ RunTime:0.002756s ]
INFO: [ app_end ] --END-- [ RunTime:0.003278s ]

[ 2017-04-03T14:54:34+08:00 ] ::1 /MIFOOD/index.php/Home/Index/top.html
INFO: [ app_init ] --START--
INFO: Run Behavior\BuildLiteBehavior [ RunTime:0.000112s ]
INFO: [ app_init ] --END-- [ RunTime:0.001427s ]
INFO: [ app_begin ] --START--
INFO: Run Behavior\ReadHtmlCacheBehavior [ RunTime:0.001987s ]
INFO: [ app_begin ] --END-- [ RunTime:0.002444s ]
SQL: SHOW COLUMNS FROM `shop` [ RunTime:0.002688s ]
SQL: SHOW COLUMNS FROM `shop` [ RunTime:0.002481s ]
SQL: SELECT * FROM `shop` WHERE `state` = 0 ORDER BY loves desc LIMIT 9   [ RunTime:0.001709s ]
SQL: SHOW COLUMNS FROM `city` [ RunTime:0.002671s ]
SQL: SELECT * FROM `city`  [ RunTime:0.001096s ]
NOTIC: [8] Undefined variable: opt F:\Wamp\Wamp_3.0.6\installtion\wamp64\www\MIFOOD\Application\Home\Controller\IndexController.class.php 第 20 行.
INFO: [ view_parse ] --START--
INFO: [ template_filter ] --START--
INFO: Run Behavior\ContentReplaceBehavior [ RunTime:0.001138s ]
INFO: [ template_filter ] --END-- [ RunTime:0.001602s ]
NOTIC: [8] Undefined index: user F:\Wamp\Wamp_3.0.6\installtion\wamp64\www\MIFOOD\Application\Runtime\Cache\Home\82d5a4aa7cf3d0fb5a8a8bc3c45a14ec.php 第 57 行.
NOTIC: [8] Undefined variable: region F:\Wamp\Wamp_3.0.6\installtion\wamp64\www\MIFOOD\Application\Runtime\Cache\Home\82d5a4aa7cf3d0fb5a8a8bc3c45a14ec.php 第 431 行.
INFO: Run Behavior\ParseTemplateBehavior [ RunTime:0.073994s ]
INFO: [ view_parse ] --END-- [ RunTime:0.074462s ]
INFO: [ view_filter ] --START--
INFO: Run Behavior\WriteHtmlCacheBehavior [ RunTime:0.001725s ]
INFO: [ view_filter ] --END-- [ RunTime:0.002139s ]
INFO: [ app_end ] --START--
INFO: Run Behavior\ShowPageTraceBehavior [ RunTime:0.002620s ]
INFO: [ app_end ] --END-- [ RunTime:0.003112s ]

[ 2017-04-03T14:54:49+08:00 ] ::1 /MIFOOD/index.php/Home/Index/top.html
INFO: [ app_init ] --START--
INFO: Run Behavior\BuildLiteBehavior [ RunTime:0.000112s ]
INFO: [ app_init ] --END-- [ RunTime:0.001724s ]
INFO: [ app_begin ] --START--
INFO: Run Behavior\ReadHtmlCacheBehavior [ RunTime:0.001961s ]
INFO: [ app_begin ] --END-- [ RunTime:0.002449s ]
SQL: SHOW COLUMNS FROM `shop` [ RunTime:0.001834s ]
SQL: SHOW COLUMNS FROM `shop` [ RunTime:0.001875s ]
SQL: SELECT * FROM `shop` WHERE `state` = 0 ORDER BY loves desc LIMIT 9   [ RunTime:0.001388s ]
SQL: SHOW COLUMNS FROM `city` [ RunTime:0.001936s ]
SQL: SELECT * FROM `city`  [ RunTime:0.001066s ]
NOTIC: [8] Undefined variable: opt F:\Wamp\Wamp_3.0.6\installtion\wamp64\www\MIFOOD\Application\Home\Controller\IndexController.class.php 第 20 行.
INFO: [ view_parse ] --START--
INFO: [ template_filter ] --START--
INFO: Run Behavior\ContentReplaceBehavior [ RunTime:0.000946s ]
INFO: [ template_filter ] --END-- [ RunTime:0.001386s ]
NOTIC: [8] Undefined index: user F:\Wamp\Wamp_3.0.6\installtion\wamp64\www\MIFOOD\Application\Runtime\Cache\Home\82d5a4aa7cf3d0fb5a8a8bc3c45a14ec.php 第 57 行.
NOTIC: [8] Undefined variable: region F:\Wamp\Wamp_3.0.6\installtion\wamp64\www\MIFOOD\Application\Runtime\Cache\Home\82d5a4aa7cf3d0fb5a8a8bc3c45a14ec.php 第 431 行.
INFO: Run Behavior\ParseTemplateBehavior [ RunTime:0.063956s ]
INFO: [ view_parse ] --END-- [ RunTime:0.064389s ]
INFO: [ view_filter ] --START--
INFO: Run Behavior\WriteHtmlCacheBehavior [ RunTime:0.001526s ]
INFO: [ view_filter ] --END-- [ RunTime:0.001987s ]
INFO: [ app_end ] --START--
INFO: Run Behavior\ShowPageTraceBehavior [ RunTime:0.002624s ]
INFO: [ app_end ] --END-- [ RunTime:0.003098s ]

[ 2017-04-03T14:54:49+08:00 ] ::1 /MIFOOD/index.php/Home/Index/top.html
INFO: [ app_init ] --START--
INFO: Run Behavior\BuildLiteBehavior [ RunTime:0.000134s ]
INFO: [ app_init ] --END-- [ RunTime:0.002300s ]
INFO: [ app_begin ] --START--
INFO: Run Behavior\ReadHtmlCacheBehavior [ RunTime:0.001917s ]
INFO: [ app_begin ] --END-- [ RunTime:0.002414s ]
SQL: SHOW COLUMNS FROM `shop` [ RunTime:0.001851s ]
SQL: SHOW COLUMNS FROM `shop` [ RunTime:0.002011s ]
SQL: SELECT * FROM `shop` WHERE `state` = 0 ORDER BY loves desc LIMIT 9   [ RunTime:0.001362s ]
SQL: SHOW COLUMNS FROM `city` [ RunTime:0.002137s ]
SQL: SELECT * FROM `city`  [ RunTime:0.000742s ]
NOTIC: [8] Undefined variable: opt F:\Wamp\Wamp_3.0.6\installtion\wamp64\www\MIFOOD\Application\Home\Controller\IndexController.class.php 第 20 行.
INFO: [ view_parse ] --START--
INFO: [ template_filter ] --START--
INFO: Run Behavior\ContentReplaceBehavior [ RunTime:0.001105s ]
INFO: [ template_filter ] --END-- [ RunTime:0.001574s ]
NOTIC: [8] Undefined index: user F:\Wamp\Wamp_3.0.6\installtion\wamp64\www\MIFOOD\Application\Runtime\Cache\Home\82d5a4aa7cf3d0fb5a8a8bc3c45a14ec.php 第 57 行.
NOTIC: [8] Undefined variable: region F:\Wamp\Wamp_3.0.6\installtion\wamp64\www\MIFOOD\Application\Runtime\Cache\Home\82d5a4aa7cf3d0fb5a8a8bc3c45a14ec.php 第 431 行.
INFO: Run Behavior\ParseTemplateBehavior [ RunTime:0.070658s ]
INFO: [ view_parse ] --END-- [ RunTime:0.071085s ]
INFO: [ view_filter ] --START--
INFO: Run Behavior\WriteHtmlCacheBehavior [ RunTime:0.001547s ]
INFO: [ view_filter ] --END-- [ RunTime:0.001957s ]
INFO: [ app_end ] --START--
INFO: Run Behavior\ShowPageTraceBehavior [ RunTime:0.002500s ]
INFO: [ app_end ] --END-- [ RunTime:0.003015s ]

[ 2017-04-03T14:55:03+08:00 ] ::1 /MIFOOD/index.php/Home/Index/top.html
INFO: [ app_init ] --START--
INFO: Run Behavior\BuildLiteBehavior [ RunTime:0.000152s ]
INFO: [ app_init ] --END-- [ RunTime:0.002950s ]
INFO: [ app_begin ] --START--
INFO: Run Behavior\ReadHtmlCacheBehavior [ RunTime:0.003649s ]
INFO: [ app_begin ] --END-- [ RunTime:0.004323s ]
SQL: SHOW COLUMNS FROM `shop` [ RunTime:0.002648s ]
SQL: SHOW COLUMNS FROM `shop` [ RunTime:0.002720s ]
SQL: SELECT * FROM `shop` WHERE `state` = 0 ORDER BY loves desc LIMIT 9   [ RunTime:0.001915s ]
SQL: SHOW COLUMNS FROM `city` [ RunTime:0.002325s ]
SQL: SELECT * FROM `city`  [ RunTime:0.001232s ]
NOTIC: [8] Undefined variable: opt F:\Wamp\Wamp_3.0.6\installtion\wamp64\www\MIFOOD\Application\Home\Controller\IndexController.class.php 第 20 行.
INFO: [ view_parse ] --START--
INFO: [ template_filter ] --START--
INFO: Run Behavior\ContentReplaceBehavior [ RunTime:0.000945s ]
INFO: [ template_filter ] --END-- [ RunTime:0.001383s ]
NOTIC: [8] Undefined index: user F:\Wamp\Wamp_3.0.6\installtion\wamp64\www\MIFOOD\Application\Runtime\Cache\Home\82d5a4aa7cf3d0fb5a8a8bc3c45a14ec.php 第 57 行.
NOTIC: [8] Undefined variable: region F:\Wamp\Wamp_3.0.6\installtion\wamp64\www\MIFOOD\Application\Runtime\Cache\Home\82d5a4aa7cf3d0fb5a8a8bc3c45a14ec.php 第 431 行.
INFO: Run Behavior\ParseTemplateBehavior [ RunTime:0.081703s ]
INFO: [ view_parse ] --END-- [ RunTime:0.082204s ]
INFO: [ view_filter ] --START--
INFO: Run Behavior\WriteHtmlCacheBehavior [ RunTime:0.001380s ]
INFO: [ view_filter ] --END-- [ RunTime:0.001775s ]
INFO: [ app_end ] --START--
INFO: Run Behavior\ShowPageTraceBehavior [ RunTime:0.002916s ]
INFO: [ app_end ] --END-- [ RunTime:0.003575s ]

[ 2017-04-03T14:55:03+08:00 ] ::1 /MIFOOD/index.php/Home/Index/top.html
INFO: [ app_init ] --START--
INFO: Run Behavior\BuildLiteBehavior [ RunTime:0.000148s ]
INFO: [ app_init ] --END-- [ RunTime:0.003366s ]
INFO: [ app_begin ] --START--
INFO: Run Behavior\ReadHtmlCacheBehavior [ RunTime:0.003865s ]
INFO: [ app_begin ] --END-- [ RunTime:0.004500s ]
SQL: SHOW COLUMNS FROM `shop` [ RunTime:0.002048s ]
SQL: SHOW COLUMNS FROM `shop` [ RunTime:0.002287s ]
SQL: SELECT * FROM `shop` WHERE `state` = 0 ORDER BY loves desc LIMIT 9   [ RunTime:0.001964s ]
SQL: SHOW COLUMNS FROM `city` [ RunTime:0.002843s ]
SQL: SELECT * FROM `city`  [ RunTime:0.001267s ]
NOTIC: [8] Undefined variable: opt F:\Wamp\Wamp_3.0.6\installtion\wamp64\www\MIFOOD\Application\Home\Controller\IndexController.class.php 第 20 行.
INFO: [ view_parse ] --START--
INFO: [ template_filter ] --START--
INFO: Run Behavior\ContentReplaceBehavior [ RunTime:0.000979s ]
INFO: [ template_filter ] --END-- [ RunTime:0.001458s ]
NOTIC: [8] Undefined index: user F:\Wamp\Wamp_3.0.6\installtion\wamp64\www\MIFOOD\Application\Runtime\Cache\Home\82d5a4aa7cf3d0fb5a8a8bc3c45a14ec.php 第 57 行.
NOTIC: [8] Undefined variable: region F:\Wamp\Wamp_3.0.6\installtion\wamp64\www\MIFOOD\Application\Runtime\Cache\Home\82d5a4aa7cf3d0fb5a8a8bc3c45a14ec.php 第 431 行.
INFO: Run Behavior\ParseTemplateBehavior [ RunTime:0.079560s ]
INFO: [ view_parse ] --END-- [ RunTime:0.080098s ]
INFO: [ view_filter ] --START--
INFO: Run Behavior\WriteHtmlCacheBehavior [ RunTime:0.001729s ]
INFO: [ view_filter ] --END-- [ RunTime:0.002155s ]
INFO: [ app_end ] --START--
INFO: Run Behavior\ShowPageTraceBehavior [ RunTime:0.003063s ]
INFO: [ app_end ] --END-- [ RunTime:0.003755s ]

[ 2017-04-03T14:57:30+08:00 ] ::1 /MIFOOD/index.php/Home/Index/top
INFO: [ app_init ] --START--
INFO: Run Behavior\BuildLiteBehavior [ RunTime:0.000159s ]
INFO: [ app_init ] --END-- [ RunTime:0.002626s ]

[ 2017-04-03T14:58:08+08:00 ] ::1 /MIFOOD/index.php/Home/Index/top
INFO: [ app_init ] --START--
INFO: Run Behavior\BuildLiteBehavior [ RunTime:0.000147s ]
INFO: [ app_init ] --END-- [ RunTime:0.002887s ]

[ 2017-04-03T14:58:18+08:00 ] ::1 /MIFOOD/index.php/Home/Index/top.html
INFO: [ app_init ] --START--
INFO: Run Behavior\BuildLiteBehavior [ RunTime:0.000194s ]
INFO: [ app_init ] --END-- [ RunTime:0.002708s ]
INFO: [ app_begin ] --START--
INFO: Run Behavior\ReadHtmlCacheBehavior [ RunTime:0.003575s ]
INFO: [ app_begin ] --END-- [ RunTime:0.004426s ]
SQL: SHOW COLUMNS FROM `shop` [ RunTime:0.003280s ]
SQL: SHOW COLUMNS FROM `shop` [ RunTime:0.003050s ]
SQL: SELECT * FROM `shop` WHERE `state` = 0 ORDER BY loves desc LIMIT 9   [ RunTime:0.001922s ]
SQL: SHOW COLUMNS FROM `city` [ RunTime:0.002481s ]
SQL: SELECT * FROM `city`  [ RunTime:0.001173s ]
NOTIC: [8] Undefined variable: opt F:\Wamp\Wamp_3.0.6\installtion\wamp64\www\MIFOOD\Application\Home\Controller\IndexController.class.php 第 20 行.
INFO: [ view_parse ] --START--
INFO: [ template_filter ] --START--
INFO: Run Behavior\ContentReplaceBehavior [ RunTime:0.001004s ]
INFO: [ template_filter ] --END-- [ RunTime:0.001473s ]
NOTIC: [8] Undefined index: user F:\Wamp\Wamp_3.0.6\installtion\wamp64\www\MIFOOD\Application\Runtime\Cache\Home\82d5a4aa7cf3d0fb5a8a8bc3c45a14ec.php 第 57 行.
NOTIC: [8] Undefined variable: region F:\Wamp\Wamp_3.0.6\installtion\wamp64\www\MIFOOD\Application\Runtime\Cache\Home\82d5a4aa7cf3d0fb5a8a8bc3c45a14ec.php 第 431 行.
INFO: Run Behavior\ParseTemplateBehavior [ RunTime:0.084490s ]
INFO: [ view_parse ] --END-- [ RunTime:0.085015s ]
INFO: [ view_filter ] --START--
INFO: Run Behavior\WriteHtmlCacheBehavior [ RunTime:0.001898s ]
INFO: [ view_filter ] --END-- [ RunTime:0.002577s ]
INFO: [ app_end ] --START--
INFO: Run Behavior\ShowPageTraceBehavior [ RunTime:0.002328s ]
INFO: [ app_end ] --END-- [ RunTime:0.003281s ]

[ 2017-04-03T14:58:18+08:00 ] ::1 /MIFOOD/index.php/Home/Index/top.html
INFO: [ app_init ] --START--
INFO: Run Behavior\BuildLiteBehavior [ RunTime:0.000380s ]
INFO: [ app_init ] --END-- [ RunTime:0.002878s ]
INFO: [ app_begin ] --START--
INFO: Run Behavior\ReadHtmlCacheBehavior [ RunTime:0.003616s ]
INFO: [ app_begin ] --END-- [ RunTime:0.004576s ]
SQL: SHOW COLUMNS FROM `shop` [ RunTime:0.002574s ]
SQL: SHOW COLUMNS FROM `shop` [ RunTime:0.002602s ]
SQL: SELECT * FROM `shop` WHERE `state` = 0 ORDER BY loves desc LIMIT 9   [ RunTime:0.001877s ]
SQL: SHOW COLUMNS FROM `city` [ RunTime:0.002690s ]
SQL: SELECT * FROM `city`  [ RunTime:0.001588s ]
NOTIC: [8] Undefined variable: opt F:\Wamp\Wamp_3.0.6\installtion\wamp64\www\MIFOOD\Application\Home\Controller\IndexController.class.php 第 20 行.
INFO: [ view_parse ] --START--
INFO: [ template_filter ] --START--
INFO: Run Behavior\ContentReplaceBehavior [ RunTime:0.000969s ]
INFO: [ template_filter ] --END-- [ RunTime:0.001476s ]
NOTIC: [8] Undefined index: user F:\Wamp\Wamp_3.0.6\installtion\wamp64\www\MIFOOD\Application\Runtime\Cache\Home\82d5a4aa7cf3d0fb5a8a8bc3c45a14ec.php 第 57 行.
NOTIC: [8] Undefined variable: region F:\Wamp\Wamp_3.0.6\installtion\wamp64\www\MIFOOD\Application\Runtime\Cache\Home\82d5a4aa7cf3d0fb5a8a8bc3c45a14ec.php 第 431 行.
INFO: Run Behavior\ParseTemplateBehavior [ RunTime:0.085281s ]
INFO: [ view_parse ] --END-- [ RunTime:0.085815s ]
INFO: [ view_filter ] --START--
INFO: Run Behavior\WriteHtmlCacheBehavior [ RunTime:0.002103s ]
INFO: [ view_filter ] --END-- [ RunTime:0.002552s ]
INFO: [ app_end ] --START--
INFO: Run Behavior\ShowPageTraceBehavior [ RunTime:0.002494s ]
INFO: [ app_end ] --END-- [ RunTime:0.003004s ]

[ 2017-04-03T14:58:32+08:00 ] ::1 /MIFOOD/index.php/Home/Index/top
INFO: [ app_init ] --START--
INFO: Run Behavior\BuildLiteBehavior [ RunTime:0.000166s ]
INFO: [ app_init ] --END-- [ RunTime:0.002956s ]

[ 2017-04-03T14:58:38+08:00 ] ::1 /MIFOOD/index.php/Home/Index/top.html
INFO: [ app_init ] --START--
INFO: Run Behavior\BuildLiteBehavior [ RunTime:0.000109s ]
INFO: [ app_init ] --END-- [ RunTime:0.001569s ]
INFO: [ app_begin ] --START--
INFO: Run Behavior\ReadHtmlCacheBehavior [ RunTime:0.002287s ]
INFO: [ app_begin ] --END-- [ RunTime:0.002768s ]
SQL: SHOW COLUMNS FROM `shop` [ RunTime:0.002541s ]
SQL: SHOW COLUMNS FROM `shop` [ RunTime:0.003400s ]
SQL: SELECT * FROM `shop` WHERE `state` = 0 ORDER BY loves desc LIMIT 9   [ RunTime:0.001945s ]
SQL: SHOW COLUMNS FROM `city` [ RunTime:0.003128s ]
SQL: SELECT * FROM `city`  [ RunTime:0.001291s ]
NOTIC: [8] Undefined variable: opt F:\Wamp\Wamp_3.0.6\installtion\wamp64\www\MIFOOD\Application\Home\Controller\IndexController.class.php 第 20 行.
INFO: [ view_parse ] --START--
INFO: [ template_filter ] --START--
INFO: Run Behavior\ContentReplaceBehavior [ RunTime:0.000950s ]
INFO: [ template_filter ] --END-- [ RunTime:0.001407s ]
NOTIC: [8] Undefined index: user F:\Wamp\Wamp_3.0.6\installtion\wamp64\www\MIFOOD\Application\Runtime\Cache\Home\82d5a4aa7cf3d0fb5a8a8bc3c45a14ec.php 第 57 行.
NOTIC: [8] Undefined variable: region F:\Wamp\Wamp_3.0.6\installtion\wamp64\www\MIFOOD\Application\Runtime\Cache\Home\82d5a4aa7cf3d0fb5a8a8bc3c45a14ec.php 第 431 行.
INFO: Run Behavior\ParseTemplateBehavior [ RunTime:0.084595s ]
INFO: [ view_parse ] --END-- [ RunTime:0.085177s ]
INFO: [ view_filter ] --START--
INFO: Run Behavior\WriteHtmlCacheBehavior [ RunTime:0.001963s ]
INFO: [ view_filter ] --END-- [ RunTime:0.002425s ]
INFO: [ app_end ] --START--
INFO: Run Behavior\ShowPageTraceBehavior [ RunTime:0.002815s ]
INFO: [ app_end ] --END-- [ RunTime:0.003356s ]

[ 2017-04-03T14:58:38+08:00 ] ::1 /MIFOOD/index.php/Home/Index/top.html
INFO: [ app_init ] --START--
INFO: Run Behavior\BuildLiteBehavior [ RunTime:0.000133s ]
INFO: [ app_init ] --END-- [ RunTime:0.001643s ]
INFO: [ app_begin ] --START--
INFO: Run Behavior\ReadHtmlCacheBehavior [ RunTime:0.002361s ]
INFO: [ app_begin ] --END-- [ RunTime:0.003070s ]
SQL: SHOW COLUMNS FROM `shop` [ RunTime:0.002036s ]
SQL: SHOW COLUMNS FROM `shop` [ RunTime:0.002402s ]
SQL: SELECT * FROM `shop` WHERE `state` = 0 ORDER BY loves desc LIMIT 9   [ RunTime:0.001758s ]
SQL: SHOW COLUMNS FROM `city` [ RunTime:0.002361s ]
SQL: SELECT * FROM `city`  [ RunTime:0.001502s ]
NOTIC: [8] Undefined variable: opt F:\Wamp\Wamp_3.0.6\installtion\wamp64\www\MIFOOD\Application\Home\Controller\IndexController.class.php 第 20 行.
INFO: [ view_parse ] --START--
INFO: [ template_filter ] --START--
INFO: Run Behavior\ContentReplaceBehavior [ RunTime:0.000947s ]
INFO: [ template_filter ] --END-- [ RunTime:0.001382s ]
NOTIC: [8] Undefined index: user F:\Wamp\Wamp_3.0.6\installtion\wamp64\www\MIFOOD\Application\Runtime\Cache\Home\82d5a4aa7cf3d0fb5a8a8bc3c45a14ec.php 第 57 行.
NOTIC: [8] Undefined variable: region F:\Wamp\Wamp_3.0.6\installtion\wamp64\www\MIFOOD\Application\Runtime\Cache\Home\82d5a4aa7cf3d0fb5a8a8bc3c45a14ec.php 第 431 行.
INFO: Run Behavior\ParseTemplateBehavior [ RunTime:0.086671s ]
INFO: [ view_parse ] --END-- [ RunTime:0.087285s ]
INFO: [ view_filter ] --START--
INFO: Run Behavior\WriteHtmlCacheBehavior [ RunTime:0.001812s ]
INFO: [ view_filter ] --END-- [ RunTime:0.002246s ]
INFO: [ app_end ] --START--
INFO: Run Behavior\ShowPageTraceBehavior [ RunTime:0.002574s ]
INFO: [ app_end ] --END-- [ RunTime:0.003408s ]

[ 2017-04-03T15:03:44+08:00 ] ::1 /MIFOOD/index.php/Home/Index/top
INFO: [ app_init ] --START--
INFO: Run Behavior\BuildLiteBehavior [ RunTime:0.000155s ]
INFO: [ app_init ] --END-- [ RunTime:0.002435s ]

[ 2017-04-03T15:03:54+08:00 ] ::1 /MIFOOD/index.php/Home/Index/top.html
INFO: [ app_init ] --START--
INFO: Run Behavior\BuildLiteBehavior [ RunTime:0.000161s ]
INFO: [ app_init ] --END-- [ RunTime:0.007205s ]
INFO: [ app_begin ] --START--
INFO: Run Behavior\ReadHtmlCacheBehavior [ RunTime:0.003467s ]
INFO: [ app_begin ] --END-- [ RunTime:0.004133s ]
SQL: SHOW COLUMNS FROM `shop` [ RunTime:0.002458s ]
SQL: SHOW COLUMNS FROM `shop` [ RunTime:0.003848s ]
SQL: SELECT * FROM `shop` WHERE `state` = 0 ORDER BY loves desc LIMIT 9   [ RunTime:0.002182s ]
SQL: SHOW COLUMNS FROM `city` [ RunTime:0.002914s ]
SQL: SELECT * FROM `city` WHERE `provice_id` = 1  [ RunTime:0.036080s ]
NOTIC: [8] Undefined variable: opt F:\Wamp\Wamp_3.0.6\installtion\wamp64\www\MIFOOD\Application\Home\Controller\IndexController.class.php 第 20 行.
INFO: [ view_parse ] --START--
INFO: [ template_filter ] --START--
INFO: Run Behavior\ContentReplaceBehavior [ RunTime:0.001017s ]
INFO: [ template_filter ] --END-- [ RunTime:0.001566s ]
NOTIC: [8] Undefined index: user F:\Wamp\Wamp_3.0.6\installtion\wamp64\www\MIFOOD\Application\Runtime\Cache\Home\82d5a4aa7cf3d0fb5a8a8bc3c45a14ec.php 第 57 行.
NOTIC: [8] Undefined variable: region F:\Wamp\Wamp_3.0.6\installtion\wamp64\www\MIFOOD\Application\Runtime\Cache\Home\82d5a4aa7cf3d0fb5a8a8bc3c45a14ec.php 第 431 行.
INFO: Run Behavior\ParseTemplateBehavior [ RunTime:0.084456s ]
INFO: [ view_parse ] --END-- [ RunTime:0.085360s ]
INFO: [ view_filter ] --START--
INFO: Run Behavior\WriteHtmlCacheBehavior [ RunTime:0.002205s ]
INFO: [ view_filter ] --END-- [ RunTime:0.002642s ]
INFO: [ app_end ] --START--
INFO: Run Behavior\ShowPageTraceBehavior [ RunTime:0.002628s ]
INFO: [ app_end ] --END-- [ RunTime:0.003096s ]

[ 2017-04-03T15:03:55+08:00 ] ::1 /MIFOOD/index.php/Home/Index/top.html
INFO: [ app_init ] --START--
INFO: Run Behavior\BuildLiteBehavior [ RunTime:0.000155s ]
INFO: [ app_init ] --END-- [ RunTime:0.002462s ]
INFO: [ app_begin ] --START--
INFO: Run Behavior\ReadHtmlCacheBehavior [ RunTime:0.005886s ]
INFO: [ app_begin ] --END-- [ RunTime:0.006514s ]
SQL: SHOW COLUMNS FROM `shop` [ RunTime:0.001882s ]
SQL: SHOW COLUMNS FROM `shop` [ RunTime:0.002290s ]
SQL: SELECT * FROM `shop` WHERE `state` = 0 ORDER BY loves desc LIMIT 9   [ RunTime:0.001524s ]
SQL: SHOW COLUMNS FROM `city` [ RunTime:0.002378s ]
SQL: SELECT * FROM `city` WHERE `provice_id` = 1  [ RunTime:0.001341s ]
NOTIC: [8] Undefined variable: opt F:\Wamp\Wamp_3.0.6\installtion\wamp64\www\MIFOOD\Application\Home\Controller\IndexController.class.php 第 20 行.
INFO: [ view_parse ] --START--
INFO: [ template_filter ] --START--
INFO: Run Behavior\ContentReplaceBehavior [ RunTime:0.000969s ]
INFO: [ template_filter ] --END-- [ RunTime:0.001438s ]
NOTIC: [8] Undefined index: user F:\Wamp\Wamp_3.0.6\installtion\wamp64\www\MIFOOD\Application\Runtime\Cache\Home\82d5a4aa7cf3d0fb5a8a8bc3c45a14ec.php 第 57 行.
NOTIC: [8] Undefined variable: region F:\Wamp\Wamp_3.0.6\installtion\wamp64\www\MIFOOD\Application\Runtime\Cache\Home\82d5a4aa7cf3d0fb5a8a8bc3c45a14ec.php 第 431 行.
INFO: Run Behavior\ParseTemplateBehavior [ RunTime:0.081460s ]
INFO: [ view_parse ] --END-- [ RunTime:0.081954s ]
INFO: [ view_filter ] --START--
INFO: Run Behavior\WriteHtmlCacheBehavior [ RunTime:0.002389s ]
INFO: [ view_filter ] --END-- [ RunTime:0.002969s ]
INFO: [ app_end ] --START--
INFO: Run Behavior\ShowPageTraceBehavior [ RunTime:0.002683s ]
INFO: [ app_end ] --END-- [ RunTime:0.003131s ]

[ 2017-04-03T15:04:01+08:00 ] ::1 /MIFOOD/index.php/Home/Index/top
INFO: [ app_init ] --START--
INFO: Run Behavior\BuildLiteBehavior [ RunTime:0.001582s ]
INFO: [ app_init ] --END-- [ RunTime:0.005495s ]

[ 2017-04-03T15:04:07+08:00 ] ::1 /MIFOOD/index.php/Home/Index/top.html
INFO: [ app_init ] --START--
INFO: Run Behavior\BuildLiteBehavior [ RunTime:0.000114s ]
INFO: [ app_init ] --END-- [ RunTime:0.001771s ]
INFO: [ app_begin ] --START--
INFO: Run Behavior\ReadHtmlCacheBehavior [ RunTime:0.002716s ]
INFO: [ app_begin ] --END-- [ RunTime:0.003215s ]
SQL: SHOW COLUMNS FROM `shop` [ RunTime:0.002736s ]
SQL: SHOW COLUMNS FROM `shop` [ RunTime:0.002736s ]
SQL: SELECT * FROM `shop` WHERE `state` = 0 ORDER BY loves desc LIMIT 9   [ RunTime:0.001828s ]
SQL: SHOW COLUMNS FROM `city` [ RunTime:0.003154s ]
SQL: SELECT * FROM `city` WHERE `provice_id` = 1  [ RunTime:0.002206s ]
NOTIC: [8] Undefined variable: opt F:\Wamp\Wamp_3.0.6\installtion\wamp64\www\MIFOOD\Application\Home\Controller\IndexController.class.php 第 20 行.
INFO: [ view_parse ] --START--
INFO: [ template_filter ] --START--
INFO: Run Behavior\ContentReplaceBehavior [ RunTime:0.000968s ]
INFO: [ template_filter ] --END-- [ RunTime:0.001425s ]
NOTIC: [8] Undefined index: user F:\Wamp\Wamp_3.0.6\installtion\wamp64\www\MIFOOD\Application\Runtime\Cache\Home\82d5a4aa7cf3d0fb5a8a8bc3c45a14ec.php 第 57 行.
NOTIC: [8] Undefined variable: region F:\Wamp\Wamp_3.0.6\installtion\wamp64\www\MIFOOD\Application\Runtime\Cache\Home\82d5a4aa7cf3d0fb5a8a8bc3c45a14ec.php 第 431 行.
INFO: Run Behavior\ParseTemplateBehavior [ RunTime:0.075455s ]
INFO: [ view_parse ] --END-- [ RunTime:0.076085s ]
INFO: [ view_filter ] --START--
INFO: Run Behavior\WriteHtmlCacheBehavior [ RunTime:0.002134s ]
INFO: [ view_filter ] --END-- [ RunTime:0.002549s ]
INFO: [ app_end ] --START--
INFO: Run Behavior\ShowPageTraceBehavior [ RunTime:0.005254s ]
INFO: [ app_end ] --END-- [ RunTime:0.005841s ]

[ 2017-04-03T15:04:07+08:00 ] ::1 /MIFOOD/index.php/Home/Index/top.html
INFO: [ app_init ] --START--
INFO: Run Behavior\BuildLiteBehavior [ RunTime:0.000113s ]
INFO: [ app_init ] --END-- [ RunTime:0.001944s ]
INFO: [ app_begin ] --START--
INFO: Run Behavior\ReadHtmlCacheBehavior [ RunTime:0.007799s ]
INFO: [ app_begin ] --END-- [ RunTime:0.008358s ]
SQL: SHOW COLUMNS FROM `shop` [ RunTime:0.002500s ]
SQL: SHOW COLUMNS FROM `shop` [ RunTime:0.002610s ]
SQL: SELECT * FROM `shop` WHERE `state` = 0 ORDER BY loves desc LIMIT 9   [ RunTime:0.002210s ]
SQL: SHOW COLUMNS FROM `city` [ RunTime:0.003368s ]
SQL: SELECT * FROM `city` WHERE `provice_id` = 1  [ RunTime:0.001866s ]
NOTIC: [8] Undefined variable: opt F:\Wamp\Wamp_3.0.6\installtion\wamp64\www\MIFOOD\Application\Home\Controller\IndexController.class.php 第 20 行.
INFO: [ view_parse ] --START--
INFO: [ template_filter ] --START--
INFO: Run Behavior\ContentReplaceBehavior [ RunTime:0.000988s ]
INFO: [ template_filter ] --END-- [ RunTime:0.001503s ]
NOTIC: [8] Undefined index: user F:\Wamp\Wamp_3.0.6\installtion\wamp64\www\MIFOOD\Application\Runtime\Cache\Home\82d5a4aa7cf3d0fb5a8a8bc3c45a14ec.php 第 57 行.
NOTIC: [8] Undefined variable: region F:\Wamp\Wamp_3.0.6\installtion\wamp64\www\MIFOOD\Application\Runtime\Cache\Home\82d5a4aa7cf3d0fb5a8a8bc3c45a14ec.php 第 431 行.
INFO: Run Behavior\ParseTemplateBehavior [ RunTime:0.087867s ]
INFO: [ view_parse ] --END-- [ RunTime:0.088402s ]
INFO: [ view_filter ] --START--
INFO: Run Behavior\WriteHtmlCacheBehavior [ RunTime:0.002244s ]
INFO: [ view_filter ] --END-- [ RunTime:0.002684s ]
INFO: [ app_end ] --START--
INFO: Run Behavior\ShowPageTraceBehavior [ RunTime:0.003037s ]
INFO: [ app_end ] --END-- [ RunTime:0.003533s ]

[ 2017-04-03T15:05:28+08:00 ] ::1 /MIFOOD/index.php/Home/Index/top
INFO: [ app_init ] --START--
INFO: Run Behavior\BuildLiteBehavior [ RunTime:0.000153s ]
INFO: [ app_init ] --END-- [ RunTime:0.003560s ]

[ 2017-04-03T15:05:33+08:00 ] ::1 /MIFOOD/index.php/Home/Index/top.html
INFO: [ app_init ] --START--
INFO: Run Behavior\BuildLiteBehavior [ RunTime:0.000120s ]
INFO: [ app_init ] --END-- [ RunTime:0.002159s ]
INFO: [ app_begin ] --START--
INFO: Run Behavior\ReadHtmlCacheBehavior [ RunTime:0.002379s ]
INFO: [ app_begin ] --END-- [ RunTime:0.003142s ]
SQL: SHOW COLUMNS FROM `shop` [ RunTime:0.003002s ]
SQL: SHOW COLUMNS FROM `shop` [ RunTime:0.002793s ]
SQL: SELECT * FROM `shop` WHERE `state` = 0 ORDER BY loves desc LIMIT 9   [ RunTime:0.002335s ]
SQL: SHOW COLUMNS FROM `city` [ RunTime:0.002777s ]
SQL: SELECT * FROM `city` WHERE `provice_id` = 1  [ RunTime:0.001360s ]
NOTIC: [8] Undefined variable: opt F:\Wamp\Wamp_3.0.6\installtion\wamp64\www\MIFOOD\Application\Home\Controller\IndexController.class.php 第 20 行.
INFO: [ view_parse ] --START--
INFO: [ template_filter ] --START--
INFO: Run Behavior\ContentReplaceBehavior [ RunTime:0.000972s ]
INFO: [ template_filter ] --END-- [ RunTime:0.001503s ]
NOTIC: [8] Undefined index: user F:\Wamp\Wamp_3.0.6\installtion\wamp64\www\MIFOOD\Application\Runtime\Cache\Home\82d5a4aa7cf3d0fb5a8a8bc3c45a14ec.php 第 57 行.
NOTIC: [8] Undefined variable: region F:\Wamp\Wamp_3.0.6\installtion\wamp64\www\MIFOOD\Application\Runtime\Cache\Home\82d5a4aa7cf3d0fb5a8a8bc3c45a14ec.php 第 431 行.
INFO: Run Behavior\ParseTemplateBehavior [ RunTime:0.065267s ]
INFO: [ view_parse ] --END-- [ RunTime:0.065775s ]
INFO: [ view_filter ] --START--
INFO: Run Behavior\WriteHtmlCacheBehavior [ RunTime:0.001524s ]
INFO: [ view_filter ] --END-- [ RunTime:0.001946s ]
INFO: [ app_end ] --START--
INFO: Run Behavior\ShowPageTraceBehavior [ RunTime:0.004390s ]
INFO: [ app_end ] --END-- [ RunTime:0.004859s ]

[ 2017-04-03T15:05:33+08:00 ] ::1 /MIFOOD/index.php/Home/Index/top.html
INFO: [ app_init ] --START--
INFO: Run Behavior\BuildLiteBehavior [ RunTime:0.000151s ]
INFO: [ app_init ] --END-- [ RunTime:0.002338s ]
INFO: [ app_begin ] --START--
INFO: Run Behavior\ReadHtmlCacheBehavior [ RunTime:0.005650s ]
INFO: [ app_begin ] --END-- [ RunTime:0.006361s ]
SQL: SHOW COLUMNS FROM `shop` [ RunTime:0.002116s ]
SQL: SHOW COLUMNS FROM `shop` [ RunTime:0.003307s ]
SQL: SELECT * FROM `shop` WHERE `state` = 0 ORDER BY loves desc LIMIT 9   [ RunTime:0.002193s ]
SQL: SHOW COLUMNS FROM `city` [ RunTime:0.002914s ]
SQL: SELECT * FROM `city` WHERE `provice_id` = 1  [ RunTime:0.001706s ]
NOTIC: [8] Undefined variable: opt F:\Wamp\Wamp_3.0.6\installtion\wamp64\www\MIFOOD\Application\Home\Controller\IndexController.class.php 第 20 行.
INFO: [ view_parse ] --START--
INFO: [ template_filter ] --START--
INFO: Run Behavior\ContentReplaceBehavior [ RunTime:0.000947s ]
INFO: [ template_filter ] --END-- [ RunTime:0.001388s ]
NOTIC: [8] Undefined index: user F:\Wamp\Wamp_3.0.6\installtion\wamp64\www\MIFOOD\Application\Runtime\Cache\Home\82d5a4aa7cf3d0fb5a8a8bc3c45a14ec.php 第 57 行.
NOTIC: [8] Undefined variable: region F:\Wamp\Wamp_3.0.6\installtion\wamp64\www\MIFOOD\Application\Runtime\Cache\Home\82d5a4aa7cf3d0fb5a8a8bc3c45a14ec.php 第 431 行.
INFO: Run Behavior\ParseTemplateBehavior [ RunTime:0.079339s ]
INFO: [ view_parse ] --END-- [ RunTime:0.079887s ]
INFO: [ view_filter ] --START--
INFO: Run Behavior\WriteHtmlCacheBehavior [ RunTime:0.001945s ]
INFO: [ view_filter ] --END-- [ RunTime:0.002413s ]
INFO: [ app_end ] --START--
INFO: Run Behavior\ShowPageTraceBehavior [ RunTime:0.003679s ]
INFO: [ app_end ] --END-- [ RunTime:0.004184s ]

[ 2017-04-03T15:06:08+08:00 ] ::1 /MIFOOD/index.php/Home/Index/top.html
INFO: [ app_init ] --START--
INFO: Run Behavior\BuildLiteBehavior [ RunTime:0.000109s ]
INFO: [ app_init ] --END-- [ RunTime:0.001494s ]
INFO: [ app_begin ] --START--
INFO: Run Behavior\ReadHtmlCacheBehavior [ RunTime:0.002539s ]
INFO: [ app_begin ] --END-- [ RunTime:0.003163s ]
SQL: SHOW COLUMNS FROM `shop` [ RunTime:0.002112s ]
SQL: SHOW COLUMNS FROM `shop` [ RunTime:0.002080s ]
SQL: SELECT * FROM `shop` WHERE `state` = 0 ORDER BY loves desc LIMIT 9   [ RunTime:0.002069s ]
SQL: SHOW COLUMNS FROM `city` [ RunTime:0.002698s ]
SQL: SELECT * FROM `city` WHERE `provice_id` = 2  [ RunTime:0.001152s ]
NOTIC: [8] Undefined variable: opt F:\Wamp\Wamp_3.0.6\installtion\wamp64\www\MIFOOD\Application\Home\Controller\IndexController.class.php 第 20 行.
INFO: [ view_parse ] --START--
INFO: [ template_filter ] --START--
INFO: Run Behavior\ContentReplaceBehavior [ RunTime:0.001071s ]
INFO: [ template_filter ] --END-- [ RunTime:0.001539s ]
NOTIC: [8] Undefined index: user F:\Wamp\Wamp_3.0.6\installtion\wamp64\www\MIFOOD\Application\Runtime\Cache\Home\82d5a4aa7cf3d0fb5a8a8bc3c45a14ec.php 第 57 行.
NOTIC: [8] Undefined variable: region F:\Wamp\Wamp_3.0.6\installtion\wamp64\www\MIFOOD\Application\Runtime\Cache\Home\82d5a4aa7cf3d0fb5a8a8bc3c45a14ec.php 第 431 行.
INFO: Run Behavior\ParseTemplateBehavior [ RunTime:0.066264s ]
INFO: [ view_parse ] --END-- [ RunTime:0.066749s ]
INFO: [ view_filter ] --START--
INFO: Run Behavior\WriteHtmlCacheBehavior [ RunTime:0.001645s ]
INFO: [ view_filter ] --END-- [ RunTime:0.002062s ]
INFO: [ app_end ] --START--
INFO: Run Behavior\ShowPageTraceBehavior [ RunTime:0.002754s ]
INFO: [ app_end ] --END-- [ RunTime:0.003265s ]

[ 2017-04-03T15:06:09+08:00 ] ::1 /MIFOOD/index.php/Home/Index/top.html
INFO: [ app_init ] --START--
INFO: Run Behavior\BuildLiteBehavior [ RunTime:0.000112s ]
INFO: [ app_init ] --END-- [ RunTime:0.003473s ]
INFO: [ app_begin ] --START--
INFO: Run Behavior\ReadHtmlCacheBehavior [ RunTime:0.005422s ]
INFO: [ app_begin ] --END-- [ RunTime:0.005980s ]
SQL: SHOW COLUMNS FROM `shop` [ RunTime:0.002316s ]
SQL: SHOW COLUMNS FROM `shop` [ RunTime:0.002641s ]
SQL: SELECT * FROM `shop` WHERE `state` = 0 ORDER BY loves desc LIMIT 9   [ RunTime:0.002038s ]
SQL: SHOW COLUMNS FROM `city` [ RunTime:0.002010s ]
SQL: SELECT * FROM `city` WHERE `provice_id` = 2  [ RunTime:0.001410s ]
NOTIC: [8] Undefined variable: opt F:\Wamp\Wamp_3.0.6\installtion\wamp64\www\MIFOOD\Application\Home\Controller\IndexController.class.php 第 20 行.
INFO: [ view_parse ] --START--
INFO: [ template_filter ] --START--
INFO: Run Behavior\ContentReplaceBehavior [ RunTime:0.000950s ]
INFO: [ template_filter ] --END-- [ RunTime:0.001393s ]
NOTIC: [8] Undefined index: user F:\Wamp\Wamp_3.0.6\installtion\wamp64\www\MIFOOD\Application\Runtime\Cache\Home\82d5a4aa7cf3d0fb5a8a8bc3c45a14ec.php 第 57 行.
NOTIC: [8] Undefined variable: region F:\Wamp\Wamp_3.0.6\installtion\wamp64\www\MIFOOD\Application\Runtime\Cache\Home\82d5a4aa7cf3d0fb5a8a8bc3c45a14ec.php 第 431 行.
INFO: Run Behavior\ParseTemplateBehavior [ RunTime:0.068274s ]
INFO: [ view_parse ] --END-- [ RunTime:0.068786s ]
INFO: [ view_filter ] --START--
INFO: Run Behavior\WriteHtmlCacheBehavior [ RunTime:0.001835s ]
INFO: [ view_filter ] --END-- [ RunTime:0.002297s ]
INFO: [ app_end ] --START--
INFO: Run Behavior\ShowPageTraceBehavior [ RunTime:0.002713s ]
INFO: [ app_end ] --END-- [ RunTime:0.003676s ]

[ 2017-04-03T15:07:31+08:00 ] ::1 /MIFOOD/index.php/Home/Index/top.html
INFO: [ app_init ] --START--
INFO: Run Behavior\BuildLiteBehavior [ RunTime:0.000110s ]
INFO: [ app_init ] --END-- [ RunTime:0.001473s ]
INFO: [ app_begin ] --START--
INFO: Run Behavior\ReadHtmlCacheBehavior [ RunTime:0.001847s ]
INFO: [ app_begin ] --END-- [ RunTime:0.002294s ]
SQL: SHOW COLUMNS FROM `shop` [ RunTime:0.002092s ]
SQL: SHOW COLUMNS FROM `shop` [ RunTime:0.002209s ]
SQL: SELECT * FROM `shop` WHERE `state` = 0 ORDER BY loves desc LIMIT 9   [ RunTime:0.001571s ]
SQL: SHOW COLUMNS FROM `city` [ RunTime:0.002587s ]
SQL: SELECT * FROM `city` WHERE `provice_id` = 2  [ RunTime:0.001369s ]
NOTIC: [8] Undefined variable: opt F:\Wamp\Wamp_3.0.6\installtion\wamp64\www\MIFOOD\Application\Home\Controller\IndexController.class.php 第 20 行.
INFO: [ view_parse ] --START--
INFO: [ template_filter ] --START--
INFO: Run Behavior\ContentReplaceBehavior [ RunTime:0.000943s ]
INFO: [ template_filter ] --END-- [ RunTime:0.001374s ]
NOTIC: [8] Undefined index: user F:\Wamp\Wamp_3.0.6\installtion\wamp64\www\MIFOOD\Application\Runtime\Cache\Home\82d5a4aa7cf3d0fb5a8a8bc3c45a14ec.php 第 57 行.
NOTIC: [8] Undefined variable: region F:\Wamp\Wamp_3.0.6\installtion\wamp64\www\MIFOOD\Application\Runtime\Cache\Home\82d5a4aa7cf3d0fb5a8a8bc3c45a14ec.php 第 431 行.
INFO: Run Behavior\ParseTemplateBehavior [ RunTime:0.063708s ]
INFO: [ view_parse ] --END-- [ RunTime:0.064154s ]
INFO: [ view_filter ] --START--
INFO: Run Behavior\WriteHtmlCacheBehavior [ RunTime:0.001553s ]
INFO: [ view_filter ] --END-- [ RunTime:0.001948s ]
INFO: [ app_end ] --START--
INFO: Run Behavior\ShowPageTraceBehavior [ RunTime:0.002451s ]
INFO: [ app_end ] --END-- [ RunTime:0.002920s ]

[ 2017-04-03T15:07:31+08:00 ] ::1 /MIFOOD/index.php/Home/Index/top.html
INFO: [ app_init ] --START--
INFO: Run Behavior\BuildLiteBehavior [ RunTime:0.000124s ]
INFO: [ app_init ] --END-- [ RunTime:0.001671s ]
INFO: [ app_begin ] --START--
INFO: Run Behavior\ReadHtmlCacheBehavior [ RunTime:0.001713s ]
INFO: [ app_begin ] --END-- [ RunTime:0.002158s ]
SQL: SHOW COLUMNS FROM `shop` [ RunTime:0.001622s ]
SQL: SHOW COLUMNS FROM `shop` [ RunTime:0.001569s ]
SQL: SELECT * FROM `shop` WHERE `state` = 0 ORDER BY loves desc LIMIT 9   [ RunTime:0.001190s ]
SQL: SHOW COLUMNS FROM `city` [ RunTime:0.002215s ]
SQL: SELECT * FROM `city` WHERE `provice_id` = 2  [ RunTime:0.000928s ]
NOTIC: [8] Undefined variable: opt F:\Wamp\Wamp_3.0.6\installtion\wamp64\www\MIFOOD\Application\Home\Controller\IndexController.class.php 第 20 行.
INFO: [ view_parse ] --START--
INFO: [ template_filter ] --START--
INFO: Run Behavior\ContentReplaceBehavior [ RunTime:0.000966s ]
INFO: [ template_filter ] --END-- [ RunTime:0.001445s ]
NOTIC: [8] Undefined index: user F:\Wamp\Wamp_3.0.6\installtion\wamp64\www\MIFOOD\Application\Runtime\Cache\Home\82d5a4aa7cf3d0fb5a8a8bc3c45a14ec.php 第 57 行.
NOTIC: [8] Undefined variable: region F:\Wamp\Wamp_3.0.6\installtion\wamp64\www\MIFOOD\Application\Runtime\Cache\Home\82d5a4aa7cf3d0fb5a8a8bc3c45a14ec.php 第 431 行.
INFO: Run Behavior\ParseTemplateBehavior [ RunTime:0.069942s ]
INFO: [ view_parse ] --END-- [ RunTime:0.070370s ]
INFO: [ view_filter ] --START--
INFO: Run Behavior\WriteHtmlCacheBehavior [ RunTime:0.001350s ]
INFO: [ view_filter ] --END-- [ RunTime:0.001743s ]
INFO: [ app_end ] --START--
INFO: Run Behavior\ShowPageTraceBehavior [ RunTime:0.002198s ]
INFO: [ app_end ] --END-- [ RunTime:0.002667s ]

[ 2017-04-03T15:07:46+08:00 ] ::1 /MIFOOD/index.php/Home/Index/top
INFO: [ app_init ] --START--
INFO: Run Behavior\BuildLiteBehavior [ RunTime:0.000118s ]
INFO: [ app_init ] --END-- [ RunTime:0.002064s ]

[ 2017-04-03T15:07:52+08:00 ] ::1 /MIFOOD/index.php/Home/Index/top.html
INFO: [ app_init ] --START--
INFO: Run Behavior\BuildLiteBehavior [ RunTime:0.000117s ]
INFO: [ app_init ] --END-- [ RunTime:0.001673s ]
INFO: [ app_begin ] --START--
INFO: Run Behavior\ReadHtmlCacheBehavior [ RunTime:0.002016s ]
INFO: [ app_begin ] --END-- [ RunTime:0.002513s ]
SQL: SHOW COLUMNS FROM `shop` [ RunTime:0.001773s ]
SQL: SHOW COLUMNS FROM `shop` [ RunTime:0.002158s ]
SQL: SELECT * FROM `shop` WHERE `state` = 0 ORDER BY loves desc LIMIT 9   [ RunTime:0.001352s ]
SQL: SHOW COLUMNS FROM `city` [ RunTime:0.001404s ]
SQL: SELECT * FROM `city` WHERE `provice_id` = 1  [ RunTime:0.001174s ]
NOTIC: [8] Undefined variable: opt F:\Wamp\Wamp_3.0.6\installtion\wamp64\www\MIFOOD\Application\Home\Controller\IndexController.class.php 第 20 行.
INFO: [ view_parse ] --START--
INFO: [ template_filter ] --START--
INFO: Run Behavior\ContentReplaceBehavior [ RunTime:0.000958s ]
INFO: [ template_filter ] --END-- [ RunTime:0.001432s ]
NOTIC: [8] Undefined index: user F:\Wamp\Wamp_3.0.6\installtion\wamp64\www\MIFOOD\Application\Runtime\Cache\Home\82d5a4aa7cf3d0fb5a8a8bc3c45a14ec.php 第 57 行.
NOTIC: [8] Undefined variable: region F:\Wamp\Wamp_3.0.6\installtion\wamp64\www\MIFOOD\Application\Runtime\Cache\Home\82d5a4aa7cf3d0fb5a8a8bc3c45a14ec.php 第 431 行.
INFO: Run Behavior\ParseTemplateBehavior [ RunTime:0.066862s ]
INFO: [ view_parse ] --END-- [ RunTime:0.067337s ]
INFO: [ view_filter ] --START--
INFO: Run Behavior\WriteHtmlCacheBehavior [ RunTime:0.001395s ]
INFO: [ view_filter ] --END-- [ RunTime:0.001821s ]
INFO: [ app_end ] --START--
INFO: Run Behavior\ShowPageTraceBehavior [ RunTime:0.002644s ]
INFO: [ app_end ] --END-- [ RunTime:0.003130s ]

[ 2017-04-03T15:07:52+08:00 ] ::1 /MIFOOD/index.php/Home/Index/top.html
INFO: [ app_init ] --START--
INFO: Run Behavior\BuildLiteBehavior [ RunTime:0.000115s ]
INFO: [ app_init ] --END-- [ RunTime:0.001693s ]
INFO: [ app_begin ] --START--
INFO: Run Behavior\ReadHtmlCacheBehavior [ RunTime:0.002744s ]
INFO: [ app_begin ] --END-- [ RunTime:0.003380s ]
SQL: SHOW COLUMNS FROM `shop` [ RunTime:0.002463s ]
SQL: SHOW COLUMNS FROM `shop` [ RunTime:0.002655s ]
SQL: SELECT * FROM `shop` WHERE `state` = 0 ORDER BY loves desc LIMIT 9   [ RunTime:0.002035s ]
SQL: SHOW COLUMNS FROM `city` [ RunTime:0.003009s ]
SQL: SELECT * FROM `city` WHERE `provice_id` = 1  [ RunTime:0.001675s ]
NOTIC: [8] Undefined variable: opt F:\Wamp\Wamp_3.0.6\installtion\wamp64\www\MIFOOD\Application\Home\Controller\IndexController.class.php 第 20 行.
INFO: [ view_parse ] --START--
INFO: [ template_filter ] --START--
INFO: Run Behavior\ContentReplaceBehavior [ RunTime:0.000954s ]
INFO: [ template_filter ] --END-- [ RunTime:0.001460s ]
NOTIC: [8] Undefined index: user F:\Wamp\Wamp_3.0.6\installtion\wamp64\www\MIFOOD\Application\Runtime\Cache\Home\82d5a4aa7cf3d0fb5a8a8bc3c45a14ec.php 第 57 行.
NOTIC: [8] Undefined variable: region F:\Wamp\Wamp_3.0.6\installtion\wamp64\www\MIFOOD\Application\Runtime\Cache\Home\82d5a4aa7cf3d0fb5a8a8bc3c45a14ec.php 第 431 行.
INFO: Run Behavior\ParseTemplateBehavior [ RunTime:0.071668s ]
INFO: [ view_parse ] --END-- [ RunTime:0.072209s ]
INFO: [ view_filter ] --START--
INFO: Run Behavior\WriteHtmlCacheBehavior [ RunTime:0.001698s ]
INFO: [ view_filter ] --END-- [ RunTime:0.002140s ]
INFO: [ app_end ] --START--
INFO: Run Behavior\ShowPageTraceBehavior [ RunTime:0.002567s ]
INFO: [ app_end ] --END-- [ RunTime:0.003038s ]

[ 2017-04-03T15:08:14+08:00 ] ::1 /MIFOOD/index.php/Home/Index/top
INFO: [ app_init ] --START--
INFO: Run Behavior\BuildLiteBehavior [ RunTime:0.000167s ]
INFO: [ app_init ] --END-- [ RunTime:0.002419s ]

[ 2017-04-03T15:08:30+08:00 ] ::1 /MIFOOD/index.php/Home/Index/top
INFO: [ app_init ] --START--
INFO: Run Behavior\BuildLiteBehavior [ RunTime:0.000211s ]
INFO: [ app_init ] --END-- [ RunTime:0.002831s ]

[ 2017-04-03T15:12:30+08:00 ] ::1 /MIFOOD/index.php/Home/Index/top
INFO: [ app_init ] --START--
INFO: Run Behavior\BuildLiteBehavior [ RunTime:0.000108s ]
INFO: [ app_init ] --END-- [ RunTime:0.001606s ]

[ 2017-04-03T15:12:36+08:00 ] ::1 /MIFOOD/index.php/Home/Index/top.html
INFO: [ app_init ] --START--
INFO: Run Behavior\BuildLiteBehavior [ RunTime:0.000151s ]
INFO: [ app_init ] --END-- [ RunTime:0.002437s ]
INFO: [ app_begin ] --START--
INFO: Run Behavior\ReadHtmlCacheBehavior [ RunTime:0.003122s ]
INFO: [ app_begin ] --END-- [ RunTime:0.003770s ]
SQL: SHOW COLUMNS FROM `shop` [ RunTime:0.002195s ]
SQL: SHOW COLUMNS FROM `shop` [ RunTime:0.002188s ]
SQL: SELECT * FROM `shop` WHERE `state` = 0 ORDER BY loves desc LIMIT 9   [ RunTime:0.001459s ]
SQL: SHOW COLUMNS FROM `city` [ RunTime:0.001946s ]
SQL: SELECT * FROM `city` WHERE `provice_id` = 2  [ RunTime:0.001243s ]
INFO: [ view_parse ] --START--
INFO: [ template_filter ] --START--
INFO: Run Behavior\ContentReplaceBehavior [ RunTime:0.000947s ]
INFO: [ template_filter ] --END-- [ RunTime:0.001380s ]
NOTIC: [8] Undefined index: user F:\Wamp\Wamp_3.0.6\installtion\wamp64\www\MIFOOD\Application\Runtime\Cache\Home\82d5a4aa7cf3d0fb5a8a8bc3c45a14ec.php 第 57 行.
NOTIC: [8] Undefined variable: region F:\Wamp\Wamp_3.0.6\installtion\wamp64\www\MIFOOD\Application\Runtime\Cache\Home\82d5a4aa7cf3d0fb5a8a8bc3c45a14ec.php 第 431 行.
INFO: Run Behavior\ParseTemplateBehavior [ RunTime:0.075244s ]
INFO: [ view_parse ] --END-- [ RunTime:0.075880s ]
INFO: [ view_filter ] --START--
INFO: Run Behavior\WriteHtmlCacheBehavior [ RunTime:0.001804s ]
INFO: [ view_filter ] --END-- [ RunTime:0.002238s ]
INFO: [ app_end ] --START--
INFO: Run Behavior\ShowPageTraceBehavior [ RunTime:0.002413s ]
INFO: [ app_end ] --END-- [ RunTime:0.002889s ]

[ 2017-04-03T15:12:36+08:00 ] ::1 /MIFOOD/index.php/Home/Index/top.html
INFO: [ app_init ] --START--
INFO: Run Behavior\BuildLiteBehavior [ RunTime:0.000153s ]
INFO: [ app_init ] --END-- [ RunTime:0.002632s ]
INFO: [ app_begin ] --START--
INFO: Run Behavior\ReadHtmlCacheBehavior [ RunTime:0.002858s ]
INFO: [ app_begin ] --END-- [ RunTime:0.003503s ]
SQL: SHOW COLUMNS FROM `shop` [ RunTime:0.002059s ]
SQL: SHOW COLUMNS FROM `shop` [ RunTime:0.002194s ]
SQL: SELECT * FROM `shop` WHERE `state` = 0 ORDER BY loves desc LIMIT 9   [ RunTime:0.001592s ]
SQL: SHOW COLUMNS FROM `city` [ RunTime:0.001780s ]
SQL: SELECT * FROM `city` WHERE `provice_id` = 2  [ RunTime:0.001236s ]
INFO: [ view_parse ] --START--
INFO: [ template_filter ] --START--
INFO: Run Behavior\ContentReplaceBehavior [ RunTime:0.001071s ]
INFO: [ template_filter ] --END-- [ RunTime:0.001529s ]
NOTIC: [8] Undefined index: user F:\Wamp\Wamp_3.0.6\installtion\wamp64\www\MIFOOD\Application\Runtime\Cache\Home\82d5a4aa7cf3d0fb5a8a8bc3c45a14ec.php 第 57 行.
NOTIC: [8] Undefined variable: region F:\Wamp\Wamp_3.0.6\installtion\wamp64\www\MIFOOD\Application\Runtime\Cache\Home\82d5a4aa7cf3d0fb5a8a8bc3c45a14ec.php 第 431 行.
INFO: Run Behavior\ParseTemplateBehavior [ RunTime:0.075656s ]
INFO: [ view_parse ] --END-- [ RunTime:0.076114s ]
INFO: [ view_filter ] --START--
INFO: Run Behavior\WriteHtmlCacheBehavior [ RunTime:0.001256s ]
INFO: [ view_filter ] --END-- [ RunTime:0.001661s ]
INFO: [ app_end ] --START--
INFO: Run Behavior\ShowPageTraceBehavior [ RunTime:0.001898s ]
INFO: [ app_end ] --END-- [ RunTime:0.002358s ]

[ 2017-04-03T15:12:53+08:00 ] ::1 /MIFOOD/index.php/Home/Index/top
INFO: [ app_init ] --START--
INFO: Run Behavior\BuildLiteBehavior [ RunTime:0.000151s ]
INFO: [ app_init ] --END-- [ RunTime:0.003233s ]

[ 2017-04-03T15:12:58+08:00 ] ::1 /MIFOOD/index.php/Home/Index/top.html
INFO: [ app_init ] --START--
INFO: Run Behavior\BuildLiteBehavior [ RunTime:0.000121s ]
INFO: [ app_init ] --END-- [ RunTime:0.002160s ]
INFO: [ app_begin ] --START--
INFO: Run Behavior\ReadHtmlCacheBehavior [ RunTime:0.002942s ]
INFO: [ app_begin ] --END-- [ RunTime:0.003708s ]
SQL: SHOW COLUMNS FROM `shop` [ RunTime:0.002530s ]
SQL: SHOW COLUMNS FROM `shop` [ RunTime:0.003043s ]
SQL: SELECT * FROM `shop` WHERE `state` = 0 ORDER BY loves desc LIMIT 9   [ RunTime:0.001783s ]
SQL: SHOW COLUMNS FROM `city` [ RunTime:0.002492s ]
SQL: SELECT * FROM `city` WHERE `provice_id` = 1  [ RunTime:0.001572s ]
INFO: [ view_parse ] --START--
INFO: [ template_filter ] --START--
INFO: Run Behavior\ContentReplaceBehavior [ RunTime:0.000973s ]
INFO: [ template_filter ] --END-- [ RunTime:0.001436s ]
NOTIC: [8] Undefined index: user F:\Wamp\Wamp_3.0.6\installtion\wamp64\www\MIFOOD\Application\Runtime\Cache\Home\82d5a4aa7cf3d0fb5a8a8bc3c45a14ec.php 第 57 行.
NOTIC: [8] Undefined variable: region F:\Wamp\Wamp_3.0.6\installtion\wamp64\www\MIFOOD\Application\Runtime\Cache\Home\82d5a4aa7cf3d0fb5a8a8bc3c45a14ec.php 第 431 行.
INFO: Run Behavior\ParseTemplateBehavior [ RunTime:0.080696s ]
INFO: [ view_parse ] --END-- [ RunTime:0.081226s ]
INFO: [ view_filter ] --START--
INFO: Run Behavior\WriteHtmlCacheBehavior [ RunTime:0.001337s ]
INFO: [ view_filter ] --END-- [ RunTime:0.001738s ]
INFO: [ app_end ] --START--
INFO: Run Behavior\ShowPageTraceBehavior [ RunTime:0.001944s ]
INFO: [ app_end ] --END-- [ RunTime:0.002628s ]

[ 2017-04-03T15:12:58+08:00 ] ::1 /MIFOOD/index.php/Home/Index/top.html
INFO: [ app_init ] --START--
INFO: Run Behavior\BuildLiteBehavior [ RunTime:0.000209s ]
INFO: [ app_init ] --END-- [ RunTime:0.003109s ]
INFO: [ app_begin ] --START--
INFO: Run Behavior\ReadHtmlCacheBehavior [ RunTime:0.010820s ]
INFO: [ app_begin ] --END-- [ RunTime:0.011461s ]
SQL: SHOW COLUMNS FROM `shop` [ RunTime:0.002571s ]
SQL: SHOW COLUMNS FROM `shop` [ RunTime:0.003504s ]
SQL: SELECT * FROM `shop` WHERE `state` = 0 ORDER BY loves desc LIMIT 9   [ RunTime:0.002235s ]
SQL: SHOW COLUMNS FROM `city` [ RunTime:0.002524s ]
SQL: SELECT * FROM `city` WHERE `provice_id` = 1  [ RunTime:0.001577s ]
INFO: [ view_parse ] --START--
INFO: [ template_filter ] --START--
INFO: Run Behavior\ContentReplaceBehavior [ RunTime:0.000956s ]
INFO: [ template_filter ] --END-- [ RunTime:0.001390s ]
NOTIC: [8] Undefined index: user F:\Wamp\Wamp_3.0.6\installtion\wamp64\www\MIFOOD\Application\Runtime\Cache\Home\82d5a4aa7cf3d0fb5a8a8bc3c45a14ec.php 第 57 行.
NOTIC: [8] Undefined variable: region F:\Wamp\Wamp_3.0.6\installtion\wamp64\www\MIFOOD\Application\Runtime\Cache\Home\82d5a4aa7cf3d0fb5a8a8bc3c45a14ec.php 第 431 行.
INFO: Run Behavior\ParseTemplateBehavior [ RunTime:0.088214s ]
INFO: [ view_parse ] --END-- [ RunTime:0.088843s ]
INFO: [ view_filter ] --START--
INFO: Run Behavior\WriteHtmlCacheBehavior [ RunTime:0.001647s ]
INFO: [ view_filter ] --END-- [ RunTime:0.002067s ]
INFO: [ app_end ] --START--
INFO: Run Behavior\ShowPageTraceBehavior [ RunTime:0.002768s ]
INFO: [ app_end ] --END-- [ RunTime:0.003254s ]

[ 2017-04-03T15:13:31+08:00 ] ::1 /MIFOOD/index.php/Home/Index/top
INFO: [ app_init ] --START--
INFO: Run Behavior\BuildLiteBehavior [ RunTime:0.000152s ]
INFO: [ app_init ] --END-- [ RunTime:0.002466s ]

[ 2017-04-03T15:13:36+08:00 ] ::1 /MIFOOD/index.php/Home/Index/top.html
INFO: [ app_init ] --START--
INFO: Run Behavior\BuildLiteBehavior [ RunTime:0.000166s ]
INFO: [ app_init ] --END-- [ RunTime:0.002169s ]
INFO: [ app_begin ] --START--
INFO: Run Behavior\ReadHtmlCacheBehavior [ RunTime:0.003715s ]
INFO: [ app_begin ] --END-- [ RunTime:0.004408s ]
SQL: SHOW COLUMNS FROM `shop` [ RunTime:0.002502s ]
SQL: SHOW COLUMNS FROM `shop` [ RunTime:0.002700s ]
SQL: SELECT * FROM `shop` WHERE `state` = 0 ORDER BY loves desc LIMIT 9   [ RunTime:0.001842s ]
SQL: SHOW COLUMNS FROM `city` [ RunTime:0.002974s ]
SQL: SELECT * FROM `city` WHERE `provice_id` = 2  [ RunTime:0.001487s ]
INFO: [ view_parse ] --START--
INFO: [ template_filter ] --START--
INFO: Run Behavior\ContentReplaceBehavior [ RunTime:0.000954s ]
INFO: [ template_filter ] --END-- [ RunTime:0.001396s ]
NOTIC: [8] Undefined index: user F:\Wamp\Wamp_3.0.6\installtion\wamp64\www\MIFOOD\Application\Runtime\Cache\Home\82d5a4aa7cf3d0fb5a8a8bc3c45a14ec.php 第 57 行.
NOTIC: [8] Undefined variable: region F:\Wamp\Wamp_3.0.6\installtion\wamp64\www\MIFOOD\Application\Runtime\Cache\Home\82d5a4aa7cf3d0fb5a8a8bc3c45a14ec.php 第 431 行.
INFO: Run Behavior\ParseTemplateBehavior [ RunTime:0.082898s ]
INFO: [ view_parse ] --END-- [ RunTime:0.083417s ]
INFO: [ view_filter ] --START--
INFO: Run Behavior\WriteHtmlCacheBehavior [ RunTime:0.001379s ]
INFO: [ view_filter ] --END-- [ RunTime:0.001784s ]
INFO: [ app_end ] --START--
INFO: Run Behavior\ShowPageTraceBehavior [ RunTime:0.002513s ]
INFO: [ app_end ] --END-- [ RunTime:0.003003s ]

[ 2017-04-03T15:13:36+08:00 ] ::1 /MIFOOD/index.php/Home/Index/top.html
INFO: [ app_init ] --START--
INFO: Run Behavior\BuildLiteBehavior [ RunTime:0.000137s ]
INFO: [ app_init ] --END-- [ RunTime:0.001836s ]
INFO: [ app_begin ] --START--
INFO: Run Behavior\ReadHtmlCacheBehavior [ RunTime:0.002357s ]
INFO: [ app_begin ] --END-- [ RunTime:0.003497s ]
SQL: SHOW COLUMNS FROM `shop` [ RunTime:0.001663s ]
SQL: SHOW COLUMNS FROM `shop` [ RunTime:0.001701s ]
SQL: SELECT * FROM `shop` WHERE `state` = 0 ORDER BY loves desc LIMIT 9   [ RunTime:0.001428s ]
SQL: SHOW COLUMNS FROM `city` [ RunTime:0.002032s ]
SQL: SELECT * FROM `city` WHERE `provice_id` = 2  [ RunTime:0.000912s ]
INFO: [ view_parse ] --START--
INFO: [ template_filter ] --START--
INFO: Run Behavior\ContentReplaceBehavior [ RunTime:0.000983s ]
INFO: [ template_filter ] --END-- [ RunTime:0.001579s ]
NOTIC: [8] Undefined index: user F:\Wamp\Wamp_3.0.6\installtion\wamp64\www\MIFOOD\Application\Runtime\Cache\Home\82d5a4aa7cf3d0fb5a8a8bc3c45a14ec.php 第 57 行.
NOTIC: [8] Undefined variable: region F:\Wamp\Wamp_3.0.6\installtion\wamp64\www\MIFOOD\Application\Runtime\Cache\Home\82d5a4aa7cf3d0fb5a8a8bc3c45a14ec.php 第 431 行.
INFO: Run Behavior\ParseTemplateBehavior [ RunTime:0.070777s ]
INFO: [ view_parse ] --END-- [ RunTime:0.071220s ]
INFO: [ view_filter ] --START--
INFO: Run Behavior\WriteHtmlCacheBehavior [ RunTime:0.001319s ]
INFO: [ view_filter ] --END-- [ RunTime:0.001776s ]
INFO: [ app_end ] --START--
INFO: Run Behavior\ShowPageTraceBehavior [ RunTime:0.001786s ]
INFO: [ app_end ] --END-- [ RunTime:0.002249s ]

[ 2017-04-03T15:15:06+08:00 ] ::1 /MIFOOD/index.php/Home/Index/top
INFO: [ app_init ] --START--
INFO: Run Behavior\BuildLiteBehavior [ RunTime:0.000151s ]
INFO: [ app_init ] --END-- [ RunTime:0.002303s ]

[ 2017-04-03T15:15:10+08:00 ] ::1 /MIFOOD/index.php/Home/Index/top.html
INFO: [ app_init ] --START--
INFO: Run Behavior\BuildLiteBehavior [ RunTime:0.000128s ]
INFO: [ app_init ] --END-- [ RunTime:0.001778s ]
INFO: [ app_begin ] --START--
INFO: Run Behavior\ReadHtmlCacheBehavior [ RunTime:0.004342s ]
INFO: [ app_begin ] --END-- [ RunTime:0.005172s ]
SQL: SHOW COLUMNS FROM `shop` [ RunTime:0.002504s ]
SQL: SHOW COLUMNS FROM `shop` [ RunTime:0.003113s ]
SQL: SELECT * FROM `shop` WHERE `state` = 0 ORDER BY loves desc LIMIT 9   [ RunTime:0.001688s ]
SQL: SHOW COLUMNS FROM `city` [ RunTime:0.003035s ]
SQL: SELECT * FROM `city` WHERE `provice_id` = 2  [ RunTime:0.001265s ]
INFO: [ view_parse ] --START--
INFO: [ template_filter ] --START--
INFO: Run Behavior\ContentReplaceBehavior [ RunTime:0.001137s ]
INFO: [ template_filter ] --END-- [ RunTime:0.001625s ]
NOTIC: [8] Undefined index: user F:\Wamp\Wamp_3.0.6\installtion\wamp64\www\MIFOOD\Application\Runtime\Cache\Home\82d5a4aa7cf3d0fb5a8a8bc3c45a14ec.php 第 57 行.
NOTIC: [8] Undefined variable: region F:\Wamp\Wamp_3.0.6\installtion\wamp64\www\MIFOOD\Application\Runtime\Cache\Home\82d5a4aa7cf3d0fb5a8a8bc3c45a14ec.php 第 431 行.
INFO: Run Behavior\ParseTemplateBehavior [ RunTime:0.071867s ]
INFO: [ view_parse ] --END-- [ RunTime:0.072404s ]
INFO: [ view_filter ] --START--
INFO: Run Behavior\WriteHtmlCacheBehavior [ RunTime:0.001481s ]
INFO: [ view_filter ] --END-- [ RunTime:0.001896s ]
INFO: [ app_end ] --START--
INFO: Run Behavior\ShowPageTraceBehavior [ RunTime:0.003218s ]
INFO: [ app_end ] --END-- [ RunTime:0.003716s ]

[ 2017-04-03T15:15:10+08:00 ] ::1 /MIFOOD/index.php/Home/Index/top.html
INFO: [ app_init ] --START--
INFO: Run Behavior\BuildLiteBehavior [ RunTime:0.000231s ]
INFO: [ app_init ] --END-- [ RunTime:0.003005s ]
INFO: [ app_begin ] --START--
INFO: Run Behavior\ReadHtmlCacheBehavior [ RunTime:0.003171s ]
INFO: [ app_begin ] --END-- [ RunTime:0.003822s ]
SQL: SHOW COLUMNS FROM `shop` [ RunTime:0.001859s ]
SQL: SHOW COLUMNS FROM `shop` [ RunTime:0.002598s ]
SQL: SELECT * FROM `shop` WHERE `state` = 0 ORDER BY loves desc LIMIT 9   [ RunTime:0.002090s ]
SQL: SHOW COLUMNS FROM `city` [ RunTime:0.002676s ]
SQL: SELECT * FROM `city` WHERE `provice_id` = 2  [ RunTime:0.001825s ]
INFO: [ view_parse ] --START--
INFO: [ template_filter ] --START--
INFO: Run Behavior\ContentReplaceBehavior [ RunTime:0.001039s ]
INFO: [ template_filter ] --END-- [ RunTime:0.001522s ]
NOTIC: [8] Undefined index: user F:\Wamp\Wamp_3.0.6\installtion\wamp64\www\MIFOOD\Application\Runtime\Cache\Home\82d5a4aa7cf3d0fb5a8a8bc3c45a14ec.php 第 57 行.
NOTIC: [8] Undefined variable: region F:\Wamp\Wamp_3.0.6\installtion\wamp64\www\MIFOOD\Application\Runtime\Cache\Home\82d5a4aa7cf3d0fb5a8a8bc3c45a14ec.php 第 431 行.
INFO: Run Behavior\ParseTemplateBehavior [ RunTime:0.086612s ]
INFO: [ view_parse ] --END-- [ RunTime:0.087148s ]
INFO: [ view_filter ] --START--
INFO: Run Behavior\WriteHtmlCacheBehavior [ RunTime:0.001631s ]
INFO: [ view_filter ] --END-- [ RunTime:0.002040s ]
INFO: [ app_end ] --START--
INFO: Run Behavior\ShowPageTraceBehavior [ RunTime:0.002785s ]
INFO: [ app_end ] --END-- [ RunTime:0.003291s ]

[ 2017-04-03T15:15:28+08:00 ] ::1 /MIFOOD/index.php/Home/Index/top
INFO: [ app_init ] --START--
INFO: Run Behavior\BuildLiteBehavior [ RunTime:0.000148s ]
INFO: [ app_init ] --END-- [ RunTime:0.002545s ]

[ 2017-04-03T15:15:34+08:00 ] ::1 /MIFOOD/index.php/Home/Index/top.html
INFO: [ app_init ] --START--
INFO: Run Behavior\BuildLiteBehavior [ RunTime:0.000111s ]
INFO: [ app_init ] --END-- [ RunTime:0.001861s ]
INFO: [ app_begin ] --START--
INFO: Run Behavior\ReadHtmlCacheBehavior [ RunTime:0.003132s ]
INFO: [ app_begin ] --END-- [ RunTime:0.003804s ]
SQL: SHOW COLUMNS FROM `shop` [ RunTime:0.002325s ]
SQL: SHOW COLUMNS FROM `shop` [ RunTime:0.002804s ]
SQL: SELECT * FROM `shop` WHERE `state` = 0 ORDER BY loves desc LIMIT 9   [ RunTime:0.001875s ]
SQL: SHOW COLUMNS FROM `city` [ RunTime:0.002353s ]
SQL: SELECT * FROM `city` WHERE `provice_id` = 2  [ RunTime:0.001679s ]
INFO: [ view_parse ] --START--
INFO: [ template_filter ] --START--
INFO: Run Behavior\ContentReplaceBehavior [ RunTime:0.000954s ]
INFO: [ template_filter ] --END-- [ RunTime:0.001388s ]
NOTIC: [8] Undefined index: user F:\Wamp\Wamp_3.0.6\installtion\wamp64\www\MIFOOD\Application\Runtime\Cache\Home\82d5a4aa7cf3d0fb5a8a8bc3c45a14ec.php 第 57 行.
NOTIC: [8] Undefined variable: region F:\Wamp\Wamp_3.0.6\installtion\wamp64\www\MIFOOD\Application\Runtime\Cache\Home\82d5a4aa7cf3d0fb5a8a8bc3c45a14ec.php 第 431 行.
INFO: Run Behavior\ParseTemplateBehavior [ RunTime:0.079091s ]
INFO: [ view_parse ] --END-- [ RunTime:0.079667s ]
INFO: [ view_filter ] --START--
INFO: Run Behavior\WriteHtmlCacheBehavior [ RunTime:0.001454s ]
INFO: [ view_filter ] --END-- [ RunTime:0.001865s ]
INFO: [ app_end ] --START--
INFO: Run Behavior\ShowPageTraceBehavior [ RunTime:0.002574s ]
INFO: [ app_end ] --END-- [ RunTime:0.003093s ]

[ 2017-04-03T15:15:34+08:00 ] ::1 /MIFOOD/index.php/Home/Index/top.html
INFO: [ app_init ] --START--
INFO: Run Behavior\BuildLiteBehavior [ RunTime:0.000112s ]
INFO: [ app_init ] --END-- [ RunTime:0.002042s ]
INFO: [ app_begin ] --START--
INFO: Run Behavior\ReadHtmlCacheBehavior [ RunTime:0.003789s ]
INFO: [ app_begin ] --END-- [ RunTime:0.004308s ]
SQL: SHOW COLUMNS FROM `shop` [ RunTime:0.002629s ]
SQL: SHOW COLUMNS FROM `shop` [ RunTime:0.002322s ]
SQL: SELECT * FROM `shop` WHERE `state` = 0 ORDER BY loves desc LIMIT 9   [ RunTime:0.001480s ]
SQL: SHOW COLUMNS FROM `city` [ RunTime:0.001741s ]
SQL: SELECT * FROM `city` WHERE `provice_id` = 2  [ RunTime:0.001525s ]
INFO: [ view_parse ] --START--
INFO: [ template_filter ] --START--
INFO: Run Behavior\ContentReplaceBehavior [ RunTime:0.001047s ]
INFO: [ template_filter ] --END-- [ RunTime:0.001585s ]
NOTIC: [8] Undefined index: user F:\Wamp\Wamp_3.0.6\installtion\wamp64\www\MIFOOD\Application\Runtime\Cache\Home\82d5a4aa7cf3d0fb5a8a8bc3c45a14ec.php 第 57 行.
NOTIC: [8] Undefined variable: region F:\Wamp\Wamp_3.0.6\installtion\wamp64\www\MIFOOD\Application\Runtime\Cache\Home\82d5a4aa7cf3d0fb5a8a8bc3c45a14ec.php 第 431 行.
INFO: Run Behavior\ParseTemplateBehavior [ RunTime:0.076756s ]
INFO: [ view_parse ] --END-- [ RunTime:0.077206s ]
INFO: [ view_filter ] --START--
INFO: Run Behavior\WriteHtmlCacheBehavior [ RunTime:0.001631s ]
INFO: [ view_filter ] --END-- [ RunTime:0.002081s ]
INFO: [ app_end ] --START--
INFO: Run Behavior\ShowPageTraceBehavior [ RunTime:0.002471s ]
INFO: [ app_end ] --END-- [ RunTime:0.003010s ]

[ 2017-04-03T15:20:20+08:00 ] ::1 /MIFOOD/index.php/Home/Index/top
INFO: [ app_init ] --START--
INFO: Run Behavior\BuildLiteBehavior [ RunTime:0.000151s ]
INFO: [ app_init ] --END-- [ RunTime:0.002768s ]

[ 2017-04-03T15:20:27+08:00 ] ::1 /MIFOOD/index.php/Home/Index/top.html
INFO: [ app_init ] --START--
INFO: Run Behavior\BuildLiteBehavior [ RunTime:0.000146s ]
INFO: [ app_init ] --END-- [ RunTime:0.002769s ]
INFO: [ app_begin ] --START--
INFO: Run Behavior\ReadHtmlCacheBehavior [ RunTime:0.005089s ]
INFO: [ app_begin ] --END-- [ RunTime:0.005831s ]
SQL: SHOW COLUMNS FROM `shop` [ RunTime:0.002982s ]
SQL: SHOW COLUMNS FROM `shop` [ RunTime:0.002862s ]
SQL: SELECT * FROM `shop` WHERE `state` = 0 ORDER BY loves desc LIMIT 9   [ RunTime:0.001905s ]
SQL: SHOW COLUMNS FROM `city` [ RunTime:0.003024s ]
SQL: SELECT * FROM `city` WHERE `provice_id` = 1  [ RunTime:0.001805s ]
NOTIC: [8] Undefined variable: opt F:\Wamp\Wamp_3.0.6\installtion\wamp64\www\MIFOOD\Application\Home\Controller\IndexController.class.php 第 20 行.
INFO: [ view_parse ] --START--
INFO: [ template_filter ] --START--
INFO: Run Behavior\ContentReplaceBehavior [ RunTime:0.000964s ]
INFO: [ template_filter ] --END-- [ RunTime:0.001509s ]
NOTIC: [8] Undefined index: user F:\Wamp\Wamp_3.0.6\installtion\wamp64\www\MIFOOD\Application\Runtime\Cache\Home\82d5a4aa7cf3d0fb5a8a8bc3c45a14ec.php 第 57 行.
NOTIC: [8] Undefined variable: region F:\Wamp\Wamp_3.0.6\installtion\wamp64\www\MIFOOD\Application\Runtime\Cache\Home\82d5a4aa7cf3d0fb5a8a8bc3c45a14ec.php 第 431 行.
INFO: Run Behavior\ParseTemplateBehavior [ RunTime:0.073425s ]
INFO: [ view_parse ] --END-- [ RunTime:0.073920s ]
INFO: [ view_filter ] --START--
INFO: Run Behavior\WriteHtmlCacheBehavior [ RunTime:0.001615s ]
INFO: [ view_filter ] --END-- [ RunTime:0.002038s ]
INFO: [ app_end ] --START--
INFO: Run Behavior\ShowPageTraceBehavior [ RunTime:0.003019s ]
INFO: [ app_end ] --END-- [ RunTime:0.003530s ]

[ 2017-04-03T15:20:27+08:00 ] ::1 /MIFOOD/index.php/Home/Index/top.html
INFO: [ app_init ] --START--
INFO: Run Behavior\BuildLiteBehavior [ RunTime:0.000214s ]
INFO: [ app_init ] --END-- [ RunTime:0.002120s ]
INFO: [ app_begin ] --START--
INFO: Run Behavior\ReadHtmlCacheBehavior [ RunTime:0.004768s ]
INFO: [ app_begin ] --END-- [ RunTime:0.005521s ]
SQL: SHOW COLUMNS FROM `shop` [ RunTime:0.001969s ]
SQL: SHOW COLUMNS FROM `shop` [ RunTime:0.002745s ]
SQL: SELECT * FROM `shop` WHERE `state` = 0 ORDER BY loves desc LIMIT 9   [ RunTime:0.002143s ]
SQL: SHOW COLUMNS FROM `city` [ RunTime:0.002633s ]
SQL: SELECT * FROM `city` WHERE `provice_id` = 1  [ RunTime:0.001678s ]
NOTIC: [8] Undefined variable: opt F:\Wamp\Wamp_3.0.6\installtion\wamp64\www\MIFOOD\Application\Home\Controller\IndexController.class.php 第 20 行.
INFO: [ view_parse ] --START--
INFO: [ template_filter ] --START--
INFO: Run Behavior\ContentReplaceBehavior [ RunTime:0.000939s ]
INFO: [ template_filter ] --END-- [ RunTime:0.001375s ]
NOTIC: [8] Undefined index: user F:\Wamp\Wamp_3.0.6\installtion\wamp64\www\MIFOOD\Application\Runtime\Cache\Home\82d5a4aa7cf3d0fb5a8a8bc3c45a14ec.php 第 57 行.
NOTIC: [8] Undefined variable: region F:\Wamp\Wamp_3.0.6\installtion\wamp64\www\MIFOOD\Application\Runtime\Cache\Home\82d5a4aa7cf3d0fb5a8a8bc3c45a14ec.php 第 431 行.
INFO: Run Behavior\ParseTemplateBehavior [ RunTime:0.079826s ]
INFO: [ view_parse ] --END-- [ RunTime:0.080376s ]
INFO: [ view_filter ] --START--
INFO: Run Behavior\WriteHtmlCacheBehavior [ RunTime:0.001647s ]
INFO: [ view_filter ] --END-- [ RunTime:0.002050s ]
INFO: [ app_end ] --START--
INFO: Run Behavior\ShowPageTraceBehavior [ RunTime:0.002507s ]
INFO: [ app_end ] --END-- [ RunTime:0.002991s ]

[ 2017-04-03T15:22:45+08:00 ] ::1 /MIFOOD/index.php/Home/Index/top
INFO: [ app_init ] --START--
INFO: Run Behavior\BuildLiteBehavior [ RunTime:0.000114s ]
INFO: [ app_init ] --END-- [ RunTime:0.001695s ]

[ 2017-04-03T15:22:50+08:00 ] ::1 /MIFOOD/index.php/Home/Index/top.html
INFO: [ app_init ] --START--
INFO: Run Behavior\BuildLiteBehavior [ RunTime:0.000138s ]
INFO: [ app_init ] --END-- [ RunTime:0.001864s ]
INFO: [ app_begin ] --START--
INFO: Run Behavior\ReadHtmlCacheBehavior [ RunTime:0.002077s ]
INFO: [ app_begin ] --END-- [ RunTime:0.002568s ]
SQL: SHOW COLUMNS FROM `shop` [ RunTime:0.001918s ]
SQL: SHOW COLUMNS FROM `shop` [ RunTime:0.001716s ]
SQL: SELECT * FROM `shop` WHERE `state` = 0 ORDER BY loves desc LIMIT 9   [ RunTime:0.001378s ]
SQL: SHOW COLUMNS FROM `city` [ RunTime:0.001636s ]
SQL: SELECT * FROM `city` WHERE `provice_id` = 1  [ RunTime:0.000969s ]
NOTIC: [8] Undefined variable: opt F:\Wamp\Wamp_3.0.6\installtion\wamp64\www\MIFOOD\Application\Home\Controller\IndexController.class.php 第 20 行.
INFO: [ view_parse ] --START--
INFO: [ template_filter ] --START--
INFO: Run Behavior\ContentReplaceBehavior [ RunTime:0.000954s ]
INFO: [ template_filter ] --END-- [ RunTime:0.001391s ]
NOTIC: [8] Undefined index: user F:\Wamp\Wamp_3.0.6\installtion\wamp64\www\MIFOOD\Application\Runtime\Cache\Home\82d5a4aa7cf3d0fb5a8a8bc3c45a14ec.php 第 57 行.
NOTIC: [8] Undefined variable: region F:\Wamp\Wamp_3.0.6\installtion\wamp64\www\MIFOOD\Application\Runtime\Cache\Home\82d5a4aa7cf3d0fb5a8a8bc3c45a14ec.php 第 431 行.
INFO: Run Behavior\ParseTemplateBehavior [ RunTime:0.061964s ]
INFO: [ view_parse ] --END-- [ RunTime:0.062396s ]
INFO: [ view_filter ] --START--
INFO: Run Behavior\WriteHtmlCacheBehavior [ RunTime:0.001632s ]
INFO: [ view_filter ] --END-- [ RunTime:0.002037s ]
INFO: [ app_end ] --START--
INFO: Run Behavior\ShowPageTraceBehavior [ RunTime:0.002537s ]
INFO: [ app_end ] --END-- [ RunTime:0.003151s ]

[ 2017-04-03T15:29:35+08:00 ] ::1 /MIFOOD/index.php/Home/Index/top
INFO: [ app_init ] --START--
INFO: Run Behavior\BuildLiteBehavior [ RunTime:0.000136s ]
INFO: [ app_init ] --END-- [ RunTime:0.002280s ]

[ 2017-04-03T15:30:12+08:00 ] ::1 /MIFOOD/index.php/Home/Index/top
INFO: [ app_init ] --START--
INFO: Run Behavior\BuildLiteBehavior [ RunTime:0.000104s ]
INFO: [ app_init ] --END-- [ RunTime:0.001528s ]

[ 2017-04-03T15:30:40+08:00 ] ::1 /MIFOOD/index.php/Home/Index/top
INFO: [ app_init ] --START--
INFO: Run Behavior\BuildLiteBehavior [ RunTime:0.000134s ]
INFO: [ app_init ] --END-- [ RunTime:0.001946s ]

[ 2017-04-03T15:30:45+08:00 ] ::1 /MIFOOD/index.php/Home/Index/top.html
INFO: [ app_init ] --START--
INFO: Run Behavior\BuildLiteBehavior [ RunTime:0.000112s ]
INFO: [ app_init ] --END-- [ RunTime:0.001689s ]
INFO: [ app_begin ] --START--
INFO: Run Behavior\ReadHtmlCacheBehavior [ RunTime:0.002874s ]
INFO: [ app_begin ] --END-- [ RunTime:0.003491s ]
SQL: SHOW COLUMNS FROM `shop` [ RunTime:0.002281s ]
SQL: SHOW COLUMNS FROM `shop` [ RunTime:0.002154s ]
SQL: SELECT * FROM `shop` WHERE `state` = 0 ORDER BY loves desc LIMIT 9   [ RunTime:0.001482s ]
SQL: SHOW COLUMNS FROM `city` [ RunTime:0.002394s ]
SQL: SELECT * FROM `city` WHERE `provice_id` = 1  [ RunTime:0.001711s ]
NOTIC: [8] Undefined variable: opt F:\Wamp\Wamp_3.0.6\installtion\wamp64\www\MIFOOD\Application\Home\Controller\IndexController.class.php 第 20 行.
INFO: [ view_parse ] --START--
INFO: [ template_filter ] --START--
INFO: Run Behavior\ContentReplaceBehavior [ RunTime:0.001019s ]
INFO: [ template_filter ] --END-- [ RunTime:0.001515s ]
NOTIC: [8] Undefined index: user F:\Wamp\Wamp_3.0.6\installtion\wamp64\www\MIFOOD\Application\Runtime\Cache\Home\82d5a4aa7cf3d0fb5a8a8bc3c45a14ec.php 第 57 行.
NOTIC: [8] Undefined variable: region F:\Wamp\Wamp_3.0.6\installtion\wamp64\www\MIFOOD\Application\Runtime\Cache\Home\82d5a4aa7cf3d0fb5a8a8bc3c45a14ec.php 第 431 行.
INFO: Run Behavior\ParseTemplateBehavior [ RunTime:0.064982s ]
INFO: [ view_parse ] --END-- [ RunTime:0.065445s ]
INFO: [ view_filter ] --START--
INFO: Run Behavior\WriteHtmlCacheBehavior [ RunTime:0.001717s ]
INFO: [ view_filter ] --END-- [ RunTime:0.002179s ]
INFO: [ app_end ] --START--
INFO: Run Behavior\ShowPageTraceBehavior [ RunTime:0.002926s ]
INFO: [ app_end ] --END-- [ RunTime:0.003636s ]

[ 2017-04-03T15:30:45+08:00 ] ::1 /MIFOOD/index.php/Home/Index/top.html
INFO: [ app_init ] --START--
INFO: Run Behavior\BuildLiteBehavior [ RunTime:0.000150s ]
INFO: [ app_init ] --END-- [ RunTime:0.003861s ]
INFO: [ app_begin ] --START--
INFO: Run Behavior\ReadHtmlCacheBehavior [ RunTime:0.001877s ]
INFO: [ app_begin ] --END-- [ RunTime:0.002357s ]
SQL: SHOW COLUMNS FROM `shop` [ RunTime:0.002468s ]
SQL: SHOW COLUMNS FROM `shop` [ RunTime:0.001865s ]
SQL: SELECT * FROM `shop` WHERE `state` = 0 ORDER BY loves desc LIMIT 9   [ RunTime:0.001608s ]
SQL: SHOW COLUMNS FROM `city` [ RunTime:0.002165s ]
SQL: SELECT * FROM `city` WHERE `provice_id` = 1  [ RunTime:0.001687s ]
NOTIC: [8] Undefined variable: opt F:\Wamp\Wamp_3.0.6\installtion\wamp64\www\MIFOOD\Application\Home\Controller\IndexController.class.php 第 20 行.
INFO: [ view_parse ] --START--
INFO: [ template_filter ] --START--
INFO: Run Behavior\ContentReplaceBehavior [ RunTime:0.000948s ]
INFO: [ template_filter ] --END-- [ RunTime:0.001380s ]
NOTIC: [8] Undefined index: user F:\Wamp\Wamp_3.0.6\installtion\wamp64\www\MIFOOD\Application\Runtime\Cache\Home\82d5a4aa7cf3d0fb5a8a8bc3c45a14ec.php 第 57 行.
NOTIC: [8] Undefined variable: region F:\Wamp\Wamp_3.0.6\installtion\wamp64\www\MIFOOD\Application\Runtime\Cache\Home\82d5a4aa7cf3d0fb5a8a8bc3c45a14ec.php 第 431 行.
INFO: Run Behavior\ParseTemplateBehavior [ RunTime:0.066648s ]
INFO: [ view_parse ] --END-- [ RunTime:0.067151s ]
INFO: [ view_filter ] --START--
INFO: Run Behavior\WriteHtmlCacheBehavior [ RunTime:0.001644s ]
INFO: [ view_filter ] --END-- [ RunTime:0.002069s ]
INFO: [ app_end ] --START--
INFO: Run Behavior\ShowPageTraceBehavior [ RunTime:0.002328s ]
INFO: [ app_end ] --END-- [ RunTime:0.002842s ]

