[ 2017-03-27T12:23:53+08:00 ] ::1 /3.2.1/index.php/Home/Index/register
INFO: [ app_init ] --START--
INFO: Run Behavior\BuildLiteBehavior [ RunTime:0.000121s ]
INFO: [ app_init ] --END-- [ RunTime:0.002957s ]

[ 2017-03-27T12:23:53+08:00 ] ::1 /3.2.1/index.php/Home/Index/js/jquery.validate.min.js?var1.14.0
INFO: [ app_init ] --START--
INFO: Run Behavior\BuildLiteBehavior [ RunTime:0.000410s ]
INFO: [ app_init ] --END-- [ RunTime:0.007584s ]
ERR: 非法操作:js

[ 2017-03-27T12:23:53+08:00 ] ::1 /3.2.1/index.php/Home/Index/js/supersized.3.2.7.min.js
INFO: [ app_init ] --START--
INFO: Run Behavior\BuildLiteBehavior [ RunTime:0.000121s ]
INFO: [ app_init ] --END-- [ RunTime:0.002027s ]
ERR: 非法操作:js

[ 2017-03-27T12:23:53+08:00 ] ::1 /3.2.1/index.php/Home/Index/js/supersized-init.js
INFO: [ app_init ] --START--
INFO: Run Behavior\BuildLiteBehavior [ RunTime:0.000112s ]
INFO: [ app_init ] --END-- [ RunTime:0.001893s ]
ERR: 非法操作:js

[ 2017-03-27T12:23:53+08:00 ] ::1 /3.2.1/index.php/Home/Index/js/jquery.min.js
INFO: [ app_init ] --START--
INFO: Run Behavior\BuildLiteBehavior [ RunTime:0.000118s ]
INFO: [ app_init ] --END-- [ RunTime:0.001670s ]
ERR: 非法操作:js

[ 2017-03-27T12:23:53+08:00 ] ::1 /3.2.1/index.php/Home/Index/js/common.js
INFO: [ app_init ] --START--
INFO: Run Behavior\BuildLiteBehavior [ RunTime:0.000121s ]
INFO: [ app_init ] --END-- [ RunTime:0.001710s ]
ERR: 非法操作:js

[ 2017-03-27T12:24:36+08:00 ] ::1 /3.2.1/index.php/Home/Index/registers.html
INFO: [ app_init ] --START--
INFO: Run Behavior\BuildLiteBehavior [ RunTime:0.000143s ]
INFO: [ app_init ] --END-- [ RunTime:0.002423s ]

[ 2017-03-27T12:24:37+08:00 ] ::1 /3.2.1/index.php/Home/Index/login
INFO: [ app_init ] --START--
INFO: Run Behavior\BuildLiteBehavior [ RunTime:0.000193s ]
INFO: [ app_init ] --END-- [ RunTime:0.002838s ]

[ 2017-03-27T12:29:17+08:00 ] ::1 /3.2.1/index.php/Home/Index/register
INFO: [ app_init ] --START--
INFO: Run Behavior\BuildLiteBehavior [ RunTime:0.000143s ]
INFO: [ app_init ] --END-- [ RunTime:0.002193s ]

[ 2017-03-27T12:29:17+08:00 ] ::1 /3.2.1/index.php/Home/Index/js/jquery.min.js
INFO: [ app_init ] --START--
INFO: Run Behavior\BuildLiteBehavior [ RunTime:0.000114s ]
INFO: [ app_init ] --END-- [ RunTime:0.001673s ]
ERR: 非法操作:js

[ 2017-03-27T12:29:17+08:00 ] ::1 /3.2.1/index.php/Home/Index/js/supersized-init.js
INFO: [ app_init ] --START--
INFO: Run Behavior\BuildLiteBehavior [ RunTime:0.000121s ]
INFO: [ app_init ] --END-- [ RunTime:0.002358s ]
ERR: 非法操作:js

[ 2017-03-27T12:29:17+08:00 ] ::1 /3.2.1/index.php/Home/Index/js/supersized.3.2.7.min.js
INFO: [ app_init ] --START--
INFO: Run Behavior\BuildLiteBehavior [ RunTime:0.000116s ]
INFO: [ app_init ] --END-- [ RunTime:0.001880s ]
ERR: 非法操作:js

[ 2017-03-27T12:29:17+08:00 ] ::1 /3.2.1/index.php/Home/Index/js/common.js
INFO: [ app_init ] --START--
INFO: Run Behavior\BuildLiteBehavior [ RunTime:0.000151s ]
INFO: [ app_init ] --END-- [ RunTime:0.002259s ]
ERR: 非法操作:js

[ 2017-03-27T12:29:17+08:00 ] ::1 /3.2.1/index.php/Home/Index/js/jquery.validate.min.js?var1.14.0
INFO: [ app_init ] --START--
INFO: Run Behavior\BuildLiteBehavior [ RunTime:0.000150s ]
INFO: [ app_init ] --END-- [ RunTime:0.008756s ]
ERR: 非法操作:js

[ 2017-03-27T12:31:42+08:00 ] ::1 /3.2.1/index.php/Home/Index/register
INFO: [ app_init ] --START--
INFO: Run Behavior\BuildLiteBehavior [ RunTime:0.000136s ]
INFO: [ app_init ] --END-- [ RunTime:0.001995s ]

[ 2017-03-27T12:31:42+08:00 ] ::1 /3.2.1/index.php/Home/Index/js/jquery.min.js
INFO: [ app_init ] --START--
INFO: Run Behavior\BuildLiteBehavior [ RunTime:0.000137s ]
INFO: [ app_init ] --END-- [ RunTime:0.002125s ]
ERR: 非法操作:js

[ 2017-03-27T12:31:42+08:00 ] ::1 /3.2.1/index.php/Home/Index/js/common.js
INFO: [ app_init ] --START--
INFO: Run Behavior\BuildLiteBehavior [ RunTime:0.000127s ]
INFO: [ app_init ] --END-- [ RunTime:0.001518s ]
ERR: 非法操作:js

[ 2017-03-27T12:31:42+08:00 ] ::1 /3.2.1/index.php/Home/Index/js/supersized.3.2.7.min.js
INFO: [ app_init ] --START--
INFO: Run Behavior\BuildLiteBehavior [ RunTime:0.000142s ]
INFO: [ app_init ] --END-- [ RunTime:0.002102s ]
ERR: 非法操作:js

[ 2017-03-27T12:31:42+08:00 ] ::1 /3.2.1/index.php/Home/Index/js/supersized-init.js
INFO: [ app_init ] --START--
INFO: Run Behavior\BuildLiteBehavior [ RunTime:0.000117s ]
INFO: [ app_init ] --END-- [ RunTime:0.001894s ]
ERR: 非法操作:js

[ 2017-03-27T12:31:42+08:00 ] ::1 /3.2.1/index.php/Home/Index/js/jquery.validate.min.js?var1.14.0
INFO: [ app_init ] --START--
INFO: Run Behavior\BuildLiteBehavior [ RunTime:0.000113s ]
INFO: [ app_init ] --END-- [ RunTime:0.001807s ]
ERR: 非法操作:js

[ 2017-03-27T12:32:28+08:00 ] ::1 /3.2.1/index.php/Home/Index/register
INFO: [ app_init ] --START--
INFO: Run Behavior\BuildLiteBehavior [ RunTime:0.000493s ]
INFO: [ app_init ] --END-- [ RunTime:0.002187s ]

[ 2017-03-27T12:32:28+08:00 ] ::1 /3.2.1/index.php/Home/Index/js/jquery.min.js
INFO: [ app_init ] --START--
INFO: Run Behavior\BuildLiteBehavior [ RunTime:0.000157s ]
INFO: [ app_init ] --END-- [ RunTime:0.004271s ]
ERR: 非法操作:js

[ 2017-03-27T12:32:28+08:00 ] ::1 /3.2.1/index.php/Home/Index/js/common.js
INFO: [ app_init ] --START--
INFO: Run Behavior\BuildLiteBehavior [ RunTime:0.000146s ]
INFO: [ app_init ] --END-- [ RunTime:0.002402s ]
ERR: 非法操作:js

[ 2017-03-27T12:32:28+08:00 ] ::1 /3.2.1/index.php/Home/Index/js/supersized.3.2.7.min.js
INFO: [ app_init ] --START--
INFO: Run Behavior\BuildLiteBehavior [ RunTime:0.000477s ]
INFO: [ app_init ] --END-- [ RunTime:0.004390s ]
ERR: 非法操作:js

[ 2017-03-27T12:32:28+08:00 ] ::1 /3.2.1/index.php/Home/Index/js/supersized-init.js
INFO: [ app_init ] --START--
INFO: Run Behavior\BuildLiteBehavior [ RunTime:0.000145s ]
INFO: [ app_init ] --END-- [ RunTime:0.002171s ]
ERR: 非法操作:js

[ 2017-03-27T12:32:28+08:00 ] ::1 /3.2.1/index.php/Home/Index/js/jquery.validate.min.js?var1.14.0
INFO: [ app_init ] --START--
INFO: Run Behavior\BuildLiteBehavior [ RunTime:0.000121s ]
INFO: [ app_init ] --END-- [ RunTime:0.001967s ]
ERR: 非法操作:js

[ 2017-03-27T12:33:33+08:00 ] ::1 /3.2.1/index.php/Home/Index/registers.html
INFO: [ app_init ] --START--
INFO: Run Behavior\BuildLiteBehavior [ RunTime:0.000151s ]
INFO: [ app_init ] --END-- [ RunTime:0.002591s ]

[ 2017-03-27T12:33:34+08:00 ] ::1 /3.2.1/index.php/Home/Index/login
INFO: [ app_init ] --START--
INFO: Run Behavior\BuildLiteBehavior [ RunTime:0.000108s ]
INFO: [ app_init ] --END-- [ RunTime:0.001536s ]

[ 2017-03-27T13:29:29+08:00 ] ::1 /3.2.1/index.php/Home/Index/login
INFO: [ app_init ] --START--
INFO: Run Behavior\BuildLiteBehavior [ RunTime:0.000147s ]
INFO: [ app_init ] --END-- [ RunTime:0.002517s ]

[ 2017-03-27T13:29:32+08:00 ] ::1 /3.2.1/index.php/Home/Index/register
INFO: [ app_init ] --START--
INFO: Run Behavior\BuildLiteBehavior [ RunTime:0.000163s ]
INFO: [ app_init ] --END-- [ RunTime:0.003441s ]

[ 2017-03-27T13:29:32+08:00 ] ::1 /3.2.1/index.php/Home/Index/js/jquery.min.js
INFO: [ app_init ] --START--
INFO: Run Behavior\BuildLiteBehavior [ RunTime:0.000145s ]
INFO: [ app_init ] --END-- [ RunTime:0.002171s ]
ERR: 非法操作:js

[ 2017-03-27T13:29:32+08:00 ] ::1 /3.2.1/index.php/Home/Index/js/common.js
INFO: [ app_init ] --START--
INFO: Run Behavior\BuildLiteBehavior [ RunTime:0.000129s ]
INFO: [ app_init ] --END-- [ RunTime:0.002163s ]
ERR: 非法操作:js

[ 2017-03-27T13:29:32+08:00 ] ::1 /3.2.1/index.php/Home/Index/js/supersized.3.2.7.min.js
INFO: [ app_init ] --START--
INFO: Run Behavior\BuildLiteBehavior [ RunTime:0.000154s ]
INFO: [ app_init ] --END-- [ RunTime:0.002541s ]
ERR: 非法操作:js

[ 2017-03-27T13:29:32+08:00 ] ::1 /3.2.1/index.php/Home/Index/js/supersized-init.js
INFO: [ app_init ] --START--
INFO: Run Behavior\BuildLiteBehavior [ RunTime:0.000154s ]
INFO: [ app_init ] --END-- [ RunTime:0.002545s ]
ERR: 非法操作:js

[ 2017-03-27T13:29:32+08:00 ] ::1 /3.2.1/index.php/Home/Index/js/jquery.validate.min.js?var1.14.0
INFO: [ app_init ] --START--
INFO: Run Behavior\BuildLiteBehavior [ RunTime:0.000154s ]
INFO: [ app_init ] --END-- [ RunTime:0.002808s ]
ERR: 非法操作:js

[ 2017-03-27T20:45:26+08:00 ] ::1 /3.2.1/index.php/Home/Index/register
INFO: [ app_init ] --START--
INFO: Run Behavior\BuildLiteBehavior [ RunTime:0.000114s ]
INFO: [ app_init ] --END-- [ RunTime:0.013775s ]

[ 2017-03-27T20:46:06+08:00 ] ::1 /3.2.1/index.php/Home/Index/register
INFO: [ app_init ] --START--
INFO: Run Behavior\BuildLiteBehavior [ RunTime:0.000115s ]
INFO: [ app_init ] --END-- [ RunTime:0.001902s ]

[ 2017-03-27T20:46:07+08:00 ] ::1 /3.2.1/index.php/Home/Index/js/jquery.min.js
INFO: [ app_init ] --START--
INFO: Run Behavior\BuildLiteBehavior [ RunTime:0.000115s ]
INFO: [ app_init ] --END-- [ RunTime:0.001814s ]
ERR: 非法操作:js

[ 2017-03-27T20:46:07+08:00 ] ::1 /3.2.1/index.php/Home/Index/js/common.js
INFO: [ app_init ] --START--
INFO: Run Behavior\BuildLiteBehavior [ RunTime:0.000153s ]
INFO: [ app_init ] --END-- [ RunTime:0.002601s ]
ERR: 非法操作:js

[ 2017-03-27T20:46:07+08:00 ] ::1 /3.2.1/index.php/Home/Index/js/supersized.3.2.7.min.js
INFO: [ app_init ] --START--
INFO: Run Behavior\BuildLiteBehavior [ RunTime:0.000131s ]
INFO: [ app_init ] --END-- [ RunTime:0.001994s ]
ERR: 非法操作:js

[ 2017-03-27T20:46:07+08:00 ] ::1 /3.2.1/index.php/Home/Index/js/supersized-init.js
INFO: [ app_init ] --START--
INFO: Run Behavior\BuildLiteBehavior [ RunTime:0.000108s ]
INFO: [ app_init ] --END-- [ RunTime:0.001690s ]
ERR: 非法操作:js

[ 2017-03-27T20:46:07+08:00 ] ::1 /3.2.1/index.php/Home/Index/js/jquery.validate.min.js?var1.14.0
INFO: [ app_init ] --START--
INFO: Run Behavior\BuildLiteBehavior [ RunTime:0.000117s ]
INFO: [ app_init ] --END-- [ RunTime:0.001700s ]
ERR: 非法操作:js

[ 2017-03-27T20:47:22+08:00 ] ::1 /3.2.1/index.php/Home/Index/register
INFO: [ app_init ] --START--
INFO: Run Behavior\BuildLiteBehavior [ RunTime:0.000111s ]
INFO: [ app_init ] --END-- [ RunTime:0.001787s ]

[ 2017-03-27T20:47:23+08:00 ] ::1 /3.2.1/index.php/Home/Index/js/jquery.min.js
INFO: [ app_init ] --START--
INFO: Run Behavior\BuildLiteBehavior [ RunTime:0.000161s ]
INFO: [ app_init ] --END-- [ RunTime:0.002857s ]
ERR: 非法操作:js

[ 2017-03-27T20:47:23+08:00 ] ::1 /3.2.1/index.php/Home/Index/js/common.js
INFO: [ app_init ] --START--
INFO: Run Behavior\BuildLiteBehavior [ RunTime:0.000127s ]
INFO: [ app_init ] --END-- [ RunTime:0.001719s ]
ERR: 非法操作:js

[ 2017-03-27T20:47:23+08:00 ] ::1 /3.2.1/index.php/Home/Index/js/supersized.3.2.7.min.js
INFO: [ app_init ] --START--
INFO: Run Behavior\BuildLiteBehavior [ RunTime:0.000108s ]
INFO: [ app_init ] --END-- [ RunTime:0.001536s ]
ERR: 非法操作:js

[ 2017-03-27T20:47:23+08:00 ] ::1 /3.2.1/index.php/Home/Index/js/supersized-init.js
INFO: [ app_init ] --START--
INFO: Run Behavior\BuildLiteBehavior [ RunTime:0.000117s ]
INFO: [ app_init ] --END-- [ RunTime:0.001604s ]
ERR: 非法操作:js

[ 2017-03-27T20:47:23+08:00 ] ::1 /3.2.1/index.php/Home/Index/js/jquery.validate.min.js?var1.14.0
INFO: [ app_init ] --START--
INFO: Run Behavior\BuildLiteBehavior [ RunTime:0.000118s ]
INFO: [ app_init ] --END-- [ RunTime:0.001851s ]
ERR: 非法操作:js

[ 2017-03-27T21:01:29+08:00 ] ::1 /3.2.1/index.php/Home/Index/register
INFO: [ app_init ] --START--
INFO: Run Behavior\BuildLiteBehavior [ RunTime:0.000117s ]
INFO: [ app_init ] --END-- [ RunTime:0.001760s ]

[ 2017-03-27T21:01:29+08:00 ] ::1 /3.2.1/index.php/Home/Index/js/jquery.min.js
INFO: [ app_init ] --START--
INFO: Run Behavior\BuildLiteBehavior [ RunTime:0.000144s ]
INFO: [ app_init ] --END-- [ RunTime:0.002388s ]
ERR: 非法操作:js

[ 2017-03-27T21:01:29+08:00 ] ::1 /3.2.1/index.php/Home/Index/js/common.js
INFO: [ app_init ] --START--
INFO: Run Behavior\BuildLiteBehavior [ RunTime:0.000145s ]
INFO: [ app_init ] --END-- [ RunTime:0.001673s ]
ERR: 非法操作:js

[ 2017-03-27T21:01:30+08:00 ] ::1 /3.2.1/index.php/Home/Index/js/supersized.3.2.7.min.js
INFO: [ app_init ] --START--
INFO: Run Behavior\BuildLiteBehavior [ RunTime:0.000119s ]
INFO: [ app_init ] --END-- [ RunTime:0.002316s ]
ERR: 非法操作:js

[ 2017-03-27T21:01:30+08:00 ] ::1 /3.2.1/index.php/Home/Index/js/supersized-init.js
INFO: [ app_init ] --START--
INFO: Run Behavior\BuildLiteBehavior [ RunTime:0.000107s ]
INFO: [ app_init ] --END-- [ RunTime:0.001537s ]
ERR: 非法操作:js

[ 2017-03-27T21:01:30+08:00 ] ::1 /3.2.1/index.php/Home/Index/js/jquery.validate.min.js?var1.14.0
INFO: [ app_init ] --START--
INFO: Run Behavior\BuildLiteBehavior [ RunTime:0.000107s ]
INFO: [ app_init ] --END-- [ RunTime:0.001540s ]
ERR: 非法操作:js

[ 2017-03-27T21:02:26+08:00 ] ::1 /3.2.1/index.php/Home/Index/register
INFO: [ app_init ] --START--
INFO: Run Behavior\BuildLiteBehavior [ RunTime:0.000120s ]
INFO: [ app_init ] --END-- [ RunTime:0.002152s ]

[ 2017-03-27T21:02:26+08:00 ] ::1 /3.2.1/index.php/Home/Index/js/jquery.min.js
INFO: [ app_init ] --START--
INFO: Run Behavior\BuildLiteBehavior [ RunTime:0.000151s ]
INFO: [ app_init ] --END-- [ RunTime:0.002624s ]
ERR: 非法操作:js

[ 2017-03-27T21:02:26+08:00 ] ::1 /3.2.1/index.php/Home/Index/js/common.js
INFO: [ app_init ] --START--
INFO: Run Behavior\BuildLiteBehavior [ RunTime:0.000122s ]
INFO: [ app_init ] --END-- [ RunTime:0.001782s ]
ERR: 非法操作:js

[ 2017-03-27T21:02:26+08:00 ] ::1 /3.2.1/index.php/Home/Index/js/supersized.3.2.7.min.js
INFO: [ app_init ] --START--
INFO: Run Behavior\BuildLiteBehavior [ RunTime:0.000111s ]
INFO: [ app_init ] --END-- [ RunTime:0.001610s ]
ERR: 非法操作:js

[ 2017-03-27T21:02:26+08:00 ] ::1 /3.2.1/index.php/Home/Index/js/supersized-init.js
INFO: [ app_init ] --START--
INFO: Run Behavior\BuildLiteBehavior [ RunTime:0.000118s ]
INFO: [ app_init ] --END-- [ RunTime:0.001984s ]
ERR: 非法操作:js

[ 2017-03-27T21:02:26+08:00 ] ::1 /3.2.1/index.php/Home/Index/js/jquery.validate.min.js?var1.14.0
INFO: [ app_init ] --START--
INFO: Run Behavior\BuildLiteBehavior [ RunTime:0.000154s ]
INFO: [ app_init ] --END-- [ RunTime:0.002104s ]
ERR: 非法操作:js

[ 2017-03-27T21:06:25+08:00 ] ::1 /3.2.1/index.php/Home/Index/register
INFO: [ app_init ] --START--
INFO: Run Behavior\BuildLiteBehavior [ RunTime:0.000113s ]
INFO: [ app_init ] --END-- [ RunTime:0.001974s ]

[ 2017-03-27T21:06:25+08:00 ] ::1 /3.2.1/index.php/Home/Index/js/jquery.min.js
INFO: [ app_init ] --START--
INFO: Run Behavior\BuildLiteBehavior [ RunTime:0.000174s ]
INFO: [ app_init ] --END-- [ RunTime:0.003303s ]
ERR: 非法操作:js

[ 2017-03-27T21:06:25+08:00 ] ::1 /3.2.1/index.php/Home/Index/js/common.js
INFO: [ app_init ] --START--
INFO: Run Behavior\BuildLiteBehavior [ RunTime:0.000108s ]
INFO: [ app_init ] --END-- [ RunTime:0.001567s ]
ERR: 非法操作:js

[ 2017-03-27T21:06:25+08:00 ] ::1 /3.2.1/index.php/Home/Index/js/supersized.3.2.7.min.js
INFO: [ app_init ] --START--
INFO: Run Behavior\BuildLiteBehavior [ RunTime:0.000110s ]
INFO: [ app_init ] --END-- [ RunTime:0.001585s ]
ERR: 非法操作:js

[ 2017-03-27T21:06:25+08:00 ] ::1 /3.2.1/index.php/Home/Index/js/supersized-init.js
INFO: [ app_init ] --START--
INFO: Run Behavior\BuildLiteBehavior [ RunTime:0.000107s ]
INFO: [ app_init ] --END-- [ RunTime:0.001554s ]
ERR: 非法操作:js

[ 2017-03-27T21:06:26+08:00 ] ::1 /3.2.1/index.php/Home/Index/js/jquery.validate.min.js?var1.14.0
INFO: [ app_init ] --START--
INFO: Run Behavior\BuildLiteBehavior [ RunTime:0.000117s ]
INFO: [ app_init ] --END-- [ RunTime:0.001628s ]
ERR: 非法操作:js

[ 2017-03-27T21:14:17+08:00 ] ::1 /3.2.1/index.php/Home/Index/register
INFO: [ app_init ] --START--
INFO: Run Behavior\BuildLiteBehavior [ RunTime:0.000110s ]
INFO: [ app_init ] --END-- [ RunTime:0.001768s ]

[ 2017-03-27T21:14:18+08:00 ] ::1 /3.2.1/index.php/Home/Index/js/jquery.min.js
INFO: [ app_init ] --START--
INFO: Run Behavior\BuildLiteBehavior [ RunTime:0.000134s ]
INFO: [ app_init ] --END-- [ RunTime:0.002531s ]
ERR: 非法操作:js

[ 2017-03-27T21:14:18+08:00 ] ::1 /3.2.1/index.php/Home/Index/js/common.js
INFO: [ app_init ] --START--
INFO: Run Behavior\BuildLiteBehavior [ RunTime:0.000151s ]
INFO: [ app_init ] --END-- [ RunTime:0.002385s ]
ERR: 非法操作:js

[ 2017-03-27T21:14:18+08:00 ] ::1 /3.2.1/index.php/Home/Index/js/supersized.3.2.7.min.js
INFO: [ app_init ] --START--
INFO: Run Behavior\BuildLiteBehavior [ RunTime:0.000113s ]
INFO: [ app_init ] --END-- [ RunTime:0.001853s ]
ERR: 非法操作:js

[ 2017-03-27T21:14:18+08:00 ] ::1 /3.2.1/index.php/Home/Index/js/supersized-init.js
INFO: [ app_init ] --START--
INFO: Run Behavior\BuildLiteBehavior [ RunTime:0.000119s ]
INFO: [ app_init ] --END-- [ RunTime:0.001928s ]
ERR: 非法操作:js

[ 2017-03-27T21:14:18+08:00 ] ::1 /3.2.1/index.php/Home/Index/js/jquery.validate.min.js?var1.14.0
INFO: [ app_init ] --START--
INFO: Run Behavior\BuildLiteBehavior [ RunTime:0.000110s ]
INFO: [ app_init ] --END-- [ RunTime:0.001747s ]
ERR: 非法操作:js

[ 2017-03-27T21:15:16+08:00 ] ::1 /3.2.1/index.php/Home/Index/register
INFO: [ app_init ] --START--
INFO: Run Behavior\BuildLiteBehavior [ RunTime:0.000112s ]
INFO: [ app_init ] --END-- [ RunTime:0.001737s ]

[ 2017-03-27T21:15:17+08:00 ] ::1 /3.2.1/index.php/Home/Index/js/jquery.min.js
INFO: [ app_init ] --START--
INFO: Run Behavior\BuildLiteBehavior [ RunTime:0.000157s ]
INFO: [ app_init ] --END-- [ RunTime:0.002318s ]
ERR: 非法操作:js

[ 2017-03-27T21:15:17+08:00 ] ::1 /3.2.1/index.php/Home/Index/js/common.js
INFO: [ app_init ] --START--
INFO: Run Behavior\BuildLiteBehavior [ RunTime:0.000106s ]
INFO: [ app_init ] --END-- [ RunTime:0.001572s ]
ERR: 非法操作:js

[ 2017-03-27T21:15:17+08:00 ] ::1 /3.2.1/index.php/Home/Index/js/supersized.3.2.7.min.js
INFO: [ app_init ] --START--
INFO: Run Behavior\BuildLiteBehavior [ RunTime:0.000118s ]
INFO: [ app_init ] --END-- [ RunTime:0.001785s ]
ERR: 非法操作:js

[ 2017-03-27T21:15:17+08:00 ] ::1 /3.2.1/index.php/Home/Index/js/supersized-init.js
INFO: [ app_init ] --START--
INFO: Run Behavior\BuildLiteBehavior [ RunTime:0.000112s ]
INFO: [ app_init ] --END-- [ RunTime:0.001684s ]
ERR: 非法操作:js

[ 2017-03-27T21:15:17+08:00 ] ::1 /3.2.1/index.php/Home/Index/js/jquery.validate.min.js?var1.14.0
INFO: [ app_init ] --START--
INFO: Run Behavior\BuildLiteBehavior [ RunTime:0.000119s ]
INFO: [ app_init ] --END-- [ RunTime:0.001917s ]
ERR: 非法操作:js

[ 2017-03-27T21:15:25+08:00 ] ::1 /3.2.1/index.php/Home/Index/register
INFO: [ app_init ] --START--
INFO: Run Behavior\BuildLiteBehavior [ RunTime:0.000112s ]
INFO: [ app_init ] --END-- [ RunTime:0.001679s ]

[ 2017-03-27T21:15:25+08:00 ] ::1 /3.2.1/index.php/Home/Index/js/jquery.min.js
INFO: [ app_init ] --START--
INFO: Run Behavior\BuildLiteBehavior [ RunTime:0.000151s ]
INFO: [ app_init ] --END-- [ RunTime:0.002600s ]
ERR: 非法操作:js

[ 2017-03-27T21:15:25+08:00 ] ::1 /3.2.1/index.php/Home/Index/js/common.js
INFO: [ app_init ] --START--
INFO: Run Behavior\BuildLiteBehavior [ RunTime:0.000110s ]
INFO: [ app_init ] --END-- [ RunTime:0.001861s ]
ERR: 非法操作:js

[ 2017-03-27T21:15:25+08:00 ] ::1 /3.2.1/index.php/Home/Index/js/supersized.3.2.7.min.js
INFO: [ app_init ] --START--
INFO: Run Behavior\BuildLiteBehavior [ RunTime:0.000116s ]
INFO: [ app_init ] --END-- [ RunTime:0.001732s ]
ERR: 非法操作:js

[ 2017-03-27T21:15:25+08:00 ] ::1 /3.2.1/index.php/Home/Index/js/supersized-init.js
INFO: [ app_init ] --START--
INFO: Run Behavior\BuildLiteBehavior [ RunTime:0.000108s ]
INFO: [ app_init ] --END-- [ RunTime:0.001560s ]
ERR: 非法操作:js

[ 2017-03-27T21:15:25+08:00 ] ::1 /3.2.1/index.php/Home/Index/js/jquery.validate.min.js?var1.14.0
INFO: [ app_init ] --START--
INFO: Run Behavior\BuildLiteBehavior [ RunTime:0.000118s ]
INFO: [ app_init ] --END-- [ RunTime:0.001669s ]
ERR: 非法操作:js

[ 2017-03-27T21:16:12+08:00 ] ::1 /3.2.1/index.php/Home/Index/register
INFO: [ app_init ] --START--
INFO: Run Behavior\BuildLiteBehavior [ RunTime:0.000107s ]
INFO: [ app_init ] --END-- [ RunTime:0.001526s ]

[ 2017-03-27T21:16:13+08:00 ] ::1 /3.2.1/index.php/Home/Index/js/jquery.min.js
INFO: [ app_init ] --START--
INFO: Run Behavior\BuildLiteBehavior [ RunTime:0.000155s ]
INFO: [ app_init ] --END-- [ RunTime:0.002768s ]
ERR: 非法操作:js

[ 2017-03-27T21:16:13+08:00 ] ::1 /3.2.1/index.php/Home/Index/js/common.js
INFO: [ app_init ] --START--
INFO: Run Behavior\BuildLiteBehavior [ RunTime:0.000114s ]
INFO: [ app_init ] --END-- [ RunTime:0.001806s ]
ERR: 非法操作:js

[ 2017-03-27T21:16:13+08:00 ] ::1 /3.2.1/index.php/Home/Index/js/supersized.3.2.7.min.js
INFO: [ app_init ] --START--
INFO: Run Behavior\BuildLiteBehavior [ RunTime:0.000147s ]
INFO: [ app_init ] --END-- [ RunTime:0.002037s ]
ERR: 非法操作:js

[ 2017-03-27T21:16:13+08:00 ] ::1 /3.2.1/index.php/Home/Index/js/supersized-init.js
INFO: [ app_init ] --START--
INFO: Run Behavior\BuildLiteBehavior [ RunTime:0.000108s ]
INFO: [ app_init ] --END-- [ RunTime:0.001598s ]
ERR: 非法操作:js

[ 2017-03-27T21:16:13+08:00 ] ::1 /3.2.1/index.php/Home/Index/js/jquery.validate.min.js?var1.14.0
INFO: [ app_init ] --START--
INFO: Run Behavior\BuildLiteBehavior [ RunTime:0.000111s ]
INFO: [ app_init ] --END-- [ RunTime:0.001617s ]
ERR: 非法操作:js

[ 2017-03-27T21:18:31+08:00 ] ::1 /3.2.1/index.php/Home/Index/register
INFO: [ app_init ] --START--
INFO: Run Behavior\BuildLiteBehavior [ RunTime:0.000145s ]
INFO: [ app_init ] --END-- [ RunTime:0.002272s ]

[ 2017-03-27T21:18:31+08:00 ] ::1 /3.2.1/index.php/Home/Index/js/jquery.min.js
INFO: [ app_init ] --START--
INFO: Run Behavior\BuildLiteBehavior [ RunTime:0.000154s ]
INFO: [ app_init ] --END-- [ RunTime:0.002404s ]
ERR: 非法操作:js

[ 2017-03-27T21:18:31+08:00 ] ::1 /3.2.1/index.php/Home/Index/js/common.js
INFO: [ app_init ] --START--
INFO: Run Behavior\BuildLiteBehavior [ RunTime:0.000116s ]
INFO: [ app_init ] --END-- [ RunTime:0.001963s ]
ERR: 非法操作:js

[ 2017-03-27T21:18:31+08:00 ] ::1 /3.2.1/index.php/Home/Index/js/supersized.3.2.7.min.js
INFO: [ app_init ] --START--
INFO: Run Behavior\BuildLiteBehavior [ RunTime:0.000116s ]
INFO: [ app_init ] --END-- [ RunTime:0.001566s ]
ERR: 非法操作:js

[ 2017-03-27T21:18:31+08:00 ] ::1 /3.2.1/index.php/Home/Index/js/supersized-init.js
INFO: [ app_init ] --START--
INFO: Run Behavior\BuildLiteBehavior [ RunTime:0.000121s ]
INFO: [ app_init ] --END-- [ RunTime:0.001871s ]
ERR: 非法操作:js

[ 2017-03-27T21:18:31+08:00 ] ::1 /3.2.1/index.php/Home/Index/js/jquery.validate.min.js?var1.14.0
INFO: [ app_init ] --START--
INFO: Run Behavior\BuildLiteBehavior [ RunTime:0.000118s ]
INFO: [ app_init ] --END-- [ RunTime:0.001541s ]
ERR: 非法操作:js

[ 2017-03-27T22:19:51+08:00 ] ::1 /3.2.1/index.php/Home/Index/register
INFO: [ app_init ] --START--
INFO: Run Behavior\BuildLiteBehavior [ RunTime:0.000151s ]
INFO: [ app_init ] --END-- [ RunTime:0.003345s ]

[ 2017-03-27T22:19:51+08:00 ] ::1 /3.2.1/index.php/Home/Index/js/jquery.min.js
INFO: [ app_init ] --START--
INFO: Run Behavior\BuildLiteBehavior [ RunTime:0.000178s ]
INFO: [ app_init ] --END-- [ RunTime:0.002769s ]
ERR: 非法操作:js

[ 2017-03-27T22:19:51+08:00 ] ::1 /3.2.1/index.php/Home/Index/js/common.js
INFO: [ app_init ] --START--
INFO: Run Behavior\BuildLiteBehavior [ RunTime:0.000149s ]
INFO: [ app_init ] --END-- [ RunTime:0.002247s ]
ERR: 非法操作:js

[ 2017-03-27T22:19:51+08:00 ] ::1 /3.2.1/index.php/Home/Index/js/supersized.3.2.7.min.js
INFO: [ app_init ] --START--
INFO: Run Behavior\BuildLiteBehavior [ RunTime:0.000142s ]
INFO: [ app_init ] --END-- [ RunTime:0.002189s ]
ERR: 非法操作:js

[ 2017-03-27T22:19:51+08:00 ] ::1 /3.2.1/index.php/Home/Index/js/supersized-init.js
INFO: [ app_init ] --START--
INFO: Run Behavior\BuildLiteBehavior [ RunTime:0.000109s ]
INFO: [ app_init ] --END-- [ RunTime:0.001752s ]
ERR: 非法操作:js

[ 2017-03-27T22:19:51+08:00 ] ::1 /3.2.1/index.php/Home/Index/js/jquery.validate.min.js?var1.14.0
INFO: [ app_init ] --START--
INFO: Run Behavior\BuildLiteBehavior [ RunTime:0.000141s ]
INFO: [ app_init ] --END-- [ RunTime:0.002012s ]
ERR: 非法操作:js

[ 2017-03-27T22:38:45+08:00 ] ::1 /3.2.1/index.php/Home/Index/register
INFO: [ app_init ] --START--
INFO: Run Behavior\BuildLiteBehavior [ RunTime:0.000109s ]
INFO: [ app_init ] --END-- [ RunTime:0.001652s ]

[ 2017-03-27T22:38:45+08:00 ] ::1 /3.2.1/index.php/Home/Index/js/jquery.min.js
INFO: [ app_init ] --START--
INFO: Run Behavior\BuildLiteBehavior [ RunTime:0.000163s ]
INFO: [ app_init ] --END-- [ RunTime:0.002375s ]
ERR: 非法操作:js

[ 2017-03-27T22:38:45+08:00 ] ::1 /3.2.1/index.php/Home/Index/js/common.js
INFO: [ app_init ] --START--
INFO: Run Behavior\BuildLiteBehavior [ RunTime:0.000110s ]
INFO: [ app_init ] --END-- [ RunTime:0.001717s ]
ERR: 非法操作:js

[ 2017-03-27T22:38:46+08:00 ] ::1 /3.2.1/index.php/Home/Index/js/supersized.3.2.7.min.js
INFO: [ app_init ] --START--
INFO: Run Behavior\BuildLiteBehavior [ RunTime:0.000141s ]
INFO: [ app_init ] --END-- [ RunTime:0.001800s ]
ERR: 非法操作:js

[ 2017-03-27T22:38:46+08:00 ] ::1 /3.2.1/index.php/Home/Index/js/supersized-init.js
INFO: [ app_init ] --START--
INFO: Run Behavior\BuildLiteBehavior [ RunTime:0.000108s ]
INFO: [ app_init ] --END-- [ RunTime:0.001525s ]
ERR: 非法操作:js

[ 2017-03-27T22:38:46+08:00 ] ::1 /3.2.1/index.php/Home/Index/js/jquery.validate.min.js?var1.14.0
INFO: [ app_init ] --START--
INFO: Run Behavior\BuildLiteBehavior [ RunTime:0.000115s ]
INFO: [ app_init ] --END-- [ RunTime:0.001566s ]
ERR: 非法操作:js

[ 2017-03-27T22:43:19+08:00 ] ::1 /3.2.1/index.php/Home/Index/register
INFO: [ app_init ] --START--
INFO: Run Behavior\BuildLiteBehavior [ RunTime:0.000117s ]
INFO: [ app_init ] --END-- [ RunTime:0.002356s ]

[ 2017-03-27T22:43:19+08:00 ] ::1 /3.2.1/index.php/Home/Index/js/jquery.min.js
INFO: [ app_init ] --START--
INFO: Run Behavior\BuildLiteBehavior [ RunTime:0.000156s ]
INFO: [ app_init ] --END-- [ RunTime:0.002595s ]
ERR: 非法操作:js

[ 2017-03-27T22:43:19+08:00 ] ::1 /3.2.1/index.php/Home/Index/js/common.js
INFO: [ app_init ] --START--
INFO: Run Behavior\BuildLiteBehavior [ RunTime:0.000108s ]
INFO: [ app_init ] --END-- [ RunTime:0.001625s ]
ERR: 非法操作:js

[ 2017-03-27T22:43:19+08:00 ] ::1 /3.2.1/index.php/Home/Index/js/supersized.3.2.7.min.js
INFO: [ app_init ] --START--
INFO: Run Behavior\BuildLiteBehavior [ RunTime:0.000119s ]
INFO: [ app_init ] --END-- [ RunTime:0.001848s ]
ERR: 非法操作:js

[ 2017-03-27T22:43:19+08:00 ] ::1 /3.2.1/index.php/Home/Index/js/supersized-init.js
INFO: [ app_init ] --START--
INFO: Run Behavior\BuildLiteBehavior [ RunTime:0.000105s ]
INFO: [ app_init ] --END-- [ RunTime:0.001547s ]
ERR: 非法操作:js

[ 2017-03-27T22:43:19+08:00 ] ::1 /3.2.1/index.php/Home/Index/js/jquery.validate.min.js?var1.14.0
INFO: [ app_init ] --START--
INFO: Run Behavior\BuildLiteBehavior [ RunTime:0.000109s ]
INFO: [ app_init ] --END-- [ RunTime:0.001658s ]
ERR: 非法操作:js

[ 2017-03-27T22:45:50+08:00 ] ::1 /3.2.1/index.php/Home/Index/register
INFO: [ app_init ] --START--
INFO: Run Behavior\BuildLiteBehavior [ RunTime:0.000107s ]
INFO: [ app_init ] --END-- [ RunTime:0.001529s ]

[ 2017-03-27T22:45:50+08:00 ] ::1 /3.2.1/index.php/Home/Index/js/jquery.min.js
INFO: [ app_init ] --START--
INFO: Run Behavior\BuildLiteBehavior [ RunTime:0.000155s ]
INFO: [ app_init ] --END-- [ RunTime:0.002609s ]
ERR: 非法操作:js

[ 2017-03-27T22:45:50+08:00 ] ::1 /3.2.1/index.php/Home/Index/js/common.js
INFO: [ app_init ] --START--
INFO: Run Behavior\BuildLiteBehavior [ RunTime:0.000107s ]
INFO: [ app_init ] --END-- [ RunTime:0.001535s ]
ERR: 非法操作:js

[ 2017-03-27T22:45:50+08:00 ] ::1 /3.2.1/index.php/Home/Index/js/supersized.3.2.7.min.js
INFO: [ app_init ] --START--
INFO: Run Behavior\BuildLiteBehavior [ RunTime:0.000128s ]
INFO: [ app_init ] --END-- [ RunTime:0.001828s ]
ERR: 非法操作:js

[ 2017-03-27T22:45:50+08:00 ] ::1 /3.2.1/index.php/Home/Index/js/supersized-init.js
INFO: [ app_init ] --START--
INFO: Run Behavior\BuildLiteBehavior [ RunTime:0.000109s ]
INFO: [ app_init ] --END-- [ RunTime:0.001602s ]
ERR: 非法操作:js

[ 2017-03-27T22:45:50+08:00 ] ::1 /3.2.1/index.php/Home/Index/js/jquery.validate.min.js?var1.14.0
INFO: [ app_init ] --START--
INFO: Run Behavior\BuildLiteBehavior [ RunTime:0.000117s ]
INFO: [ app_init ] --END-- [ RunTime:0.001829s ]
ERR: 非法操作:js

[ 2017-03-27T22:47:28+08:00 ] ::1 /3.2.1/index.php/Home/Index/register
INFO: [ app_init ] --START--
INFO: Run Behavior\BuildLiteBehavior [ RunTime:0.000108s ]
INFO: [ app_init ] --END-- [ RunTime:0.001579s ]

[ 2017-03-27T22:47:29+08:00 ] ::1 /3.2.1/index.php/Home/Index/js/jquery.min.js
INFO: [ app_init ] --START--
INFO: Run Behavior\BuildLiteBehavior [ RunTime:0.000157s ]
INFO: [ app_init ] --END-- [ RunTime:0.003243s ]
ERR: 非法操作:js

[ 2017-03-27T22:47:29+08:00 ] ::1 /3.2.1/index.php/Home/Index/js/common.js
INFO: [ app_init ] --START--
INFO: Run Behavior\BuildLiteBehavior [ RunTime:0.000128s ]
INFO: [ app_init ] --END-- [ RunTime:0.001906s ]
ERR: 非法操作:js

[ 2017-03-27T22:47:29+08:00 ] ::1 /3.2.1/index.php/Home/Index/js/supersized.3.2.7.min.js
INFO: [ app_init ] --START--
INFO: Run Behavior\BuildLiteBehavior [ RunTime:0.000159s ]
INFO: [ app_init ] --END-- [ RunTime:0.003929s ]
ERR: 非法操作:js

[ 2017-03-27T22:47:29+08:00 ] ::1 /3.2.1/index.php/Home/Index/js/supersized-init.js
INFO: [ app_init ] --START--
INFO: Run Behavior\BuildLiteBehavior [ RunTime:0.000148s ]
INFO: [ app_init ] --END-- [ RunTime:0.002284s ]
ERR: 非法操作:js

[ 2017-03-27T22:47:29+08:00 ] ::1 /3.2.1/index.php/Home/Index/js/jquery.validate.min.js?var1.14.0
INFO: [ app_init ] --START--
INFO: Run Behavior\BuildLiteBehavior [ RunTime:0.000114s ]
INFO: [ app_init ] --END-- [ RunTime:0.002003s ]
ERR: 非法操作:js

[ 2017-03-27T22:50:22+08:00 ] ::1 /3.2.1/index.php/Home/Index/register
INFO: [ app_init ] --START--
INFO: Run Behavior\BuildLiteBehavior [ RunTime:0.000113s ]
INFO: [ app_init ] --END-- [ RunTime:0.001752s ]

[ 2017-03-27T22:50:22+08:00 ] ::1 /3.2.1/index.php/Home/Index/js/jquery.min.js
INFO: [ app_init ] --START--
INFO: Run Behavior\BuildLiteBehavior [ RunTime:0.000171s ]
INFO: [ app_init ] --END-- [ RunTime:0.002925s ]
ERR: 非法操作:js

[ 2017-03-27T22:50:22+08:00 ] ::1 /3.2.1/index.php/Home/Index/js/common.js
INFO: [ app_init ] --START--
INFO: Run Behavior\BuildLiteBehavior [ RunTime:0.000111s ]
INFO: [ app_init ] --END-- [ RunTime:0.001649s ]
ERR: 非法操作:js

[ 2017-03-27T22:50:22+08:00 ] ::1 /3.2.1/index.php/Home/Index/js/supersized.3.2.7.min.js
INFO: [ app_init ] --START--
INFO: Run Behavior\BuildLiteBehavior [ RunTime:0.000113s ]
INFO: [ app_init ] --END-- [ RunTime:0.001948s ]
ERR: 非法操作:js

[ 2017-03-27T22:50:22+08:00 ] ::1 /3.2.1/index.php/Home/Index/js/supersized-init.js
INFO: [ app_init ] --START--
INFO: Run Behavior\BuildLiteBehavior [ RunTime:0.000114s ]
INFO: [ app_init ] --END-- [ RunTime:0.001754s ]
ERR: 非法操作:js

[ 2017-03-27T22:50:22+08:00 ] ::1 /3.2.1/index.php/Home/Index/js/jquery.validate.min.js?var1.14.0
INFO: [ app_init ] --START--
INFO: Run Behavior\BuildLiteBehavior [ RunTime:0.000128s ]
INFO: [ app_init ] --END-- [ RunTime:0.001686s ]
ERR: 非法操作:js

[ 2017-03-27T22:50:57+08:00 ] ::1 /3.2.1/index.php/Home/Index/register
INFO: [ app_init ] --START--
INFO: Run Behavior\BuildLiteBehavior [ RunTime:0.000107s ]
INFO: [ app_init ] --END-- [ RunTime:0.001550s ]

[ 2017-03-27T22:50:57+08:00 ] ::1 /3.2.1/index.php/Home/Index/js/jquery.min.js
INFO: [ app_init ] --START--
INFO: Run Behavior\BuildLiteBehavior [ RunTime:0.000153s ]
INFO: [ app_init ] --END-- [ RunTime:0.002443s ]
ERR: 非法操作:js

[ 2017-03-27T22:50:57+08:00 ] ::1 /3.2.1/index.php/Home/Index/js/common.js
INFO: [ app_init ] --START--
INFO: Run Behavior\BuildLiteBehavior [ RunTime:0.000120s ]
INFO: [ app_init ] --END-- [ RunTime:0.001734s ]
ERR: 非法操作:js

[ 2017-03-27T22:50:57+08:00 ] ::1 /3.2.1/index.php/Home/Index/js/supersized.3.2.7.min.js
INFO: [ app_init ] --START--
INFO: Run Behavior\BuildLiteBehavior [ RunTime:0.000114s ]
INFO: [ app_init ] --END-- [ RunTime:0.001806s ]
ERR: 非法操作:js

[ 2017-03-27T22:50:57+08:00 ] ::1 /3.2.1/index.php/Home/Index/js/supersized-init.js
INFO: [ app_init ] --START--
INFO: Run Behavior\BuildLiteBehavior [ RunTime:0.000115s ]
INFO: [ app_init ] --END-- [ RunTime:0.001928s ]
ERR: 非法操作:js

[ 2017-03-27T22:50:57+08:00 ] ::1 /3.2.1/index.php/Home/Index/js/jquery.validate.min.js?var1.14.0
INFO: [ app_init ] --START--
INFO: Run Behavior\BuildLiteBehavior [ RunTime:0.000105s ]
INFO: [ app_init ] --END-- [ RunTime:0.001533s ]
ERR: 非法操作:js

[ 2017-03-27T22:56:36+08:00 ] ::1 /3.2.1/index.php/Home/Index/register
INFO: [ app_init ] --START--
INFO: Run Behavior\BuildLiteBehavior [ RunTime:0.000107s ]
INFO: [ app_init ] --END-- [ RunTime:0.001547s ]

[ 2017-03-27T22:56:36+08:00 ] ::1 /3.2.1/index.php/Home/Index/js/jquery.min.js
INFO: [ app_init ] --START--
INFO: Run Behavior\BuildLiteBehavior [ RunTime:0.000163s ]
INFO: [ app_init ] --END-- [ RunTime:0.002599s ]
ERR: 非法操作:js

[ 2017-03-27T22:56:36+08:00 ] ::1 /3.2.1/index.php/Home/Index/js/common.js
INFO: [ app_init ] --START--
INFO: Run Behavior\BuildLiteBehavior [ RunTime:0.000114s ]
INFO: [ app_init ] --END-- [ RunTime:0.001877s ]
ERR: 非法操作:js

[ 2017-03-27T22:56:37+08:00 ] ::1 /3.2.1/index.php/Home/Index/js/supersized.3.2.7.min.js
INFO: [ app_init ] --START--
INFO: Run Behavior\BuildLiteBehavior [ RunTime:0.000110s ]
INFO: [ app_init ] --END-- [ RunTime:0.001588s ]
ERR: 非法操作:js

[ 2017-03-27T22:56:37+08:00 ] ::1 /3.2.1/index.php/Home/Index/js/supersized-init.js
INFO: [ app_init ] --START--
INFO: Run Behavior\BuildLiteBehavior [ RunTime:0.000109s ]
INFO: [ app_init ] --END-- [ RunTime:0.001638s ]
ERR: 非法操作:js

[ 2017-03-27T22:56:37+08:00 ] ::1 /3.2.1/index.php/Home/Index/js/jquery.validate.min.js?var1.14.0
INFO: [ app_init ] --START--
INFO: Run Behavior\BuildLiteBehavior [ RunTime:0.000109s ]
INFO: [ app_init ] --END-- [ RunTime:0.001732s ]
ERR: 非法操作:js

[ 2017-03-27T22:56:49+08:00 ] ::1 /3.2.1/index.php/Home/Index/register
INFO: [ app_init ] --START--
INFO: Run Behavior\BuildLiteBehavior [ RunTime:0.000111s ]
INFO: [ app_init ] --END-- [ RunTime:0.001648s ]

[ 2017-03-27T22:56:49+08:00 ] ::1 /3.2.1/index.php/Home/Index/js/jquery.min.js
INFO: [ app_init ] --START--
INFO: Run Behavior\BuildLiteBehavior [ RunTime:0.000117s ]
INFO: [ app_init ] --END-- [ RunTime:0.002026s ]
ERR: 非法操作:js

[ 2017-03-27T22:56:49+08:00 ] ::1 /3.2.1/index.php/Home/Index/js/common.js
INFO: [ app_init ] --START--
INFO: Run Behavior\BuildLiteBehavior [ RunTime:0.000112s ]
INFO: [ app_init ] --END-- [ RunTime:0.001642s ]
ERR: 非法操作:js

[ 2017-03-27T22:56:49+08:00 ] ::1 /3.2.1/index.php/Home/Index/js/supersized-init.js
INFO: [ app_init ] --START--
INFO: Run Behavior\BuildLiteBehavior [ RunTime:0.000153s ]
INFO: [ app_init ] --END-- [ RunTime:0.002281s ]
ERR: 非法操作:js

[ 2017-03-27T22:56:49+08:00 ] ::1 /3.2.1/index.php/Home/Index/js/supersized.3.2.7.min.js
INFO: [ app_init ] --START--
INFO: Run Behavior\BuildLiteBehavior [ RunTime:0.000248s ]
INFO: [ app_init ] --END-- [ RunTime:0.002409s ]
ERR: 非法操作:js

[ 2017-03-27T22:56:49+08:00 ] ::1 /3.2.1/index.php/Home/Index/js/jquery.validate.min.js?var1.14.0
INFO: [ app_init ] --START--
INFO: Run Behavior\BuildLiteBehavior [ RunTime:0.000112s ]
INFO: [ app_init ] --END-- [ RunTime:0.003513s ]
ERR: 非法操作:js

[ 2017-03-27T22:56:50+08:00 ] ::1 /3.2.1/index.php/Home/Index/js/jquery.min.js
INFO: [ app_init ] --START--
INFO: Run Behavior\BuildLiteBehavior [ RunTime:0.000156s ]
INFO: [ app_init ] --END-- [ RunTime:0.002551s ]
ERR: 非法操作:js

[ 2017-03-27T22:56:50+08:00 ] ::1 /3.2.1/index.php/Home/Index/js/common.js
INFO: [ app_init ] --START--
INFO: Run Behavior\BuildLiteBehavior [ RunTime:0.000142s ]
INFO: [ app_init ] --END-- [ RunTime:0.002178s ]
ERR: 非法操作:js

[ 2017-03-27T22:56:50+08:00 ] ::1 /3.2.1/index.php/Home/Index/js/supersized.3.2.7.min.js
INFO: [ app_init ] --START--
INFO: Run Behavior\BuildLiteBehavior [ RunTime:0.000236s ]
INFO: [ app_init ] --END-- [ RunTime:0.009350s ]
ERR: 非法操作:js

[ 2017-03-27T22:56:50+08:00 ] ::1 /3.2.1/index.php/Home/Index/js/supersized-init.js
INFO: [ app_init ] --START--
INFO: Run Behavior\BuildLiteBehavior [ RunTime:0.000118s ]
INFO: [ app_init ] --END-- [ RunTime:0.002159s ]
ERR: 非法操作:js

[ 2017-03-27T22:56:50+08:00 ] ::1 /3.2.1/index.php/Home/Index/js/jquery.validate.min.js?var1.14.0
INFO: [ app_init ] --START--
INFO: Run Behavior\BuildLiteBehavior [ RunTime:0.000144s ]
INFO: [ app_init ] --END-- [ RunTime:0.002961s ]
ERR: 非法操作:js

[ 2017-03-27T22:58:41+08:00 ] ::1 /3.2.1/index.php/Home/Index/register
INFO: [ app_init ] --START--
INFO: Run Behavior\BuildLiteBehavior [ RunTime:0.000151s ]
INFO: [ app_init ] --END-- [ RunTime:0.002431s ]

[ 2017-03-27T22:58:42+08:00 ] ::1 /3.2.1/index.php/Home/Index/js/supersized.3.2.7.min.js
INFO: [ app_init ] --START--
INFO: Run Behavior\BuildLiteBehavior [ RunTime:0.000117s ]
INFO: [ app_init ] --END-- [ RunTime:0.001611s ]
ERR: 非法操作:js

[ 2017-03-27T22:58:42+08:00 ] ::1 /3.2.1/index.php/Home/Index/js/supersized-init.js
INFO: [ app_init ] --START--
INFO: Run Behavior\BuildLiteBehavior [ RunTime:0.000129s ]
INFO: [ app_init ] --END-- [ RunTime:0.002928s ]
ERR: 非法操作:js

[ 2017-03-27T22:58:42+08:00 ] ::1 /3.2.1/index.php/Home/Index/js/jquery.min.js
INFO: [ app_init ] --START--
INFO: Run Behavior\BuildLiteBehavior [ RunTime:0.000147s ]
INFO: [ app_init ] --END-- [ RunTime:0.006732s ]
ERR: 非法操作:js

[ 2017-03-27T22:58:42+08:00 ] ::1 /3.2.1/index.php/Home/Index/js/common.js
INFO: [ app_init ] --START--
INFO: Run Behavior\BuildLiteBehavior [ RunTime:0.000120s ]
INFO: [ app_init ] --END-- [ RunTime:0.002790s ]
ERR: 非法操作:js

[ 2017-03-27T22:58:42+08:00 ] ::1 /3.2.1/index.php/Home/Index/js/jquery.validate.min.js?var1.14.0
INFO: [ app_init ] --START--
INFO: Run Behavior\BuildLiteBehavior [ RunTime:0.000160s ]
INFO: [ app_init ] --END-- [ RunTime:0.002637s ]
ERR: 非法操作:js

[ 2017-03-27T22:58:43+08:00 ] ::1 /3.2.1/index.php/Home/Index/js/jquery.min.js
INFO: [ app_init ] --START--
INFO: Run Behavior\BuildLiteBehavior [ RunTime:0.000167s ]
INFO: [ app_init ] --END-- [ RunTime:0.002828s ]
ERR: 非法操作:js

[ 2017-03-27T22:58:43+08:00 ] ::1 /3.2.1/index.php/Home/Index/js/common.js
INFO: [ app_init ] --START--
INFO: Run Behavior\BuildLiteBehavior [ RunTime:0.000110s ]
INFO: [ app_init ] --END-- [ RunTime:0.001784s ]
ERR: 非法操作:js

[ 2017-03-27T22:58:43+08:00 ] ::1 /3.2.1/index.php/Home/Index/js/supersized.3.2.7.min.js
INFO: [ app_init ] --START--
INFO: Run Behavior\BuildLiteBehavior [ RunTime:0.000165s ]
INFO: [ app_init ] --END-- [ RunTime:0.003488s ]
ERR: 非法操作:js

[ 2017-03-27T22:58:43+08:00 ] ::1 /3.2.1/index.php/Home/Index/js/supersized-init.js
INFO: [ app_init ] --START--
INFO: Run Behavior\BuildLiteBehavior [ RunTime:0.000109s ]
INFO: [ app_init ] --END-- [ RunTime:0.001682s ]
ERR: 非法操作:js

[ 2017-03-27T22:58:43+08:00 ] ::1 /3.2.1/index.php/Home/Index/js/jquery.validate.min.js?var1.14.0
INFO: [ app_init ] --START--
INFO: Run Behavior\BuildLiteBehavior [ RunTime:0.000148s ]
INFO: [ app_init ] --END-- [ RunTime:0.002275s ]
ERR: 非法操作:js

[ 2017-03-27T22:59:34+08:00 ] ::1 /3.2.1/index.php/Home/Index/register
INFO: [ app_init ] --START--
INFO: Run Behavior\BuildLiteBehavior [ RunTime:0.000120s ]
INFO: [ app_init ] --END-- [ RunTime:0.002669s ]

[ 2017-03-27T22:59:35+08:00 ] ::1 /3.2.1/index.php/Home/Index/js/common.js
INFO: [ app_init ] --START--
INFO: Run Behavior\BuildLiteBehavior [ RunTime:0.000125s ]
INFO: [ app_init ] --END-- [ RunTime:0.003318s ]
ERR: 非法操作:js

[ 2017-03-27T22:59:35+08:00 ] ::1 /3.2.1/index.php/Home/Index/js/jquery.min.js
INFO: [ app_init ] --START--
INFO: Run Behavior\BuildLiteBehavior [ RunTime:0.000117s ]
INFO: [ app_init ] --END-- [ RunTime:0.043087s ]
ERR: 非法操作:js

[ 2017-03-27T22:59:35+08:00 ] ::1 /3.2.1/index.php/Home/Index/js/supersized-init.js
INFO: [ app_init ] --START--
INFO: Run Behavior\BuildLiteBehavior [ RunTime:0.000148s ]
INFO: [ app_init ] --END-- [ RunTime:0.002214s ]
ERR: 非法操作:js

[ 2017-03-27T22:59:35+08:00 ] ::1 /3.2.1/index.php/Home/Index/js/supersized.3.2.7.min.js
INFO: [ app_init ] --START--
INFO: Run Behavior\BuildLiteBehavior [ RunTime:0.000123s ]
INFO: [ app_init ] --END-- [ RunTime:0.001988s ]
ERR: 非法操作:js

[ 2017-03-27T22:59:35+08:00 ] ::1 /3.2.1/index.php/Home/Index/js/jquery.validate.min.js?var1.14.0
INFO: [ app_init ] --START--
INFO: Run Behavior\BuildLiteBehavior [ RunTime:0.000113s ]
INFO: [ app_init ] --END-- [ RunTime:0.001691s ]
ERR: 非法操作:js

[ 2017-03-27T22:59:35+08:00 ] ::1 /3.2.1/index.php/Home/Index/js/common.js
INFO: [ app_init ] --START--
INFO: Run Behavior\BuildLiteBehavior [ RunTime:0.000155s ]
INFO: [ app_init ] --END-- [ RunTime:0.002535s ]
ERR: 非法操作:js

[ 2017-03-27T22:59:35+08:00 ] ::1 /3.2.1/index.php/Home/Index/js/supersized.3.2.7.min.js
INFO: [ app_init ] --START--
INFO: Run Behavior\BuildLiteBehavior [ RunTime:0.000110s ]
INFO: [ app_init ] --END-- [ RunTime:0.001628s ]
ERR: 非法操作:js

[ 2017-03-27T22:59:35+08:00 ] ::1 /3.2.1/index.php/Home/Index/js/supersized-init.js
INFO: [ app_init ] --START--
INFO: Run Behavior\BuildLiteBehavior [ RunTime:0.000111s ]
INFO: [ app_init ] --END-- [ RunTime:0.001838s ]
ERR: 非法操作:js

[ 2017-03-27T22:59:35+08:00 ] ::1 /3.2.1/index.php/Home/Index/js/jquery.validate.min.js?var1.14.0
INFO: [ app_init ] --START--
INFO: Run Behavior\BuildLiteBehavior [ RunTime:0.000118s ]
INFO: [ app_init ] --END-- [ RunTime:0.001662s ]
ERR: 非法操作:js

[ 2017-03-27T23:02:13+08:00 ] ::1 /3.2.1/index.php/Home/Index/register
INFO: [ app_init ] --START--
INFO: Run Behavior\BuildLiteBehavior [ RunTime:0.000109s ]
INFO: [ app_init ] --END-- [ RunTime:0.001579s ]

[ 2017-03-27T23:02:13+08:00 ] ::1 /3.2.1/index.php/Home/Index/js/jquery.min.js
INFO: [ app_init ] --START--
INFO: Run Behavior\BuildLiteBehavior [ RunTime:0.000115s ]
INFO: [ app_init ] --END-- [ RunTime:0.001711s ]
ERR: 非法操作:js

[ 2017-03-27T23:02:13+08:00 ] ::1 /3.2.1/index.php/Home/Index/js/common.js
INFO: [ app_init ] --START--
INFO: Run Behavior\BuildLiteBehavior [ RunTime:0.000112s ]
INFO: [ app_init ] --END-- [ RunTime:0.002183s ]
ERR: 非法操作:js

[ 2017-03-27T23:02:13+08:00 ] ::1 /3.2.1/index.php/Home/Index/js/jquery.validate.min.js?var1.14.0
INFO: [ app_init ] --START--
INFO: Run Behavior\BuildLiteBehavior [ RunTime:0.000121s ]
INFO: [ app_init ] --END-- [ RunTime:0.002247s ]
ERR: 非法操作:js

[ 2017-03-27T23:02:13+08:00 ] ::1 /3.2.1/index.php/Home/Index/js/supersized.3.2.7.min.js
INFO: [ app_init ] --START--
INFO: Run Behavior\BuildLiteBehavior [ RunTime:0.000125s ]
INFO: [ app_init ] --END-- [ RunTime:0.001741s ]
ERR: 非法操作:js

[ 2017-03-27T23:02:13+08:00 ] ::1 /3.2.1/index.php/Home/Index/js/supersized-init.js
INFO: [ app_init ] --START--
INFO: Run Behavior\BuildLiteBehavior [ RunTime:0.000117s ]
INFO: [ app_init ] --END-- [ RunTime:0.001739s ]
ERR: 非法操作:js

[ 2017-03-27T23:02:13+08:00 ] ::1 /3.2.1/index.php/Home/Index/js/jquery.min.js
INFO: [ app_init ] --START--
INFO: Run Behavior\BuildLiteBehavior [ RunTime:0.000154s ]
INFO: [ app_init ] --END-- [ RunTime:0.002517s ]
ERR: 非法操作:js

[ 2017-03-27T23:02:14+08:00 ] ::1 /3.2.1/index.php/Home/Index/js/common.js
INFO: [ app_init ] --START--
INFO: Run Behavior\BuildLiteBehavior [ RunTime:0.000109s ]
INFO: [ app_init ] --END-- [ RunTime:0.001565s ]
ERR: 非法操作:js

[ 2017-03-27T23:02:14+08:00 ] ::1 /3.2.1/index.php/Home/Index/js/supersized.3.2.7.min.js
INFO: [ app_init ] --START--
INFO: Run Behavior\BuildLiteBehavior [ RunTime:0.000150s ]
INFO: [ app_init ] --END-- [ RunTime:0.002451s ]
ERR: 非法操作:js

[ 2017-03-27T23:02:14+08:00 ] ::1 /3.2.1/index.php/Home/Index/js/supersized-init.js
INFO: [ app_init ] --START--
INFO: Run Behavior\BuildLiteBehavior [ RunTime:0.000143s ]
INFO: [ app_init ] --END-- [ RunTime:0.002099s ]
ERR: 非法操作:js

[ 2017-03-27T23:02:14+08:00 ] ::1 /3.2.1/index.php/Home/Index/js/jquery.validate.min.js?var1.14.0
INFO: [ app_init ] --START--
INFO: Run Behavior\BuildLiteBehavior [ RunTime:0.000111s ]
INFO: [ app_init ] --END-- [ RunTime:0.001575s ]
ERR: 非法操作:js

[ 2017-03-27T23:12:08+08:00 ] ::1 /3.2.1/index.php/Home/Index/register
INFO: [ app_init ] --START--
INFO: Run Behavior\BuildLiteBehavior [ RunTime:0.000106s ]
INFO: [ app_init ] --END-- [ RunTime:0.001530s ]

[ 2017-03-27T23:12:08+08:00 ] ::1 /3.2.1/index.php/Home/Index/js/jquery.min.js
INFO: [ app_init ] --START--
INFO: Run Behavior\BuildLiteBehavior [ RunTime:0.000119s ]
INFO: [ app_init ] --END-- [ RunTime:0.002559s ]
ERR: 非法操作:js

[ 2017-03-27T23:12:08+08:00 ] ::1 /3.2.1/index.php/Home/Index/js/common.js
INFO: [ app_init ] --START--
INFO: Run Behavior\BuildLiteBehavior [ RunTime:0.000155s ]
INFO: [ app_init ] --END-- [ RunTime:0.005545s ]
ERR: 非法操作:js

[ 2017-03-27T23:12:08+08:00 ] ::1 /3.2.1/index.php/Home/Index/js/supersized.3.2.7.min.js
INFO: [ app_init ] --START--
INFO: Run Behavior\BuildLiteBehavior [ RunTime:0.000117s ]
INFO: [ app_init ] --END-- [ RunTime:0.002701s ]
ERR: 非法操作:js

[ 2017-03-27T23:12:08+08:00 ] ::1 /3.2.1/index.php/Home/Index/js/supersized-init.js
INFO: [ app_init ] --START--
INFO: Run Behavior\BuildLiteBehavior [ RunTime:0.000121s ]
INFO: [ app_init ] --END-- [ RunTime:0.002214s ]
ERR: 非法操作:js

[ 2017-03-27T23:12:08+08:00 ] ::1 /3.2.1/index.php/Home/Index/js/jquery.validate.min.js?var1.14.0
INFO: [ app_init ] --START--
INFO: Run Behavior\BuildLiteBehavior [ RunTime:0.000152s ]
INFO: [ app_init ] --END-- [ RunTime:0.002797s ]
ERR: 非法操作:js

[ 2017-03-27T23:12:09+08:00 ] ::1 /3.2.1/index.php/Home/Index/js/jquery.min.js
INFO: [ app_init ] --START--
INFO: Run Behavior\BuildLiteBehavior [ RunTime:0.000150s ]
INFO: [ app_init ] --END-- [ RunTime:0.002374s ]
ERR: 非法操作:js

[ 2017-03-27T23:12:09+08:00 ] ::1 /3.2.1/index.php/Home/Index/js/common.js
INFO: [ app_init ] --START--
INFO: Run Behavior\BuildLiteBehavior [ RunTime:0.000115s ]
INFO: [ app_init ] --END-- [ RunTime:0.001686s ]
ERR: 非法操作:js

[ 2017-03-27T23:12:09+08:00 ] ::1 /3.2.1/index.php/Home/Index/js/supersized.3.2.7.min.js
INFO: [ app_init ] --START--
INFO: Run Behavior\BuildLiteBehavior [ RunTime:0.000120s ]
INFO: [ app_init ] --END-- [ RunTime:0.002775s ]
ERR: 非法操作:js

[ 2017-03-27T23:12:09+08:00 ] ::1 /3.2.1/index.php/Home/Index/js/supersized-init.js
INFO: [ app_init ] --START--
INFO: Run Behavior\BuildLiteBehavior [ RunTime:0.000106s ]
INFO: [ app_init ] --END-- [ RunTime:0.001623s ]
ERR: 非法操作:js

[ 2017-03-27T23:12:09+08:00 ] ::1 /3.2.1/index.php/Home/Index/js/jquery.validate.min.js?var1.14.0
INFO: [ app_init ] --START--
INFO: Run Behavior\BuildLiteBehavior [ RunTime:0.000113s ]
INFO: [ app_init ] --END-- [ RunTime:0.001670s ]
ERR: 非法操作:js

[ 2017-03-27T23:12:25+08:00 ] ::1 /3.2.1/index.php/Home/Index/register
INFO: [ app_init ] --START--
INFO: Run Behavior\BuildLiteBehavior [ RunTime:0.000118s ]
INFO: [ app_init ] --END-- [ RunTime:0.002089s ]

[ 2017-03-27T23:12:26+08:00 ] ::1 /3.2.1/index.php/Home/Index/js/jquery.min.js
INFO: [ app_init ] --START--
INFO: Run Behavior\BuildLiteBehavior [ RunTime:0.000109s ]
INFO: [ app_init ] --END-- [ RunTime:0.001630s ]
ERR: 非法操作:js

[ 2017-03-27T23:12:26+08:00 ] ::1 /3.2.1/index.php/Home/Index/js/common.js
INFO: [ app_init ] --START--
INFO: Run Behavior\BuildLiteBehavior [ RunTime:0.000120s ]
INFO: [ app_init ] --END-- [ RunTime:0.004656s ]
ERR: 非法操作:js

[ 2017-03-27T23:12:26+08:00 ] ::1 /3.2.1/index.php/Home/Index/js/supersized.3.2.7.min.js
INFO: [ app_init ] --START--
INFO: Run Behavior\BuildLiteBehavior [ RunTime:0.000109s ]
INFO: [ app_init ] --END-- [ RunTime:0.001603s ]
ERR: 非法操作:js

[ 2017-03-27T23:12:26+08:00 ] ::1 /3.2.1/index.php/Home/Index/js/supersized-init.js
INFO: [ app_init ] --START--
INFO: Run Behavior\BuildLiteBehavior [ RunTime:0.000150s ]
INFO: [ app_init ] --END-- [ RunTime:0.002332s ]
ERR: 非法操作:js

[ 2017-03-27T23:12:26+08:00 ] ::1 /3.2.1/index.php/Home/Index/js/jquery.validate.min.js?var1.14.0
INFO: [ app_init ] --START--
INFO: Run Behavior\BuildLiteBehavior [ RunTime:0.000158s ]
INFO: [ app_init ] --END-- [ RunTime:0.002769s ]
ERR: 非法操作:js

[ 2017-03-27T23:12:27+08:00 ] ::1 /3.2.1/index.php/Home/Index/js/jquery.min.js
INFO: [ app_init ] --START--
INFO: Run Behavior\BuildLiteBehavior [ RunTime:0.000154s ]
INFO: [ app_init ] --END-- [ RunTime:0.002465s ]
ERR: 非法操作:js

[ 2017-03-27T23:12:28+08:00 ] ::1 /3.2.1/index.php/Home/Index/js/common.js
INFO: [ app_init ] --START--
INFO: Run Behavior\BuildLiteBehavior [ RunTime:0.000169s ]
INFO: [ app_init ] --END-- [ RunTime:0.002401s ]
ERR: 非法操作:js

[ 2017-03-27T23:12:28+08:00 ] ::1 /3.2.1/index.php/Home/Index/js/supersized.3.2.7.min.js
INFO: [ app_init ] --START--
INFO: Run Behavior\BuildLiteBehavior [ RunTime:0.000158s ]
INFO: [ app_init ] --END-- [ RunTime:0.002314s ]
ERR: 非法操作:js

[ 2017-03-27T23:12:28+08:00 ] ::1 /3.2.1/index.php/Home/Index/js/supersized-init.js
INFO: [ app_init ] --START--
INFO: Run Behavior\BuildLiteBehavior [ RunTime:0.000115s ]
INFO: [ app_init ] --END-- [ RunTime:0.001825s ]
ERR: 非法操作:js

[ 2017-03-27T23:12:29+08:00 ] ::1 /3.2.1/index.php/Home/Index/js/jquery.validate.min.js?var1.14.0
INFO: [ app_init ] --START--
INFO: Run Behavior\BuildLiteBehavior [ RunTime:0.000151s ]
INFO: [ app_init ] --END-- [ RunTime:0.002332s ]
ERR: 非法操作:js

[ 2017-03-27T23:13:42+08:00 ] ::1 /3.2.1/index.php/Home/Index/register
INFO: [ app_init ] --START--
INFO: Run Behavior\BuildLiteBehavior [ RunTime:0.000147s ]
INFO: [ app_init ] --END-- [ RunTime:0.002752s ]

[ 2017-03-27T23:13:42+08:00 ] ::1 /3.2.1/index.php/Home/Index/js/jquery.min.js
INFO: [ app_init ] --START--
INFO: Run Behavior\BuildLiteBehavior [ RunTime:0.000151s ]
INFO: [ app_init ] --END-- [ RunTime:0.009017s ]
ERR: 非法操作:js

[ 2017-03-27T23:13:43+08:00 ] ::1 /3.2.1/index.php/Home/Index/js/common.js
INFO: [ app_init ] --START--
INFO: Run Behavior\BuildLiteBehavior [ RunTime:0.000120s ]
INFO: [ app_init ] --END-- [ RunTime:0.001667s ]
ERR: 非法操作:js

[ 2017-03-27T23:13:43+08:00 ] ::1 /3.2.1/index.php/Home/Index/js/supersized-init.js
INFO: [ app_init ] --START--
INFO: Run Behavior\BuildLiteBehavior [ RunTime:0.000111s ]
INFO: [ app_init ] --END-- [ RunTime:0.001546s ]
ERR: 非法操作:js

[ 2017-03-27T23:13:43+08:00 ] ::1 /3.2.1/index.php/Home/Index/js/jquery.validate.min.js?var1.14.0
INFO: [ app_init ] --START--
INFO: Run Behavior\BuildLiteBehavior [ RunTime:0.000117s ]
INFO: [ app_init ] --END-- [ RunTime:0.002082s ]
ERR: 非法操作:js

[ 2017-03-27T23:13:43+08:00 ] ::1 /3.2.1/index.php/Home/Index/js/supersized.3.2.7.min.js
INFO: [ app_init ] --START--
INFO: Run Behavior\BuildLiteBehavior [ RunTime:0.000150s ]
INFO: [ app_init ] --END-- [ RunTime:0.002319s ]
ERR: 非法操作:js

[ 2017-03-27T23:13:43+08:00 ] ::1 /3.2.1/index.php/Home/Index/js/jquery.min.js
INFO: [ app_init ] --START--
INFO: Run Behavior\BuildLiteBehavior [ RunTime:0.000157s ]
INFO: [ app_init ] --END-- [ RunTime:0.002502s ]
ERR: 非法操作:js

[ 2017-03-27T23:13:44+08:00 ] ::1 /3.2.1/index.php/Home/Index/js/common.js
INFO: [ app_init ] --START--
INFO: Run Behavior\BuildLiteBehavior [ RunTime:0.000153s ]
INFO: [ app_init ] --END-- [ RunTime:0.002884s ]
ERR: 非法操作:js

[ 2017-03-27T23:13:44+08:00 ] ::1 /3.2.1/index.php/Home/Index/js/supersized.3.2.7.min.js
INFO: [ app_init ] --START--
INFO: Run Behavior\BuildLiteBehavior [ RunTime:0.000153s ]
INFO: [ app_init ] --END-- [ RunTime:0.002494s ]
ERR: 非法操作:js

[ 2017-03-27T23:13:44+08:00 ] ::1 /3.2.1/index.php/Home/Index/js/supersized-init.js
INFO: [ app_init ] --START--
INFO: Run Behavior\BuildLiteBehavior [ RunTime:0.000159s ]
INFO: [ app_init ] --END-- [ RunTime:0.002721s ]
ERR: 非法操作:js

[ 2017-03-27T23:13:44+08:00 ] ::1 /3.2.1/index.php/Home/Index/js/jquery.validate.min.js?var1.14.0
INFO: [ app_init ] --START--
INFO: Run Behavior\BuildLiteBehavior [ RunTime:0.000153s ]
INFO: [ app_init ] --END-- [ RunTime:0.002688s ]
ERR: 非法操作:js

[ 2017-03-27T23:14:16+08:00 ] ::1 /3.2.1/index.php/Home/Index/register
INFO: [ app_init ] --START--
INFO: Run Behavior\BuildLiteBehavior [ RunTime:0.000147s ]
INFO: [ app_init ] --END-- [ RunTime:0.002355s ]

[ 2017-03-27T23:14:17+08:00 ] ::1 /3.2.1/index.php/Home/Index/js/jquery.min.js
INFO: [ app_init ] --START--
INFO: Run Behavior\BuildLiteBehavior [ RunTime:0.000125s ]
INFO: [ app_init ] --END-- [ RunTime:0.001835s ]
ERR: 非法操作:js

[ 2017-03-27T23:14:17+08:00 ] ::1 /3.2.1/index.php/Home/Index/js/supersized.3.2.7.min.js
INFO: [ app_init ] --START--
INFO: Run Behavior\BuildLiteBehavior [ RunTime:0.000239s ]
INFO: [ app_init ] --END-- [ RunTime:0.002802s ]
ERR: 非法操作:js

[ 2017-03-27T23:14:17+08:00 ] ::1 /3.2.1/index.php/Home/Index/js/supersized-init.js
INFO: [ app_init ] --START--
INFO: Run Behavior\BuildLiteBehavior [ RunTime:0.000121s ]
INFO: [ app_init ] --END-- [ RunTime:0.001771s ]
ERR: 非法操作:js

[ 2017-03-27T23:14:17+08:00 ] ::1 /3.2.1/index.php/Home/Index/js/common.js
INFO: [ app_init ] --START--
INFO: Run Behavior\BuildLiteBehavior [ RunTime:0.000118s ]
INFO: [ app_init ] --END-- [ RunTime:0.002043s ]
ERR: 非法操作:js

[ 2017-03-27T23:14:17+08:00 ] ::1 /3.2.1/index.php/Home/Index/js/jquery.validate.min.js?var1.14.0
INFO: [ app_init ] --START--
INFO: Run Behavior\BuildLiteBehavior [ RunTime:0.000323s ]
INFO: [ app_init ] --END-- [ RunTime:0.003105s ]
ERR: 非法操作:js

[ 2017-03-27T23:14:18+08:00 ] ::1 /3.2.1/index.php/Home/Index/js/jquery.min.js
INFO: [ app_init ] --START--
INFO: Run Behavior\BuildLiteBehavior [ RunTime:0.000153s ]
INFO: [ app_init ] --END-- [ RunTime:0.002706s ]
ERR: 非法操作:js

[ 2017-03-27T23:14:18+08:00 ] ::1 /3.2.1/index.php/Home/Index/js/common.js
INFO: [ app_init ] --START--
INFO: Run Behavior\BuildLiteBehavior [ RunTime:0.000118s ]
INFO: [ app_init ] --END-- [ RunTime:0.002143s ]
ERR: 非法操作:js

[ 2017-03-27T23:14:18+08:00 ] ::1 /3.2.1/index.php/Home/Index/js/supersized.3.2.7.min.js
INFO: [ app_init ] --START--
INFO: Run Behavior\BuildLiteBehavior [ RunTime:0.000145s ]
INFO: [ app_init ] --END-- [ RunTime:0.002269s ]
ERR: 非法操作:js

[ 2017-03-27T23:14:18+08:00 ] ::1 /3.2.1/index.php/Home/Index/js/supersized-init.js
INFO: [ app_init ] --START--
INFO: Run Behavior\BuildLiteBehavior [ RunTime:0.000223s ]
INFO: [ app_init ] --END-- [ RunTime:0.002786s ]
ERR: 非法操作:js

[ 2017-03-27T23:14:19+08:00 ] ::1 /3.2.1/index.php/Home/Index/js/jquery.validate.min.js?var1.14.0
INFO: [ app_init ] --START--
INFO: Run Behavior\BuildLiteBehavior [ RunTime:0.000147s ]
INFO: [ app_init ] --END-- [ RunTime:0.002226s ]
ERR: 非法操作:js

[ 2017-03-27T23:15:24+08:00 ] ::1 /3.2.1/index.php/Home/Index/register
INFO: [ app_init ] --START--
INFO: Run Behavior\BuildLiteBehavior [ RunTime:0.000311s ]
INFO: [ app_init ] --END-- [ RunTime:0.002831s ]

[ 2017-03-27T23:15:24+08:00 ] ::1 /3.2.1/index.php/Home/Index/js/jquery.min.js
INFO: [ app_init ] --START--
INFO: Run Behavior\BuildLiteBehavior [ RunTime:0.000354s ]
INFO: [ app_init ] --END-- [ RunTime:0.003015s ]
ERR: 非法操作:js

[ 2017-03-27T23:15:24+08:00 ] ::1 /3.2.1/index.php/Home/Index/js/supersized.3.2.7.min.js
INFO: [ app_init ] --START--
INFO: Run Behavior\BuildLiteBehavior [ RunTime:0.000150s ]
INFO: [ app_init ] --END-- [ RunTime:0.002241s ]
ERR: 非法操作:js

[ 2017-03-27T23:15:24+08:00 ] ::1 /3.2.1/index.php/Home/Index/js/supersized-init.js
INFO: [ app_init ] --START--
INFO: Run Behavior\BuildLiteBehavior [ RunTime:0.000117s ]
INFO: [ app_init ] --END-- [ RunTime:0.001832s ]
ERR: 非法操作:js

[ 2017-03-27T23:15:24+08:00 ] ::1 /3.2.1/index.php/Home/Index/js/common.js
INFO: [ app_init ] --START--
INFO: Run Behavior\BuildLiteBehavior [ RunTime:0.000149s ]
INFO: [ app_init ] --END-- [ RunTime:0.002207s ]
ERR: 非法操作:js

[ 2017-03-27T23:15:24+08:00 ] ::1 /3.2.1/index.php/Home/Index/js/jquery.validate.min.js?var1.14.0
INFO: [ app_init ] --START--
INFO: Run Behavior\BuildLiteBehavior [ RunTime:0.000157s ]
INFO: [ app_init ] --END-- [ RunTime:0.002307s ]
ERR: 非法操作:js

[ 2017-03-27T23:15:25+08:00 ] ::1 /3.2.1/index.php/Home/Index/js/jquery.min.js
INFO: [ app_init ] --START--
INFO: Run Behavior\BuildLiteBehavior [ RunTime:0.000154s ]
INFO: [ app_init ] --END-- [ RunTime:0.002610s ]
ERR: 非法操作:js

[ 2017-03-27T23:15:25+08:00 ] ::1 /3.2.1/index.php/Home/Index/js/common.js
INFO: [ app_init ] --START--
INFO: Run Behavior\BuildLiteBehavior [ RunTime:0.000156s ]
INFO: [ app_init ] --END-- [ RunTime:0.002642s ]
ERR: 非法操作:js

[ 2017-03-27T23:15:26+08:00 ] ::1 /3.2.1/index.php/Home/Index/js/supersized.3.2.7.min.js
INFO: [ app_init ] --START--
INFO: Run Behavior\BuildLiteBehavior [ RunTime:0.000153s ]
INFO: [ app_init ] --END-- [ RunTime:0.002372s ]
ERR: 非法操作:js

[ 2017-03-27T23:15:26+08:00 ] ::1 /3.2.1/index.php/Home/Index/js/supersized-init.js
INFO: [ app_init ] --START--
INFO: Run Behavior\BuildLiteBehavior [ RunTime:0.000146s ]
INFO: [ app_init ] --END-- [ RunTime:0.002287s ]
ERR: 非法操作:js

[ 2017-03-27T23:15:26+08:00 ] ::1 /3.2.1/index.php/Home/Index/js/jquery.validate.min.js?var1.14.0
INFO: [ app_init ] --START--
INFO: Run Behavior\BuildLiteBehavior [ RunTime:0.000151s ]
INFO: [ app_init ] --END-- [ RunTime:0.002436s ]
ERR: 非法操作:js

[ 2017-03-27T23:17:00+08:00 ] ::1 /3.2.1/index.php/Home/Index/register
INFO: [ app_init ] --START--
INFO: Run Behavior\BuildLiteBehavior [ RunTime:0.000146s ]
INFO: [ app_init ] --END-- [ RunTime:0.002438s ]

[ 2017-03-27T23:17:09+08:00 ] ::1 /3.2.1/index.php/Home/Index/register
INFO: [ app_init ] --START--
INFO: Run Behavior\BuildLiteBehavior [ RunTime:0.000115s ]
INFO: [ app_init ] --END-- [ RunTime:0.001826s ]

[ 2017-03-27T23:18:04+08:00 ] ::1 /3.2.1/index.php/Home/Index/register
INFO: [ app_init ] --START--
INFO: Run Behavior\BuildLiteBehavior [ RunTime:0.000273s ]
INFO: [ app_init ] --END-- [ RunTime:0.003032s ]

[ 2017-03-27T23:19:54+08:00 ] ::1 /3.2.1/index.php/Home/Index/register
INFO: [ app_init ] --START--
INFO: Run Behavior\BuildLiteBehavior [ RunTime:0.000108s ]
INFO: [ app_init ] --END-- [ RunTime:0.001620s ]

[ 2017-03-27T23:21:33+08:00 ] ::1 /3.2.1/index.php/Home/Index/register
INFO: [ app_init ] --START--
INFO: Run Behavior\BuildLiteBehavior [ RunTime:0.000109s ]
INFO: [ app_init ] --END-- [ RunTime:0.001653s ]

[ 2017-03-27T23:25:26+08:00 ] ::1 /3.2.1/index.php/Home/Index/register
INFO: [ app_init ] --START--
INFO: Run Behavior\BuildLiteBehavior [ RunTime:0.000141s ]
INFO: [ app_init ] --END-- [ RunTime:0.002093s ]

[ 2017-03-27T23:28:12+08:00 ] ::1 /3.2.1/index.php/Home/Index/register
INFO: [ app_init ] --START--
INFO: Run Behavior\BuildLiteBehavior [ RunTime:0.000149s ]
INFO: [ app_init ] --END-- [ RunTime:0.002230s ]

[ 2017-03-27T23:29:00+08:00 ] ::1 /3.2.1/index.php/Home/Index/register
INFO: [ app_init ] --START--
INFO: Run Behavior\BuildLiteBehavior [ RunTime:0.000143s ]
INFO: [ app_init ] --END-- [ RunTime:0.002133s ]

[ 2017-03-27T23:30:29+08:00 ] ::1 /3.2.1/index.php/Home/Index/register
INFO: [ app_init ] --START--
INFO: Run Behavior\BuildLiteBehavior [ RunTime:0.000114s ]
INFO: [ app_init ] --END-- [ RunTime:0.001935s ]

[ 2017-03-27T23:31:05+08:00 ] ::1 /3.2.1/index.php/Home/Index/register
INFO: [ app_init ] --START--
INFO: Run Behavior\BuildLiteBehavior [ RunTime:0.000108s ]
INFO: [ app_init ] --END-- [ RunTime:0.001553s ]

[ 2017-03-27T23:33:09+08:00 ] ::1 /3.2.1/index.php/Home/Index/register
INFO: [ app_init ] --START--
INFO: Run Behavior\BuildLiteBehavior [ RunTime:0.000147s ]
INFO: [ app_init ] --END-- [ RunTime:0.002304s ]

[ 2017-03-27T23:33:23+08:00 ] ::1 /3.2.1/index.php/Home/Index/register
INFO: [ app_init ] --START--
INFO: Run Behavior\BuildLiteBehavior [ RunTime:0.000115s ]
INFO: [ app_init ] --END-- [ RunTime:0.001700s ]

[ 2017-03-27T23:33:42+08:00 ] ::1 /3.2.1/index.php/Home/Index/register
INFO: [ app_init ] --START--
INFO: Run Behavior\BuildLiteBehavior [ RunTime:0.000146s ]
INFO: [ app_init ] --END-- [ RunTime:0.002252s ]

[ 2017-03-27T23:33:56+08:00 ] ::1 /3.2.1/index.php/Home/Index/register
INFO: [ app_init ] --START--
INFO: Run Behavior\BuildLiteBehavior [ RunTime:0.000109s ]
INFO: [ app_init ] --END-- [ RunTime:0.001538s ]

[ 2017-03-27T23:35:41+08:00 ] ::1 /3.2.1/index.php/Home/Index/register
INFO: [ app_init ] --START--
INFO: Run Behavior\BuildLiteBehavior [ RunTime:0.000150s ]
INFO: [ app_init ] --END-- [ RunTime:0.002224s ]

[ 2017-03-27T23:37:18+08:00 ] ::1 /3.2.1/index.php/Home/Index/register
INFO: [ app_init ] --START--
INFO: Run Behavior\BuildLiteBehavior [ RunTime:0.000107s ]
INFO: [ app_init ] --END-- [ RunTime:0.001654s ]

[ 2017-03-27T23:37:41+08:00 ] ::1 /3.2.1/index.php/Home/Index/register
INFO: [ app_init ] --START--
INFO: Run Behavior\BuildLiteBehavior [ RunTime:0.000122s ]
INFO: [ app_init ] --END-- [ RunTime:0.001852s ]

[ 2017-03-27T23:39:04+08:00 ] ::1 /3.2.1/index.php/Home/Index/register
INFO: [ app_init ] --START--
INFO: Run Behavior\BuildLiteBehavior [ RunTime:0.000108s ]
INFO: [ app_init ] --END-- [ RunTime:0.001547s ]

[ 2017-03-27T23:39:18+08:00 ] ::1 /3.2.1/index.php/Home/Index/register
INFO: [ app_init ] --START--
INFO: Run Behavior\BuildLiteBehavior [ RunTime:0.000115s ]
INFO: [ app_init ] --END-- [ RunTime:0.001777s ]

[ 2017-03-27T23:41:17+08:00 ] ::1 /3.2.1/index.php/Home/Index/register
INFO: [ app_init ] --START--
INFO: Run Behavior\BuildLiteBehavior [ RunTime:0.000148s ]
INFO: [ app_init ] --END-- [ RunTime:0.002331s ]

[ 2017-03-27T23:42:06+08:00 ] ::1 /3.2.1/index.php/Home/Index/register
INFO: [ app_init ] --START--
INFO: Run Behavior\BuildLiteBehavior [ RunTime:0.000112s ]
INFO: [ app_init ] --END-- [ RunTime:0.001777s ]

[ 2017-03-27T23:42:49+08:00 ] ::1 /3.2.1/index.php/Home/Index/register
INFO: [ app_init ] --START--
INFO: Run Behavior\BuildLiteBehavior [ RunTime:0.000112s ]
INFO: [ app_init ] --END-- [ RunTime:0.001866s ]

[ 2017-03-27T23:43:16+08:00 ] ::1 /3.2.1/index.php/Home/Index/register
INFO: [ app_init ] --START--
INFO: Run Behavior\BuildLiteBehavior [ RunTime:0.000117s ]
INFO: [ app_init ] --END-- [ RunTime:0.001663s ]

[ 2017-03-27T23:44:35+08:00 ] ::1 /3.2.1/index.php/Home/Index/register
INFO: [ app_init ] --START--
INFO: Run Behavior\BuildLiteBehavior [ RunTime:0.000117s ]
INFO: [ app_init ] --END-- [ RunTime:0.001931s ]

[ 2017-03-27T23:45:30+08:00 ] ::1 /3.2.1/index.php/Home/Index/register
INFO: [ app_init ] --START--
INFO: Run Behavior\BuildLiteBehavior [ RunTime:0.000319s ]
INFO: [ app_init ] --END-- [ RunTime:0.002244s ]

[ 2017-03-27T23:48:40+08:00 ] ::1 /3.2.1/index.php/Home/Index/register
INFO: [ app_init ] --START--
INFO: Run Behavior\BuildLiteBehavior [ RunTime:0.000154s ]
INFO: [ app_init ] --END-- [ RunTime:0.002443s ]

[ 2017-03-27T23:50:09+08:00 ] ::1 /3.2.1/index.php/Home/Index/register
INFO: [ app_init ] --START--
INFO: Run Behavior\BuildLiteBehavior [ RunTime:0.000111s ]
INFO: [ app_init ] --END-- [ RunTime:0.001616s ]

[ 2017-03-27T23:51:27+08:00 ] ::1 /3.2.1/index.php/Home/Index/register
INFO: [ app_init ] --START--
INFO: Run Behavior\BuildLiteBehavior [ RunTime:0.000141s ]
INFO: [ app_init ] --END-- [ RunTime:0.002048s ]

