[ 2017-04-25T00:01:58+08:00 ] ::1 /MIFOOD/index.php/Home/Index/details/shop_id/202
INFO: [ app_init ] --START--
INFO: Run Behavior\BuildLiteBehavior [ RunTime:0.000102s ]
INFO: [ app_init ] --END-- [ RunTime:0.001407s ]

[ 2017-04-25T00:02:14+08:00 ] ::1 /MIFOOD/index.php/Home/Index/details/shop_id/202
INFO: [ app_init ] --START--
INFO: Run Behavior\BuildLiteBehavior [ RunTime:0.000107s ]
INFO: [ app_init ] --END-- [ RunTime:0.001428s ]

[ 2017-04-25T00:02:45+08:00 ] ::1 /MIFOOD/index.php/Home/Index/details/shop_id/202
INFO: [ app_init ] --START--
INFO: Run Behavior\BuildLiteBehavior [ RunTime:0.000109s ]
INFO: [ app_init ] --END-- [ RunTime:0.001596s ]

[ 2017-04-25T00:03:24+08:00 ] ::1 /MIFOOD/index.php/Home/Index/details/shop_id/202
INFO: [ app_init ] --START--
INFO: Run Behavior\BuildLiteBehavior [ RunTime:0.000122s ]
INFO: [ app_init ] --END-- [ RunTime:0.001537s ]

[ 2017-04-25T00:03:49+08:00 ] ::1 /MIFOOD/index.php/Home/Index/details/shop_id/202/p/2.html
INFO: [ app_init ] --START--
INFO: Run Behavior\BuildLiteBehavior [ RunTime:0.000134s ]
INFO: [ app_init ] --END-- [ RunTime:0.003257s ]

[ 2017-04-25T08:11:11+08:00 ] ::1 /MIFOOD/
INFO: [ app_init ] --START--
INFO: Run Behavior\BuildLiteBehavior [ RunTime:0.000191s ]
INFO: [ app_init ] --END-- [ RunTime:0.008446s ]

[ 2017-04-25T08:11:34+08:00 ] ::1 /MIFOOD/index.php/Home/Index/logins.html
INFO: [ app_init ] --START--
INFO: Run Behavior\BuildLiteBehavior [ RunTime:0.000208s ]
INFO: [ app_init ] --END-- [ RunTime:0.003062s ]

[ 2017-04-25T08:11:36+08:00 ] ::1 /MIFOOD/
INFO: [ app_init ] --START--
INFO: Run Behavior\BuildLiteBehavior [ RunTime:0.000122s ]
INFO: [ app_init ] --END-- [ RunTime:0.002430s ]

[ 2017-04-25T08:11:45+08:00 ] ::1 /MIFOOD/index.php/Home/Index/details/shop_id/202
INFO: [ app_init ] --START--
INFO: Run Behavior\BuildLiteBehavior [ RunTime:0.003094s ]
INFO: [ app_init ] --END-- [ RunTime:0.005873s ]

[ 2017-04-25T08:18:45+08:00 ] ::1 /MIFOOD/index.php/Home/Index/details/shop_id/202
INFO: [ app_init ] --START--
INFO: Run Behavior\BuildLiteBehavior [ RunTime:0.000103s ]
INFO: [ app_init ] --END-- [ RunTime:0.001853s ]

[ 2017-04-25T08:20:29+08:00 ] ::1 /MIFOOD/index.php/Home/Index/details/shop_id/202
INFO: [ app_init ] --START--
INFO: Run Behavior\BuildLiteBehavior [ RunTime:0.000105s ]
INFO: [ app_init ] --END-- [ RunTime:0.001804s ]

[ 2017-04-25T08:22:01+08:00 ] ::1 /MIFOOD/index.php/Home/Index/details/shop_id/202
INFO: [ app_init ] --START--
INFO: Run Behavior\BuildLiteBehavior [ RunTime:0.000115s ]
INFO: [ app_init ] --END-- [ RunTime:0.002344s ]

[ 2017-04-25T08:24:43+08:00 ] ::1 /MIFOOD/index.php/Home/Index/details/shop_id/202
INFO: [ app_init ] --START--
INFO: Run Behavior\BuildLiteBehavior [ RunTime:0.000103s ]
INFO: [ app_init ] --END-- [ RunTime:0.001781s ]

[ 2017-04-25T08:25:21+08:00 ] ::1 /MIFOOD/index.php/Home/Index/details/shop_id/202
INFO: [ app_init ] --START--
INFO: Run Behavior\BuildLiteBehavior [ RunTime:0.000122s ]
INFO: [ app_init ] --END-- [ RunTime:0.002437s ]

[ 2017-04-25T08:26:38+08:00 ] ::1 /MIFOOD/index.php/Home/Index/details/shop_id/202
INFO: [ app_init ] --START--
INFO: Run Behavior\BuildLiteBehavior [ RunTime:0.000155s ]
INFO: [ app_init ] --END-- [ RunTime:0.002681s ]

[ 2017-04-25T08:28:10+08:00 ] ::1 /MIFOOD/index.php/Home/Index/details/shop_id/202
INFO: [ app_init ] --START--
INFO: Run Behavior\BuildLiteBehavior [ RunTime:0.000112s ]
INFO: [ app_init ] --END-- [ RunTime:0.001957s ]

[ 2017-04-25T08:28:13+08:00 ] ::1 /MIFOOD/index.php/Home/Index/details/shop_id/202
INFO: [ app_init ] --START--
INFO: Run Behavior\BuildLiteBehavior [ RunTime:0.000110s ]
INFO: [ app_init ] --END-- [ RunTime:0.001950s ]

[ 2017-04-25T08:29:00+08:00 ] ::1 /MIFOOD/index.php/Home/Index/details/shop_id/202
INFO: [ app_init ] --START--
INFO: Run Behavior\BuildLiteBehavior [ RunTime:0.000114s ]
INFO: [ app_init ] --END-- [ RunTime:0.002059s ]

[ 2017-04-25T08:29:32+08:00 ] ::1 /MIFOOD/
INFO: [ app_init ] --START--
INFO: Run Behavior\BuildLiteBehavior [ RunTime:0.000112s ]
INFO: [ app_init ] --END-- [ RunTime:0.002505s ]

[ 2017-04-25T08:29:37+08:00 ] ::1 /MIFOOD/index.php/Home/Index/details/shop_id/202
INFO: [ app_init ] --START--
INFO: Run Behavior\BuildLiteBehavior [ RunTime:0.000294s ]
INFO: [ app_init ] --END-- [ RunTime:0.003811s ]

[ 2017-04-25T08:30:10+08:00 ] ::1 /MIFOOD/index.php/Home/Index/details/shop_id/202/p/2.html
INFO: [ app_init ] --START--
INFO: Run Behavior\BuildLiteBehavior [ RunTime:0.000118s ]
INFO: [ app_init ] --END-- [ RunTime:0.002685s ]

[ 2017-04-25T08:30:15+08:00 ] ::1 /MIFOOD/index.php/Home/Index/details/shop_id/202/p/1.html
INFO: [ app_init ] --START--
INFO: Run Behavior\BuildLiteBehavior [ RunTime:0.000146s ]
INFO: [ app_init ] --END-- [ RunTime:0.002939s ]

[ 2017-04-25T08:30:52+08:00 ] ::1 /MIFOOD/index.php/Home/Index/details/shop_id/202/p/1.html
INFO: [ app_init ] --START--
INFO: Run Behavior\BuildLiteBehavior [ RunTime:0.000120s ]
INFO: [ app_init ] --END-- [ RunTime:0.002679s ]

[ 2017-04-25T08:32:31+08:00 ] ::1 /MIFOOD/index.php/Home/Index/details/shop_id/202/p/1.html
INFO: [ app_init ] --START--
INFO: Run Behavior\BuildLiteBehavior [ RunTime:0.000118s ]
INFO: [ app_init ] --END-- [ RunTime:0.002184s ]

[ 2017-04-25T08:36:40+08:00 ] ::1 /MIFOOD/index.php/Home/Index/details/shop_id/202/p/1.html
INFO: [ app_init ] --START--
INFO: Run Behavior\BuildLiteBehavior [ RunTime:0.000115s ]
INFO: [ app_init ] --END-- [ RunTime:0.002549s ]

[ 2017-04-25T08:37:08+08:00 ] ::1 /MIFOOD/index.php/Home/Index/details/shop_id/202/p/1.html
INFO: [ app_init ] --START--
INFO: Run Behavior\BuildLiteBehavior [ RunTime:0.000114s ]
INFO: [ app_init ] --END-- [ RunTime:0.002548s ]

[ 2017-04-25T08:42:55+08:00 ] ::1 /MIFOOD/index.php/Home/Index/logins.html
INFO: [ app_init ] --START--
INFO: Run Behavior\BuildLiteBehavior [ RunTime:0.000379s ]
INFO: [ app_init ] --END-- [ RunTime:0.004677s ]

[ 2017-04-25T08:42:57+08:00 ] ::1 /MIFOOD/index.php/Home/Index/details/shop_id/202/p/1.html
INFO: [ app_init ] --START--
INFO: Run Behavior\BuildLiteBehavior [ RunTime:0.000121s ]
INFO: [ app_init ] --END-- [ RunTime:0.002493s ]

[ 2017-04-25T08:43:02+08:00 ] ::1 /MIFOOD/index.php/Home/Index/person
INFO: [ app_init ] --START--
INFO: Run Behavior\BuildLiteBehavior [ RunTime:0.000119s ]
INFO: [ app_init ] --END-- [ RunTime:0.002150s ]

[ 2017-04-25T08:57:03+08:00 ] ::1 /MIFOOD/index.php/Home/Index/index
INFO: [ app_init ] --START--
INFO: Run Behavior\BuildLiteBehavior [ RunTime:0.000112s ]
INFO: [ app_init ] --END-- [ RunTime:0.002105s ]

[ 2017-04-25T08:57:07+08:00 ] ::1 /MIFOOD/index.php/Home/Index/details/shop_id/202
INFO: [ app_init ] --START--
INFO: Run Behavior\BuildLiteBehavior [ RunTime:0.000116s ]
INFO: [ app_init ] --END-- [ RunTime:0.002496s ]

[ 2017-04-25T09:01:21+08:00 ] ::1 /MIFOOD/index.php/Home/Index/person
INFO: [ app_init ] --START--
INFO: Run Behavior\BuildLiteBehavior [ RunTime:0.000147s ]
INFO: [ app_init ] --END-- [ RunTime:0.002961s ]

[ 2017-04-25T09:02:46+08:00 ] ::1 /MIFOOD/index.php/Home/Index/index
INFO: [ app_init ] --START--
INFO: Run Behavior\BuildLiteBehavior [ RunTime:0.000119s ]
INFO: [ app_init ] --END-- [ RunTime:0.002696s ]

[ 2017-04-25T09:02:48+08:00 ] ::1 /MIFOOD/index.php/Home/Index/classify/category_id/24
INFO: [ app_init ] --START--
INFO: Run Behavior\BuildLiteBehavior [ RunTime:0.000136s ]
INFO: [ app_init ] --END-- [ RunTime:0.004107s ]

[ 2017-04-25T09:02:48+08:00 ] ::1 /MIFOOD/index.php/Home/Index/classsify/p/1.html
INFO: [ app_init ] --START--
INFO: Run Behavior\BuildLiteBehavior [ RunTime:0.000151s ]
INFO: [ app_init ] --END-- [ RunTime:0.003285s ]
INFO: [ app_begin ] --START--
INFO: Run Behavior\ReadHtmlCacheBehavior [ RunTime:0.006243s ]
INFO: [ app_begin ] --END-- [ RunTime:0.007423s ]
ERR: 非法操作:classsify

[ 2017-04-25T09:03:42+08:00 ] ::1 /MIFOOD/index.php/Home/Index/person
INFO: [ app_init ] --START--
INFO: Run Behavior\BuildLiteBehavior [ RunTime:0.000114s ]
INFO: [ app_init ] --END-- [ RunTime:0.002047s ]

[ 2017-04-25T09:07:37+08:00 ] ::1 /MIFOOD/index.php/Home/Index/person
INFO: [ app_init ] --START--
INFO: Run Behavior\BuildLiteBehavior [ RunTime:0.000120s ]
INFO: [ app_init ] --END-- [ RunTime:0.002351s ]

[ 2017-04-25T09:07:49+08:00 ] ::1 /MIFOOD/index.php/Home/Index/person
INFO: [ app_init ] --START--
INFO: Run Behavior\BuildLiteBehavior [ RunTime:0.000106s ]
INFO: [ app_init ] --END-- [ RunTime:0.001904s ]

[ 2017-04-25T09:08:24+08:00 ] ::1 /MIFOOD/index.php/Home/Index/person
INFO: [ app_init ] --START--
INFO: Run Behavior\BuildLiteBehavior [ RunTime:0.000118s ]
INFO: [ app_init ] --END-- [ RunTime:0.002037s ]

[ 2017-04-25T09:08:26+08:00 ] ::1 /MIFOOD/index.php/Home/Index/person
INFO: [ app_init ] --START--
INFO: Run Behavior\BuildLiteBehavior [ RunTime:0.000115s ]
INFO: [ app_init ] --END-- [ RunTime:0.002446s ]

[ 2017-04-25T09:09:03+08:00 ] ::1 /MIFOOD/index.php/Home/Index/person
INFO: [ app_init ] --START--
INFO: Run Behavior\BuildLiteBehavior [ RunTime:0.000104s ]
INFO: [ app_init ] --END-- [ RunTime:0.001793s ]

[ 2017-04-25T09:10:45+08:00 ] ::1 /MIFOOD/index.php/Home/Index/person
INFO: [ app_init ] --START--
INFO: Run Behavior\BuildLiteBehavior [ RunTime:0.000107s ]
INFO: [ app_init ] --END-- [ RunTime:0.001853s ]

[ 2017-04-25T09:10:47+08:00 ] ::1 /MIFOOD/index.php/Home/Index/person
INFO: [ app_init ] --START--
INFO: Run Behavior\BuildLiteBehavior [ RunTime:0.000112s ]
INFO: [ app_init ] --END-- [ RunTime:0.002491s ]

[ 2017-04-25T09:10:48+08:00 ] ::1 /MIFOOD/index.php/Home/Index/person
INFO: [ app_init ] --START--
INFO: Run Behavior\BuildLiteBehavior [ RunTime:0.000109s ]
INFO: [ app_init ] --END-- [ RunTime:0.002097s ]

[ 2017-04-25T09:11:10+08:00 ] ::1 /MIFOOD/index.php/Home/Index/details/shop_id/5
INFO: [ app_init ] --START--
INFO: Run Behavior\BuildLiteBehavior [ RunTime:0.000136s ]
INFO: [ app_init ] --END-- [ RunTime:0.002847s ]

[ 2017-04-25T09:11:13+08:00 ] ::1 /MIFOOD/index.php/Home/Index/person
INFO: [ app_init ] --START--
INFO: Run Behavior\BuildLiteBehavior [ RunTime:0.000206s ]
INFO: [ app_init ] --END-- [ RunTime:0.003306s ]

[ 2017-04-25T09:13:35+08:00 ] ::1 /MIFOOD/index.php/Home/Index/person
INFO: [ app_init ] --START--
INFO: Run Behavior\BuildLiteBehavior [ RunTime:0.000119s ]
INFO: [ app_init ] --END-- [ RunTime:0.002601s ]

[ 2017-04-25T09:14:05+08:00 ] ::1 /MIFOOD/index.php/Home/Index/mail
INFO: [ app_init ] --START--
INFO: Run Behavior\BuildLiteBehavior [ RunTime:0.000220s ]
INFO: [ app_init ] --END-- [ RunTime:0.003265s ]

[ 2017-04-25T09:14:06+08:00 ] ::1 /MIFOOD/index.php/Home/Index/person
INFO: [ app_init ] --START--
INFO: Run Behavior\BuildLiteBehavior [ RunTime:0.000146s ]
INFO: [ app_init ] --END-- [ RunTime:0.002778s ]

[ 2017-04-25T09:14:19+08:00 ] ::1 /MIFOOD/index.php/Home/Index/person
INFO: [ app_init ] --START--
INFO: Run Behavior\BuildLiteBehavior [ RunTime:0.000123s ]
INFO: [ app_init ] --END-- [ RunTime:0.002432s ]

[ 2017-04-25T09:15:06+08:00 ] ::1 /MIFOOD/index.php/Home/Index/person
INFO: [ app_init ] --START--
INFO: Run Behavior\BuildLiteBehavior [ RunTime:0.000141s ]
INFO: [ app_init ] --END-- [ RunTime:0.002551s ]

[ 2017-04-25T09:15:19+08:00 ] ::1 /MIFOOD/index.php/Home/Index/index
INFO: [ app_init ] --START--
INFO: Run Behavior\BuildLiteBehavior [ RunTime:0.000194s ]
INFO: [ app_init ] --END-- [ RunTime:0.004332s ]

[ 2017-04-25T09:15:28+08:00 ] ::1 /MIFOOD/index.php/Home/Index/top
INFO: [ app_init ] --START--
INFO: Run Behavior\BuildLiteBehavior [ RunTime:0.000116s ]
INFO: [ app_init ] --END-- [ RunTime:0.002435s ]

[ 2017-04-25T09:15:39+08:00 ] ::1 /MIFOOD/index.php/Home/Index/index
INFO: [ app_init ] --START--
INFO: Run Behavior\BuildLiteBehavior [ RunTime:0.000193s ]
INFO: [ app_init ] --END-- [ RunTime:0.003135s ]

[ 2017-04-25T09:15:56+08:00 ] ::1 /MIFOOD/index.php/Home/Index/details/shop_id/202
INFO: [ app_init ] --START--
INFO: Run Behavior\BuildLiteBehavior [ RunTime:0.000112s ]
INFO: [ app_init ] --END-- [ RunTime:0.001969s ]

[ 2017-04-25T09:16:44+08:00 ] ::1 /MIFOOD/index.php/Home/Index/person
INFO: [ app_init ] --START--
INFO: Run Behavior\BuildLiteBehavior [ RunTime:0.000122s ]
INFO: [ app_init ] --END-- [ RunTime:0.002367s ]

[ 2017-04-25T09:17:51+08:00 ] ::1 /MIFOOD/index.php/Home/Index/details/shop_id/202
INFO: [ app_init ] --START--
INFO: Run Behavior\BuildLiteBehavior [ RunTime:0.000151s ]
INFO: [ app_init ] --END-- [ RunTime:0.003059s ]

[ 2017-04-25T09:18:43+08:00 ] ::1 /MIFOOD/index.php/Home/Index/details/shop_id/202
INFO: [ app_init ] --START--
INFO: Run Behavior\BuildLiteBehavior [ RunTime:0.000111s ]
INFO: [ app_init ] --END-- [ RunTime:0.002067s ]

[ 2017-04-25T09:18:48+08:00 ] ::1 /MIFOOD/index.php/Home/Index/person
INFO: [ app_init ] --START--
INFO: Run Behavior\BuildLiteBehavior [ RunTime:0.000121s ]
INFO: [ app_init ] --END-- [ RunTime:0.002382s ]

[ 2017-04-25T09:19:03+08:00 ] ::1 /MIFOOD/index.php/Home/Index/person
INFO: [ app_init ] --START--
INFO: Run Behavior\BuildLiteBehavior [ RunTime:0.000117s ]
INFO: [ app_init ] --END-- [ RunTime:0.002136s ]

[ 2017-04-25T09:19:52+08:00 ] ::1 /MIFOOD/index.php/Home/Index/person
INFO: [ app_init ] --START--
INFO: Run Behavior\BuildLiteBehavior [ RunTime:0.000113s ]
INFO: [ app_init ] --END-- [ RunTime:0.002128s ]

[ 2017-04-25T09:19:57+08:00 ] ::1 /MIFOOD/index.php/Home/Index/person
INFO: [ app_init ] --START--
INFO: Run Behavior\BuildLiteBehavior [ RunTime:0.000137s ]
INFO: [ app_init ] --END-- [ RunTime:0.002539s ]

[ 2017-04-25T09:20:35+08:00 ] ::1 /MIFOOD/index.php/Home/Index/person
INFO: [ app_init ] --START--
INFO: Run Behavior\BuildLiteBehavior [ RunTime:0.000106s ]
INFO: [ app_init ] --END-- [ RunTime:0.001724s ]

[ 2017-04-25T09:21:07+08:00 ] ::1 /MIFOOD/
INFO: [ app_init ] --START--
INFO: Run Behavior\BuildLiteBehavior [ RunTime:0.000104s ]
INFO: [ app_init ] --END-- [ RunTime:0.001800s ]

[ 2017-04-25T09:21:33+08:00 ] ::1 /MIFOOD/index.php/Home/Index/logins.html
INFO: [ app_init ] --START--
INFO: Run Behavior\BuildLiteBehavior [ RunTime:0.000115s ]
INFO: [ app_init ] --END-- [ RunTime:0.002118s ]

[ 2017-04-25T09:21:34+08:00 ] ::1 /MIFOOD/
INFO: [ app_init ] --START--
INFO: Run Behavior\BuildLiteBehavior [ RunTime:0.000145s ]
INFO: [ app_init ] --END-- [ RunTime:0.003205s ]

[ 2017-04-25T09:21:41+08:00 ] ::1 /MIFOOD/index.php/Home/Index/person
INFO: [ app_init ] --START--
INFO: Run Behavior\BuildLiteBehavior [ RunTime:0.000105s ]
INFO: [ app_init ] --END-- [ RunTime:0.001898s ]

[ 2017-04-25T09:22:34+08:00 ] ::1 /MIFOOD/index.php/Home/Index/person
INFO: [ app_init ] --START--
INFO: Run Behavior\BuildLiteBehavior [ RunTime:0.000113s ]
INFO: [ app_init ] --END-- [ RunTime:0.002286s ]

[ 2017-04-25T09:22:43+08:00 ] ::1 /MIFOOD/index.php/Home/Index/person
INFO: [ app_init ] --START--
INFO: Run Behavior\BuildLiteBehavior [ RunTime:0.000116s ]
INFO: [ app_init ] --END-- [ RunTime:0.002194s ]

[ 2017-04-25T09:23:26+08:00 ] ::1 /MIFOOD/index.php/Home/Index/person
INFO: [ app_init ] --START--
INFO: Run Behavior\BuildLiteBehavior [ RunTime:0.000120s ]
INFO: [ app_init ] --END-- [ RunTime:0.002180s ]

[ 2017-04-25T09:23:36+08:00 ] ::1 /MIFOOD/index.php/Home/Index/person
INFO: [ app_init ] --START--
INFO: Run Behavior\BuildLiteBehavior [ RunTime:0.000106s ]
INFO: [ app_init ] --END-- [ RunTime:0.001799s ]

[ 2017-04-25T09:23:50+08:00 ] ::1 /MIFOOD/index.php/Home/Index/person
INFO: [ app_init ] --START--
INFO: Run Behavior\BuildLiteBehavior [ RunTime:0.000131s ]
INFO: [ app_init ] --END-- [ RunTime:0.003232s ]

[ 2017-04-25T09:30:12+08:00 ] ::1 /MIFOOD/index.php/Home/Index/details/shop_id/100
INFO: [ app_init ] --START--
INFO: Run Behavior\BuildLiteBehavior [ RunTime:0.000154s ]
INFO: [ app_init ] --END-- [ RunTime:0.002577s ]

[ 2017-04-25T09:30:35+08:00 ] ::1 /MIFOOD/index.php/Home/Index/person
INFO: [ app_init ] --START--
INFO: Run Behavior\BuildLiteBehavior [ RunTime:0.000103s ]
INFO: [ app_init ] --END-- [ RunTime:0.001605s ]

[ 2017-04-25T09:30:48+08:00 ] ::1 /MIFOOD/index.php/Home/Index/details/shop_id/199
INFO: [ app_init ] --START--
INFO: Run Behavior\BuildLiteBehavior [ RunTime:0.000106s ]
INFO: [ app_init ] --END-- [ RunTime:0.001694s ]

[ 2017-04-25T09:31:17+08:00 ] ::1 /MIFOOD/index.php/Home/Index/person
INFO: [ app_init ] --START--
INFO: Run Behavior\BuildLiteBehavior [ RunTime:0.000117s ]
INFO: [ app_init ] --END-- [ RunTime:0.002037s ]

[ 2017-04-25T09:31:29+08:00 ] ::1 /MIFOOD/index.php/Home/Index/details/shop_id/1010
INFO: [ app_init ] --START--
INFO: Run Behavior\BuildLiteBehavior [ RunTime:0.000113s ]
INFO: [ app_init ] --END-- [ RunTime:0.002358s ]

[ 2017-04-25T09:32:48+08:00 ] ::1 /MIFOOD/index.php/Home/Index/details/shop_id/1010
INFO: [ app_init ] --START--
INFO: Run Behavior\BuildLiteBehavior [ RunTime:0.000130s ]
INFO: [ app_init ] --END-- [ RunTime:0.002998s ]

[ 2017-04-25T09:34:01+08:00 ] ::1 /MIFOOD/index.php/Home/Index/details/shop_id/1010
INFO: [ app_init ] --START--
INFO: Run Behavior\BuildLiteBehavior [ RunTime:0.000120s ]
INFO: [ app_init ] --END-- [ RunTime:0.002276s ]

[ 2017-04-25T09:34:37+08:00 ] ::1 /MIFOOD/index.php/Home/Index/details/shop_id/1010
INFO: [ app_init ] --START--
INFO: Run Behavior\BuildLiteBehavior [ RunTime:0.000105s ]
INFO: [ app_init ] --END-- [ RunTime:0.001957s ]

[ 2017-04-25T09:34:40+08:00 ] ::1 /MIFOOD/index.php/Home/Index/details/shop_id/1010
INFO: [ app_init ] --START--
INFO: Run Behavior\BuildLiteBehavior [ RunTime:0.000114s ]
INFO: [ app_init ] --END-- [ RunTime:0.001980s ]

[ 2017-04-25T09:34:58+08:00 ] ::1 /MIFOOD/
INFO: [ app_init ] --START--
INFO: Run Behavior\BuildLiteBehavior [ RunTime:0.000120s ]
INFO: [ app_init ] --END-- [ RunTime:0.002330s ]

[ 2017-04-25T09:35:20+08:00 ] ::1 /MIFOOD/index.php/Home/Index/details/shop_id/202
INFO: [ app_init ] --START--
INFO: Run Behavior\BuildLiteBehavior [ RunTime:0.000239s ]
INFO: [ app_init ] --END-- [ RunTime:0.022660s ]

[ 2017-04-25T09:35:53+08:00 ] ::1 /MIFOOD/index.php/Home/Index/details/shop_id/202
INFO: [ app_init ] --START--
INFO: Run Behavior\BuildLiteBehavior [ RunTime:0.000112s ]
INFO: [ app_init ] --END-- [ RunTime:0.001794s ]

[ 2017-04-25T09:36:46+08:00 ] ::1 /MIFOOD/index.php/Home/Index/index
INFO: [ app_init ] --START--
INFO: Run Behavior\BuildLiteBehavior [ RunTime:0.000148s ]
INFO: [ app_init ] --END-- [ RunTime:0.003041s ]

[ 2017-04-25T09:36:55+08:00 ] ::1 /MIFOOD/index.php/Home/Index/details/shop_id/197
INFO: [ app_init ] --START--
INFO: Run Behavior\BuildLiteBehavior [ RunTime:0.000108s ]
INFO: [ app_init ] --END-- [ RunTime:0.001686s ]

[ 2017-04-25T09:37:41+08:00 ] ::1 /MIFOOD/index.php/Home/Index/logins.html
INFO: [ app_init ] --START--
INFO: Run Behavior\BuildLiteBehavior [ RunTime:0.000105s ]
INFO: [ app_init ] --END-- [ RunTime:0.001667s ]

[ 2017-04-25T09:37:42+08:00 ] ::1 /MIFOOD/index.php/Home/Index/details/shop_id/197
INFO: [ app_init ] --START--
INFO: Run Behavior\BuildLiteBehavior [ RunTime:0.000114s ]
INFO: [ app_init ] --END-- [ RunTime:0.001716s ]

[ 2017-04-25T09:37:45+08:00 ] ::1 /MIFOOD/index.php/Home/Index/person
INFO: [ app_init ] --START--
INFO: Run Behavior\BuildLiteBehavior [ RunTime:0.000113s ]
INFO: [ app_init ] --END-- [ RunTime:0.002061s ]

[ 2017-04-25T09:38:26+08:00 ] ::1 /MIFOOD/index.php/Home/Index/details/shop_id/199
INFO: [ app_init ] --START--
INFO: Run Behavior\BuildLiteBehavior [ RunTime:0.000116s ]
INFO: [ app_init ] --END-- [ RunTime:0.002076s ]

[ 2017-04-25T09:41:09+08:00 ] ::1 /MIFOOD/index.php/Home/Index/index
INFO: [ app_init ] --START--
INFO: Run Behavior\BuildLiteBehavior [ RunTime:0.000116s ]
INFO: [ app_init ] --END-- [ RunTime:0.002047s ]

[ 2017-04-25T09:41:30+08:00 ] ::1 /MIFOOD/index.php/Home/Index/person
INFO: [ app_init ] --START--
INFO: Run Behavior\BuildLiteBehavior [ RunTime:0.000103s ]
INFO: [ app_init ] --END-- [ RunTime:0.001522s ]

[ 2017-04-25T09:41:50+08:00 ] ::1 /MIFOOD/index.php/Home/Index/details/shop_id/199
INFO: [ app_init ] --START--
INFO: Run Behavior\BuildLiteBehavior [ RunTime:0.000137s ]
INFO: [ app_init ] --END-- [ RunTime:0.002517s ]

[ 2017-04-25T09:42:09+08:00 ] ::1 /MIFOOD/index.php/Home/Index/details/shop_id/2
INFO: [ app_init ] --START--
INFO: Run Behavior\BuildLiteBehavior [ RunTime:0.000105s ]
INFO: [ app_init ] --END-- [ RunTime:0.001942s ]

[ 2017-04-25T09:42:30+08:00 ] ::1 /MIFOOD/index.php/Home/Index/top
INFO: [ app_init ] --START--
INFO: Run Behavior\BuildLiteBehavior [ RunTime:0.000115s ]
INFO: [ app_init ] --END-- [ RunTime:0.001839s ]

[ 2017-04-25T09:42:34+08:00 ] ::1 /MIFOOD/index.php/Home/Index/details/shop_id/3
INFO: [ app_init ] --START--
INFO: Run Behavior\BuildLiteBehavior [ RunTime:0.000112s ]
INFO: [ app_init ] --END-- [ RunTime:0.002135s ]

[ 2017-04-25T09:43:03+08:00 ] ::1 /MIFOOD/index.php/Home/Index/details/shop_id/3/p/2.html
INFO: [ app_init ] --START--
INFO: Run Behavior\BuildLiteBehavior [ RunTime:0.000147s ]
INFO: [ app_init ] --END-- [ RunTime:0.002633s ]

[ 2017-04-25T09:43:12+08:00 ] ::1 /MIFOOD/index.php/Home/Index/person
INFO: [ app_init ] --START--
INFO: Run Behavior\BuildLiteBehavior [ RunTime:0.000109s ]
INFO: [ app_init ] --END-- [ RunTime:0.001908s ]

[ 2017-04-25T09:43:24+08:00 ] ::1 /MIFOOD/index.php/Home/Index/log_out
INFO: [ app_init ] --START--
INFO: Run Behavior\BuildLiteBehavior [ RunTime:0.000133s ]
INFO: [ app_init ] --END-- [ RunTime:0.002450s ]

[ 2017-04-25T09:43:25+08:00 ] ::1 /MIFOOD/index.php/Home/Index/Index/index
INFO: [ app_init ] --START--
INFO: Run Behavior\BuildLiteBehavior [ RunTime:0.000193s ]
INFO: [ app_init ] --END-- [ RunTime:0.003458s ]

[ 2017-04-25T09:43:35+08:00 ] ::1 /MIFOOD/index.php/Home/Index/Index/checkName
INFO: [ app_init ] --START--
INFO: Run Behavior\BuildLiteBehavior [ RunTime:0.000179s ]
INFO: [ app_init ] --END-- [ RunTime:0.003124s ]
INFO: [ app_begin ] --START--
INFO: Run Behavior\ReadHtmlCacheBehavior [ RunTime:0.003942s ]
INFO: [ app_begin ] --END-- [ RunTime:0.004729s ]
SQL: SHOW COLUMNS FROM `shop` [ RunTime:0.002047s ]
SQL: SHOW COLUMNS FROM `shop` [ RunTime:0.002068s ]
SQL: SELECT * FROM `shop` WHERE `state` = 0 ORDER BY loves desc,level desc LIMIT 9   [ RunTime:0.003130s ]
SQL: SELECT * FROM `shop` WHERE `state` = 0 AND `category_id` = 11 ORDER BY shop_id ,level desc LIMIT 4   [ RunTime:0.003770s ]
INFO: [ view_parse ] --START--
INFO: [ template_filter ] --START--
INFO: Run Behavior\ContentReplaceBehavior [ RunTime:0.001000s ]
INFO: [ template_filter ] --END-- [ RunTime:0.001488s ]
INFO: Run Behavior\ParseTemplateBehavior [ RunTime:0.073279s ]
INFO: [ view_parse ] --END-- [ RunTime:0.073761s ]
INFO: [ view_filter ] --START--
INFO: Run Behavior\WriteHtmlCacheBehavior [ RunTime:0.002021s ]
INFO: [ view_filter ] --END-- [ RunTime:0.002443s ]
INFO: [ app_end ] --START--
INFO: Run Behavior\ShowPageTraceBehavior [ RunTime:0.002823s ]
INFO: [ app_end ] --END-- [ RunTime:0.003295s ]

[ 2017-04-25T09:43:41+08:00 ] ::1 /MIFOOD/index.php/Home/Index/Index/checkName
INFO: [ app_init ] --START--
INFO: Run Behavior\BuildLiteBehavior [ RunTime:0.000110s ]
INFO: [ app_init ] --END-- [ RunTime:0.001817s ]
INFO: [ app_begin ] --START--
INFO: Run Behavior\ReadHtmlCacheBehavior [ RunTime:0.002303s ]
INFO: [ app_begin ] --END-- [ RunTime:0.002770s ]
SQL: SHOW COLUMNS FROM `shop` [ RunTime:0.001850s ]
SQL: SHOW COLUMNS FROM `shop` [ RunTime:0.001828s ]
SQL: SELECT * FROM `shop` WHERE `state` = 0 ORDER BY loves desc,level desc LIMIT 9   [ RunTime:0.003258s ]
SQL: SELECT * FROM `shop` WHERE `state` = 0 AND `category_id` = 11 ORDER BY shop_id ,level desc LIMIT 4   [ RunTime:0.003786s ]
INFO: [ view_parse ] --START--
INFO: [ template_filter ] --START--
INFO: Run Behavior\ContentReplaceBehavior [ RunTime:0.000995s ]
INFO: [ template_filter ] --END-- [ RunTime:0.001463s ]
INFO: Run Behavior\ParseTemplateBehavior [ RunTime:0.078453s ]
INFO: [ view_parse ] --END-- [ RunTime:0.078929s ]
INFO: [ view_filter ] --START--
INFO: Run Behavior\WriteHtmlCacheBehavior [ RunTime:0.001468s ]
INFO: [ view_filter ] --END-- [ RunTime:0.001871s ]
INFO: [ app_end ] --START--
INFO: Run Behavior\ShowPageTraceBehavior [ RunTime:0.002375s ]
INFO: [ app_end ] --END-- [ RunTime:0.002865s ]

[ 2017-04-25T09:43:41+08:00 ] ::1 /MIFOOD/index.php/Home/Index/Index/checkName
INFO: [ app_init ] --START--
INFO: Run Behavior\BuildLiteBehavior [ RunTime:0.000111s ]
INFO: [ app_init ] --END-- [ RunTime:0.002025s ]
INFO: [ app_begin ] --START--
INFO: Run Behavior\ReadHtmlCacheBehavior [ RunTime:0.003582s ]
INFO: [ app_begin ] --END-- [ RunTime:0.004066s ]
SQL: SHOW COLUMNS FROM `shop` [ RunTime:0.001987s ]
SQL: SHOW COLUMNS FROM `shop` [ RunTime:0.002199s ]
SQL: SELECT * FROM `shop` WHERE `state` = 0 ORDER BY loves desc,level desc LIMIT 9   [ RunTime:0.003306s ]
SQL: SELECT * FROM `shop` WHERE `state` = 0 AND `category_id` = 11 ORDER BY shop_id ,level desc LIMIT 4   [ RunTime:0.004145s ]
INFO: [ view_parse ] --START--
INFO: [ template_filter ] --START--
INFO: Run Behavior\ContentReplaceBehavior [ RunTime:0.000864s ]
INFO: [ template_filter ] --END-- [ RunTime:0.001318s ]
INFO: Run Behavior\ParseTemplateBehavior [ RunTime:0.074131s ]
INFO: [ view_parse ] --END-- [ RunTime:0.074646s ]
INFO: [ view_filter ] --START--
INFO: Run Behavior\WriteHtmlCacheBehavior [ RunTime:0.001657s ]
INFO: [ view_filter ] --END-- [ RunTime:0.002111s ]
INFO: [ app_end ] --START--
INFO: Run Behavior\ShowPageTraceBehavior [ RunTime:0.002109s ]
INFO: [ app_end ] --END-- [ RunTime:0.002566s ]

[ 2017-04-25T09:43:56+08:00 ] ::1 /MIFOOD/index.php/Home/Index/Index/checkName
INFO: [ app_init ] --START--
INFO: Run Behavior\BuildLiteBehavior [ RunTime:0.000112s ]
INFO: [ app_init ] --END-- [ RunTime:0.001659s ]
INFO: [ app_begin ] --START--
INFO: Run Behavior\ReadHtmlCacheBehavior [ RunTime:0.002123s ]
INFO: [ app_begin ] --END-- [ RunTime:0.002616s ]
SQL: SHOW COLUMNS FROM `shop` [ RunTime:0.001861s ]
SQL: SHOW COLUMNS FROM `shop` [ RunTime:0.001936s ]
SQL: SELECT * FROM `shop` WHERE `state` = 0 ORDER BY loves desc,level desc LIMIT 9   [ RunTime:0.003090s ]
SQL: SELECT * FROM `shop` WHERE `state` = 0 AND `category_id` = 11 ORDER BY shop_id ,level desc LIMIT 4   [ RunTime:0.003803s ]
INFO: [ view_parse ] --START--
INFO: [ template_filter ] --START--
INFO: Run Behavior\ContentReplaceBehavior [ RunTime:0.000852s ]
INFO: [ template_filter ] --END-- [ RunTime:0.001281s ]
INFO: Run Behavior\ParseTemplateBehavior [ RunTime:0.070636s ]
INFO: [ view_parse ] --END-- [ RunTime:0.071118s ]
INFO: [ view_filter ] --START--
INFO: Run Behavior\WriteHtmlCacheBehavior [ RunTime:0.001410s ]
INFO: [ view_filter ] --END-- [ RunTime:0.001811s ]
INFO: [ app_end ] --START--
INFO: Run Behavior\ShowPageTraceBehavior [ RunTime:0.002274s ]
INFO: [ app_end ] --END-- [ RunTime:0.002750s ]

[ 2017-04-25T09:43:56+08:00 ] ::1 /MIFOOD/index.php/Home/Index/Index/checkName
INFO: [ app_init ] --START--
INFO: Run Behavior\BuildLiteBehavior [ RunTime:0.000108s ]
INFO: [ app_init ] --END-- [ RunTime:0.001600s ]
INFO: [ app_begin ] --START--
INFO: Run Behavior\ReadHtmlCacheBehavior [ RunTime:0.001908s ]
INFO: [ app_begin ] --END-- [ RunTime:0.002372s ]
SQL: SHOW COLUMNS FROM `shop` [ RunTime:0.002685s ]
SQL: SHOW COLUMNS FROM `shop` [ RunTime:0.002184s ]
SQL: SELECT * FROM `shop` WHERE `state` = 0 ORDER BY loves desc,level desc LIMIT 9   [ RunTime:0.003580s ]
SQL: SELECT * FROM `shop` WHERE `state` = 0 AND `category_id` = 11 ORDER BY shop_id ,level desc LIMIT 4   [ RunTime:0.005155s ]
INFO: [ view_parse ] --START--
INFO: [ template_filter ] --START--
INFO: Run Behavior\ContentReplaceBehavior [ RunTime:0.001015s ]
INFO: [ template_filter ] --END-- [ RunTime:0.001531s ]
INFO: Run Behavior\ParseTemplateBehavior [ RunTime:0.075902s ]
INFO: [ view_parse ] --END-- [ RunTime:0.076469s ]
INFO: [ view_filter ] --START--
INFO: Run Behavior\WriteHtmlCacheBehavior [ RunTime:0.001426s ]
INFO: [ view_filter ] --END-- [ RunTime:0.001830s ]
INFO: [ app_end ] --START--
INFO: Run Behavior\ShowPageTraceBehavior [ RunTime:0.002198s ]
INFO: [ app_end ] --END-- [ RunTime:0.002657s ]

[ 2017-04-25T09:43:56+08:00 ] ::1 /MIFOOD/index.php/Home/Index/Index/checkName
INFO: [ app_init ] --START--
INFO: Run Behavior\BuildLiteBehavior [ RunTime:0.000110s ]
INFO: [ app_init ] --END-- [ RunTime:0.001634s ]
INFO: [ app_begin ] --START--
INFO: Run Behavior\ReadHtmlCacheBehavior [ RunTime:0.001911s ]
INFO: [ app_begin ] --END-- [ RunTime:0.002381s ]
SQL: SHOW COLUMNS FROM `shop` [ RunTime:0.001829s ]
SQL: SHOW COLUMNS FROM `shop` [ RunTime:0.002075s ]
SQL: SELECT * FROM `shop` WHERE `state` = 0 ORDER BY loves desc,level desc LIMIT 9   [ RunTime:0.003150s ]
SQL: SELECT * FROM `shop` WHERE `state` = 0 AND `category_id` = 11 ORDER BY shop_id ,level desc LIMIT 4   [ RunTime:0.003933s ]
INFO: [ view_parse ] --START--
INFO: [ template_filter ] --START--
INFO: Run Behavior\ContentReplaceBehavior [ RunTime:0.000863s ]
INFO: [ template_filter ] --END-- [ RunTime:0.001308s ]
INFO: Run Behavior\ParseTemplateBehavior [ RunTime:0.073680s ]
INFO: [ view_parse ] --END-- [ RunTime:0.074184s ]
INFO: [ view_filter ] --START--
INFO: Run Behavior\WriteHtmlCacheBehavior [ RunTime:0.001688s ]
INFO: [ view_filter ] --END-- [ RunTime:0.002111s ]
INFO: [ app_end ] --START--
INFO: Run Behavior\ShowPageTraceBehavior [ RunTime:0.002421s ]
INFO: [ app_end ] --END-- [ RunTime:0.002922s ]

[ 2017-04-25T09:43:56+08:00 ] ::1 /MIFOOD/index.php/Home/Index/Index/checkName
INFO: [ app_init ] --START--
INFO: Run Behavior\BuildLiteBehavior [ RunTime:0.000113s ]
INFO: [ app_init ] --END-- [ RunTime:0.001885s ]
INFO: [ app_begin ] --START--
INFO: Run Behavior\ReadHtmlCacheBehavior [ RunTime:0.002270s ]
INFO: [ app_begin ] --END-- [ RunTime:0.002721s ]
SQL: SHOW COLUMNS FROM `shop` [ RunTime:0.001924s ]
SQL: SHOW COLUMNS FROM `shop` [ RunTime:0.002229s ]
SQL: SELECT * FROM `shop` WHERE `state` = 0 ORDER BY loves desc,level desc LIMIT 9   [ RunTime:0.003236s ]
SQL: SELECT * FROM `shop` WHERE `state` = 0 AND `category_id` = 11 ORDER BY shop_id ,level desc LIMIT 4   [ RunTime:0.004014s ]
INFO: [ view_parse ] --START--
INFO: [ template_filter ] --START--
INFO: Run Behavior\ContentReplaceBehavior [ RunTime:0.000858s ]
INFO: [ template_filter ] --END-- [ RunTime:0.001299s ]
INFO: Run Behavior\ParseTemplateBehavior [ RunTime:0.076257s ]
INFO: [ view_parse ] --END-- [ RunTime:0.076778s ]
INFO: [ view_filter ] --START--
INFO: Run Behavior\WriteHtmlCacheBehavior [ RunTime:0.002242s ]
INFO: [ view_filter ] --END-- [ RunTime:0.002695s ]
INFO: [ app_end ] --START--
INFO: Run Behavior\ShowPageTraceBehavior [ RunTime:0.002576s ]
INFO: [ app_end ] --END-- [ RunTime:0.003042s ]

[ 2017-04-25T09:44:56+08:00 ] 127.0.0.1 /MIFOOD/index.php/Home/Index/Index/index
INFO: [ app_init ] --START--
INFO: Run Behavior\BuildLiteBehavior [ RunTime:0.000124s ]
INFO: [ app_init ] --END-- [ RunTime:0.002369s ]

[ 2017-04-25T09:45:06+08:00 ] 127.0.0.1 /MIFOOD/index.php/Home/Index/Index/checkName
INFO: [ app_init ] --START--
INFO: Run Behavior\BuildLiteBehavior [ RunTime:0.000115s ]
INFO: [ app_init ] --END-- [ RunTime:0.001976s ]
INFO: [ app_begin ] --START--
INFO: Run Behavior\ReadHtmlCacheBehavior [ RunTime:0.002354s ]
INFO: [ app_begin ] --END-- [ RunTime:0.002799s ]
SQL: SHOW COLUMNS FROM `shop` [ RunTime:0.002133s ]
SQL: SHOW COLUMNS FROM `shop` [ RunTime:0.002390s ]
SQL: SELECT * FROM `shop` WHERE `state` = 0 ORDER BY loves desc,level desc LIMIT 9   [ RunTime:0.003436s ]
SQL: SELECT * FROM `shop` WHERE `state` = 0 AND `category_id` = 11 ORDER BY shop_id ,level desc LIMIT 4   [ RunTime:0.004182s ]
INFO: [ view_parse ] --START--
INFO: [ template_filter ] --START--
INFO: Run Behavior\ContentReplaceBehavior [ RunTime:0.000888s ]
INFO: [ template_filter ] --END-- [ RunTime:0.001345s ]
NOTIC: [8] Undefined index: user F:\Wamp\Wamp_3.0.6\installtion\wamp64\www\MIFOOD\Application\Runtime\Cache\Home\2a94b8bda04ff446dcedd42276fc99ee.php 第 48 行.
INFO: Run Behavior\ParseTemplateBehavior [ RunTime:0.076937s ]
INFO: [ view_parse ] --END-- [ RunTime:0.077416s ]
INFO: [ view_filter ] --START--
INFO: Run Behavior\WriteHtmlCacheBehavior [ RunTime:0.001980s ]
INFO: [ view_filter ] --END-- [ RunTime:0.002423s ]
INFO: [ app_end ] --START--
INFO: Run Behavior\ShowPageTraceBehavior [ RunTime:0.002588s ]
INFO: [ app_end ] --END-- [ RunTime:0.003057s ]

[ 2017-04-25T09:45:16+08:00 ] 127.0.0.1 /MIFOOD/index.php/Home/Index/Index/checkName
INFO: [ app_init ] --START--
INFO: Run Behavior\BuildLiteBehavior [ RunTime:0.000119s ]
INFO: [ app_init ] --END-- [ RunTime:0.002126s ]
INFO: [ app_begin ] --START--
INFO: Run Behavior\ReadHtmlCacheBehavior [ RunTime:0.003033s ]
INFO: [ app_begin ] --END-- [ RunTime:0.003688s ]
SQL: SHOW COLUMNS FROM `shop` [ RunTime:0.002846s ]
SQL: SHOW COLUMNS FROM `shop` [ RunTime:0.002958s ]
SQL: SELECT * FROM `shop` WHERE `state` = 0 ORDER BY loves desc,level desc LIMIT 9   [ RunTime:0.003463s ]
SQL: SELECT * FROM `shop` WHERE `state` = 0 AND `category_id` = 11 ORDER BY shop_id ,level desc LIMIT 4   [ RunTime:0.004797s ]
INFO: [ view_parse ] --START--
INFO: [ template_filter ] --START--
INFO: Run Behavior\ContentReplaceBehavior [ RunTime:0.000907s ]
INFO: [ template_filter ] --END-- [ RunTime:0.001410s ]
NOTIC: [8] Undefined index: user F:\Wamp\Wamp_3.0.6\installtion\wamp64\www\MIFOOD\Application\Runtime\Cache\Home\2a94b8bda04ff446dcedd42276fc99ee.php 第 48 行.
INFO: Run Behavior\ParseTemplateBehavior [ RunTime:0.082211s ]
INFO: [ view_parse ] --END-- [ RunTime:0.082798s ]
INFO: [ view_filter ] --START--
INFO: Run Behavior\WriteHtmlCacheBehavior [ RunTime:0.002276s ]
INFO: [ view_filter ] --END-- [ RunTime:0.002736s ]
INFO: [ app_end ] --START--
INFO: Run Behavior\ShowPageTraceBehavior [ RunTime:0.002615s ]
INFO: [ app_end ] --END-- [ RunTime:0.003097s ]

[ 2017-04-25T09:45:16+08:00 ] 127.0.0.1 /MIFOOD/index.php/Home/Index/Index/checkName
INFO: [ app_init ] --START--
INFO: Run Behavior\BuildLiteBehavior [ RunTime:0.000116s ]
INFO: [ app_init ] --END-- [ RunTime:0.002218s ]
INFO: [ app_begin ] --START--
INFO: Run Behavior\ReadHtmlCacheBehavior [ RunTime:0.003073s ]
INFO: [ app_begin ] --END-- [ RunTime:0.003738s ]
SQL: SHOW COLUMNS FROM `shop` [ RunTime:0.002181s ]
SQL: SHOW COLUMNS FROM `shop` [ RunTime:0.002513s ]
SQL: SELECT * FROM `shop` WHERE `state` = 0 ORDER BY loves desc,level desc LIMIT 9   [ RunTime:0.003673s ]
SQL: SELECT * FROM `shop` WHERE `state` = 0 AND `category_id` = 11 ORDER BY shop_id ,level desc LIMIT 4   [ RunTime:0.005295s ]
INFO: [ view_parse ] --START--
INFO: [ template_filter ] --START--
INFO: Run Behavior\ContentReplaceBehavior [ RunTime:0.000889s ]
INFO: [ template_filter ] --END-- [ RunTime:0.001347s ]
NOTIC: [8] Undefined index: user F:\Wamp\Wamp_3.0.6\installtion\wamp64\www\MIFOOD\Application\Runtime\Cache\Home\2a94b8bda04ff446dcedd42276fc99ee.php 第 48 行.
INFO: Run Behavior\ParseTemplateBehavior [ RunTime:0.089877s ]
INFO: [ view_parse ] --END-- [ RunTime:0.090502s ]
INFO: [ view_filter ] --START--
INFO: Run Behavior\WriteHtmlCacheBehavior [ RunTime:0.002208s ]
INFO: [ view_filter ] --END-- [ RunTime:0.002650s ]
INFO: [ app_end ] --START--
INFO: Run Behavior\ShowPageTraceBehavior [ RunTime:0.002724s ]
INFO: [ app_end ] --END-- [ RunTime:0.003204s ]

[ 2017-04-25T09:45:46+08:00 ] 127.0.0.1 /MIFOOD/index.php/Home/Index/top
INFO: [ app_init ] --START--
INFO: Run Behavior\BuildLiteBehavior [ RunTime:0.000111s ]
INFO: [ app_init ] --END-- [ RunTime:0.001841s ]

[ 2017-04-25T09:45:52+08:00 ] 127.0.0.1 /MIFOOD/index.php/Home/Index/checkName
INFO: [ app_init ] --START--
INFO: Run Behavior\BuildLiteBehavior [ RunTime:0.000105s ]
INFO: [ app_init ] --END-- [ RunTime:0.001757s ]
INFO: [ app_begin ] --START--
INFO: Run Behavior\ReadHtmlCacheBehavior [ RunTime:0.002618s ]
INFO: [ app_begin ] --END-- [ RunTime:0.003121s ]
SQL: SHOW COLUMNS FROM `user` [ RunTime:0.001634s ]

[ 2017-04-25T09:45:55+08:00 ] 127.0.0.1 /MIFOOD/index.php/Home/Index/checkName
INFO: [ app_init ] --START--
INFO: Run Behavior\BuildLiteBehavior [ RunTime:0.000118s ]
INFO: [ app_init ] --END-- [ RunTime:0.002451s ]
INFO: [ app_begin ] --START--
INFO: Run Behavior\ReadHtmlCacheBehavior [ RunTime:0.002550s ]
INFO: [ app_begin ] --END-- [ RunTime:0.003043s ]
SQL: SHOW COLUMNS FROM `user` [ RunTime:0.002325s ]

[ 2017-04-25T09:46:03+08:00 ] 127.0.0.1 /MIFOOD/index.php/Home/Index/checkName
INFO: [ app_init ] --START--
INFO: Run Behavior\BuildLiteBehavior [ RunTime:0.000148s ]
INFO: [ app_init ] --END-- [ RunTime:0.003667s ]
INFO: [ app_begin ] --START--
INFO: Run Behavior\ReadHtmlCacheBehavior [ RunTime:0.003031s ]
INFO: [ app_begin ] --END-- [ RunTime:0.003548s ]
SQL: SHOW COLUMNS FROM `user` [ RunTime:0.001740s ]
SQL: SELECT * FROM `user` WHERE `email` = '936771999@qq.com' LIMIT 1   [ RunTime:0.001009s ]
INFO: [ app_end ] --START--
INFO: Run Behavior\ShowPageTraceBehavior [ RunTime:0.003718s ]
INFO: [ app_end ] --END-- [ RunTime:0.004353s ]

[ 2017-04-25T09:46:10+08:00 ] 127.0.0.1 /MIFOOD/index.php/Home/Login/register.html
INFO: [ app_init ] --START--
INFO: Run Behavior\BuildLiteBehavior [ RunTime:0.000136s ]
INFO: [ app_init ] --END-- [ RunTime:0.002323s ]

[ 2017-04-25T09:46:11+08:00 ] 127.0.0.1 /MIFOOD/index.php/Home/Index/top
INFO: [ app_init ] --START--
INFO: Run Behavior\BuildLiteBehavior [ RunTime:0.000121s ]
INFO: [ app_init ] --END-- [ RunTime:0.002162s ]

[ 2017-04-25T09:46:15+08:00 ] 127.0.0.1 /MIFOOD/index.php/Home/Index/person
INFO: [ app_init ] --START--
INFO: Run Behavior\BuildLiteBehavior [ RunTime:0.000106s ]
INFO: [ app_init ] --END-- [ RunTime:0.001978s ]

