[ 2017-05-18T21:41:34+08:00 ] ::1 /MIFOOD/index.php/Home/Index/details/shop_id/202/p/3.html
INFO: [ app_init ] --START--
INFO: Run Behavior\BuildLiteBehavior [ RunTime:0.000150s ]
INFO: [ app_init ] --END-- [ RunTime:0.005467s ]
INFO: [ app_begin ] --START--
INFO: Run Behavior\ReadHtmlCacheBehavior [ RunTime:0.004060s ]
INFO: [ app_begin ] --END-- [ RunTime:0.004975s ]
SQL: SHOW COLUMNS FROM `comment` [ RunTime:0.003428s ]
SQL: SELECT COUNT(*) AS tp_count FROM `comment` WHERE `shop_id` = 202 AND `state` = 0 LIMIT 1   [ RunTime:0.019116s ]
SQL: SELECT * FROM `comment` WHERE `shop_id` = 202 AND `state` = 0 LIMIT 24,12   [ RunTime:0.003405s ]
SQL: SELECT COUNT(*) AS tp_count FROM `comment` WHERE `shop_id` = 202 AND `state` = 0 AND `level` < 3 LIMIT 1   [ RunTime:0.020804s ]
SQL: SELECT * FROM `comment` WHERE `shop_id` = 202 AND `state` = 0 AND `level` < 3 LIMIT 24,12   [ RunTime:0.009918s ]
SQL: SELECT COUNT(*) AS tp_count FROM `comment` WHERE `shop_id` = 202 AND `state` = 0 AND `nophoto` = 0 LIMIT 1   [ RunTime:0.018355s ]
SQL: SELECT * FROM `comment` WHERE `shop_id` = 202 AND `state` = 0 AND `nophoto` = 0 LIMIT 24,12   [ RunTime:0.012171s ]
SQL: SHOW COLUMNS FROM `photo` [ RunTime:0.001685s ]
SQL: SELECT * FROM `photo` WHERE `comment_id` = 22900 AND `state` = 0  [ RunTime:0.001875s ]
SQL: SELECT * FROM `photo` WHERE `comment_id` = 22902 AND `state` = 0  [ RunTime:0.001696s ]
SQL: SELECT * FROM `photo` WHERE `comment_id` = 22910 AND `state` = 0  [ RunTime:0.001192s ]
SQL: SELECT * FROM `photo` WHERE `comment_id` = 22939 AND `state` = 0  [ RunTime:0.000925s ]
SQL: SELECT * FROM `photo` WHERE `comment_id` = 22954 AND `state` = 0  [ RunTime:0.001056s ]
SQL: SELECT * FROM `photo` WHERE `comment_id` = 22972 AND `state` = 0  [ RunTime:0.001908s ]
SQL: SELECT * FROM `photo` WHERE `comment_id` = 22977 AND `state` = 0  [ RunTime:0.001984s ]
SQL: SELECT * FROM `photo` WHERE `comment_id` = 22983 AND `state` = 0  [ RunTime:0.001408s ]
SQL: SELECT * FROM `photo` WHERE `comment_id` = 23001 AND `state` = 0  [ RunTime:0.001842s ]
SQL: SELECT * FROM `photo` WHERE `comment_id` = 23007 AND `state` = 0  [ RunTime:0.002181s ]
SQL: SELECT * FROM `photo` WHERE `comment_id` = 23013 AND `state` = 0  [ RunTime:0.001189s ]
SQL: SELECT * FROM `photo` WHERE `comment_id` = 23034 AND `state` = 0  [ RunTime:0.001409s ]
NOTIC: [8] Undefined offset: 12 F:\Wamp\Wamp_3.0.6\installtion\wamp64\www\MIFOOD\Application\Home\Controller\IndexController.class.php 第 165 行.
SQL: SELECT * FROM `photo` WHERE `comment_id` = null AND `state` = 0  [ RunTime:0.001970s ]
NOTIC: [8] Undefined offset: 13 F:\Wamp\Wamp_3.0.6\installtion\wamp64\www\MIFOOD\Application\Home\Controller\IndexController.class.php 第 165 行.
SQL: SELECT * FROM `photo` WHERE `comment_id` = null AND `state` = 0  [ RunTime:0.000959s ]
NOTIC: [8] Undefined offset: 14 F:\Wamp\Wamp_3.0.6\installtion\wamp64\www\MIFOOD\Application\Home\Controller\IndexController.class.php 第 165 行.
SQL: SELECT * FROM `photo` WHERE `comment_id` = null AND `state` = 0  [ RunTime:0.000823s ]
NOTIC: [8] Undefined offset: 15 F:\Wamp\Wamp_3.0.6\installtion\wamp64\www\MIFOOD\Application\Home\Controller\IndexController.class.php 第 165 行.
SQL: SELECT * FROM `photo` WHERE `comment_id` = null AND `state` = 0  [ RunTime:0.001338s ]
NOTIC: [8] Undefined offset: 16 F:\Wamp\Wamp_3.0.6\installtion\wamp64\www\MIFOOD\Application\Home\Controller\IndexController.class.php 第 165 行.
SQL: SELECT * FROM `photo` WHERE `comment_id` = null AND `state` = 0  [ RunTime:0.001329s ]
NOTIC: [8] Undefined offset: 17 F:\Wamp\Wamp_3.0.6\installtion\wamp64\www\MIFOOD\Application\Home\Controller\IndexController.class.php 第 165 行.
SQL: SELECT * FROM `photo` WHERE `comment_id` = null AND `state` = 0  [ RunTime:0.001176s ]
NOTIC: [8] Undefined offset: 18 F:\Wamp\Wamp_3.0.6\installtion\wamp64\www\MIFOOD\Application\Home\Controller\IndexController.class.php 第 165 行.
SQL: SELECT * FROM `photo` WHERE `comment_id` = null AND `state` = 0  [ RunTime:0.000873s ]
NOTIC: [8] Undefined offset: 19 F:\Wamp\Wamp_3.0.6\installtion\wamp64\www\MIFOOD\Application\Home\Controller\IndexController.class.php 第 165 行.
SQL: SELECT * FROM `photo` WHERE `comment_id` = null AND `state` = 0  [ RunTime:0.001400s ]
NOTIC: [8] Undefined offset: 20 F:\Wamp\Wamp_3.0.6\installtion\wamp64\www\MIFOOD\Application\Home\Controller\IndexController.class.php 第 165 行.
SQL: SELECT * FROM `photo` WHERE `comment_id` = null AND `state` = 0  [ RunTime:0.001285s ]
NOTIC: [8] Undefined offset: 21 F:\Wamp\Wamp_3.0.6\installtion\wamp64\www\MIFOOD\Application\Home\Controller\IndexController.class.php 第 165 行.
SQL: SELECT * FROM `photo` WHERE `comment_id` = null AND `state` = 0  [ RunTime:0.000860s ]
NOTIC: [8] Undefined offset: 22 F:\Wamp\Wamp_3.0.6\installtion\wamp64\www\MIFOOD\Application\Home\Controller\IndexController.class.php 第 165 行.
SQL: SELECT * FROM `photo` WHERE `comment_id` = null AND `state` = 0  [ RunTime:0.000660s ]
NOTIC: [8] Undefined offset: 23 F:\Wamp\Wamp_3.0.6\installtion\wamp64\www\MIFOOD\Application\Home\Controller\IndexController.class.php 第 165 行.
SQL: SELECT * FROM `photo` WHERE `comment_id` = null AND `state` = 0  [ RunTime:0.001019s ]
NOTIC: [8] Undefined offset: 24 F:\Wamp\Wamp_3.0.6\installtion\wamp64\www\MIFOOD\Application\Home\Controller\IndexController.class.php 第 165 行.
SQL: SELECT * FROM `photo` WHERE `comment_id` = null AND `state` = 0  [ RunTime:0.001591s ]
NOTIC: [8] Undefined offset: 25 F:\Wamp\Wamp_3.0.6\installtion\wamp64\www\MIFOOD\Application\Home\Controller\IndexController.class.php 第 165 行.
SQL: SELECT * FROM `photo` WHERE `comment_id` = null AND `state` = 0  [ RunTime:0.001632s ]
NOTIC: [8] Undefined offset: 26 F:\Wamp\Wamp_3.0.6\installtion\wamp64\www\MIFOOD\Application\Home\Controller\IndexController.class.php 第 165 行.
SQL: SELECT * FROM `photo` WHERE `comment_id` = null AND `state` = 0  [ RunTime:0.001209s ]
NOTIC: [8] Undefined offset: 27 F:\Wamp\Wamp_3.0.6\installtion\wamp64\www\MIFOOD\Application\Home\Controller\IndexController.class.php 第 165 行.
SQL: SELECT * FROM `photo` WHERE `comment_id` = null AND `state` = 0  [ RunTime:0.001166s ]
NOTIC: [8] Undefined offset: 28 F:\Wamp\Wamp_3.0.6\installtion\wamp64\www\MIFOOD\Application\Home\Controller\IndexController.class.php 第 165 行.
SQL: SELECT * FROM `photo` WHERE `comment_id` = null AND `state` = 0  [ RunTime:0.001089s ]
NOTIC: [8] Undefined offset: 29 F:\Wamp\Wamp_3.0.6\installtion\wamp64\www\MIFOOD\Application\Home\Controller\IndexController.class.php 第 165 行.
SQL: SELECT * FROM `photo` WHERE `comment_id` = null AND `state` = 0  [ RunTime:0.001440s ]
NOTIC: [8] Undefined offset: 30 F:\Wamp\Wamp_3.0.6\installtion\wamp64\www\MIFOOD\Application\Home\Controller\IndexController.class.php 第 165 行.
SQL: SELECT * FROM `photo` WHERE `comment_id` = null AND `state` = 0  [ RunTime:0.001184s ]
NOTIC: [8] Undefined offset: 31 F:\Wamp\Wamp_3.0.6\installtion\wamp64\www\MIFOOD\Application\Home\Controller\IndexController.class.php 第 165 行.
SQL: SELECT * FROM `photo` WHERE `comment_id` = null AND `state` = 0  [ RunTime:0.001205s ]
NOTIC: [8] Undefined offset: 32 F:\Wamp\Wamp_3.0.6\installtion\wamp64\www\MIFOOD\Application\Home\Controller\IndexController.class.php 第 165 行.
SQL: SELECT * FROM `photo` WHERE `comment_id` = null AND `state` = 0  [ RunTime:0.000980s ]
NOTIC: [8] Undefined offset: 33 F:\Wamp\Wamp_3.0.6\installtion\wamp64\www\MIFOOD\Application\Home\Controller\IndexController.class.php 第 165 行.
SQL: SELECT * FROM `photo` WHERE `comment_id` = null AND `state` = 0  [ RunTime:0.001121s ]
NOTIC: [8] Undefined offset: 34 F:\Wamp\Wamp_3.0.6\installtion\wamp64\www\MIFOOD\Application\Home\Controller\IndexController.class.php 第 165 行.
SQL: SELECT * FROM `photo` WHERE `comment_id` = null AND `state` = 0  [ RunTime:0.000975s ]
NOTIC: [8] Undefined offset: 35 F:\Wamp\Wamp_3.0.6\installtion\wamp64\www\MIFOOD\Application\Home\Controller\IndexController.class.php 第 165 行.
SQL: SELECT * FROM `photo` WHERE `comment_id` = null AND `state` = 0  [ RunTime:0.000901s ]
NOTIC: [8] Undefined offset: 36 F:\Wamp\Wamp_3.0.6\installtion\wamp64\www\MIFOOD\Application\Home\Controller\IndexController.class.php 第 165 行.
SQL: SELECT * FROM `photo` WHERE `comment_id` = null AND `state` = 0  [ RunTime:0.001442s ]
NOTIC: [8] Undefined offset: 37 F:\Wamp\Wamp_3.0.6\installtion\wamp64\www\MIFOOD\Application\Home\Controller\IndexController.class.php 第 165 行.
SQL: SELECT * FROM `photo` WHERE `comment_id` = null AND `state` = 0  [ RunTime:0.001214s ]
NOTIC: [8] Undefined offset: 38 F:\Wamp\Wamp_3.0.6\installtion\wamp64\www\MIFOOD\Application\Home\Controller\IndexController.class.php 第 165 行.
SQL: SELECT * FROM `photo` WHERE `comment_id` = null AND `state` = 0  [ RunTime:0.001033s ]
SQL: SHOW COLUMNS FROM `shop` [ RunTime:0.002592s ]
NOTIC: [8] Undefined index: type_id F:\Wamp\Wamp_3.0.6\installtion\wamp64\www\MIFOOD\Application\Home\Controller\IndexController.class.php 第 177 行.
SQL: SELECT * FROM `comment` WHERE `type_id` = null AND `state` = 0  [ RunTime:0.000988s ]
NOTIC: [8] Undefined index: user_id F:\Wamp\Wamp_3.0.6\installtion\wamp64\www\MIFOOD\Application\Home\Model\ShopModel.class.php 第 122 行.
SQL: SHOW COLUMNS FROM `love` [ RunTime:0.001564s ]
SQL: SELECT * FROM `love` WHERE `shop_id` = 202 AND `user_id` = null AND `state` = 0  [ RunTime:0.001126s ]
SQL: SHOW COLUMNS FROM `shop` [ RunTime:0.002620s ]
SQL: SELECT * FROM `shop` WHERE `shop_id` = 202 AND `state` = 0  [ RunTime:0.001511s ]
SQL: SHOW COLUMNS FROM `food` [ RunTime:0.002223s ]
SQL: SELECT * FROM `food` WHERE `shop_id` = 202 AND `state` = 0  [ RunTime:0.002533s ]
SQL: SELECT * FROM `food` WHERE `shop_id` = 202 AND `state` = 0  [ RunTime:0.002102s ]
SQL: SELECT count(1) FROM `comment` WHERE `shop_id` = 202 AND `state` = 0 GROUP BY type_id  [ RunTime:0.024818s ]
SQL: SELECT * FROM `comment` WHERE `shop_id` = 202 AND `state` = 0  [ RunTime:0.033410s ]
SQL: SELECT * FROM `shop` WHERE `shop_id` = 202 AND `state` = 0  [ RunTime:0.002460s ]
SQL: SELECT COUNT(*) AS tp_count FROM `comment` WHERE `shop_id` = 202 AND `state` = 0 LIMIT 1   [ RunTime:0.020165s ]
NOTIC: [8] Undefined offset: 5 F:\Wamp\Wamp_3.0.6\installtion\wamp64\www\MIFOOD\Application\Home\Model\ShopModel.class.php 第 57 行.
NOTIC: [8] Undefined offset: 15 F:\Wamp\Wamp_3.0.6\installtion\wamp64\www\MIFOOD\Application\Home\Model\ShopModel.class.php 第 57 行.
NOTIC: [8] Undefined offset: 21 F:\Wamp\Wamp_3.0.6\installtion\wamp64\www\MIFOOD\Application\Home\Model\ShopModel.class.php 第 57 行.
NOTIC: [8] Undefined offset: 27 F:\Wamp\Wamp_3.0.6\installtion\wamp64\www\MIFOOD\Application\Home\Model\ShopModel.class.php 第 57 行.
NOTIC: [8] Undefined offset: 28 F:\Wamp\Wamp_3.0.6\installtion\wamp64\www\MIFOOD\Application\Home\Model\ShopModel.class.php 第 57 行.
NOTIC: [8] Undefined offset: 47 F:\Wamp\Wamp_3.0.6\installtion\wamp64\www\MIFOOD\Application\Home\Model\ShopModel.class.php 第 57 行.
NOTIC: [8] Undefined offset: 24 F:\Wamp\Wamp_3.0.6\installtion\wamp64\www\MIFOOD\Application\Home\Model\ShopModel.class.php 第 57 行.
NOTIC: [8] Undefined offset: 31 F:\Wamp\Wamp_3.0.6\installtion\wamp64\www\MIFOOD\Application\Home\Model\ShopModel.class.php 第 57 行.
NOTIC: [8] Undefined offset: 28 F:\Wamp\Wamp_3.0.6\installtion\wamp64\www\MIFOOD\Application\Home\Model\ShopModel.class.php 第 57 行.
NOTIC: [8] Undefined offset: 38 F:\Wamp\Wamp_3.0.6\installtion\wamp64\www\MIFOOD\Application\Home\Model\ShopModel.class.php 第 57 行.
NOTIC: [8] Undefined offset: 40 F:\Wamp\Wamp_3.0.6\installtion\wamp64\www\MIFOOD\Application\Home\Model\ShopModel.class.php 第 57 行.
NOTIC: [8] Undefined offset: 48 F:\Wamp\Wamp_3.0.6\installtion\wamp64\www\MIFOOD\Application\Home\Model\ShopModel.class.php 第 57 行.
NOTIC: [8] Undefined offset: 44 F:\Wamp\Wamp_3.0.6\installtion\wamp64\www\MIFOOD\Application\Home\Model\ShopModel.class.php 第 57 行.
NOTIC: [8] Undefined offset: 54 F:\Wamp\Wamp_3.0.6\installtion\wamp64\www\MIFOOD\Application\Home\Model\ShopModel.class.php 第 57 行.
INFO: [ view_parse ] --START--
INFO: [ template_filter ] --START--
INFO: Run Behavior\ContentReplaceBehavior [ RunTime:0.001330s ]
INFO: [ template_filter ] --END-- [ RunTime:0.001993s ]
NOTIC: [8] Undefined index: user F:\Wamp\Wamp_3.0.6\installtion\wamp64\www\MIFOOD\Application\Runtime\Cache\Home\37214a01e04274e0039680059f673b9e.php 第 47 行.
NOTIC: [8] Undefined variable: i F:\Wamp\Wamp_3.0.6\installtion\wamp64\www\MIFOOD\Application\Runtime\Cache\Home\37214a01e04274e0039680059f673b9e.php 第 556 行.
NOTIC: [8] Undefined index:  F:\Wamp\Wamp_3.0.6\installtion\wamp64\www\MIFOOD\Application\Runtime\Cache\Home\37214a01e04274e0039680059f673b9e.php 第 556 行.
INFO: Run Behavior\ParseTemplateBehavior [ RunTime:0.188559s ]
INFO: [ view_parse ] --END-- [ RunTime:0.189488s ]
INFO: [ view_filter ] --START--
INFO: Run Behavior\WriteHtmlCacheBehavior [ RunTime:0.003125s ]
INFO: [ view_filter ] --END-- [ RunTime:0.003979s ]
INFO: [ app_end ] --START--
INFO: Run Behavior\ShowPageTraceBehavior [ RunTime:0.010297s ]
INFO: [ app_end ] --END-- [ RunTime:0.011223s ]

[ 2017-05-18T21:42:02+08:00 ] ::1 /MIFOOD/index.php/Home/Index/details/shop_id/202/p/38.html
INFO: [ app_init ] --START--
INFO: Run Behavior\BuildLiteBehavior [ RunTime:0.000148s ]
INFO: [ app_init ] --END-- [ RunTime:0.007073s ]
INFO: [ app_begin ] --START--
INFO: Run Behavior\ReadHtmlCacheBehavior [ RunTime:0.003798s ]
INFO: [ app_begin ] --END-- [ RunTime:0.006586s ]
SQL: SHOW COLUMNS FROM `comment` [ RunTime:0.002017s ]
SQL: SELECT COUNT(*) AS tp_count FROM `comment` WHERE `shop_id` = 202 AND `state` = 0 LIMIT 1   [ RunTime:0.016296s ]
SQL: SELECT * FROM `comment` WHERE `shop_id` = 202 AND `state` = 0 LIMIT 444,12   [ RunTime:0.019568s ]
SQL: SELECT COUNT(*) AS tp_count FROM `comment` WHERE `shop_id` = 202 AND `state` = 0 AND `level` < 3 LIMIT 1   [ RunTime:0.018593s ]
SQL: SELECT * FROM `comment` WHERE `shop_id` = 202 AND `state` = 0 AND `level` < 3 LIMIT 444,12   [ RunTime:0.018396s ]
SQL: SELECT COUNT(*) AS tp_count FROM `comment` WHERE `shop_id` = 202 AND `state` = 0 AND `nophoto` = 0 LIMIT 1   [ RunTime:0.018068s ]
SQL: SELECT * FROM `comment` WHERE `shop_id` = 202 AND `state` = 0 AND `nophoto` = 0 LIMIT 444,12   [ RunTime:0.015560s ]
SQL: SHOW COLUMNS FROM `photo` [ RunTime:0.001981s ]
SQL: SELECT * FROM `photo` WHERE `comment_id` = null AND `state` = 0  [ RunTime:0.002137s ]
SQL: SELECT * FROM `photo` WHERE `comment_id` = null AND `state` = 0  [ RunTime:0.001229s ]
SQL: SELECT * FROM `photo` WHERE `comment_id` = null AND `state` = 0  [ RunTime:0.000879s ]
SQL: SELECT * FROM `photo` WHERE `comment_id` = null AND `state` = 0  [ RunTime:0.000700s ]
SQL: SELECT * FROM `photo` WHERE `comment_id` = null AND `state` = 0  [ RunTime:0.001688s ]
SQL: SELECT * FROM `photo` WHERE `comment_id` = null AND `state` = 0  [ RunTime:0.001344s ]
SQL: SELECT * FROM `photo` WHERE `comment_id` = null AND `state` = 0  [ RunTime:0.001226s ]
SQL: SELECT * FROM `photo` WHERE `comment_id` = null AND `state` = 0  [ RunTime:0.001088s ]
SQL: SELECT * FROM `photo` WHERE `comment_id` = null AND `state` = 0  [ RunTime:0.001327s ]
SQL: SELECT * FROM `photo` WHERE `comment_id` = null AND `state` = 0  [ RunTime:0.001903s ]
SQL: SELECT * FROM `photo` WHERE `comment_id` = null AND `state` = 0  [ RunTime:0.001120s ]
SQL: SELECT * FROM `photo` WHERE `comment_id` = null AND `state` = 0  [ RunTime:0.000713s ]
SQL: SELECT * FROM `photo` WHERE `comment_id` = null AND `state` = 0  [ RunTime:0.001095s ]
SQL: SELECT * FROM `photo` WHERE `comment_id` = null AND `state` = 0  [ RunTime:0.002082s ]
SQL: SELECT * FROM `photo` WHERE `comment_id` = null AND `state` = 0  [ RunTime:0.001346s ]
SQL: SELECT * FROM `photo` WHERE `comment_id` = null AND `state` = 0  [ RunTime:0.001087s ]
SQL: SELECT * FROM `photo` WHERE `comment_id` = null AND `state` = 0  [ RunTime:0.000729s ]
SQL: SELECT * FROM `photo` WHERE `comment_id` = null AND `state` = 0  [ RunTime:0.002293s ]
SQL: SELECT * FROM `photo` WHERE `comment_id` = null AND `state` = 0  [ RunTime:0.001361s ]
SQL: SELECT * FROM `photo` WHERE `comment_id` = null AND `state` = 0  [ RunTime:0.001071s ]
SQL: SELECT * FROM `photo` WHERE `comment_id` = null AND `state` = 0  [ RunTime:0.000721s ]
SQL: SELECT * FROM `photo` WHERE `comment_id` = null AND `state` = 0  [ RunTime:0.002542s ]
SQL: SELECT * FROM `photo` WHERE `comment_id` = null AND `state` = 0  [ RunTime:0.001263s ]
SQL: SELECT * FROM `photo` WHERE `comment_id` = null AND `state` = 0  [ RunTime:0.001092s ]
SQL: SELECT * FROM `photo` WHERE `comment_id` = null AND `state` = 0  [ RunTime:0.000789s ]
SQL: SELECT * FROM `photo` WHERE `comment_id` = null AND `state` = 0  [ RunTime:0.002215s ]
SQL: SELECT * FROM `photo` WHERE `comment_id` = null AND `state` = 0  [ RunTime:0.001523s ]
SQL: SELECT * FROM `photo` WHERE `comment_id` = null AND `state` = 0  [ RunTime:0.001043s ]
SQL: SELECT * FROM `photo` WHERE `comment_id` = null AND `state` = 0  [ RunTime:0.000706s ]
SQL: SELECT * FROM `photo` WHERE `comment_id` = null AND `state` = 0  [ RunTime:0.000912s ]
SQL: SELECT * FROM `photo` WHERE `comment_id` = null AND `state` = 0  [ RunTime:0.001736s ]
SQL: SELECT * FROM `photo` WHERE `comment_id` = null AND `state` = 0  [ RunTime:0.001364s ]
SQL: SELECT * FROM `photo` WHERE `comment_id` = null AND `state` = 0  [ RunTime:0.001241s ]
SQL: SELECT * FROM `photo` WHERE `comment_id` = null AND `state` = 0  [ RunTime:0.001321s ]
SQL: SELECT * FROM `photo` WHERE `comment_id` = null AND `state` = 0  [ RunTime:0.002086s ]
SQL: SELECT * FROM `photo` WHERE `comment_id` = null AND `state` = 0  [ RunTime:0.001363s ]
SQL: SELECT * FROM `photo` WHERE `comment_id` = null AND `state` = 0  [ RunTime:0.001032s ]
SQL: SELECT * FROM `photo` WHERE `comment_id` = null AND `state` = 0  [ RunTime:0.001222s ]
SQL: SELECT * FROM `photo` WHERE `comment_id` = null AND `state` = 0  [ RunTime:0.001926s ]
SQL: SHOW COLUMNS FROM `shop` [ RunTime:0.002674s ]
NOTIC: [8] Undefined index: type_id F:\Wamp\Wamp_3.0.6\installtion\wamp64\www\MIFOOD\Application\Home\Controller\IndexController.class.php 第 177 行.
SQL: SELECT * FROM `comment` WHERE `type_id` = null AND `state` = 0  [ RunTime:0.002035s ]
NOTIC: [8] Undefined index: user_id F:\Wamp\Wamp_3.0.6\installtion\wamp64\www\MIFOOD\Application\Home\Model\ShopModel.class.php 第 122 行.
SQL: SHOW COLUMNS FROM `love` [ RunTime:0.002440s ]
SQL: SELECT * FROM `love` WHERE `shop_id` = 202 AND `user_id` = null AND `state` = 0  [ RunTime:0.001156s ]
SQL: SHOW COLUMNS FROM `shop` [ RunTime:0.002800s ]
SQL: SELECT * FROM `shop` WHERE `shop_id` = 202 AND `state` = 0  [ RunTime:0.002143s ]
SQL: SHOW COLUMNS FROM `food` [ RunTime:0.001970s ]
SQL: SELECT * FROM `food` WHERE `shop_id` = 202 AND `state` = 0  [ RunTime:0.001899s ]
SQL: SELECT * FROM `food` WHERE `shop_id` = 202 AND `state` = 0  [ RunTime:0.002453s ]
SQL: SELECT count(1) FROM `comment` WHERE `shop_id` = 202 AND `state` = 0 GROUP BY type_id  [ RunTime:0.021285s ]
SQL: SELECT * FROM `comment` WHERE `shop_id` = 202 AND `state` = 0  [ RunTime:0.023492s ]
SQL: SELECT * FROM `shop` WHERE `shop_id` = 202 AND `state` = 0  [ RunTime:0.001319s ]
SQL: SELECT COUNT(*) AS tp_count FROM `comment` WHERE `shop_id` = 202 AND `state` = 0 LIMIT 1   [ RunTime:0.014607s ]
NOTIC: [8] Undefined offset: 5 F:\Wamp\Wamp_3.0.6\installtion\wamp64\www\MIFOOD\Application\Home\Model\ShopModel.class.php 第 57 行.
NOTIC: [8] Undefined offset: 15 F:\Wamp\Wamp_3.0.6\installtion\wamp64\www\MIFOOD\Application\Home\Model\ShopModel.class.php 第 57 行.
NOTIC: [8] Undefined offset: 21 F:\Wamp\Wamp_3.0.6\installtion\wamp64\www\MIFOOD\Application\Home\Model\ShopModel.class.php 第 57 行.
NOTIC: [8] Undefined offset: 27 F:\Wamp\Wamp_3.0.6\installtion\wamp64\www\MIFOOD\Application\Home\Model\ShopModel.class.php 第 57 行.
NOTIC: [8] Undefined offset: 28 F:\Wamp\Wamp_3.0.6\installtion\wamp64\www\MIFOOD\Application\Home\Model\ShopModel.class.php 第 57 行.
NOTIC: [8] Undefined offset: 47 F:\Wamp\Wamp_3.0.6\installtion\wamp64\www\MIFOOD\Application\Home\Model\ShopModel.class.php 第 57 行.
NOTIC: [8] Undefined offset: 24 F:\Wamp\Wamp_3.0.6\installtion\wamp64\www\MIFOOD\Application\Home\Model\ShopModel.class.php 第 57 行.
NOTIC: [8] Undefined offset: 31 F:\Wamp\Wamp_3.0.6\installtion\wamp64\www\MIFOOD\Application\Home\Model\ShopModel.class.php 第 57 行.
NOTIC: [8] Undefined offset: 28 F:\Wamp\Wamp_3.0.6\installtion\wamp64\www\MIFOOD\Application\Home\Model\ShopModel.class.php 第 57 行.
NOTIC: [8] Undefined offset: 38 F:\Wamp\Wamp_3.0.6\installtion\wamp64\www\MIFOOD\Application\Home\Model\ShopModel.class.php 第 57 行.
NOTIC: [8] Undefined offset: 40 F:\Wamp\Wamp_3.0.6\installtion\wamp64\www\MIFOOD\Application\Home\Model\ShopModel.class.php 第 57 行.
NOTIC: [8] Undefined offset: 48 F:\Wamp\Wamp_3.0.6\installtion\wamp64\www\MIFOOD\Application\Home\Model\ShopModel.class.php 第 57 行.
NOTIC: [8] Undefined offset: 44 F:\Wamp\Wamp_3.0.6\installtion\wamp64\www\MIFOOD\Application\Home\Model\ShopModel.class.php 第 57 行.
NOTIC: [8] Undefined offset: 54 F:\Wamp\Wamp_3.0.6\installtion\wamp64\www\MIFOOD\Application\Home\Model\ShopModel.class.php 第 57 行.
INFO: [ view_parse ] --START--
INFO: [ template_filter ] --START--
INFO: Run Behavior\ContentReplaceBehavior [ RunTime:0.001015s ]
INFO: [ template_filter ] --END-- [ RunTime:0.001557s ]
NOTIC: [8] Undefined index: user F:\Wamp\Wamp_3.0.6\installtion\wamp64\www\MIFOOD\Application\Runtime\Cache\Home\37214a01e04274e0039680059f673b9e.php 第 47 行.
NOTIC: [8] Undefined variable: i F:\Wamp\Wamp_3.0.6\installtion\wamp64\www\MIFOOD\Application\Runtime\Cache\Home\37214a01e04274e0039680059f673b9e.php 第 556 行.
NOTIC: [8] Undefined index:  F:\Wamp\Wamp_3.0.6\installtion\wamp64\www\MIFOOD\Application\Runtime\Cache\Home\37214a01e04274e0039680059f673b9e.php 第 556 行.
INFO: Run Behavior\ParseTemplateBehavior [ RunTime:0.105971s ]
INFO: [ view_parse ] --END-- [ RunTime:0.106518s ]
INFO: [ view_filter ] --START--
INFO: Run Behavior\WriteHtmlCacheBehavior [ RunTime:0.001917s ]
INFO: [ view_filter ] --END-- [ RunTime:0.002419s ]
INFO: [ app_end ] --START--
INFO: Run Behavior\ShowPageTraceBehavior [ RunTime:0.005596s ]
INFO: [ app_end ] --END-- [ RunTime:0.006246s ]

[ 2017-05-18T21:42:16+08:00 ] ::1 /MIFOOD/index.php/Home/Index/index
INFO: [ app_init ] --START--
INFO: Run Behavior\BuildLiteBehavior [ RunTime:0.000140s ]
INFO: [ app_init ] --END-- [ RunTime:0.002552s ]
INFO: [ app_begin ] --START--
INFO: Run Behavior\ReadHtmlCacheBehavior [ RunTime:0.004744s ]
INFO: [ app_begin ] --END-- [ RunTime:0.005798s ]
SQL: SHOW COLUMNS FROM `shop` [ RunTime:0.003030s ]
SQL: SHOW COLUMNS FROM `shop` [ RunTime:0.002473s ]
SQL: SELECT * FROM `shop` WHERE `state` = 0 ORDER BY loves desc,level desc LIMIT 9   [ RunTime:0.004528s ]
SQL: SELECT * FROM `shop` WHERE `state` = 0 AND `category_id` = 11 ORDER BY shop_id ,level desc LIMIT 4   [ RunTime:0.004896s ]
INFO: [ view_parse ] --START--
INFO: [ template_filter ] --START--
INFO: Run Behavior\ContentReplaceBehavior [ RunTime:0.000824s ]
INFO: [ template_filter ] --END-- [ RunTime:0.001381s ]
NOTIC: [8] Undefined index: user F:\Wamp\Wamp_3.0.6\installtion\wamp64\www\MIFOOD\Application\Runtime\Cache\Home\2a94b8bda04ff446dcedd42276fc99ee.php 第 49 行.
INFO: Run Behavior\ParseTemplateBehavior [ RunTime:0.089279s ]
INFO: [ view_parse ] --END-- [ RunTime:0.089911s ]
INFO: [ view_filter ] --START--
INFO: Run Behavior\WriteHtmlCacheBehavior [ RunTime:0.001877s ]
INFO: [ view_filter ] --END-- [ RunTime:0.002382s ]
INFO: [ app_end ] --START--
INFO: Run Behavior\ShowPageTraceBehavior [ RunTime:0.002817s ]
INFO: [ app_end ] --END-- [ RunTime:0.003468s ]

[ 2017-05-18T21:56:02+08:00 ] ::1 /MIFOOD/index.php/Home/Index/health
INFO: [ app_init ] --START--
INFO: Run Behavior\BuildLiteBehavior [ RunTime:0.000143s ]
INFO: [ app_init ] --END-- [ RunTime:0.002644s ]
INFO: [ app_begin ] --START--
INFO: Run Behavior\ReadHtmlCacheBehavior [ RunTime:0.003444s ]
INFO: [ app_begin ] --END-- [ RunTime:0.004221s ]
INFO: [ view_parse ] --START--
INFO: [ template_filter ] --START--
INFO: Run Behavior\ContentReplaceBehavior [ RunTime:0.000827s ]
INFO: [ template_filter ] --END-- [ RunTime:0.001472s ]
NOTIC: [8] Undefined index: user F:\Wamp\Wamp_3.0.6\installtion\wamp64\www\MIFOOD\Application\Runtime\Cache\Home\b8420473841a61630271d42b49d29be5.php 第 52 行.
INFO: Run Behavior\ParseTemplateBehavior [ RunTime:0.067888s ]
INFO: [ view_parse ] --END-- [ RunTime:0.068597s ]
INFO: [ view_filter ] --START--
INFO: Run Behavior\WriteHtmlCacheBehavior [ RunTime:0.002457s ]
INFO: [ view_filter ] --END-- [ RunTime:0.003099s ]
INFO: [ app_end ] --START--
INFO: Run Behavior\ShowPageTraceBehavior [ RunTime:0.008152s ]
INFO: [ app_end ] --END-- [ RunTime:0.009137s ]

[ 2017-05-18T21:56:02+08:00 ] ::1 /MIFOOD/index.php/Home/Index/js/owl.carousel.js
INFO: [ app_init ] --START--
INFO: Run Behavior\BuildLiteBehavior [ RunTime:0.000113s ]
INFO: [ app_init ] --END-- [ RunTime:0.002063s ]
INFO: [ app_begin ] --START--
INFO: Run Behavior\ReadHtmlCacheBehavior [ RunTime:0.002547s ]
INFO: [ app_begin ] --END-- [ RunTime:0.003128s ]
ERR: 非法操作:js

[ 2017-05-18T21:56:03+08:00 ] ::1 /MIFOOD/index.php/Home/Index/js/owl.carousel.js
INFO: [ app_init ] --START--
INFO: Run Behavior\BuildLiteBehavior [ RunTime:0.000121s ]
INFO: [ app_init ] --END-- [ RunTime:0.002602s ]
INFO: [ app_begin ] --START--
INFO: Run Behavior\ReadHtmlCacheBehavior [ RunTime:0.005590s ]
INFO: [ app_begin ] --END-- [ RunTime:0.008365s ]
ERR: 非法操作:js

[ 2017-05-18T21:56:05+08:00 ] ::1 /MIFOOD/index.php/Home/Index/index
INFO: [ app_init ] --START--
INFO: Run Behavior\BuildLiteBehavior [ RunTime:0.000144s ]
INFO: [ app_init ] --END-- [ RunTime:0.002158s ]
INFO: [ app_begin ] --START--
INFO: Run Behavior\ReadHtmlCacheBehavior [ RunTime:0.003007s ]
INFO: [ app_begin ] --END-- [ RunTime:0.003883s ]
SQL: SHOW COLUMNS FROM `shop` [ RunTime:0.002625s ]
SQL: SHOW COLUMNS FROM `shop` [ RunTime:0.002886s ]
SQL: SELECT * FROM `shop` WHERE `state` = 0 ORDER BY loves desc,level desc LIMIT 9   [ RunTime:0.004139s ]
SQL: SELECT * FROM `shop` WHERE `state` = 0 AND `category_id` = 11 ORDER BY shop_id ,level desc LIMIT 4   [ RunTime:0.005000s ]
INFO: [ view_parse ] --START--
INFO: [ template_filter ] --START--
INFO: Run Behavior\ContentReplaceBehavior [ RunTime:0.000836s ]
INFO: [ template_filter ] --END-- [ RunTime:0.001459s ]
NOTIC: [8] Undefined index: user F:\Wamp\Wamp_3.0.6\installtion\wamp64\www\MIFOOD\Application\Runtime\Cache\Home\2a94b8bda04ff446dcedd42276fc99ee.php 第 49 行.
INFO: Run Behavior\ParseTemplateBehavior [ RunTime:0.094796s ]
INFO: [ view_parse ] --END-- [ RunTime:0.095462s ]
INFO: [ view_filter ] --START--
INFO: Run Behavior\WriteHtmlCacheBehavior [ RunTime:0.001908s ]
INFO: [ view_filter ] --END-- [ RunTime:0.004818s ]
INFO: [ app_end ] --START--
INFO: Run Behavior\ShowPageTraceBehavior [ RunTime:0.002750s ]
INFO: [ app_end ] --END-- [ RunTime:0.003403s ]

