[ 2017-04-20T20:11:05+08:00 ] ::1 /MIFOOD/
INFO: [ app_init ] --START--
INFO: Run Behavior\BuildLiteBehavior [ RunTime:0.000128s ]
INFO: [ app_init ] --END-- [ RunTime:0.004903s ]

[ 2017-04-20T20:12:19+08:00 ] ::1 /MIFOOD/index.php/Home/Index/details/shop_id/1163
INFO: [ app_init ] --START--
INFO: Run Behavior\BuildLiteBehavior [ RunTime:0.000264s ]
INFO: [ app_init ] --END-- [ RunTime:0.003254s ]

[ 2017-04-20T20:12:34+08:00 ] ::1 /MIFOOD/index.php/Home/Index/details/shop_id/checkName
INFO: [ app_init ] --START--
INFO: Run Behavior\BuildLiteBehavior [ RunTime:0.000137s ]
INFO: [ app_init ] --END-- [ RunTime:0.002453s ]
INFO: [ app_begin ] --START--
INFO: Run Behavior\ReadHtmlCacheBehavior [ RunTime:0.002260s ]
INFO: [ app_begin ] --END-- [ RunTime:0.002703s ]
SQL: SHOW COLUMNS FROM `comment` [ RunTime:0.001887s ]
SQL: SELECT COUNT(*) AS tp_count FROM `comment` WHERE `shop_id` = 0 AND `state` = 0 LIMIT 1   [ RunTime:0.001323s ]
SQL: SELECT * FROM `comment` WHERE `shop_id` = 0 AND `state` = 0 LIMIT 0,12   [ RunTime:0.001174s ]
SQL: SELECT COUNT(*) AS tp_count FROM `comment` WHERE `shop_id` = 0 AND `state` = 0 AND `level` < 3 LIMIT 1   [ RunTime:0.001029s ]
SQL: SELECT * FROM `comment` WHERE `shop_id` = 0 AND `state` = 0 AND `level` < 3 LIMIT 0,12   [ RunTime:0.000970s ]
SQL: SELECT COUNT(*) AS tp_count FROM `comment` WHERE `shop_id` = 0 AND `state` = 0 AND `nophoto` = 0 LIMIT 1   [ RunTime:0.000715s ]
SQL: SELECT * FROM `comment` WHERE `shop_id` = 0 AND `state` = 0 AND `nophoto` = 0 LIMIT 0,12   [ RunTime:0.001082s ]
SQL: SHOW COLUMNS FROM `shop` [ RunTime:0.002595s ]
NOTIC: [8] Undefined index: type_id F:\Wamp\Wamp_3.0.6\installtion\wamp64\www\MIFOOD\Application\Home\Controller\IndexController.class.php 第 156 行.
SQL: SELECT * FROM `comment` WHERE `type_id` = null AND `state` = 0  [ RunTime:0.001003s ]
NOTIC: [8] Undefined index: user_id F:\Wamp\Wamp_3.0.6\installtion\wamp64\www\MIFOOD\Application\Home\Model\ShopModel.class.php 第 83 行.
SQL: SHOW COLUMNS FROM `love` [ RunTime:0.001944s ]
SQL: SELECT * FROM `love` WHERE `shop_id` = 0 AND `user_id` = null AND `state` = 0  [ RunTime:0.001034s ]
SQL: SHOW COLUMNS FROM `shop` [ RunTime:0.002078s ]
SQL: SELECT * FROM `shop` WHERE `shop_id` = 0 AND `state` = 0  [ RunTime:0.001404s ]
SQL: SHOW COLUMNS FROM `food` [ RunTime:0.002059s ]
SQL: SELECT * FROM `food` WHERE `shop_id` = 0 AND `state` = 0  [ RunTime:0.001212s ]
SQL: SELECT count(1) FROM `comment` WHERE `shop_id` = 0 AND `state` = 0 GROUP BY type_id  [ RunTime:0.001105s ]
INFO: [ view_parse ] --START--
INFO: [ template_filter ] --START--
INFO: Run Behavior\ContentReplaceBehavior [ RunTime:0.000957s ]
INFO: [ template_filter ] --END-- [ RunTime:0.001429s ]
NOTIC: [8] Undefined index: user F:\Wamp\Wamp_3.0.6\installtion\wamp64\www\MIFOOD\Application\Runtime\Cache\Home\37214a01e04274e0039680059f673b9e.php 第 48 行.
INFO: Run Behavior\ParseTemplateBehavior [ RunTime:0.093970s ]
INFO: [ view_parse ] --END-- [ RunTime:0.094431s ]
INFO: [ view_filter ] --START--
INFO: Run Behavior\WriteHtmlCacheBehavior [ RunTime:0.001859s ]
INFO: [ view_filter ] --END-- [ RunTime:0.002277s ]
INFO: [ app_end ] --START--
INFO: Run Behavior\ShowPageTraceBehavior [ RunTime:0.002825s ]
INFO: [ app_end ] --END-- [ RunTime:0.003316s ]

[ 2017-04-20T20:12:41+08:00 ] ::1 /MIFOOD/index.php/Home/Index/logins.html
INFO: [ app_init ] --START--
INFO: Run Behavior\BuildLiteBehavior [ RunTime:0.000114s ]
INFO: [ app_init ] --END-- [ RunTime:0.002139s ]

[ 2017-04-20T20:12:43+08:00 ] ::1 /MIFOOD/index.php/Home/Index/details/shop_id/1163
INFO: [ app_init ] --START--
INFO: Run Behavior\BuildLiteBehavior [ RunTime:0.000144s ]
INFO: [ app_init ] --END-- [ RunTime:0.002488s ]

[ 2017-04-20T21:22:46+08:00 ] ::1 /MIFOOD/index.php/Home/Index/test
INFO: [ app_init ] --START--
INFO: Run Behavior\BuildLiteBehavior [ RunTime:0.000122s ]
INFO: [ app_init ] --END-- [ RunTime:0.008141s ]

[ 2017-04-20T21:23:02+08:00 ] ::1 /MIFOOD/index.php/Home/Index/test
INFO: [ app_init ] --START--
INFO: Run Behavior\BuildLiteBehavior [ RunTime:0.000122s ]
INFO: [ app_init ] --END-- [ RunTime:0.002042s ]

[ 2017-04-20T21:23:15+08:00 ] ::1 /MIFOOD/index.php/Home/Index/test
INFO: [ app_init ] --START--
INFO: Run Behavior\BuildLiteBehavior [ RunTime:0.000113s ]
INFO: [ app_init ] --END-- [ RunTime:0.002104s ]

[ 2017-04-20T21:23:24+08:00 ] ::1 /MIFOOD/index.php/Home/Index/test
INFO: [ app_init ] --START--
INFO: Run Behavior\BuildLiteBehavior [ RunTime:0.000111s ]
INFO: [ app_init ] --END-- [ RunTime:0.002074s ]

[ 2017-04-20T21:24:29+08:00 ] ::1 /MIFOOD/index.php/Home/Index/test
INFO: [ app_init ] --START--
INFO: Run Behavior\BuildLiteBehavior [ RunTime:0.000119s ]
INFO: [ app_init ] --END-- [ RunTime:0.002086s ]

[ 2017-04-20T21:24:56+08:00 ] ::1 /MIFOOD/index.php/Home/Index/test
INFO: [ app_init ] --START--
INFO: Run Behavior\BuildLiteBehavior [ RunTime:0.000470s ]
INFO: [ app_init ] --END-- [ RunTime:0.002518s ]

[ 2017-04-20T21:25:08+08:00 ] ::1 /MIFOOD/index.php/Home/Index/test
INFO: [ app_init ] --START--
INFO: Run Behavior\BuildLiteBehavior [ RunTime:0.000107s ]
INFO: [ app_init ] --END-- [ RunTime:0.001889s ]

[ 2017-04-20T21:29:12+08:00 ] ::1 /MIFOOD/index.php/Home/Index/test
INFO: [ app_init ] --START--
INFO: Run Behavior\BuildLiteBehavior [ RunTime:0.000117s ]
INFO: [ app_init ] --END-- [ RunTime:0.002212s ]

[ 2017-04-20T21:29:44+08:00 ] ::1 /MIFOOD/index.php/Home/Index/test
INFO: [ app_init ] --START--
INFO: Run Behavior\BuildLiteBehavior [ RunTime:0.000139s ]
INFO: [ app_init ] --END-- [ RunTime:0.002569s ]

[ 2017-04-20T21:30:02+08:00 ] ::1 /MIFOOD/index.php/Home/Index/test
INFO: [ app_init ] --START--
INFO: Run Behavior\BuildLiteBehavior [ RunTime:0.000113s ]
INFO: [ app_init ] --END-- [ RunTime:0.002481s ]

[ 2017-04-20T21:30:28+08:00 ] ::1 /MIFOOD/index.php/Home/Index/test
INFO: [ app_init ] --START--
INFO: Run Behavior\BuildLiteBehavior [ RunTime:0.000106s ]
INFO: [ app_init ] --END-- [ RunTime:0.001798s ]

[ 2017-04-20T21:33:11+08:00 ] ::1 /MIFOOD/index.php/Home/Index/test
INFO: [ app_init ] --START--
INFO: Run Behavior\BuildLiteBehavior [ RunTime:0.000688s ]
INFO: [ app_init ] --END-- [ RunTime:0.003541s ]

[ 2017-04-20T21:33:25+08:00 ] ::1 /MIFOOD/index.php/Home/Index/test
INFO: [ app_init ] --START--
INFO: Run Behavior\BuildLiteBehavior [ RunTime:0.000116s ]
INFO: [ app_init ] --END-- [ RunTime:0.002411s ]

[ 2017-04-20T21:36:56+08:00 ] ::1 /MIFOOD/index.php/Home/Index/test
INFO: [ app_init ] --START--
INFO: Run Behavior\BuildLiteBehavior [ RunTime:0.000122s ]
INFO: [ app_init ] --END-- [ RunTime:0.002239s ]

[ 2017-04-20T21:38:46+08:00 ] ::1 /MIFOOD/index.php/Home/Index/test
INFO: [ app_init ] --START--
INFO: Run Behavior\BuildLiteBehavior [ RunTime:0.000115s ]
INFO: [ app_init ] --END-- [ RunTime:0.002297s ]

[ 2017-04-20T21:38:57+08:00 ] ::1 /MIFOOD/index.php/Home/Index/test
INFO: [ app_init ] --START--
INFO: Run Behavior\BuildLiteBehavior [ RunTime:0.000114s ]
INFO: [ app_init ] --END-- [ RunTime:0.002174s ]

[ 2017-04-20T21:39:21+08:00 ] ::1 /MIFOOD/index.php/Home/Index/test
INFO: [ app_init ] --START--
INFO: Run Behavior\BuildLiteBehavior [ RunTime:0.000120s ]
INFO: [ app_init ] --END-- [ RunTime:0.002286s ]

[ 2017-04-20T21:39:46+08:00 ] ::1 /MIFOOD/index.php/Home/Index/test
INFO: [ app_init ] --START--
INFO: Run Behavior\BuildLiteBehavior [ RunTime:0.000108s ]
INFO: [ app_init ] --END-- [ RunTime:0.001978s ]

[ 2017-04-20T21:40:21+08:00 ] ::1 /MIFOOD/index.php/Home/Index/test
INFO: [ app_init ] --START--
INFO: Run Behavior\BuildLiteBehavior [ RunTime:0.000113s ]
INFO: [ app_init ] --END-- [ RunTime:0.002280s ]

[ 2017-04-20T21:40:42+08:00 ] ::1 /MIFOOD/index.php/Home/Index/test
INFO: [ app_init ] --START--
INFO: Run Behavior\BuildLiteBehavior [ RunTime:0.000107s ]
INFO: [ app_init ] --END-- [ RunTime:0.001880s ]

[ 2017-04-20T21:45:12+08:00 ] ::1 /MIFOOD/index.php/Home/Index/test
INFO: [ app_init ] --START--
INFO: Run Behavior\BuildLiteBehavior [ RunTime:0.000114s ]
INFO: [ app_init ] --END-- [ RunTime:0.002106s ]

[ 2017-04-20T21:45:25+08:00 ] ::1 /MIFOOD/index.php/Home/Index/test
INFO: [ app_init ] --START--
INFO: Run Behavior\BuildLiteBehavior [ RunTime:0.000105s ]
INFO: [ app_init ] --END-- [ RunTime:0.001844s ]

[ 2017-04-20T21:51:37+08:00 ] ::1 /MIFOOD/index.php/Home/Index/
INFO: [ app_init ] --START--
INFO: Run Behavior\BuildLiteBehavior [ RunTime:0.000121s ]
INFO: [ app_init ] --END-- [ RunTime:0.002242s ]

[ 2017-04-20T21:52:07+08:00 ] ::1 /MIFOOD/index.php/Home/Index/
INFO: [ app_init ] --START--
INFO: Run Behavior\BuildLiteBehavior [ RunTime:0.000109s ]
INFO: [ app_init ] --END-- [ RunTime:0.001833s ]

[ 2017-04-20T21:53:47+08:00 ] ::1 /MIFOOD/index.php/Home/Index/
INFO: [ app_init ] --START--
INFO: Run Behavior\BuildLiteBehavior [ RunTime:0.000121s ]
INFO: [ app_init ] --END-- [ RunTime:0.002222s ]

[ 2017-04-20T21:54:14+08:00 ] ::1 /MIFOOD/index.php/Home/Index/
INFO: [ app_init ] --START--
INFO: Run Behavior\BuildLiteBehavior [ RunTime:0.000112s ]
INFO: [ app_init ] --END-- [ RunTime:0.002094s ]

[ 2017-04-20T21:54:23+08:00 ] ::1 /MIFOOD/index
INFO: [ app_init ] --START--
INFO: Run Behavior\BuildLiteBehavior [ RunTime:0.000131s ]
INFO: [ app_init ] --END-- [ RunTime:0.001817s ]

[ 2017-04-20T21:54:36+08:00 ] ::1 /MIFOOD/index.php/Home/Index/
INFO: [ app_init ] --START--
INFO: Run Behavior\BuildLiteBehavior [ RunTime:0.000339s ]
INFO: [ app_init ] --END-- [ RunTime:0.002813s ]

[ 2017-04-20T21:54:58+08:00 ] ::1 /MIFOOD/index.php/Home/Index/details/shop_id/104
INFO: [ app_init ] --START--
INFO: Run Behavior\BuildLiteBehavior [ RunTime:0.000192s ]
INFO: [ app_init ] --END-- [ RunTime:0.003504s ]

[ 2017-04-20T21:56:05+08:00 ] ::1 /MIFOOD/index.php/Home/Index/details/shop_id/199
INFO: [ app_init ] --START--
INFO: Run Behavior\BuildLiteBehavior [ RunTime:0.000232s ]
INFO: [ app_init ] --END-- [ RunTime:0.003019s ]

[ 2017-04-20T21:57:44+08:00 ] ::1 /MIFOOD/index.php/Home/Index/person
INFO: [ app_init ] --START--
INFO: Run Behavior\BuildLiteBehavior [ RunTime:0.000114s ]
INFO: [ app_init ] --END-- [ RunTime:0.002443s ]

[ 2017-04-20T22:00:07+08:00 ] ::1 /MIFOOD/index.php/Home/Index/details/shop_id/199
INFO: [ app_init ] --START--
INFO: Run Behavior\BuildLiteBehavior [ RunTime:0.000138s ]
INFO: [ app_init ] --END-- [ RunTime:0.002430s ]

[ 2017-04-20T22:02:22+08:00 ] ::1 /MIFOOD/index.php/Home/Index/details/shop_id/199
INFO: [ app_init ] --START--
INFO: Run Behavior\BuildLiteBehavior [ RunTime:0.000113s ]
INFO: [ app_init ] --END-- [ RunTime:0.002043s ]

[ 2017-04-20T22:05:10+08:00 ] ::1 /MIFOOD/index.php/Home/Index/details/shop_id/199
INFO: [ app_init ] --START--
INFO: Run Behavior\BuildLiteBehavior [ RunTime:0.000117s ]
INFO: [ app_init ] --END-- [ RunTime:0.001953s ]

[ 2017-04-20T22:05:52+08:00 ] ::1 /MIFOOD/index.php/Home/Index/details/shop_id/199
INFO: [ app_init ] --START--
INFO: Run Behavior\BuildLiteBehavior [ RunTime:0.000114s ]
INFO: [ app_init ] --END-- [ RunTime:0.001911s ]

[ 2017-04-20T22:06:32+08:00 ] ::1 /MIFOOD/index.php/Home/Index/details/shop_id/199
INFO: [ app_init ] --START--
INFO: Run Behavior\BuildLiteBehavior [ RunTime:0.000109s ]
INFO: [ app_init ] --END-- [ RunTime:0.002025s ]

[ 2017-04-20T22:06:50+08:00 ] ::1 /MIFOOD/index.php/Home/Index/details/shop_id/199
INFO: [ app_init ] --START--
INFO: Run Behavior\BuildLiteBehavior [ RunTime:0.000145s ]
INFO: [ app_init ] --END-- [ RunTime:0.002030s ]

[ 2017-04-20T22:07:08+08:00 ] ::1 /MIFOOD/index.php/Home/Index/details/shop_id/199
INFO: [ app_init ] --START--
INFO: Run Behavior\BuildLiteBehavior [ RunTime:0.000119s ]
INFO: [ app_init ] --END-- [ RunTime:0.001833s ]

[ 2017-04-20T22:08:48+08:00 ] ::1 /MIFOOD/index.php/Home/Index/index
INFO: [ app_init ] --START--
INFO: Run Behavior\BuildLiteBehavior [ RunTime:0.000117s ]
INFO: [ app_init ] --END-- [ RunTime:0.002669s ]

[ 2017-04-20T22:09:47+08:00 ] ::1 /MIFOOD/index.php/Home/Index/top
INFO: [ app_init ] --START--
INFO: Run Behavior\BuildLiteBehavior [ RunTime:0.000156s ]
INFO: [ app_init ] --END-- [ RunTime:0.003228s ]

[ 2017-04-20T22:09:59+08:00 ] ::1 /MIFOOD/index.php/Home/Index/classify/category_id/24
INFO: [ app_init ] --START--
INFO: Run Behavior\BuildLiteBehavior [ RunTime:0.000155s ]
INFO: [ app_init ] --END-- [ RunTime:0.002883s ]

[ 2017-04-20T22:10:02+08:00 ] ::1 /MIFOOD/index.php/Home/Index/classsify/p/1.html
INFO: [ app_init ] --START--
INFO: Run Behavior\BuildLiteBehavior [ RunTime:0.000119s ]
INFO: [ app_init ] --END-- [ RunTime:0.002205s ]
INFO: [ app_begin ] --START--
INFO: Run Behavior\ReadHtmlCacheBehavior [ RunTime:0.003987s ]
INFO: [ app_begin ] --END-- [ RunTime:0.007118s ]
ERR: 非法操作:classsify

[ 2017-04-20T22:10:20+08:00 ] ::1 /MIFOOD/index.php/Home/Index/classify/category_id/9
INFO: [ app_init ] --START--
INFO: Run Behavior\BuildLiteBehavior [ RunTime:0.000115s ]
INFO: [ app_init ] --END-- [ RunTime:0.002742s ]

[ 2017-04-20T22:10:21+08:00 ] ::1 /MIFOOD/index.php/Home/Index/classsify/p/1.html
INFO: [ app_init ] --START--
INFO: Run Behavior\BuildLiteBehavior [ RunTime:0.000192s ]
INFO: [ app_init ] --END-- [ RunTime:0.002280s ]
INFO: [ app_begin ] --START--
INFO: Run Behavior\ReadHtmlCacheBehavior [ RunTime:0.002701s ]
INFO: [ app_begin ] --END-- [ RunTime:0.003184s ]
ERR: 非法操作:classsify

[ 2017-04-20T22:10:41+08:00 ] ::1 /MIFOOD/index.php/Home/Index/index
INFO: [ app_init ] --START--
INFO: Run Behavior\BuildLiteBehavior [ RunTime:0.000148s ]
INFO: [ app_init ] --END-- [ RunTime:0.002574s ]

[ 2017-04-20T22:11:01+08:00 ] ::1 /MIFOOD/index.php/Home/Index/classsify/p/1.html
INFO: [ app_init ] --START--
INFO: Run Behavior\BuildLiteBehavior [ RunTime:0.000124s ]
INFO: [ app_init ] --END-- [ RunTime:0.002392s ]
INFO: [ app_begin ] --START--
INFO: Run Behavior\ReadHtmlCacheBehavior [ RunTime:0.003578s ]
INFO: [ app_begin ] --END-- [ RunTime:0.004168s ]
ERR: 非法操作:classsify

[ 2017-04-20T22:11:13+08:00 ] ::1 /MIFOOD/index.php/Home/Index/search.html?search=%E7%81%AB%E9%94%85
INFO: [ app_init ] --START--
INFO: Run Behavior\BuildLiteBehavior [ RunTime:0.000219s ]
INFO: [ app_init ] --END-- [ RunTime:0.002347s ]

[ 2017-04-20T22:12:55+08:00 ] ::1 /MIFOOD/index
INFO: [ app_init ] --START--
INFO: Run Behavior\BuildLiteBehavior [ RunTime:0.000113s ]
INFO: [ app_init ] --END-- [ RunTime:0.002717s ]

[ 2017-04-20T22:13:08+08:00 ] ::1 /MIFOOD/index.php/Home/Index/details/shop_id/42
INFO: [ app_init ] --START--
INFO: Run Behavior\BuildLiteBehavior [ RunTime:0.000155s ]
INFO: [ app_init ] --END-- [ RunTime:0.002797s ]

[ 2017-04-20T22:13:38+08:00 ] ::1 /MIFOOD/index
INFO: [ app_init ] --START--
INFO: Run Behavior\BuildLiteBehavior [ RunTime:0.000153s ]
INFO: [ app_init ] --END-- [ RunTime:0.003988s ]

[ 2017-04-20T22:13:45+08:00 ] ::1 /MIFOOD/index.php/Home/Index/details/shop_id/42
INFO: [ app_init ] --START--
INFO: Run Behavior\BuildLiteBehavior [ RunTime:0.000121s ]
INFO: [ app_init ] --END-- [ RunTime:0.003834s ]

[ 2017-04-20T22:14:15+08:00 ] ::1 /MIFOOD/index.php/Home/Index/index
INFO: [ app_init ] --START--
INFO: Run Behavior\BuildLiteBehavior [ RunTime:0.000155s ]
INFO: [ app_init ] --END-- [ RunTime:0.002514s ]

[ 2017-04-20T22:15:02+08:00 ] ::1 /MIFOOD/index.php/Home/Index/index
INFO: [ app_init ] --START--
INFO: Run Behavior\BuildLiteBehavior [ RunTime:0.000128s ]
INFO: [ app_init ] --END-- [ RunTime:0.002685s ]

[ 2017-04-20T22:15:23+08:00 ] ::1 /MIFOOD/index.php/Home/Index/top
INFO: [ app_init ] --START--
INFO: Run Behavior\BuildLiteBehavior [ RunTime:0.000106s ]
INFO: [ app_init ] --END-- [ RunTime:0.001780s ]

[ 2017-04-20T22:15:40+08:00 ] ::1 /MIFOOD/index.php/Home/Index/index
INFO: [ app_init ] --START--
INFO: Run Behavior\BuildLiteBehavior [ RunTime:0.000114s ]
INFO: [ app_init ] --END-- [ RunTime:0.002505s ]

[ 2017-04-20T22:15:57+08:00 ] ::1 /MIFOOD/index.php/Home/Index/index
INFO: [ app_init ] --START--
INFO: Run Behavior\BuildLiteBehavior [ RunTime:0.000118s ]
INFO: [ app_init ] --END-- [ RunTime:0.002582s ]

[ 2017-04-20T22:16:30+08:00 ] ::1 /MIFOOD/index.php/Home/Index/top
INFO: [ app_init ] --START--
INFO: Run Behavior\BuildLiteBehavior [ RunTime:0.000117s ]
INFO: [ app_init ] --END-- [ RunTime:0.001999s ]

[ 2017-04-20T22:16:37+08:00 ] ::1 /MIFOOD/index.php/Home/Index/search.html?search=%E7%81%AB%E9%94%85
INFO: [ app_init ] --START--
INFO: Run Behavior\BuildLiteBehavior [ RunTime:0.000136s ]
INFO: [ app_init ] --END-- [ RunTime:0.002623s ]

[ 2017-04-20T22:20:51+08:00 ] ::1 /MIFOOD/index.php/Home/Index/classify
INFO: [ app_init ] --START--
INFO: Run Behavior\BuildLiteBehavior [ RunTime:0.000123s ]
INFO: [ app_init ] --END-- [ RunTime:0.002374s ]

[ 2017-04-20T22:20:52+08:00 ] ::1 /MIFOOD/index.php/Home/Index/classsify/p/1.html
INFO: [ app_init ] --START--
INFO: Run Behavior\BuildLiteBehavior [ RunTime:0.000152s ]
INFO: [ app_init ] --END-- [ RunTime:0.007321s ]
INFO: [ app_begin ] --START--
INFO: Run Behavior\ReadHtmlCacheBehavior [ RunTime:0.004123s ]
INFO: [ app_begin ] --END-- [ RunTime:0.004807s ]
ERR: 非法操作:classsify

[ 2017-04-20T22:20:56+08:00 ] ::1 /MIFOOD/index.php/Home/Index/classify/category_id/25
INFO: [ app_init ] --START--
INFO: Run Behavior\BuildLiteBehavior [ RunTime:0.000341s ]
INFO: [ app_init ] --END-- [ RunTime:0.002770s ]

[ 2017-04-20T22:20:57+08:00 ] ::1 /MIFOOD/index.php/Home/Index/classsify/p/1.html
INFO: [ app_init ] --START--
INFO: Run Behavior\BuildLiteBehavior [ RunTime:0.000184s ]
INFO: [ app_init ] --END-- [ RunTime:0.041781s ]
INFO: [ app_begin ] --START--
INFO: Run Behavior\ReadHtmlCacheBehavior [ RunTime:0.013025s ]
INFO: [ app_begin ] --END-- [ RunTime:0.013816s ]
ERR: 非法操作:classsify

[ 2017-04-20T22:21:04+08:00 ] ::1 /MIFOOD/index.php/Home/Index/classsify/p/1.html
INFO: [ app_init ] --START--
INFO: Run Behavior\BuildLiteBehavior [ RunTime:0.000153s ]
INFO: [ app_init ] --END-- [ RunTime:0.002755s ]
INFO: [ app_begin ] --START--
INFO: Run Behavior\ReadHtmlCacheBehavior [ RunTime:0.002859s ]
INFO: [ app_begin ] --END-- [ RunTime:0.003399s ]
ERR: 非法操作:classsify

[ 2017-04-20T22:22:03+08:00 ] ::1 /MIFOOD/index.php/Home/Index/details/shop_id/1112
INFO: [ app_init ] --START--
INFO: Run Behavior\BuildLiteBehavior [ RunTime:0.000305s ]
INFO: [ app_init ] --END-- [ RunTime:0.005093s ]

[ 2017-04-20T22:24:28+08:00 ] ::1 /MIFOOD/index.php/Home/Index/details/shop_id/1112
INFO: [ app_init ] --START--
INFO: Run Behavior\BuildLiteBehavior [ RunTime:0.000151s ]
INFO: [ app_init ] --END-- [ RunTime:0.002763s ]

[ 2017-04-20T22:25:06+08:00 ] ::1 /MIFOOD/index.php/Home/Index/details/shop_id/1112
INFO: [ app_init ] --START--
INFO: Run Behavior\BuildLiteBehavior [ RunTime:0.000112s ]
INFO: [ app_init ] --END-- [ RunTime:0.002024s ]

[ 2017-04-20T22:25:28+08:00 ] ::1 /MIFOOD/index.php/Home/Index/details/shop_id/1112
INFO: [ app_init ] --START--
INFO: Run Behavior\BuildLiteBehavior [ RunTime:0.000121s ]
INFO: [ app_init ] --END-- [ RunTime:0.002175s ]

[ 2017-04-20T22:25:38+08:00 ] ::1 /MIFOOD/index.php/Home/Index/details/shop_id/1112
INFO: [ app_init ] --START--
INFO: Run Behavior\BuildLiteBehavior [ RunTime:0.000135s ]
INFO: [ app_init ] --END-- [ RunTime:0.002844s ]

[ 2017-04-20T22:29:11+08:00 ] ::1 /MIFOOD/index.php/Home/Index/details/shop_id/index.html
INFO: [ app_init ] --START--
INFO: Run Behavior\BuildLiteBehavior [ RunTime:0.000145s ]
INFO: [ app_init ] --END-- [ RunTime:0.002484s ]

[ 2017-04-20T22:29:12+08:00 ] ::1 /MIFOOD/index.php/Home/Index/details/shop_id/index.html
INFO: [ app_init ] --START--
INFO: Run Behavior\BuildLiteBehavior [ RunTime:0.000123s ]
INFO: [ app_init ] --END-- [ RunTime:0.002124s ]

[ 2017-04-20T22:29:15+08:00 ] ::1 /MIFOOD/index.php/Home/Index/index
INFO: [ app_init ] --START--
INFO: Run Behavior\BuildLiteBehavior [ RunTime:0.000126s ]
INFO: [ app_init ] --END-- [ RunTime:0.003081s ]

