[ 2017-04-21T08:54:00+08:00 ] ::1 /MIFOOD/index
INFO: [ app_init ] --START--
INFO: Run Behavior\BuildLiteBehavior [ RunTime:0.000119s ]
INFO: [ app_init ] --END-- [ RunTime:0.008182s ]

[ 2017-04-21T08:54:25+08:00 ] ::1 /MIFOOD/index.php/Home/Index/top
INFO: [ app_init ] --START--
INFO: Run Behavior\BuildLiteBehavior [ RunTime:0.000121s ]
INFO: [ app_init ] --END-- [ RunTime:0.002078s ]

[ 2017-04-21T08:55:44+08:00 ] ::1 /MIFOOD/index.php/Home/Index/details/shop_id/199
INFO: [ app_init ] --START--
INFO: Run Behavior\BuildLiteBehavior [ RunTime:0.000120s ]
INFO: [ app_init ] --END-- [ RunTime:0.002481s ]

[ 2017-04-21T09:03:49+08:00 ] ::1 /MIFOOD/index
INFO: [ app_init ] --START--
INFO: Run Behavior\BuildLiteBehavior [ RunTime:0.000108s ]
INFO: [ app_init ] --END-- [ RunTime:0.001593s ]

[ 2017-04-21T09:04:02+08:00 ] ::1 /MIFOOD/index.php/Home/Index/details/shop_id/197
INFO: [ app_init ] --START--
INFO: Run Behavior\BuildLiteBehavior [ RunTime:0.000119s ]
INFO: [ app_init ] --END-- [ RunTime:0.001395s ]

[ 2017-04-21T09:04:15+08:00 ] ::1 /MIFOOD/index.php/Home/Index/addLove/shop_id/197
INFO: [ app_init ] --START--
INFO: Run Behavior\BuildLiteBehavior [ RunTime:0.000132s ]
INFO: [ app_init ] --END-- [ RunTime:0.002515s ]

[ 2017-04-21T09:04:21+08:00 ] ::1 /MIFOOD/index.php/Home/Index/classify
INFO: [ app_init ] --START--
INFO: Run Behavior\BuildLiteBehavior [ RunTime:0.000104s ]
INFO: [ app_init ] --END-- [ RunTime:0.001353s ]

[ 2017-04-21T09:04:22+08:00 ] ::1 /MIFOOD/index.php/Home/Index/classsify/p/1.html
INFO: [ app_init ] --START--
INFO: Run Behavior\BuildLiteBehavior [ RunTime:0.000139s ]
INFO: [ app_init ] --END-- [ RunTime:0.001745s ]
INFO: [ app_begin ] --START--
INFO: Run Behavior\ReadHtmlCacheBehavior [ RunTime:0.001994s ]
INFO: [ app_begin ] --END-- [ RunTime:0.002519s ]
ERR: 非法操作:classsify

[ 2017-04-21T09:05:08+08:00 ] ::1 /MIFOOD/index.php/Home/Index/classify
INFO: [ app_init ] --START--
INFO: Run Behavior\BuildLiteBehavior [ RunTime:0.000117s ]
INFO: [ app_init ] --END-- [ RunTime:0.007514s ]

[ 2017-04-21T09:05:09+08:00 ] ::1 /MIFOOD/index.php/Home/Index/classsify/p/1.html
INFO: [ app_init ] --START--
INFO: Run Behavior\BuildLiteBehavior [ RunTime:0.000299s ]
INFO: [ app_init ] --END-- [ RunTime:0.001965s ]
INFO: [ app_begin ] --START--
INFO: Run Behavior\ReadHtmlCacheBehavior [ RunTime:0.002897s ]
INFO: [ app_begin ] --END-- [ RunTime:0.003525s ]
ERR: 非法操作:classsify

[ 2017-04-21T09:05:12+08:00 ] ::1 /MIFOOD/index.php/Home/Index/classify/category_id/17
INFO: [ app_init ] --START--
INFO: Run Behavior\BuildLiteBehavior [ RunTime:0.000106s ]
INFO: [ app_init ] --END-- [ RunTime:0.001340s ]

[ 2017-04-21T09:05:13+08:00 ] ::1 /MIFOOD/index.php/Home/Index/classsify/p/1.html
INFO: [ app_init ] --START--
INFO: Run Behavior\BuildLiteBehavior [ RunTime:0.000184s ]
INFO: [ app_init ] --END-- [ RunTime:0.008436s ]
INFO: [ app_begin ] --START--
INFO: Run Behavior\ReadHtmlCacheBehavior [ RunTime:0.003438s ]
INFO: [ app_begin ] --END-- [ RunTime:0.004939s ]
ERR: 非法操作:classsify

[ 2017-04-21T09:05:17+08:00 ] ::1 /MIFOOD/index.php/Home/Index/classsify/p/1.html
INFO: [ app_init ] --START--
INFO: Run Behavior\BuildLiteBehavior [ RunTime:0.000132s ]
INFO: [ app_init ] --END-- [ RunTime:0.001776s ]
INFO: [ app_begin ] --START--
INFO: Run Behavior\ReadHtmlCacheBehavior [ RunTime:0.001830s ]
INFO: [ app_begin ] --END-- [ RunTime:0.002312s ]
ERR: 非法操作:classsify

[ 2017-04-21T09:05:43+08:00 ] ::1 /MIFOOD/index.php/Home/Index/search.html?search=%E9%A5%BC%E5%B9%B2
INFO: [ app_init ] --START--
INFO: Run Behavior\BuildLiteBehavior [ RunTime:0.000105s ]
INFO: [ app_init ] --END-- [ RunTime:0.001283s ]

[ 2017-04-21T09:05:53+08:00 ] ::1 /MIFOOD/index.php/Home/Index/classsify/p/1.html
INFO: [ app_init ] --START--
INFO: Run Behavior\BuildLiteBehavior [ RunTime:0.000114s ]
INFO: [ app_init ] --END-- [ RunTime:0.001656s ]
INFO: [ app_begin ] --START--
INFO: Run Behavior\ReadHtmlCacheBehavior [ RunTime:0.002080s ]
INFO: [ app_begin ] --END-- [ RunTime:0.002595s ]
ERR: 非法操作:classsify

[ 2017-04-21T09:06:09+08:00 ] ::1 /MIFOOD/index.php/Home/Index/search.html?search=%E7%81%AB%E9%94%85
INFO: [ app_init ] --START--
INFO: Run Behavior\BuildLiteBehavior [ RunTime:0.000105s ]
INFO: [ app_init ] --END-- [ RunTime:0.001415s ]

[ 2017-04-21T09:06:25+08:00 ] ::1 /MIFOOD/index.php/Home/Index/classsify/p/1.html
INFO: [ app_init ] --START--
INFO: Run Behavior\BuildLiteBehavior [ RunTime:0.000116s ]
INFO: [ app_init ] --END-- [ RunTime:0.001721s ]
INFO: [ app_begin ] --START--
INFO: Run Behavior\ReadHtmlCacheBehavior [ RunTime:0.002332s ]
INFO: [ app_begin ] --END-- [ RunTime:0.002864s ]
ERR: 非法操作:classsify

[ 2017-04-21T09:06:35+08:00 ] ::1 /MIFOOD/index.php/Home/Index/search.html?search=%E5%BA%97
INFO: [ app_init ] --START--
INFO: Run Behavior\BuildLiteBehavior [ RunTime:0.000104s ]
INFO: [ app_init ] --END-- [ RunTime:0.001617s ]

[ 2017-04-21T09:06:44+08:00 ] ::1 /MIFOOD/index.php/Home/Index/classsify/p/1.html
INFO: [ app_init ] --START--
INFO: Run Behavior\BuildLiteBehavior [ RunTime:0.000118s ]
INFO: [ app_init ] --END-- [ RunTime:0.001849s ]
INFO: [ app_begin ] --START--
INFO: Run Behavior\ReadHtmlCacheBehavior [ RunTime:0.002941s ]
INFO: [ app_begin ] --END-- [ RunTime:0.003467s ]
ERR: 非法操作:classsify

[ 2017-04-21T09:07:04+08:00 ] ::1 /MIFOOD/index.php/Home/Index/classify
INFO: [ app_init ] --START--
INFO: Run Behavior\BuildLiteBehavior [ RunTime:0.000111s ]
INFO: [ app_init ] --END-- [ RunTime:0.001677s ]

[ 2017-04-21T09:07:05+08:00 ] ::1 /MIFOOD/index.php/Home/Index/classsify/p/1.html
INFO: [ app_init ] --START--
INFO: Run Behavior\BuildLiteBehavior [ RunTime:0.000158s ]
INFO: [ app_init ] --END-- [ RunTime:0.002891s ]
INFO: [ app_begin ] --START--
INFO: Run Behavior\ReadHtmlCacheBehavior [ RunTime:0.004982s ]
INFO: [ app_begin ] --END-- [ RunTime:0.005965s ]
ERR: 非法操作:classsify

[ 2017-04-21T09:07:08+08:00 ] ::1 /MIFOOD/index.php/Home/Index/details/shop_id/197
INFO: [ app_init ] --START--
INFO: Run Behavior\BuildLiteBehavior [ RunTime:0.000139s ]
INFO: [ app_init ] --END-- [ RunTime:0.001828s ]

[ 2017-04-21T09:07:12+08:00 ] ::1 /MIFOOD/index.php/Home/Index/classify/category_id/22
INFO: [ app_init ] --START--
INFO: Run Behavior\BuildLiteBehavior [ RunTime:0.000124s ]
INFO: [ app_init ] --END-- [ RunTime:0.001513s ]

[ 2017-04-21T09:07:12+08:00 ] ::1 /MIFOOD/index.php/Home/Index/classsify/p/1.html
INFO: [ app_init ] --START--
INFO: Run Behavior\BuildLiteBehavior [ RunTime:0.000120s ]
INFO: [ app_init ] --END-- [ RunTime:0.002410s ]
INFO: [ app_begin ] --START--
INFO: Run Behavior\ReadHtmlCacheBehavior [ RunTime:0.003640s ]
INFO: [ app_begin ] --END-- [ RunTime:0.004628s ]
ERR: 非法操作:classsify

[ 2017-04-21T09:07:37+08:00 ] ::1 /MIFOOD/index.php/Home/Index/details/shop_id/197
INFO: [ app_init ] --START--
INFO: Run Behavior\BuildLiteBehavior [ RunTime:0.000111s ]
INFO: [ app_init ] --END-- [ RunTime:0.001735s ]

[ 2017-04-21T09:07:39+08:00 ] ::1 /MIFOOD/index.php/Home/Index/classify/category_id/7
INFO: [ app_init ] --START--
INFO: Run Behavior\BuildLiteBehavior [ RunTime:0.000108s ]
INFO: [ app_init ] --END-- [ RunTime:0.001568s ]

[ 2017-04-21T09:07:40+08:00 ] ::1 /MIFOOD/index.php/Home/Index/classsify/p/1.html
INFO: [ app_init ] --START--
INFO: Run Behavior\BuildLiteBehavior [ RunTime:0.000126s ]
INFO: [ app_init ] --END-- [ RunTime:0.002421s ]
INFO: [ app_begin ] --START--
INFO: Run Behavior\ReadHtmlCacheBehavior [ RunTime:0.002107s ]
INFO: [ app_begin ] --END-- [ RunTime:0.002798s ]
ERR: 非法操作:classsify

[ 2017-04-21T09:07:48+08:00 ] ::1 /MIFOOD/index.php/Home/Index/classify/category_id/products.html
INFO: [ app_init ] --START--
INFO: Run Behavior\BuildLiteBehavior [ RunTime:0.000112s ]
INFO: [ app_init ] --END-- [ RunTime:0.001604s ]

[ 2017-04-21T09:07:49+08:00 ] ::1 /MIFOOD/index.php/Home/Index/classsify/p/1.html
INFO: [ app_init ] --START--
INFO: Run Behavior\BuildLiteBehavior [ RunTime:0.000107s ]
INFO: [ app_init ] --END-- [ RunTime:0.001622s ]
INFO: [ app_begin ] --START--
INFO: Run Behavior\ReadHtmlCacheBehavior [ RunTime:0.002573s ]
INFO: [ app_begin ] --END-- [ RunTime:0.003084s ]
ERR: 非法操作:classsify

[ 2017-04-21T09:07:52+08:00 ] ::1 /MIFOOD/index.php/Home/Index/index
INFO: [ app_init ] --START--
INFO: Run Behavior\BuildLiteBehavior [ RunTime:0.000103s ]
INFO: [ app_init ] --END-- [ RunTime:0.001529s ]

[ 2017-04-21T09:07:59+08:00 ] ::1 /MIFOOD/index.php/Home/Index/index.php/Home/Login/checkName
INFO: [ app_init ] --START--
INFO: Run Behavior\BuildLiteBehavior [ RunTime:0.000114s ]
INFO: [ app_init ] --END-- [ RunTime:0.001617s ]
INFO: [ app_begin ] --START--
INFO: Run Behavior\ReadHtmlCacheBehavior [ RunTime:0.002095s ]
INFO: [ app_begin ] --END-- [ RunTime:0.002576s ]
ERR: 非法操作:index.php

[ 2017-04-21T09:08:04+08:00 ] ::1 /MIFOOD/index.php/Home/Index/index.php/Home/Login/checkName
INFO: [ app_init ] --START--
INFO: Run Behavior\BuildLiteBehavior [ RunTime:0.000112s ]
INFO: [ app_init ] --END-- [ RunTime:0.001550s ]
INFO: [ app_begin ] --START--
INFO: Run Behavior\ReadHtmlCacheBehavior [ RunTime:0.001680s ]
INFO: [ app_begin ] --END-- [ RunTime:0.002165s ]
ERR: 非法操作:index.php

[ 2017-04-21T09:08:05+08:00 ] ::1 /MIFOOD/index.php/Home/Index/index.php/Home/Login/checkName
INFO: [ app_init ] --START--
INFO: Run Behavior\BuildLiteBehavior [ RunTime:0.000114s ]
INFO: [ app_init ] --END-- [ RunTime:0.001527s ]
INFO: [ app_begin ] --START--
INFO: Run Behavior\ReadHtmlCacheBehavior [ RunTime:0.001601s ]
INFO: [ app_begin ] --END-- [ RunTime:0.002060s ]
ERR: 非法操作:index.php

[ 2017-04-21T09:08:09+08:00 ] ::1 /MIFOOD/index.php/Home/Index/index.php/Home/Login/checkName
INFO: [ app_init ] --START--
INFO: Run Behavior\BuildLiteBehavior [ RunTime:0.000125s ]
INFO: [ app_init ] --END-- [ RunTime:0.001887s ]
INFO: [ app_begin ] --START--
INFO: Run Behavior\ReadHtmlCacheBehavior [ RunTime:0.002264s ]
INFO: [ app_begin ] --END-- [ RunTime:0.002862s ]
ERR: 非法操作:index.php

[ 2017-04-21T09:08:13+08:00 ] ::1 /MIFOOD/index.php/Home/Index/index
INFO: [ app_init ] --START--
INFO: Run Behavior\BuildLiteBehavior [ RunTime:0.000161s ]
INFO: [ app_init ] --END-- [ RunTime:0.002711s ]

[ 2017-04-21T09:08:39+08:00 ] ::1 /MIFOOD/index.php/Home/Index/index
INFO: [ app_init ] --START--
INFO: Run Behavior\BuildLiteBehavior [ RunTime:0.000114s ]
INFO: [ app_init ] --END-- [ RunTime:0.001873s ]

[ 2017-04-21T09:10:10+08:00 ] ::1 /MIFOOD/index.php/Home/Index/index.php/Home/Login/checkName
INFO: [ app_init ] --START--
INFO: Run Behavior\BuildLiteBehavior [ RunTime:0.000158s ]
INFO: [ app_init ] --END-- [ RunTime:0.002471s ]
INFO: [ app_begin ] --START--
INFO: Run Behavior\ReadHtmlCacheBehavior [ RunTime:0.002291s ]
INFO: [ app_begin ] --END-- [ RunTime:0.002922s ]
ERR: 非法操作:index.php

[ 2017-04-21T09:11:20+08:00 ] ::1 /MIFOOD/index.php/Home/Index/index
INFO: [ app_init ] --START--
INFO: Run Behavior\BuildLiteBehavior [ RunTime:0.000149s ]
INFO: [ app_init ] --END-- [ RunTime:0.002475s ]

[ 2017-04-21T09:12:16+08:00 ] ::1 /MIFOOD/index.php/Home/Index/index.php/Home/Login/checkName
INFO: [ app_init ] --START--
INFO: Run Behavior\BuildLiteBehavior [ RunTime:0.000119s ]
INFO: [ app_init ] --END-- [ RunTime:0.001842s ]
INFO: [ app_begin ] --START--
INFO: Run Behavior\ReadHtmlCacheBehavior [ RunTime:0.005292s ]
INFO: [ app_begin ] --END-- [ RunTime:0.005845s ]
ERR: 非法操作:index.php

[ 2017-04-21T09:12:19+08:00 ] ::1 /MIFOOD/index.php/Home/Index/index.php/Home/Login/checkName
INFO: [ app_init ] --START--
INFO: Run Behavior\BuildLiteBehavior [ RunTime:0.000111s ]
INFO: [ app_init ] --END-- [ RunTime:0.001561s ]
INFO: [ app_begin ] --START--
INFO: Run Behavior\ReadHtmlCacheBehavior [ RunTime:0.001948s ]
INFO: [ app_begin ] --END-- [ RunTime:0.002404s ]
ERR: 非法操作:index.php

[ 2017-04-21T09:12:21+08:00 ] ::1 /MIFOOD/index.php/Home/Index/index.php/Home/Login/checkName
INFO: [ app_init ] --START--
INFO: Run Behavior\BuildLiteBehavior [ RunTime:0.000160s ]
INFO: [ app_init ] --END-- [ RunTime:0.002460s ]
INFO: [ app_begin ] --START--
INFO: Run Behavior\ReadHtmlCacheBehavior [ RunTime:0.003395s ]
INFO: [ app_begin ] --END-- [ RunTime:0.004112s ]
ERR: 非法操作:index.php

[ 2017-04-21T09:12:23+08:00 ] ::1 /MIFOOD/index.php/Home/Index/index
INFO: [ app_init ] --START--
INFO: Run Behavior\BuildLiteBehavior [ RunTime:0.000172s ]
INFO: [ app_init ] --END-- [ RunTime:0.002567s ]

[ 2017-04-21T09:12:30+08:00 ] ::1 /MIFOOD/index.php/Home/Index/index.php/Home/Login/checkName
INFO: [ app_init ] --START--
INFO: Run Behavior\BuildLiteBehavior [ RunTime:0.000129s ]
INFO: [ app_init ] --END-- [ RunTime:0.001937s ]
INFO: [ app_begin ] --START--
INFO: Run Behavior\ReadHtmlCacheBehavior [ RunTime:0.003221s ]
INFO: [ app_begin ] --END-- [ RunTime:0.003850s ]
ERR: 非法操作:index.php

[ 2017-04-21T09:12:32+08:00 ] ::1 /MIFOOD/index.php/Home/Index/index.php/Home/Login/checkName
INFO: [ app_init ] --START--
INFO: Run Behavior\BuildLiteBehavior [ RunTime:0.000136s ]
INFO: [ app_init ] --END-- [ RunTime:0.002522s ]
INFO: [ app_begin ] --START--
INFO: Run Behavior\ReadHtmlCacheBehavior [ RunTime:0.006013s ]
INFO: [ app_begin ] --END-- [ RunTime:0.006740s ]
ERR: 非法操作:index.php

[ 2017-04-21T09:13:19+08:00 ] ::1 /MIFOOD/index.php/Home/Index/index
INFO: [ app_init ] --START--
INFO: Run Behavior\BuildLiteBehavior [ RunTime:0.000108s ]
INFO: [ app_init ] --END-- [ RunTime:0.001500s ]

[ 2017-04-21T09:13:34+08:00 ] ::1 /MIFOOD/index.php/Home/Index/index
INFO: [ app_init ] --START--
INFO: Run Behavior\BuildLiteBehavior [ RunTime:0.000114s ]
INFO: [ app_init ] --END-- [ RunTime:0.001610s ]

[ 2017-04-21T09:13:42+08:00 ] ::1 /MIFOOD/index.php/Home/Index/index.php/Home/Login/checkName
INFO: [ app_init ] --START--
INFO: Run Behavior\BuildLiteBehavior [ RunTime:0.000118s ]
INFO: [ app_init ] --END-- [ RunTime:0.001755s ]
INFO: [ app_begin ] --START--
INFO: Run Behavior\ReadHtmlCacheBehavior [ RunTime:0.002082s ]
INFO: [ app_begin ] --END-- [ RunTime:0.002566s ]
ERR: 非法操作:index.php

[ 2017-04-21T09:13:44+08:00 ] ::1 /MIFOOD/index.php/Home/Index/index.php/Home/Login/checkName
INFO: [ app_init ] --START--
INFO: Run Behavior\BuildLiteBehavior [ RunTime:0.000113s ]
INFO: [ app_init ] --END-- [ RunTime:0.001457s ]
INFO: [ app_begin ] --START--
INFO: Run Behavior\ReadHtmlCacheBehavior [ RunTime:0.001922s ]
INFO: [ app_begin ] --END-- [ RunTime:0.002381s ]
ERR: 非法操作:index.php

[ 2017-04-21T09:13:45+08:00 ] ::1 /MIFOOD/index.php/Home/Index/index.php/Home/Login/checkName
INFO: [ app_init ] --START--
INFO: Run Behavior\BuildLiteBehavior [ RunTime:0.000187s ]
INFO: [ app_init ] --END-- [ RunTime:0.002838s ]
INFO: [ app_begin ] --START--
INFO: Run Behavior\ReadHtmlCacheBehavior [ RunTime:0.003119s ]
INFO: [ app_begin ] --END-- [ RunTime:0.003887s ]
ERR: 非法操作:index.php

[ 2017-04-21T09:15:36+08:00 ] ::1 /MIFOOD/index.php/Home/Index/index
INFO: [ app_init ] --START--
INFO: Run Behavior\BuildLiteBehavior [ RunTime:0.000105s ]
INFO: [ app_init ] --END-- [ RunTime:0.001372s ]

[ 2017-04-21T09:16:19+08:00 ] ::1 /MIFOOD/index.php/Home/Index/checkName
INFO: [ app_init ] --START--
INFO: Run Behavior\BuildLiteBehavior [ RunTime:0.000105s ]
INFO: [ app_init ] --END-- [ RunTime:0.001495s ]
INFO: [ app_begin ] --START--
INFO: Run Behavior\ReadHtmlCacheBehavior [ RunTime:0.002155s ]
INFO: [ app_begin ] --END-- [ RunTime:0.002624s ]
SQL: SHOW COLUMNS FROM `user` [ RunTime:0.002046s ]

[ 2017-04-21T09:16:27+08:00 ] ::1 /MIFOOD/index.php/Home/Index/checkName
INFO: [ app_init ] --START--
INFO: Run Behavior\BuildLiteBehavior [ RunTime:0.000105s ]
INFO: [ app_init ] --END-- [ RunTime:0.001521s ]
INFO: [ app_begin ] --START--
INFO: Run Behavior\ReadHtmlCacheBehavior [ RunTime:0.002097s ]
INFO: [ app_begin ] --END-- [ RunTime:0.002785s ]
SQL: SHOW COLUMNS FROM `user` [ RunTime:0.002032s ]

[ 2017-04-21T09:16:32+08:00 ] ::1 /MIFOOD/index.php/Home/Index/checkName
INFO: [ app_init ] --START--
INFO: Run Behavior\BuildLiteBehavior [ RunTime:0.000166s ]
INFO: [ app_init ] --END-- [ RunTime:0.002664s ]
INFO: [ app_begin ] --START--
INFO: Run Behavior\ReadHtmlCacheBehavior [ RunTime:0.002604s ]
INFO: [ app_begin ] --END-- [ RunTime:0.003278s ]
SQL: SHOW COLUMNS FROM `user` [ RunTime:0.002066s ]

[ 2017-04-21T09:16:33+08:00 ] ::1 /MIFOOD/index.php/Home/Index/checkName
INFO: [ app_init ] --START--
INFO: Run Behavior\BuildLiteBehavior [ RunTime:0.000146s ]
INFO: [ app_init ] --END-- [ RunTime:0.002178s ]
INFO: [ app_begin ] --START--
INFO: Run Behavior\ReadHtmlCacheBehavior [ RunTime:0.001741s ]
INFO: [ app_begin ] --END-- [ RunTime:0.002231s ]
SQL: SHOW COLUMNS FROM `user` [ RunTime:0.002156s ]

[ 2017-04-21T09:17:10+08:00 ] ::1 /MIFOOD/index.php/Home/Index/details/shop_id/42
INFO: [ app_init ] --START--
INFO: Run Behavior\BuildLiteBehavior [ RunTime:0.000108s ]
INFO: [ app_init ] --END-- [ RunTime:0.001661s ]

[ 2017-04-21T09:17:57+08:00 ] ::1 /MIFOOD/index.php/Home/Index/details/shop_id/42/p/2.html
INFO: [ app_init ] --START--
INFO: Run Behavior\BuildLiteBehavior [ RunTime:0.000105s ]
INFO: [ app_init ] --END-- [ RunTime:0.001453s ]

[ 2017-04-21T09:18:38+08:00 ] ::1 /MIFOOD/index
INFO: [ app_init ] --START--
INFO: Run Behavior\BuildLiteBehavior [ RunTime:0.000103s ]
INFO: [ app_init ] --END-- [ RunTime:0.001351s ]

[ 2017-04-21T09:18:44+08:00 ] ::1 /MIFOOD/index.php/Home/Login/checkName
INFO: [ app_init ] --START--
INFO: Run Behavior\BuildLiteBehavior [ RunTime:0.000118s ]
INFO: [ app_init ] --END-- [ RunTime:0.001895s ]
INFO: [ app_begin ] --START--
INFO: Run Behavior\ReadHtmlCacheBehavior [ RunTime:0.004866s ]
INFO: [ app_begin ] --END-- [ RunTime:0.005551s ]
SQL: SHOW COLUMNS FROM `user` [ RunTime:0.001940s ]

[ 2017-04-21T09:18:45+08:00 ] ::1 /MIFOOD/index.php/Home/Login/checkName
INFO: [ app_init ] --START--
INFO: Run Behavior\BuildLiteBehavior [ RunTime:0.000114s ]
INFO: [ app_init ] --END-- [ RunTime:0.001493s ]
INFO: [ app_begin ] --START--
INFO: Run Behavior\ReadHtmlCacheBehavior [ RunTime:0.001891s ]
INFO: [ app_begin ] --END-- [ RunTime:0.002351s ]
SQL: SHOW COLUMNS FROM `user` [ RunTime:0.001594s ]

[ 2017-04-21T09:21:56+08:00 ] ::1 /MIFOOD/index
INFO: [ app_init ] --START--
INFO: Run Behavior\BuildLiteBehavior [ RunTime:0.000154s ]
INFO: [ app_init ] --END-- [ RunTime:0.002350s ]

[ 2017-04-21T09:22:01+08:00 ] ::1 /MIFOOD/index.php/Home/Login/checkName
INFO: [ app_init ] --START--
INFO: Run Behavior\BuildLiteBehavior [ RunTime:0.000111s ]
INFO: [ app_init ] --END-- [ RunTime:0.001658s ]
INFO: [ app_begin ] --START--
INFO: Run Behavior\ReadHtmlCacheBehavior [ RunTime:0.002038s ]
INFO: [ app_begin ] --END-- [ RunTime:0.002556s ]
SQL: SHOW COLUMNS FROM `user` [ RunTime:0.001642s ]

[ 2017-04-21T09:22:03+08:00 ] ::1 /MIFOOD/index.php/Home/Login/checkName
INFO: [ app_init ] --START--
INFO: Run Behavior\BuildLiteBehavior [ RunTime:0.000113s ]
INFO: [ app_init ] --END-- [ RunTime:0.001755s ]
INFO: [ app_begin ] --START--
INFO: Run Behavior\ReadHtmlCacheBehavior [ RunTime:0.001617s ]
INFO: [ app_begin ] --END-- [ RunTime:0.002088s ]
SQL: SHOW COLUMNS FROM `user` [ RunTime:0.001748s ]

[ 2017-04-21T09:22:45+08:00 ] ::1 /MIFOOD/index
INFO: [ app_init ] --START--
INFO: Run Behavior\BuildLiteBehavior [ RunTime:0.000461s ]
INFO: [ app_init ] --END-- [ RunTime:0.003785s ]

[ 2017-04-21T09:22:50+08:00 ] ::1 /MIFOOD/index.php/Home/Login/checkName
INFO: [ app_init ] --START--
INFO: Run Behavior\BuildLiteBehavior [ RunTime:0.000253s ]
INFO: [ app_init ] --END-- [ RunTime:0.003882s ]
INFO: [ app_begin ] --START--
INFO: Run Behavior\ReadHtmlCacheBehavior [ RunTime:0.004313s ]
INFO: [ app_begin ] --END-- [ RunTime:0.005477s ]
SQL: SHOW COLUMNS FROM `user` [ RunTime:0.002940s ]

[ 2017-04-21T09:22:51+08:00 ] ::1 /MIFOOD/index.php/Home/Login/checkName
INFO: [ app_init ] --START--
INFO: Run Behavior\BuildLiteBehavior [ RunTime:0.000114s ]
INFO: [ app_init ] --END-- [ RunTime:0.001562s ]
INFO: [ app_begin ] --START--
INFO: Run Behavior\ReadHtmlCacheBehavior [ RunTime:0.001946s ]
INFO: [ app_begin ] --END-- [ RunTime:0.002405s ]
SQL: SHOW COLUMNS FROM `user` [ RunTime:0.001725s ]

[ 2017-04-21T09:26:33+08:00 ] ::1 /MIFOOD/index.php/Home/Index/details/shop_id/203
INFO: [ app_init ] --START--
INFO: Run Behavior\BuildLiteBehavior [ RunTime:0.000170s ]
INFO: [ app_init ] --END-- [ RunTime:0.002841s ]

[ 2017-04-21T13:26:25+08:00 ] ::1 /MIFOOD/
INFO: [ app_init ] --START--
INFO: Run Behavior\BuildLiteBehavior [ RunTime:0.000157s ]
INFO: [ app_init ] --END-- [ RunTime:0.052056s ]

[ 2017-04-21T13:34:06+08:00 ] ::1 /MIFOOD/
INFO: [ app_init ] --START--
INFO: Run Behavior\BuildLiteBehavior [ RunTime:0.000121s ]
INFO: [ app_init ] --END-- [ RunTime:0.002002s ]

[ 2017-04-21T13:34:15+08:00 ] ::1 /MIFOOD/index.php/Home/Login/checkName
INFO: [ app_init ] --START--
INFO: Run Behavior\BuildLiteBehavior [ RunTime:0.000104s ]
INFO: [ app_init ] --END-- [ RunTime:0.001522s ]
INFO: [ app_begin ] --START--
INFO: Run Behavior\ReadHtmlCacheBehavior [ RunTime:0.002007s ]
INFO: [ app_begin ] --END-- [ RunTime:0.002487s ]
SQL: SHOW COLUMNS FROM `user` [ RunTime:0.001847s ]

[ 2017-04-21T13:34:17+08:00 ] ::1 /MIFOOD/index.php/Home/Login/checkName
INFO: [ app_init ] --START--
INFO: Run Behavior\BuildLiteBehavior [ RunTime:0.000115s ]
INFO: [ app_init ] --END-- [ RunTime:0.001927s ]
INFO: [ app_begin ] --START--
INFO: Run Behavior\ReadHtmlCacheBehavior [ RunTime:0.001995s ]
INFO: [ app_begin ] --END-- [ RunTime:0.002459s ]
SQL: SHOW COLUMNS FROM `user` [ RunTime:0.001778s ]

[ 2017-04-21T13:35:12+08:00 ] ::1 /MIFOOD/index.php/Home/Index/details/shop_id/103
INFO: [ app_init ] --START--
INFO: Run Behavior\BuildLiteBehavior [ RunTime:0.000122s ]
INFO: [ app_init ] --END-- [ RunTime:0.002067s ]

[ 2017-04-21T13:35:32+08:00 ] ::1 /MIFOOD/index.php/Home/Index/top
INFO: [ app_init ] --START--
INFO: Run Behavior\BuildLiteBehavior [ RunTime:0.000126s ]
INFO: [ app_init ] --END-- [ RunTime:0.002337s ]

[ 2017-04-21T13:37:16+08:00 ] ::1 /MIFOOD/index.php/Home/Index/top
INFO: [ app_init ] --START--
INFO: Run Behavior\BuildLiteBehavior [ RunTime:0.000147s ]
INFO: [ app_init ] --END-- [ RunTime:0.001681s ]

[ 2017-04-21T13:37:27+08:00 ] ::1 /MIFOOD/index.php/Home/Index/top
INFO: [ app_init ] --START--
INFO: Run Behavior\BuildLiteBehavior [ RunTime:0.000163s ]
INFO: [ app_init ] --END-- [ RunTime:0.002732s ]

[ 2017-04-21T13:37:49+08:00 ] ::1 /MIFOOD/index.php/Home/Index/details/shop_id/13
INFO: [ app_init ] --START--
INFO: Run Behavior\BuildLiteBehavior [ RunTime:0.000119s ]
INFO: [ app_init ] --END-- [ RunTime:0.001811s ]

[ 2017-04-21T13:38:37+08:00 ] ::1 /MIFOOD/index.php/Home/Index/index
INFO: [ app_init ] --START--
INFO: Run Behavior\BuildLiteBehavior [ RunTime:0.000149s ]
INFO: [ app_init ] --END-- [ RunTime:0.002608s ]

[ 2017-04-21T13:38:42+08:00 ] ::1 /MIFOOD/index.php/Home/Index/details/shop_id/41
INFO: [ app_init ] --START--
INFO: Run Behavior\BuildLiteBehavior [ RunTime:0.000149s ]
INFO: [ app_init ] --END-- [ RunTime:0.002365s ]

[ 2017-04-21T13:39:43+08:00 ] ::1 /MIFOOD/index.php/Home/Index/index
INFO: [ app_init ] --START--
INFO: Run Behavior\BuildLiteBehavior [ RunTime:0.000119s ]
INFO: [ app_init ] --END-- [ RunTime:0.002964s ]

[ 2017-04-21T13:41:32+08:00 ] ::1 /MIFOOD/index.php/Home/Index/index
INFO: [ app_init ] --START--
INFO: Run Behavior\BuildLiteBehavior [ RunTime:0.000116s ]
INFO: [ app_init ] --END-- [ RunTime:0.001595s ]

[ 2017-04-21T13:41:47+08:00 ] ::1 /MIFOOD/index.php/Home/Index/index
INFO: [ app_init ] --START--
INFO: Run Behavior\BuildLiteBehavior [ RunTime:0.000121s ]
INFO: [ app_init ] --END-- [ RunTime:0.001897s ]

[ 2017-04-21T13:42:38+08:00 ] ::1 /MIFOOD/index.php/Home/Index/details/shop_id/41
INFO: [ app_init ] --START--
INFO: Run Behavior\BuildLiteBehavior [ RunTime:0.000114s ]
INFO: [ app_init ] --END-- [ RunTime:0.001680s ]

[ 2017-04-21T13:43:02+08:00 ] ::1 /MIFOOD/index.php/Home/Index/details/shop_id/41
INFO: [ app_init ] --START--
INFO: Run Behavior\BuildLiteBehavior [ RunTime:0.000138s ]
INFO: [ app_init ] --END-- [ RunTime:0.001856s ]

[ 2017-04-21T13:43:56+08:00 ] ::1 /MIFOOD/index.php/Home/Index/index
INFO: [ app_init ] --START--
INFO: Run Behavior\BuildLiteBehavior [ RunTime:0.000142s ]
INFO: [ app_init ] --END-- [ RunTime:0.001961s ]

[ 2017-04-21T13:44:00+08:00 ] ::1 /MIFOOD/index.php/Home/Index/index.php/Home/Login/checkName
INFO: [ app_init ] --START--
INFO: Run Behavior\BuildLiteBehavior [ RunTime:0.000111s ]
INFO: [ app_init ] --END-- [ RunTime:0.001487s ]
INFO: [ app_begin ] --START--
INFO: Run Behavior\ReadHtmlCacheBehavior [ RunTime:0.001948s ]
INFO: [ app_begin ] --END-- [ RunTime:0.002444s ]
ERR: 非法操作:index.php

[ 2017-04-21T13:44:01+08:00 ] ::1 /MIFOOD/index.php/Home/Index/index.php/Home/Login/checkName
INFO: [ app_init ] --START--
INFO: Run Behavior\BuildLiteBehavior [ RunTime:0.000150s ]
INFO: [ app_init ] --END-- [ RunTime:0.002022s ]
INFO: [ app_begin ] --START--
INFO: Run Behavior\ReadHtmlCacheBehavior [ RunTime:0.002014s ]
INFO: [ app_begin ] --END-- [ RunTime:0.002564s ]
ERR: 非法操作:index.php

[ 2017-04-21T13:44:06+08:00 ] ::1 /MIFOOD/index.php/Home/Index/index.php/Home/Login/checkName
INFO: [ app_init ] --START--
INFO: Run Behavior\BuildLiteBehavior [ RunTime:0.000104s ]
INFO: [ app_init ] --END-- [ RunTime:0.001252s ]
INFO: [ app_begin ] --START--
INFO: Run Behavior\ReadHtmlCacheBehavior [ RunTime:0.001666s ]
INFO: [ app_begin ] --END-- [ RunTime:0.002123s ]
ERR: 非法操作:index.php

[ 2017-04-21T13:44:07+08:00 ] ::1 /MIFOOD/index.php/Home/Index/index.php/Home/Login/checkName
INFO: [ app_init ] --START--
INFO: Run Behavior\BuildLiteBehavior [ RunTime:0.000115s ]
INFO: [ app_init ] --END-- [ RunTime:0.001442s ]
INFO: [ app_begin ] --START--
INFO: Run Behavior\ReadHtmlCacheBehavior [ RunTime:0.001513s ]
INFO: [ app_begin ] --END-- [ RunTime:0.001942s ]
ERR: 非法操作:index.php

[ 2017-04-21T13:44:17+08:00 ] ::1 /MIFOOD/index.php/Home/Index/index.php/Home/Login/checkName
INFO: [ app_init ] --START--
INFO: Run Behavior\BuildLiteBehavior [ RunTime:0.000103s ]
INFO: [ app_init ] --END-- [ RunTime:0.001245s ]
INFO: [ app_begin ] --START--
INFO: Run Behavior\ReadHtmlCacheBehavior [ RunTime:0.002256s ]
INFO: [ app_begin ] --END-- [ RunTime:0.002838s ]
ERR: 非法操作:index.php

[ 2017-04-21T13:44:17+08:00 ] ::1 /MIFOOD/index.php/Home/Index/index.php/Home/Login/checkName
INFO: [ app_init ] --START--
INFO: Run Behavior\BuildLiteBehavior [ RunTime:0.000107s ]
INFO: [ app_init ] --END-- [ RunTime:0.001259s ]
INFO: [ app_begin ] --START--
INFO: Run Behavior\ReadHtmlCacheBehavior [ RunTime:0.001828s ]
INFO: [ app_begin ] --END-- [ RunTime:0.002305s ]
ERR: 非法操作:index.php

[ 2017-04-21T13:44:18+08:00 ] ::1 /MIFOOD/index.php/Home/Index/index.php/Home/Login/checkName
INFO: [ app_init ] --START--
INFO: Run Behavior\BuildLiteBehavior [ RunTime:0.000112s ]
INFO: [ app_init ] --END-- [ RunTime:0.001434s ]
INFO: [ app_begin ] --START--
INFO: Run Behavior\ReadHtmlCacheBehavior [ RunTime:0.001728s ]
INFO: [ app_begin ] --END-- [ RunTime:0.002241s ]
ERR: 非法操作:index.php

[ 2017-04-21T13:44:18+08:00 ] ::1 /MIFOOD/index.php/Home/Index/index.php/Home/Login/checkName
INFO: [ app_init ] --START--
INFO: Run Behavior\BuildLiteBehavior [ RunTime:0.000119s ]
INFO: [ app_init ] --END-- [ RunTime:0.001286s ]
INFO: [ app_begin ] --START--
INFO: Run Behavior\ReadHtmlCacheBehavior [ RunTime:0.001591s ]
INFO: [ app_begin ] --END-- [ RunTime:0.002022s ]
ERR: 非法操作:index.php

[ 2017-04-21T13:44:18+08:00 ] ::1 /MIFOOD/index.php/Home/Index/index.php/Home/Login/checkName
INFO: [ app_init ] --START--
INFO: Run Behavior\BuildLiteBehavior [ RunTime:0.000114s ]
INFO: [ app_init ] --END-- [ RunTime:0.001362s ]
INFO: [ app_begin ] --START--
INFO: Run Behavior\ReadHtmlCacheBehavior [ RunTime:0.001617s ]
INFO: [ app_begin ] --END-- [ RunTime:0.002064s ]
ERR: 非法操作:index.php

[ 2017-04-21T13:44:19+08:00 ] ::1 /MIFOOD/index.php/Home/Index/index.php/Home/Login/checkName
INFO: [ app_init ] --START--
INFO: Run Behavior\BuildLiteBehavior [ RunTime:0.000117s ]
INFO: [ app_init ] --END-- [ RunTime:0.001386s ]
INFO: [ app_begin ] --START--
INFO: Run Behavior\ReadHtmlCacheBehavior [ RunTime:0.001526s ]
INFO: [ app_begin ] --END-- [ RunTime:0.002045s ]
ERR: 非法操作:index.php

[ 2017-04-21T13:44:19+08:00 ] ::1 /MIFOOD/index.php/Home/Index/index.php/Home/Login/checkName
INFO: [ app_init ] --START--
INFO: Run Behavior\BuildLiteBehavior [ RunTime:0.000102s ]
INFO: [ app_init ] --END-- [ RunTime:0.001244s ]
INFO: [ app_begin ] --START--
INFO: Run Behavior\ReadHtmlCacheBehavior [ RunTime:0.001692s ]
INFO: [ app_begin ] --END-- [ RunTime:0.002167s ]
ERR: 非法操作:index.php

[ 2017-04-21T13:44:21+08:00 ] ::1 /MIFOOD/index.php/Home/Index/index.php/Home/Login/checkName
INFO: [ app_init ] --START--
INFO: Run Behavior\BuildLiteBehavior [ RunTime:0.000134s ]
INFO: [ app_init ] --END-- [ RunTime:0.002107s ]
INFO: [ app_begin ] --START--
INFO: Run Behavior\ReadHtmlCacheBehavior [ RunTime:0.001676s ]
INFO: [ app_begin ] --END-- [ RunTime:0.002150s ]
ERR: 非法操作:index.php

[ 2017-04-21T13:44:26+08:00 ] ::1 /MIFOOD/index.php/Home/Index/details/shop_id/41
INFO: [ app_init ] --START--
INFO: Run Behavior\BuildLiteBehavior [ RunTime:0.000134s ]
INFO: [ app_init ] --END-- [ RunTime:0.001844s ]

[ 2017-04-21T13:48:58+08:00 ] ::1 /MIFOOD/index.php/Home/Index/test
INFO: [ app_init ] --START--
INFO: Run Behavior\BuildLiteBehavior [ RunTime:0.000122s ]
INFO: [ app_init ] --END-- [ RunTime:0.001556s ]

[ 2017-04-21T13:49:14+08:00 ] ::1 /MIFOOD/index.php/Home/Index/test
INFO: [ app_init ] --START--
INFO: Run Behavior\BuildLiteBehavior [ RunTime:0.000233s ]
INFO: [ app_init ] --END-- [ RunTime:0.001899s ]

[ 2017-04-21T14:39:42+08:00 ] ::1 /MIFOOD/index.php/Home/Index/details/shop_id/104
INFO: [ app_init ] --START--
INFO: Run Behavior\BuildLiteBehavior [ RunTime:0.000104s ]
INFO: [ app_init ] --END-- [ RunTime:0.001894s ]

[ 2017-04-21T15:02:37+08:00 ] ::1 /MIFOOD/index.php/Home/Index/test
INFO: [ app_init ] --START--
INFO: Run Behavior\BuildLiteBehavior [ RunTime:0.000122s ]
INFO: [ app_init ] --END-- [ RunTime:0.001801s ]

[ 2017-04-21T15:02:39+08:00 ] ::1 /MIFOOD/index.php/Home/Index/test
INFO: [ app_init ] --START--
INFO: Run Behavior\BuildLiteBehavior [ RunTime:0.000112s ]
INFO: [ app_init ] --END-- [ RunTime:0.001541s ]

[ 2017-04-21T15:05:15+08:00 ] ::1 /MIFOOD/index.php/Home/Index/test
INFO: [ app_init ] --START--
INFO: Run Behavior\BuildLiteBehavior [ RunTime:0.000107s ]
INFO: [ app_init ] --END-- [ RunTime:0.001695s ]

[ 2017-04-21T15:06:42+08:00 ] ::1 /MIFOOD/index.php/Home/Index/test
INFO: [ app_init ] --START--
INFO: Run Behavior\BuildLiteBehavior [ RunTime:0.000144s ]
INFO: [ app_init ] --END-- [ RunTime:0.001940s ]

[ 2017-04-21T15:07:19+08:00 ] ::1 /MIFOOD/index.php/Home/Index/test
INFO: [ app_init ] --START--
INFO: Run Behavior\BuildLiteBehavior [ RunTime:0.000130s ]
INFO: [ app_init ] --END-- [ RunTime:0.001863s ]

[ 2017-04-21T15:07:48+08:00 ] ::1 /MIFOOD/index.php/Home/Index/test
INFO: [ app_init ] --START--
INFO: Run Behavior\BuildLiteBehavior [ RunTime:0.000145s ]
INFO: [ app_init ] --END-- [ RunTime:0.002463s ]

[ 2017-04-21T15:08:23+08:00 ] ::1 /MIFOOD/index.php/Home/Index/test
INFO: [ app_init ] --START--
INFO: Run Behavior\BuildLiteBehavior [ RunTime:0.000121s ]
INFO: [ app_init ] --END-- [ RunTime:0.001988s ]

[ 2017-04-21T15:08:44+08:00 ] ::1 /MIFOOD/index.php/Home/Index/test
INFO: [ app_init ] --START--
INFO: Run Behavior\BuildLiteBehavior [ RunTime:0.000112s ]
INFO: [ app_init ] --END-- [ RunTime:0.001761s ]

[ 2017-04-21T15:09:42+08:00 ] ::1 /MIFOOD/index.php/Home/Index/test
INFO: [ app_init ] --START--
INFO: Run Behavior\BuildLiteBehavior [ RunTime:0.000128s ]
INFO: [ app_init ] --END-- [ RunTime:0.002193s ]

[ 2017-04-21T15:11:21+08:00 ] ::1 /MIFOOD/index.php/Home/Index/test
INFO: [ app_init ] --START--
INFO: Run Behavior\BuildLiteBehavior [ RunTime:0.000119s ]
INFO: [ app_init ] --END-- [ RunTime:0.001886s ]

[ 2017-04-21T15:11:22+08:00 ] ::1 /MIFOOD/index.php/Home/Index/test
INFO: [ app_init ] --START--
INFO: Run Behavior\BuildLiteBehavior [ RunTime:0.000116s ]
INFO: [ app_init ] --END-- [ RunTime:0.002259s ]

[ 2017-04-21T15:11:47+08:00 ] ::1 /MIFOOD/index.php/Home/Index/test
INFO: [ app_init ] --START--
INFO: Run Behavior\BuildLiteBehavior [ RunTime:0.000117s ]
INFO: [ app_init ] --END-- [ RunTime:0.001950s ]

[ 2017-04-21T15:12:39+08:00 ] ::1 /MIFOOD/index.php/Home/Index/test
INFO: [ app_init ] --START--
INFO: Run Behavior\BuildLiteBehavior [ RunTime:0.000120s ]
INFO: [ app_init ] --END-- [ RunTime:0.002100s ]

[ 2017-04-21T15:12:40+08:00 ] ::1 /MIFOOD/index.php/Home/Index/test
INFO: [ app_init ] --START--
INFO: Run Behavior\BuildLiteBehavior [ RunTime:0.000153s ]
INFO: [ app_init ] --END-- [ RunTime:0.003050s ]

[ 2017-04-21T15:12:40+08:00 ] ::1 /MIFOOD/index.php/Home/Index/test
INFO: [ app_init ] --START--
INFO: Run Behavior\BuildLiteBehavior [ RunTime:0.000237s ]
INFO: [ app_init ] --END-- [ RunTime:0.003402s ]

[ 2017-04-21T15:13:20+08:00 ] ::1 /MIFOOD/index.php/Home/Index/test
INFO: [ app_init ] --START--
INFO: Run Behavior\BuildLiteBehavior [ RunTime:0.000186s ]
INFO: [ app_init ] --END-- [ RunTime:0.001789s ]

[ 2017-04-21T15:14:30+08:00 ] ::1 /MIFOOD/index.php/Home/Index/test
INFO: [ app_init ] --START--
INFO: Run Behavior\BuildLiteBehavior [ RunTime:0.000120s ]
INFO: [ app_init ] --END-- [ RunTime:0.002192s ]

[ 2017-04-21T15:14:31+08:00 ] ::1 /MIFOOD/index.php/Home/Index/test
INFO: [ app_init ] --START--
INFO: Run Behavior\BuildLiteBehavior [ RunTime:0.000118s ]
INFO: [ app_init ] --END-- [ RunTime:0.001806s ]

[ 2017-04-21T15:14:45+08:00 ] ::1 /MIFOOD/index.php/Home/Index/test
INFO: [ app_init ] --START--
INFO: Run Behavior\BuildLiteBehavior [ RunTime:0.000128s ]
INFO: [ app_init ] --END-- [ RunTime:0.002001s ]

[ 2017-04-21T15:15:25+08:00 ] ::1 /MIFOOD/index.php/Home/Index/test
INFO: [ app_init ] --START--
INFO: Run Behavior\BuildLiteBehavior [ RunTime:0.000119s ]
INFO: [ app_init ] --END-- [ RunTime:0.002106s ]

[ 2017-04-21T15:16:21+08:00 ] ::1 /MIFOOD/index.php/Home/Index/test
INFO: [ app_init ] --START--
INFO: Run Behavior\BuildLiteBehavior [ RunTime:0.000115s ]
INFO: [ app_init ] --END-- [ RunTime:0.001821s ]

[ 2017-04-21T15:17:29+08:00 ] ::1 /MIFOOD/index.php/Home/Index/test
INFO: [ app_init ] --START--
INFO: Run Behavior\BuildLiteBehavior [ RunTime:0.000108s ]
INFO: [ app_init ] --END-- [ RunTime:0.001676s ]

[ 2017-04-21T15:18:29+08:00 ] ::1 /MIFOOD/index.php/Home/Index/test
INFO: [ app_init ] --START--
INFO: Run Behavior\BuildLiteBehavior [ RunTime:0.000111s ]
INFO: [ app_init ] --END-- [ RunTime:0.001813s ]

[ 2017-04-21T15:19:41+08:00 ] ::1 /MIFOOD/index.php/Home/Index/test
INFO: [ app_init ] --START--
INFO: Run Behavior\BuildLiteBehavior [ RunTime:0.000115s ]
INFO: [ app_init ] --END-- [ RunTime:0.001796s ]

[ 2017-04-21T15:19:42+08:00 ] ::1 /MIFOOD/index.php/Home/Index/test
INFO: [ app_init ] --START--
INFO: Run Behavior\BuildLiteBehavior [ RunTime:0.000115s ]
INFO: [ app_init ] --END-- [ RunTime:0.001715s ]

[ 2017-04-21T15:21:56+08:00 ] ::1 /MIFOOD/index.php/Home/Index/test
INFO: [ app_init ] --START--
INFO: Run Behavior\BuildLiteBehavior [ RunTime:0.000178s ]
INFO: [ app_init ] --END-- [ RunTime:0.001844s ]

[ 2017-04-21T15:22:23+08:00 ] ::1 /MIFOOD/index.php/Home/Index/test
INFO: [ app_init ] --START--
INFO: Run Behavior\BuildLiteBehavior [ RunTime:0.000127s ]
INFO: [ app_init ] --END-- [ RunTime:0.001823s ]

[ 2017-04-21T15:23:26+08:00 ] ::1 /MIFOOD/index.php/Home/Index/test
INFO: [ app_init ] --START--
INFO: Run Behavior\BuildLiteBehavior [ RunTime:0.000115s ]
INFO: [ app_init ] --END-- [ RunTime:0.001768s ]

[ 2017-04-21T15:25:03+08:00 ] ::1 /MIFOOD/index.php/Home/Index/test
INFO: [ app_init ] --START--
INFO: Run Behavior\BuildLiteBehavior [ RunTime:0.000119s ]
INFO: [ app_init ] --END-- [ RunTime:0.001911s ]

[ 2017-04-21T15:25:55+08:00 ] ::1 /MIFOOD/index.php/Home/Index/test
INFO: [ app_init ] --START--
INFO: Run Behavior\BuildLiteBehavior [ RunTime:0.000120s ]
INFO: [ app_init ] --END-- [ RunTime:0.003059s ]

[ 2017-04-21T15:28:16+08:00 ] ::1 /MIFOOD/index.php/Home/Index/test
INFO: [ app_init ] --START--
INFO: Run Behavior\BuildLiteBehavior [ RunTime:0.000119s ]
INFO: [ app_init ] --END-- [ RunTime:0.001936s ]

[ 2017-04-21T15:30:54+08:00 ] ::1 /MIFOOD/index.php/Home/Index/test
INFO: [ app_init ] --START--
INFO: Run Behavior\BuildLiteBehavior [ RunTime:0.000147s ]
INFO: [ app_init ] --END-- [ RunTime:0.002344s ]

[ 2017-04-21T15:32:30+08:00 ] ::1 /MIFOOD/index.php/Home/Index/test
INFO: [ app_init ] --START--
INFO: Run Behavior\BuildLiteBehavior [ RunTime:0.000110s ]
INFO: [ app_init ] --END-- [ RunTime:0.001700s ]

[ 2017-04-21T15:33:03+08:00 ] ::1 /MIFOOD/index.php/Home/Index/test
INFO: [ app_init ] --START--
INFO: Run Behavior\BuildLiteBehavior [ RunTime:0.000117s ]
INFO: [ app_init ] --END-- [ RunTime:0.001766s ]

[ 2017-04-21T15:33:49+08:00 ] ::1 /MIFOOD/index.php/Home/Index/test
INFO: [ app_init ] --START--
INFO: Run Behavior\BuildLiteBehavior [ RunTime:0.000153s ]
INFO: [ app_init ] --END-- [ RunTime:0.002333s ]

[ 2017-04-21T15:34:21+08:00 ] ::1 /MIFOOD/index.php/Home/Index/test
INFO: [ app_init ] --START--
INFO: Run Behavior\BuildLiteBehavior [ RunTime:0.000124s ]
INFO: [ app_init ] --END-- [ RunTime:0.002313s ]

[ 2017-04-21T15:35:33+08:00 ] ::1 /MIFOOD/index.php/Home/Index/test
INFO: [ app_init ] --START--
INFO: Run Behavior\BuildLiteBehavior [ RunTime:0.000116s ]
INFO: [ app_init ] --END-- [ RunTime:0.001589s ]

[ 2017-04-21T15:35:45+08:00 ] ::1 /MIFOOD/index.php/Home/Index/test
INFO: [ app_init ] --START--
INFO: Run Behavior\BuildLiteBehavior [ RunTime:0.000163s ]
INFO: [ app_init ] --END-- [ RunTime:0.002210s ]

[ 2017-04-21T15:36:03+08:00 ] ::1 /MIFOOD/index.php/Home/Index/test
INFO: [ app_init ] --START--
INFO: Run Behavior\BuildLiteBehavior [ RunTime:0.000120s ]
INFO: [ app_init ] --END-- [ RunTime:0.002154s ]

[ 2017-04-21T15:38:11+08:00 ] ::1 /MIFOOD/index.php/Home/Index/test
INFO: [ app_init ] --START--
INFO: Run Behavior\BuildLiteBehavior [ RunTime:0.000110s ]
INFO: [ app_init ] --END-- [ RunTime:0.001589s ]

[ 2017-04-21T15:38:49+08:00 ] ::1 /MIFOOD/index.php/Home/Index/test
INFO: [ app_init ] --START--
INFO: Run Behavior\BuildLiteBehavior [ RunTime:0.000113s ]
INFO: [ app_init ] --END-- [ RunTime:0.001808s ]

[ 2017-04-21T15:39:08+08:00 ] ::1 /MIFOOD/index.php/Home/Index/test
INFO: [ app_init ] --START--
INFO: Run Behavior\BuildLiteBehavior [ RunTime:0.000115s ]
INFO: [ app_init ] --END-- [ RunTime:0.001867s ]

[ 2017-04-21T15:40:21+08:00 ] ::1 /MIFOOD/index.php/Home/Index/test
INFO: [ app_init ] --START--
INFO: Run Behavior\BuildLiteBehavior [ RunTime:0.000162s ]
INFO: [ app_init ] --END-- [ RunTime:0.002924s ]

[ 2017-04-21T15:40:52+08:00 ] ::1 /MIFOOD/index.php/Home/Index/test
INFO: [ app_init ] --START--
INFO: Run Behavior\BuildLiteBehavior [ RunTime:0.000116s ]
INFO: [ app_init ] --END-- [ RunTime:0.002087s ]

[ 2017-04-21T15:41:29+08:00 ] ::1 /MIFOOD/index.php/Home/Index/test
INFO: [ app_init ] --START--
INFO: Run Behavior\BuildLiteBehavior [ RunTime:0.000112s ]
INFO: [ app_init ] --END-- [ RunTime:0.001730s ]

[ 2017-04-21T15:44:51+08:00 ] ::1 /MIFOOD/index.php/Home/Index/test
INFO: [ app_init ] --START--
INFO: Run Behavior\BuildLiteBehavior [ RunTime:0.000130s ]
INFO: [ app_init ] --END-- [ RunTime:0.001930s ]

[ 2017-04-21T15:50:56+08:00 ] ::1 /MIFOOD/index.php/Home/Index/test
INFO: [ app_init ] --START--
INFO: Run Behavior\BuildLiteBehavior [ RunTime:0.000116s ]
INFO: [ app_init ] --END-- [ RunTime:0.001751s ]

[ 2017-04-21T15:51:34+08:00 ] ::1 /MIFOOD/index.php/Home/Index/test
INFO: [ app_init ] --START--
INFO: Run Behavior\BuildLiteBehavior [ RunTime:0.000115s ]
INFO: [ app_init ] --END-- [ RunTime:0.001983s ]

[ 2017-04-21T15:54:42+08:00 ] ::1 /MIFOOD/index.php/Home/Index/test
INFO: [ app_init ] --START--
INFO: Run Behavior\BuildLiteBehavior [ RunTime:0.000154s ]
INFO: [ app_init ] --END-- [ RunTime:0.002003s ]

[ 2017-04-21T15:56:27+08:00 ] ::1 /MIFOOD/index.php/Home/Index/test
INFO: [ app_init ] --START--
INFO: Run Behavior\BuildLiteBehavior [ RunTime:0.000109s ]
INFO: [ app_init ] --END-- [ RunTime:0.001712s ]

[ 2017-04-21T15:56:44+08:00 ] ::1 /MIFOOD/index.php/Home/Index/test
INFO: [ app_init ] --START--
INFO: Run Behavior\BuildLiteBehavior [ RunTime:0.000146s ]
INFO: [ app_init ] --END-- [ RunTime:0.002517s ]

[ 2017-04-21T15:56:56+08:00 ] ::1 /MIFOOD/index.php/Home/Index/test
INFO: [ app_init ] --START--
INFO: Run Behavior\BuildLiteBehavior [ RunTime:0.000119s ]
INFO: [ app_init ] --END-- [ RunTime:0.001623s ]

[ 2017-04-21T16:02:08+08:00 ] ::1 /MIFOOD/index.php/Home/Index/test
INFO: [ app_init ] --START--
INFO: Run Behavior\BuildLiteBehavior [ RunTime:0.000138s ]
INFO: [ app_init ] --END-- [ RunTime:0.001950s ]

[ 2017-04-21T16:07:27+08:00 ] ::1 /MIFOOD/index.php/Home/Index/details/shop_id/104
INFO: [ app_init ] --START--
INFO: Run Behavior\BuildLiteBehavior [ RunTime:0.000147s ]
INFO: [ app_init ] --END-- [ RunTime:0.002571s ]

[ 2017-04-21T16:08:17+08:00 ] ::1 /MIFOOD/index.php/Home/Index/details/shop_id/104
INFO: [ app_init ] --START--
INFO: Run Behavior\BuildLiteBehavior [ RunTime:0.000116s ]
INFO: [ app_init ] --END-- [ RunTime:0.001526s ]

[ 2017-04-21T16:08:31+08:00 ] ::1 /MIFOOD/index.php/Home/Index/details/shop_id/104
INFO: [ app_init ] --START--
INFO: Run Behavior\BuildLiteBehavior [ RunTime:0.000113s ]
INFO: [ app_init ] --END-- [ RunTime:0.001647s ]

[ 2017-04-21T16:09:47+08:00 ] ::1 /MIFOOD/index.php/Home/Index/details/shop_id/104
INFO: [ app_init ] --START--
INFO: Run Behavior\BuildLiteBehavior [ RunTime:0.000298s ]
INFO: [ app_init ] --END-- [ RunTime:0.002407s ]

[ 2017-04-21T16:10:52+08:00 ] ::1 /MIFOOD/index.php/Home/Index/details/shop_id/104
INFO: [ app_init ] --START--
INFO: Run Behavior\BuildLiteBehavior [ RunTime:0.000104s ]
INFO: [ app_init ] --END-- [ RunTime:0.001386s ]

[ 2017-04-21T16:11:20+08:00 ] ::1 /MIFOOD/index.php/Home/Index/details/shop_id/104
INFO: [ app_init ] --START--
INFO: Run Behavior\BuildLiteBehavior [ RunTime:0.000123s ]
INFO: [ app_init ] --END-- [ RunTime:0.001843s ]

[ 2017-04-21T16:11:44+08:00 ] ::1 /MIFOOD/index.php/Home/Index/details/shop_id/104
INFO: [ app_init ] --START--
INFO: Run Behavior\BuildLiteBehavior [ RunTime:0.000104s ]
INFO: [ app_init ] --END-- [ RunTime:0.001391s ]

[ 2017-04-21T16:11:52+08:00 ] ::1 /MIFOOD/index.php/Home/Index/details/shop_id/104
INFO: [ app_init ] --START--
INFO: Run Behavior\BuildLiteBehavior [ RunTime:0.000114s ]
INFO: [ app_init ] --END-- [ RunTime:0.001663s ]

[ 2017-04-21T16:14:05+08:00 ] ::1 /MIFOOD/index.php/Home/Index/details/shop_id/104
INFO: [ app_init ] --START--
INFO: Run Behavior\BuildLiteBehavior [ RunTime:0.000122s ]
INFO: [ app_init ] --END-- [ RunTime:0.002196s ]

[ 2017-04-21T16:14:21+08:00 ] ::1 /MIFOOD/index.php/Home/Index/test
INFO: [ app_init ] --START--
INFO: Run Behavior\BuildLiteBehavior [ RunTime:0.000107s ]
INFO: [ app_init ] --END-- [ RunTime:0.001484s ]

[ 2017-04-21T16:14:33+08:00 ] ::1 /MIFOOD/index.php/Home/Index/test
INFO: [ app_init ] --START--
INFO: Run Behavior\BuildLiteBehavior [ RunTime:0.000215s ]
INFO: [ app_init ] --END-- [ RunTime:0.002198s ]

[ 2017-04-21T16:15:22+08:00 ] ::1 /MIFOOD/index.php/Home/Index/details/shop_id/104
INFO: [ app_init ] --START--
INFO: Run Behavior\BuildLiteBehavior [ RunTime:0.000128s ]
INFO: [ app_init ] --END-- [ RunTime:0.002477s ]

[ 2017-04-21T16:16:10+08:00 ] ::1 /MIFOOD/index.php/Home/Index/details/shop_id/104
INFO: [ app_init ] --START--
INFO: Run Behavior\BuildLiteBehavior [ RunTime:0.000119s ]
INFO: [ app_init ] --END-- [ RunTime:0.001791s ]

[ 2017-04-21T16:20:24+08:00 ] ::1 /MIFOOD/index.php/Home/Index/details/shop_id/104
INFO: [ app_init ] --START--
INFO: Run Behavior\BuildLiteBehavior [ RunTime:0.000106s ]
INFO: [ app_init ] --END-- [ RunTime:0.001501s ]

[ 2017-04-21T16:20:29+08:00 ] ::1 /MIFOOD/index.php/Home/Index/details/shop_id/104
INFO: [ app_init ] --START--
INFO: Run Behavior\BuildLiteBehavior [ RunTime:0.000118s ]
INFO: [ app_init ] --END-- [ RunTime:0.001732s ]

[ 2017-04-21T16:21:15+08:00 ] ::1 /MIFOOD/index.php/Home/Index/details/shop_id/104
INFO: [ app_init ] --START--
INFO: Run Behavior\BuildLiteBehavior [ RunTime:0.000114s ]
INFO: [ app_init ] --END-- [ RunTime:0.001738s ]

