[ 2017-03-26T10:04:52+08:00 ] ::1 /3.2.1/Home/Index/details
INFO: [ app_init ] --START--
INFO: Run Behavior\BuildLiteBehavior [ RunTime:0.000117s ]
INFO: [ app_init ] --END-- [ RunTime:0.002067s ]

[ 2017-03-26T10:05:18+08:00 ] ::1 /3.2.1/Home/Index/classify
INFO: [ app_init ] --START--
INFO: Run Behavior\BuildLiteBehavior [ RunTime:0.000122s ]
INFO: [ app_init ] --END-- [ RunTime:0.002566s ]

[ 2017-03-26T10:05:36+08:00 ] ::1 /3.2.1/Home/Index/home
INFO: [ app_init ] --START--
INFO: Run Behavior\BuildLiteBehavior [ RunTime:0.000237s ]
INFO: [ app_init ] --END-- [ RunTime:0.002157s ]

[ 2017-03-26T10:05:47+08:00 ] ::1 /3.2.1/index.php/Home/Index/classify/category_id/4
INFO: [ app_init ] --START--
INFO: Run Behavior\BuildLiteBehavior [ RunTime:0.000149s ]
INFO: [ app_init ] --END-- [ RunTime:0.002746s ]

[ 2017-03-26T10:05:50+08:00 ] ::1 /3.2.1/index.php/Home/Index/details/shop_id/1
INFO: [ app_init ] --START--
INFO: Run Behavior\BuildLiteBehavior [ RunTime:0.000151s ]
INFO: [ app_init ] --END-- [ RunTime:0.006489s ]

[ 2017-03-26T10:06:36+08:00 ] ::1 /3.2.1/index.php/Home/Index/details/shop_id/5
INFO: [ app_init ] --START--
INFO: Run Behavior\BuildLiteBehavior [ RunTime:0.000153s ]
INFO: [ app_init ] --END-- [ RunTime:0.002922s ]

[ 2017-03-26T10:06:59+08:00 ] ::1 /3.2.1/index.php/Home/Index/details/shop_id/5
INFO: [ app_init ] --START--
INFO: Run Behavior\BuildLiteBehavior [ RunTime:0.000144s ]
INFO: [ app_init ] --END-- [ RunTime:0.002027s ]

[ 2017-03-26T10:07:13+08:00 ] ::1 /3.2.1/index.php/Home/Index/details/shop_id/1
INFO: [ app_init ] --START--
INFO: Run Behavior\BuildLiteBehavior [ RunTime:0.000147s ]
INFO: [ app_init ] --END-- [ RunTime:0.003010s ]

[ 2017-03-26T10:07:32+08:00 ] ::1 /3.2.1/index.php/Home/Index/details/shop_id/5
INFO: [ app_init ] --START--
INFO: Run Behavior\BuildLiteBehavior [ RunTime:0.000147s ]
INFO: [ app_init ] --END-- [ RunTime:0.002827s ]

[ 2017-03-26T10:08:13+08:00 ] ::1 /3.2.1/index.php/Home/Index/details/shop_id/5
INFO: [ app_init ] --START--
INFO: Run Behavior\BuildLiteBehavior [ RunTime:0.000170s ]
INFO: [ app_init ] --END-- [ RunTime:0.003535s ]

[ 2017-03-26T10:08:18+08:00 ] ::1 /3.2.1/index.php/Home/Index/details/shop_id/1
INFO: [ app_init ] --START--
INFO: Run Behavior\BuildLiteBehavior [ RunTime:0.000124s ]
INFO: [ app_init ] --END-- [ RunTime:0.002024s ]

[ 2017-03-26T10:09:10+08:00 ] ::1 /3.2.1/index.php/Home/Index/details/shop_id/5
INFO: [ app_init ] --START--
INFO: Run Behavior\BuildLiteBehavior [ RunTime:0.000114s ]
INFO: [ app_init ] --END-- [ RunTime:0.002008s ]

[ 2017-03-26T10:09:12+08:00 ] ::1 /3.2.1/index.php/Home/Index/details/shop_id/5
INFO: [ app_init ] --START--
INFO: Run Behavior\BuildLiteBehavior [ RunTime:0.000113s ]
INFO: [ app_init ] --END-- [ RunTime:0.001909s ]

[ 2017-03-26T10:09:35+08:00 ] ::1 /3.2.1/index.php/Home/Index/details/shop_id/5
INFO: [ app_init ] --START--
INFO: Run Behavior\BuildLiteBehavior [ RunTime:0.000117s ]
INFO: [ app_init ] --END-- [ RunTime:0.001572s ]

[ 2017-03-26T10:09:39+08:00 ] ::1 /3.2.1/index.php/Home/Index/details/shop_id/1
INFO: [ app_init ] --START--
INFO: Run Behavior\BuildLiteBehavior [ RunTime:0.000151s ]
INFO: [ app_init ] --END-- [ RunTime:0.002113s ]

[ 2017-03-26T10:09:54+08:00 ] ::1 /3.2.1/index.php/Home/Index/details/shop_id/5
INFO: [ app_init ] --START--
INFO: Run Behavior\BuildLiteBehavior [ RunTime:0.000157s ]
INFO: [ app_init ] --END-- [ RunTime:0.002364s ]

[ 2017-03-26T10:10:41+08:00 ] ::1 /3.2.1/index.php/Home/Index/details/shop_id/5
INFO: [ app_init ] --START--
INFO: Run Behavior\BuildLiteBehavior [ RunTime:0.000146s ]
INFO: [ app_init ] --END-- [ RunTime:0.002163s ]

[ 2017-03-26T10:11:23+08:00 ] ::1 /3.2.1/index.php/Home/Index/details/shop_id/5
INFO: [ app_init ] --START--
INFO: Run Behavior\BuildLiteBehavior [ RunTime:0.000149s ]
INFO: [ app_init ] --END-- [ RunTime:0.002082s ]

[ 2017-03-26T10:11:55+08:00 ] ::1 /3.2.1/index.php/Home/Index/details/shop_id/5
INFO: [ app_init ] --START--
INFO: Run Behavior\BuildLiteBehavior [ RunTime:0.000154s ]
INFO: [ app_init ] --END-- [ RunTime:0.002344s ]

[ 2017-03-26T10:12:06+08:00 ] ::1 /3.2.1/index.php/Home/Index/details/shop_id/5
INFO: [ app_init ] --START--
INFO: Run Behavior\BuildLiteBehavior [ RunTime:0.000117s ]
INFO: [ app_init ] --END-- [ RunTime:0.001584s ]

[ 2017-03-26T10:12:19+08:00 ] ::1 /3.2.1/index.php/Home/Index/ip
INFO: [ app_init ] --START--
INFO: Run Behavior\BuildLiteBehavior [ RunTime:0.000154s ]
INFO: [ app_init ] --END-- [ RunTime:0.002751s ]

[ 2017-03-26T10:14:09+08:00 ] ::1 /3.2.1/index.php/Home/Index/details/shop_id/5
INFO: [ app_init ] --START--
INFO: Run Behavior\BuildLiteBehavior [ RunTime:0.000433s ]
INFO: [ app_init ] --END-- [ RunTime:0.003054s ]

[ 2017-03-26T10:29:47+08:00 ] ::1 /3.2.1/index.php/Home/Index/details/shop_id/5
INFO: [ app_init ] --START--
INFO: Run Behavior\BuildLiteBehavior [ RunTime:0.000177s ]
INFO: [ app_init ] --END-- [ RunTime:0.003473s ]

[ 2017-03-26T10:30:17+08:00 ] ::1 /3.2.1/index.php/Home/Index/details/shop_id/5
INFO: [ app_init ] --START--
INFO: Run Behavior\BuildLiteBehavior [ RunTime:0.000189s ]
INFO: [ app_init ] --END-- [ RunTime:0.002056s ]

[ 2017-03-26T10:31:10+08:00 ] ::1 /3.2.1/index.php/Home/Index/details/shop_id/5
INFO: [ app_init ] --START--
INFO: Run Behavior\BuildLiteBehavior [ RunTime:0.000149s ]
INFO: [ app_init ] --END-- [ RunTime:0.002146s ]

[ 2017-03-26T10:31:58+08:00 ] ::1 /3.2.1/index.php/Home/Index/details/shop_id/5
INFO: [ app_init ] --START--
INFO: Run Behavior\BuildLiteBehavior [ RunTime:0.000152s ]
INFO: [ app_init ] --END-- [ RunTime:0.002282s ]

[ 2017-03-26T10:32:17+08:00 ] ::1 /3.2.1/index.php/Home/Index/details/shop_id/5
INFO: [ app_init ] --START--
INFO: Run Behavior\BuildLiteBehavior [ RunTime:0.000160s ]
INFO: [ app_init ] --END-- [ RunTime:0.002484s ]

[ 2017-03-26T10:43:12+08:00 ] ::1 /3.2.1/index.php/Home/Index/details/shop_id/5
INFO: [ app_init ] --START--
INFO: Run Behavior\BuildLiteBehavior [ RunTime:0.000145s ]
INFO: [ app_init ] --END-- [ RunTime:0.002203s ]

[ 2017-03-26T10:43:12+08:00 ] ::1 /3.2.1/index.php/Home/Index/details/shop_id/showImg(http://p0.meituan.net/deal/26eab96c29e84168c0b084063536b218490331.jpg@PC)
INFO: [ app_init ] --START--
INFO: Run Behavior\BuildLiteBehavior [ RunTime:0.000235s ]
INFO: [ app_init ] --END-- [ RunTime:0.005228s ]
NOTIC: [2] preg_replace(): Compilation failed: unmatched parentheses at offset 8 F:\Wamp\Wamp_3.0.6\installtion\wamp64\www\3.2.1\ThinkPHP\Library\Think\Dispatcher.class.php 第 126 行.

[ 2017-03-26T10:44:58+08:00 ] ::1 /3.2.1/index.php/Home/Index/details/shop_id/5
INFO: [ app_init ] --START--
INFO: Run Behavior\BuildLiteBehavior [ RunTime:0.000104s ]
INFO: [ app_init ] --END-- [ RunTime:0.001382s ]

[ 2017-03-26T10:44:59+08:00 ] ::1 /3.2.1/index.php/Home/Index/details/shop_id/showImg(http://p0.meituan.net/deal/26eab96c29e84168c0b084063536b218490331.jpg@PC)
INFO: [ app_init ] --START--
INFO: Run Behavior\BuildLiteBehavior [ RunTime:0.000155s ]
INFO: [ app_init ] --END-- [ RunTime:0.003567s ]
NOTIC: [2] preg_replace(): Compilation failed: unmatched parentheses at offset 8 F:\Wamp\Wamp_3.0.6\installtion\wamp64\www\3.2.1\ThinkPHP\Library\Think\Dispatcher.class.php 第 126 行.

[ 2017-03-26T10:47:33+08:00 ] ::1 /3.2.1/index.php/Home/Index/details/shop_id/5
INFO: [ app_init ] --START--
INFO: Run Behavior\BuildLiteBehavior [ RunTime:0.000145s ]
INFO: [ app_init ] --END-- [ RunTime:0.002177s ]

[ 2017-03-26T10:47:33+08:00 ] ::1 /3.2.1/index.php/Home/Index/details/shop_id/showImg(http://p0.meituan.net/deal/26eab96c29e84168c0b084063536b218490331.jpg@PC)
INFO: [ app_init ] --START--
INFO: Run Behavior\BuildLiteBehavior [ RunTime:0.000199s ]
INFO: [ app_init ] --END-- [ RunTime:0.003814s ]
NOTIC: [2] preg_replace(): Compilation failed: unmatched parentheses at offset 8 F:\Wamp\Wamp_3.0.6\installtion\wamp64\www\3.2.1\ThinkPHP\Library\Think\Dispatcher.class.php 第 126 行.

[ 2017-03-26T10:47:34+08:00 ] ::1 /3.2.1/index.php/Home/Index/details/shop_id/5
INFO: [ app_init ] --START--
INFO: Run Behavior\BuildLiteBehavior [ RunTime:0.000140s ]
INFO: [ app_init ] --END-- [ RunTime:0.002101s ]

[ 2017-03-26T10:47:35+08:00 ] ::1 /3.2.1/index.php/Home/Index/details/shop_id/showImg(http://p0.meituan.net/deal/26eab96c29e84168c0b084063536b218490331.jpg@PC)
INFO: [ app_init ] --START--
INFO: Run Behavior\BuildLiteBehavior [ RunTime:0.000166s ]
INFO: [ app_init ] --END-- [ RunTime:0.003095s ]
NOTIC: [2] preg_replace(): Compilation failed: unmatched parentheses at offset 8 F:\Wamp\Wamp_3.0.6\installtion\wamp64\www\3.2.1\ThinkPHP\Library\Think\Dispatcher.class.php 第 126 行.

[ 2017-03-26T10:50:57+08:00 ] ::1 /3.2.1/index.php/Home/Index/details/shop_id/5
INFO: [ app_init ] --START--
INFO: Run Behavior\BuildLiteBehavior [ RunTime:0.000138s ]
INFO: [ app_init ] --END-- [ RunTime:0.001985s ]

[ 2017-03-26T10:51:17+08:00 ] ::1 /3.2.1/index.php/Home/Index/details/shop_id/5
INFO: [ app_init ] --START--
INFO: Run Behavior\BuildLiteBehavior [ RunTime:0.000153s ]
INFO: [ app_init ] --END-- [ RunTime:0.002687s ]

[ 2017-03-26T10:52:21+08:00 ] ::1 /3.2.1/index.php/Home/Index/details/shop_id/5
INFO: [ app_init ] --START--
INFO: Run Behavior\BuildLiteBehavior [ RunTime:0.000137s ]
INFO: [ app_init ] --END-- [ RunTime:0.001584s ]

[ 2017-03-26T10:52:49+08:00 ] ::1 /3.2.1/index.php/Home/Index/details/shop_id/5
INFO: [ app_init ] --START--
INFO: Run Behavior\BuildLiteBehavior [ RunTime:0.000105s ]
INFO: [ app_init ] --END-- [ RunTime:0.001390s ]

[ 2017-03-26T10:53:43+08:00 ] ::1 /3.2.1/index.php/Home/Index/details/shop_id/5
INFO: [ app_init ] --START--
INFO: Run Behavior\BuildLiteBehavior [ RunTime:0.000105s ]
INFO: [ app_init ] --END-- [ RunTime:0.001465s ]

[ 2017-03-26T10:54:07+08:00 ] ::1 /3.2.1/index.php/Home/Index/details/shop_id/5
INFO: [ app_init ] --START--
INFO: Run Behavior\BuildLiteBehavior [ RunTime:0.000125s ]
INFO: [ app_init ] --END-- [ RunTime:0.002414s ]

[ 2017-03-26T10:54:22+08:00 ] ::1 /3.2.1/index.php/Home/Index/details/shop_id/5
INFO: [ app_init ] --START--
INFO: Run Behavior\BuildLiteBehavior [ RunTime:0.000151s ]
INFO: [ app_init ] --END-- [ RunTime:0.002735s ]

[ 2017-03-26T10:55:57+08:00 ] ::1 /3.2.1/index.php/Home/Index/details/shop_id/5
INFO: [ app_init ] --START--
INFO: Run Behavior\BuildLiteBehavior [ RunTime:0.000161s ]
INFO: [ app_init ] --END-- [ RunTime:0.002908s ]

[ 2017-03-26T10:56:00+08:00 ] ::1 /3.2.1/index.php/Home/Index/details/shop_id/%7BshowImg(%7B$shop[0]['shop_img']%7D)%7D
INFO: [ app_init ] --START--
INFO: Run Behavior\BuildLiteBehavior [ RunTime:0.000125s ]
INFO: [ app_init ] --END-- [ RunTime:0.001884s ]

[ 2017-03-26T10:56:55+08:00 ] ::1 /3.2.1/index.php/Home/Index/details/shop_id/5
INFO: [ app_init ] --START--
INFO: Run Behavior\BuildLiteBehavior [ RunTime:0.000140s ]
INFO: [ app_init ] --END-- [ RunTime:0.002009s ]

[ 2017-03-26T10:58:03+08:00 ] ::1 /3.2.1/Home/Index/details/shop_id/2
INFO: [ app_init ] --START--
INFO: Run Behavior\BuildLiteBehavior [ RunTime:0.000144s ]
INFO: [ app_init ] --END-- [ RunTime:0.002423s ]

[ 2017-03-26T10:58:28+08:00 ] ::1 /3.2.1/Home/Index/details/shop_id/2
INFO: [ app_init ] --START--
INFO: Run Behavior\BuildLiteBehavior [ RunTime:0.000147s ]
INFO: [ app_init ] --END-- [ RunTime:0.002311s ]

[ 2017-03-26T15:53:30+08:00 ] ::1 /3.2.1/Home/Index/details/shop_ip/5
INFO: [ app_init ] --START--
INFO: Run Behavior\BuildLiteBehavior [ RunTime:0.000128s ]
INFO: [ app_init ] --END-- [ RunTime:0.002824s ]

[ 2017-03-26T15:53:56+08:00 ] ::1 /3.2.1/Home/Index/details/shop_ip/3
INFO: [ app_init ] --START--
INFO: Run Behavior\BuildLiteBehavior [ RunTime:0.000107s ]
INFO: [ app_init ] --END-- [ RunTime:0.001813s ]

[ 2017-03-26T15:54:04+08:00 ] ::1 /3.2.1/Home/Index/details/shop_ip/3
INFO: [ app_init ] --START--
INFO: Run Behavior\BuildLiteBehavior [ RunTime:0.000121s ]
INFO: [ app_init ] --END-- [ RunTime:0.002070s ]

[ 2017-03-26T15:55:14+08:00 ] ::1 /3.2.1/Home/Index/details/shop_ip/3
INFO: [ app_init ] --START--
INFO: Run Behavior\BuildLiteBehavior [ RunTime:0.000114s ]
INFO: [ app_init ] --END-- [ RunTime:0.001900s ]

[ 2017-03-26T15:55:30+08:00 ] ::1 /3.2.1/Home/Index/home
INFO: [ app_init ] --START--
INFO: Run Behavior\BuildLiteBehavior [ RunTime:0.000112s ]
INFO: [ app_init ] --END-- [ RunTime:0.002057s ]

[ 2017-03-26T15:55:33+08:00 ] ::1 /3.2.1/index.php/Home/Index/classify/category_id/4
INFO: [ app_init ] --START--
INFO: Run Behavior\BuildLiteBehavior [ RunTime:0.000108s ]
INFO: [ app_init ] --END-- [ RunTime:0.002413s ]

[ 2017-03-26T15:55:36+08:00 ] ::1 /3.2.1/index.php/Home/Index/details/shop_id/5
INFO: [ app_init ] --START--
INFO: Run Behavior\BuildLiteBehavior [ RunTime:0.000112s ]
INFO: [ app_init ] --END-- [ RunTime:0.002281s ]

[ 2017-03-26T15:56:34+08:00 ] ::1 /3.2.1/index.php/Home/Index/details/shop_id/5
INFO: [ app_init ] --START--
INFO: Run Behavior\BuildLiteBehavior [ RunTime:0.000105s ]
INFO: [ app_init ] --END-- [ RunTime:0.001986s ]

[ 2017-03-26T15:57:33+08:00 ] ::1 /3.2.1/index.php/Home/Index/details/shop_id/5
INFO: [ app_init ] --START--
INFO: Run Behavior\BuildLiteBehavior [ RunTime:0.000114s ]
INFO: [ app_init ] --END-- [ RunTime:0.002247s ]

