[ 2017-03-28T07:37:43+08:00 ] ::1 /3.2.1/index.php/Home/Index/register
INFO: [ app_init ] --START--
INFO: Run Behavior\BuildLiteBehavior [ RunTime:0.000148s ]
INFO: [ app_init ] --END-- [ RunTime:0.013827s ]

[ 2017-03-28T07:40:06+08:00 ] ::1 /3.2.1/index.php/Home/Index/register
INFO: [ app_init ] --START--
INFO: Run Behavior\BuildLiteBehavior [ RunTime:0.000116s ]
INFO: [ app_init ] --END-- [ RunTime:0.001642s ]

[ 2017-03-28T07:41:22+08:00 ] ::1 /3.2.1/index.php/Home/Index/register
INFO: [ app_init ] --START--
INFO: Run Behavior\BuildLiteBehavior [ RunTime:0.000176s ]
INFO: [ app_init ] --END-- [ RunTime:0.001650s ]

[ 2017-03-28T07:41:40+08:00 ] ::1 /3.2.1/index.php/Home/Index/register
INFO: [ app_init ] --START--
INFO: Run Behavior\BuildLiteBehavior [ RunTime:0.000158s ]
INFO: [ app_init ] --END-- [ RunTime:0.002648s ]

[ 2017-03-28T07:42:23+08:00 ] ::1 /3.2.1/index.php/Home/Index/register
INFO: [ app_init ] --START--
INFO: Run Behavior\BuildLiteBehavior [ RunTime:0.000154s ]
INFO: [ app_init ] --END-- [ RunTime:0.002362s ]

[ 2017-03-28T07:45:35+08:00 ] ::1 /3.2.1/index.php/Home/Index/register
INFO: [ app_init ] --START--
INFO: Run Behavior\BuildLiteBehavior [ RunTime:0.000146s ]
INFO: [ app_init ] --END-- [ RunTime:0.002230s ]

[ 2017-03-28T07:46:25+08:00 ] ::1 /3.2.1/Home/Index/register
INFO: [ app_init ] --START--
INFO: Run Behavior\BuildLiteBehavior [ RunTime:0.000108s ]
INFO: [ app_init ] --END-- [ RunTime:0.001593s ]

[ 2017-03-28T07:46:36+08:00 ] ::1 /3.2.1/index.php/Home/Index/js/supersized.3.2.7.min.js
INFO: [ app_init ] --START--
INFO: Run Behavior\BuildLiteBehavior [ RunTime:0.000116s ]
INFO: [ app_init ] --END-- [ RunTime:0.002379s ]
ERR: 非法操作:js

[ 2017-03-28T07:46:36+08:00 ] ::1 /3.2.1/index.php/Home/Index/js/common.js
INFO: [ app_init ] --START--
INFO: Run Behavior\BuildLiteBehavior [ RunTime:0.000157s ]
INFO: [ app_init ] --END-- [ RunTime:0.002233s ]
ERR: 非法操作:js

[ 2017-03-28T07:46:36+08:00 ] ::1 /3.2.1/index.php/Home/Index/js/supersized-init.js
INFO: [ app_init ] --START--
INFO: Run Behavior\BuildLiteBehavior [ RunTime:0.000151s ]
INFO: [ app_init ] --END-- [ RunTime:0.002412s ]
ERR: 非法操作:js

[ 2017-03-28T07:46:36+08:00 ] ::1 /3.2.1/index.php/Home/Index/js/jquery.validate.min.js?var1.14.0
INFO: [ app_init ] --START--
INFO: Run Behavior\BuildLiteBehavior [ RunTime:0.000256s ]
INFO: [ app_init ] --END-- [ RunTime:0.004889s ]
ERR: 非法操作:js

[ 2017-03-28T07:46:37+08:00 ] ::1 /3.2.1/index.php/Home/Index/js/jquery.min.js
INFO: [ app_init ] --START--
INFO: Run Behavior\BuildLiteBehavior [ RunTime:0.000129s ]
INFO: [ app_init ] --END-- [ RunTime:0.002128s ]
ERR: 非法操作:js

[ 2017-03-28T07:47:05+08:00 ] ::1 /3.2.1/Home/Index/register
INFO: [ app_init ] --START--
INFO: Run Behavior\BuildLiteBehavior [ RunTime:0.000135s ]
INFO: [ app_init ] --END-- [ RunTime:0.001718s ]

[ 2017-03-28T07:47:09+08:00 ] ::1 /3.2.1/Home/Index/register
INFO: [ app_init ] --START--
INFO: Run Behavior\BuildLiteBehavior [ RunTime:0.000150s ]
INFO: [ app_init ] --END-- [ RunTime:0.002208s ]

[ 2017-03-28T08:07:31+08:00 ] ::1 /3.2.1/Home/Index/register
INFO: [ app_init ] --START--
INFO: Run Behavior\BuildLiteBehavior [ RunTime:0.000106s ]
INFO: [ app_init ] --END-- [ RunTime:0.001558s ]

[ 2017-03-28T08:07:50+08:00 ] ::1 /3.2.1/Home/Index/register
INFO: [ app_init ] --START--
INFO: Run Behavior\BuildLiteBehavior [ RunTime:0.000108s ]
INFO: [ app_init ] --END-- [ RunTime:0.001537s ]

[ 2017-03-28T08:08:33+08:00 ] ::1 /3.2.1/Home/Index/register
INFO: [ app_init ] --START--
INFO: Run Behavior\BuildLiteBehavior [ RunTime:0.000111s ]
INFO: [ app_init ] --END-- [ RunTime:0.001694s ]

[ 2017-03-28T08:12:06+08:00 ] ::1 /3.2.1/index.php/Home/Index/register
INFO: [ app_init ] --START--
INFO: Run Behavior\BuildLiteBehavior [ RunTime:0.000141s ]
INFO: [ app_init ] --END-- [ RunTime:0.002106s ]

[ 2017-03-28T08:12:20+08:00 ] ::1 /3.2.1/Home/Index/register
INFO: [ app_init ] --START--
INFO: Run Behavior\BuildLiteBehavior [ RunTime:0.000110s ]
INFO: [ app_init ] --END-- [ RunTime:0.001729s ]

[ 2017-03-28T08:12:27+08:00 ] ::1 /3.2.1/Home/Index/index.php/Home/Index/checkName
INFO: [ app_init ] --START--
INFO: Run Behavior\BuildLiteBehavior [ RunTime:0.000126s ]
INFO: [ app_init ] --END-- [ RunTime:0.002548s ]
INFO: [ app_begin ] --START--
INFO: Run Behavior\ReadHtmlCacheBehavior [ RunTime:0.003363s ]
INFO: [ app_begin ] --END-- [ RunTime:0.004020s ]
ERR: 非法操作:index.php

[ 2017-03-28T08:12:42+08:00 ] ::1 /3.2.1/Home/Index/index.php/Home/Index/checkName
INFO: [ app_init ] --START--
INFO: Run Behavior\BuildLiteBehavior [ RunTime:0.000163s ]
INFO: [ app_init ] --END-- [ RunTime:0.002366s ]
INFO: [ app_begin ] --START--
INFO: Run Behavior\ReadHtmlCacheBehavior [ RunTime:0.003042s ]
INFO: [ app_begin ] --END-- [ RunTime:0.003698s ]
ERR: 非法操作:index.php

[ 2017-03-28T08:16:03+08:00 ] ::1 /3.2.1/Home/Index/register
INFO: [ app_init ] --START--
INFO: Run Behavior\BuildLiteBehavior [ RunTime:0.000144s ]
INFO: [ app_init ] --END-- [ RunTime:0.002193s ]

[ 2017-03-28T08:17:52+08:00 ] ::1 /3.2.1/Home/Index/register
INFO: [ app_init ] --START--
INFO: Run Behavior\BuildLiteBehavior [ RunTime:0.000257s ]
INFO: [ app_init ] --END-- [ RunTime:0.002461s ]

[ 2017-03-28T08:18:08+08:00 ] ::1 /3.2.1/Home/Index/register
INFO: [ app_init ] --START--
INFO: Run Behavior\BuildLiteBehavior [ RunTime:0.000146s ]
INFO: [ app_init ] --END-- [ RunTime:0.003623s ]

[ 2017-03-28T08:18:38+08:00 ] ::1 /3.2.1/Home/Index/register
INFO: [ app_init ] --START--
INFO: Run Behavior\BuildLiteBehavior [ RunTime:0.000153s ]
INFO: [ app_init ] --END-- [ RunTime:0.002876s ]

[ 2017-03-28T08:19:08+08:00 ] ::1 /3.2.1/Home/Index/register
INFO: [ app_init ] --START--
INFO: Run Behavior\BuildLiteBehavior [ RunTime:0.000152s ]
INFO: [ app_init ] --END-- [ RunTime:0.002449s ]

[ 2017-03-28T08:19:25+08:00 ] ::1 /3.2.1/Home/Index/index.php/Home/Index/checkName
INFO: [ app_init ] --START--
INFO: Run Behavior\BuildLiteBehavior [ RunTime:0.000342s ]
INFO: [ app_init ] --END-- [ RunTime:0.003642s ]
INFO: [ app_begin ] --START--
INFO: Run Behavior\ReadHtmlCacheBehavior [ RunTime:0.004589s ]
INFO: [ app_begin ] --END-- [ RunTime:0.005287s ]
ERR: 非法操作:index.php

[ 2017-03-28T08:19:29+08:00 ] ::1 /3.2.1/Home/Index/index.php/Home/Index/checkName
INFO: [ app_init ] --START--
INFO: Run Behavior\BuildLiteBehavior [ RunTime:0.000146s ]
INFO: [ app_init ] --END-- [ RunTime:0.002377s ]
INFO: [ app_begin ] --START--
INFO: Run Behavior\ReadHtmlCacheBehavior [ RunTime:0.002363s ]
INFO: [ app_begin ] --END-- [ RunTime:0.002882s ]
ERR: 非法操作:index.php

[ 2017-03-28T08:19:45+08:00 ] ::1 /3.2.1/Home/Index/index.php/Home/Index/checkName
INFO: [ app_init ] --START--
INFO: Run Behavior\BuildLiteBehavior [ RunTime:0.000121s ]
INFO: [ app_init ] --END-- [ RunTime:0.002137s ]
INFO: [ app_begin ] --START--
INFO: Run Behavior\ReadHtmlCacheBehavior [ RunTime:0.002781s ]
INFO: [ app_begin ] --END-- [ RunTime:0.003413s ]
ERR: 非法操作:index.php

[ 2017-03-28T08:20:38+08:00 ] ::1 /3.2.1/Home/Index/register
INFO: [ app_init ] --START--
INFO: Run Behavior\BuildLiteBehavior [ RunTime:0.000148s ]
INFO: [ app_init ] --END-- [ RunTime:0.002361s ]

[ 2017-03-28T08:21:00+08:00 ] ::1 /3.2.1/Home/Index/index.php/Home/Index/checkName
INFO: [ app_init ] --START--
INFO: Run Behavior\BuildLiteBehavior [ RunTime:0.000526s ]
INFO: [ app_init ] --END-- [ RunTime:0.002782s ]
INFO: [ app_begin ] --START--
INFO: Run Behavior\ReadHtmlCacheBehavior [ RunTime:0.002916s ]
INFO: [ app_begin ] --END-- [ RunTime:0.003563s ]
ERR: 非法操作:index.php

[ 2017-03-28T08:21:20+08:00 ] ::1 /3.2.1/Home/Index/register
INFO: [ app_init ] --START--
INFO: Run Behavior\BuildLiteBehavior [ RunTime:0.000148s ]
INFO: [ app_init ] --END-- [ RunTime:0.002263s ]

[ 2017-03-28T08:21:37+08:00 ] ::1 /3.2.1/Home/Index/index.php/Home/Index/checkName
INFO: [ app_init ] --START--
INFO: Run Behavior\BuildLiteBehavior [ RunTime:0.000166s ]
INFO: [ app_init ] --END-- [ RunTime:0.002779s ]
INFO: [ app_begin ] --START--
INFO: Run Behavior\ReadHtmlCacheBehavior [ RunTime:0.003548s ]
INFO: [ app_begin ] --END-- [ RunTime:0.004619s ]
ERR: 非法操作:index.php

[ 2017-03-28T08:21:53+08:00 ] ::1 /3.2.1/Home/Index/register
INFO: [ app_init ] --START--
INFO: Run Behavior\BuildLiteBehavior [ RunTime:0.000152s ]
INFO: [ app_init ] --END-- [ RunTime:0.002198s ]

[ 2017-03-28T08:21:53+08:00 ] ::1 /3.2.1/Home/Index/index.php/Home/Index/checkName
INFO: [ app_init ] --START--
INFO: Run Behavior\BuildLiteBehavior [ RunTime:0.000152s ]
INFO: [ app_init ] --END-- [ RunTime:0.002504s ]
INFO: [ app_begin ] --START--
INFO: Run Behavior\ReadHtmlCacheBehavior [ RunTime:0.003011s ]
INFO: [ app_begin ] --END-- [ RunTime:0.003733s ]
ERR: 非法操作:index.php

[ 2017-03-28T08:52:52+08:00 ] ::1 /3.2.1/Home/Index/index.php/Home/Index/checkName
INFO: [ app_init ] --START--
INFO: Run Behavior\BuildLiteBehavior [ RunTime:0.000155s ]
INFO: [ app_init ] --END-- [ RunTime:0.002928s ]
INFO: [ app_begin ] --START--
INFO: Run Behavior\ReadHtmlCacheBehavior [ RunTime:0.002845s ]
INFO: [ app_begin ] --END-- [ RunTime:0.003508s ]
ERR: 非法操作:index.php

[ 2017-03-28T08:53:33+08:00 ] ::1 /3.2.1/Home/Index/index.php/Home/Index/checkName
INFO: [ app_init ] --START--
INFO: Run Behavior\BuildLiteBehavior [ RunTime:0.000141s ]
INFO: [ app_init ] --END-- [ RunTime:0.002069s ]
INFO: [ app_begin ] --START--
INFO: Run Behavior\ReadHtmlCacheBehavior [ RunTime:0.003353s ]
INFO: [ app_begin ] --END-- [ RunTime:0.004860s ]
ERR: 非法操作:index.php

[ 2017-03-28T08:56:19+08:00 ] ::1 /3.2.1/Home/Index/register
INFO: [ app_init ] --START--
INFO: Run Behavior\BuildLiteBehavior [ RunTime:0.000111s ]
INFO: [ app_init ] --END-- [ RunTime:0.001657s ]

[ 2017-03-28T08:56:25+08:00 ] ::1 /3.2.1/Home/Index/index.php/Home/Index/checkName
INFO: [ app_init ] --START--
INFO: Run Behavior\BuildLiteBehavior [ RunTime:0.000148s ]
INFO: [ app_init ] --END-- [ RunTime:0.002294s ]
INFO: [ app_begin ] --START--
INFO: Run Behavior\ReadHtmlCacheBehavior [ RunTime:0.003086s ]
INFO: [ app_begin ] --END-- [ RunTime:0.003851s ]
ERR: 非法操作:index.php

[ 2017-03-28T08:56:36+08:00 ] ::1 /3.2.1/Home/Index/index.php/Home/Index/checkName
INFO: [ app_init ] --START--
INFO: Run Behavior\BuildLiteBehavior [ RunTime:0.000152s ]
INFO: [ app_init ] --END-- [ RunTime:0.004909s ]
INFO: [ app_begin ] --START--
INFO: Run Behavior\ReadHtmlCacheBehavior [ RunTime:0.002887s ]
INFO: [ app_begin ] --END-- [ RunTime:0.003558s ]
ERR: 非法操作:index.php

[ 2017-03-28T08:56:37+08:00 ] ::1 /3.2.1/index.php/Home/Index/register1.html
INFO: [ app_init ] --START--
INFO: Run Behavior\BuildLiteBehavior [ RunTime:0.000153s ]
INFO: [ app_init ] --END-- [ RunTime:0.002981s ]

[ 2017-03-28T08:56:37+08:00 ] ::1 /3.2.1/index.php/Home/Home/index.html
INFO: [ app_init ] --START--
INFO: Run Behavior\BuildLiteBehavior [ RunTime:0.000111s ]
INFO: [ app_init ] --END-- [ RunTime:0.001549s ]
ERR: 无法加载控制器:Home

[ 2017-03-28T08:59:11+08:00 ] ::1 /3.2.1/index.php/Home/Index/register1.html
INFO: [ app_init ] --START--
INFO: Run Behavior\BuildLiteBehavior [ RunTime:0.000543s ]
INFO: [ app_init ] --END-- [ RunTime:0.004880s ]

[ 2017-03-28T08:59:11+08:00 ] ::1 /3.2.1/index.php/Home/Home/index.html
INFO: [ app_init ] --START--
INFO: Run Behavior\BuildLiteBehavior [ RunTime:0.000115s ]
INFO: [ app_init ] --END-- [ RunTime:0.002990s ]
ERR: 无法加载控制器:Home

[ 2017-03-28T08:59:23+08:00 ] ::1 /3.2.1/index.php/Home/Index/index.html
INFO: [ app_init ] --START--
INFO: Run Behavior\BuildLiteBehavior [ RunTime:0.000117s ]
INFO: [ app_init ] --END-- [ RunTime:0.002179s ]

[ 2017-03-28T08:59:23+08:00 ] ::1 /3.2.1/index.php/Home/Index/css/normalize.css
INFO: [ app_init ] --START--
INFO: Run Behavior\BuildLiteBehavior [ RunTime:0.000151s ]
INFO: [ app_init ] --END-- [ RunTime:0.002235s ]
ERR: 非法操作:css

[ 2017-03-28T08:59:23+08:00 ] ::1 /3.2.1/index.php/Home/Index/css/demo.css
INFO: [ app_init ] --START--
INFO: Run Behavior\BuildLiteBehavior [ RunTime:0.000608s ]
INFO: [ app_init ] --END-- [ RunTime:0.003022s ]
ERR: 非法操作:css

[ 2017-03-28T08:59:23+08:00 ] ::1 /3.2.1/index.php/Home/Index/css/styles.css
INFO: [ app_init ] --START--
INFO: Run Behavior\BuildLiteBehavior [ RunTime:0.000115s ]
INFO: [ app_init ] --END-- [ RunTime:0.001691s ]
ERR: 非法操作:css

[ 2017-03-28T08:59:23+08:00 ] ::1 /3.2.1/index.php/Home/Index/dist/aos.css
INFO: [ app_init ] --START--
INFO: Run Behavior\BuildLiteBehavior [ RunTime:0.000219s ]
INFO: [ app_init ] --END-- [ RunTime:0.010167s ]
ERR: 非法操作:dist

[ 2017-03-28T08:59:23+08:00 ] ::1 /3.2.1/index.php/Home/Index/js/jquery.1.7.1.min.js
INFO: [ app_init ] --START--
INFO: Run Behavior\BuildLiteBehavior [ RunTime:0.000114s ]
INFO: [ app_init ] --END-- [ RunTime:0.001587s ]
ERR: 非法操作:js

[ 2017-03-28T08:59:23+08:00 ] ::1 /3.2.1/index.php/Home/Index/dist/aos.js
INFO: [ app_init ] --START--
INFO: Run Behavior\BuildLiteBehavior [ RunTime:0.000151s ]
INFO: [ app_init ] --END-- [ RunTime:0.002235s ]
ERR: 非法操作:dist

[ 2017-03-28T08:59:23+08:00 ] ::1 /3.2.1/index.php/Home/Index/dist/aos.js
INFO: [ app_init ] --START--
INFO: Run Behavior\BuildLiteBehavior [ RunTime:0.000159s ]
INFO: [ app_init ] --END-- [ RunTime:0.002402s ]
ERR: 非法操作:dist

[ 2017-03-28T09:01:01+08:00 ] ::1 /3.2.1/index.php/Home/Index/index.html
INFO: [ app_init ] --START--
INFO: Run Behavior\BuildLiteBehavior [ RunTime:0.000107s ]
INFO: [ app_init ] --END-- [ RunTime:0.001592s ]

[ 2017-03-28T09:01:08+08:00 ] ::1 /3.2.1/index.php/Home/Index/home.html
INFO: [ app_init ] --START--
INFO: Run Behavior\BuildLiteBehavior [ RunTime:0.000157s ]
INFO: [ app_init ] --END-- [ RunTime:0.008457s ]

[ 2017-03-28T09:01:10+08:00 ] ::1 /3.2.1/index.php/Home/Index/ajaxchuli
INFO: [ app_init ] --START--
INFO: Run Behavior\BuildLiteBehavior [ RunTime:0.000114s ]
INFO: [ app_init ] --END-- [ RunTime:0.001986s ]
INFO: [ app_begin ] --START--
INFO: Run Behavior\ReadHtmlCacheBehavior [ RunTime:0.002813s ]
INFO: [ app_begin ] --END-- [ RunTime:0.003356s ]
ERR: 非法操作:ajaxchuli

[ 2017-03-28T09:01:27+08:00 ] ::1 /3.2.1/index.php/Home/Index/register
INFO: [ app_init ] --START--
INFO: Run Behavior\BuildLiteBehavior [ RunTime:0.000119s ]
INFO: [ app_init ] --END-- [ RunTime:0.002121s ]

[ 2017-03-28T09:08:57+08:00 ] ::1 /3.2.1/index.php/Home/Index/register
INFO: [ app_init ] --START--
INFO: Run Behavior\BuildLiteBehavior [ RunTime:0.000108s ]
INFO: [ app_init ] --END-- [ RunTime:0.001456s ]

[ 2017-03-28T09:09:59+08:00 ] ::1 /3.2.1/index.php/Home/Index/index.php/Home/Index/checkName
INFO: [ app_init ] --START--
INFO: Run Behavior\BuildLiteBehavior [ RunTime:0.000151s ]
INFO: [ app_init ] --END-- [ RunTime:0.002284s ]
INFO: [ app_begin ] --START--
INFO: Run Behavior\ReadHtmlCacheBehavior [ RunTime:0.002778s ]
INFO: [ app_begin ] --END-- [ RunTime:0.003412s ]
ERR: 非法操作:index.php

[ 2017-03-28T09:21:59+08:00 ] ::1 /3.2.1/index.php/Home/Index/register
INFO: [ app_init ] --START--
INFO: Run Behavior\BuildLiteBehavior [ RunTime:0.000142s ]
INFO: [ app_init ] --END-- [ RunTime:0.002568s ]

[ 2017-03-28T09:22:05+08:00 ] ::1 /3.2.1/index.php/Home/Index/index.php/Home/Index/checkName
INFO: [ app_init ] --START--
INFO: Run Behavior\BuildLiteBehavior [ RunTime:0.000145s ]
INFO: [ app_init ] --END-- [ RunTime:0.002264s ]
INFO: [ app_begin ] --START--
INFO: Run Behavior\ReadHtmlCacheBehavior [ RunTime:0.002939s ]
INFO: [ app_begin ] --END-- [ RunTime:0.003583s ]
ERR: 非法操作:index.php

[ 2017-03-28T09:22:17+08:00 ] ::1 /3.2.1/index.php/Home/Index/index.php/Home/Index/checkName
INFO: [ app_init ] --START--
INFO: Run Behavior\BuildLiteBehavior [ RunTime:0.000147s ]
INFO: [ app_init ] --END-- [ RunTime:0.002659s ]
INFO: [ app_begin ] --START--
INFO: Run Behavior\ReadHtmlCacheBehavior [ RunTime:0.003003s ]
INFO: [ app_begin ] --END-- [ RunTime:0.003670s ]
ERR: 非法操作:index.php

[ 2017-03-28T09:31:46+08:00 ] ::1 /3.2.1/index.php/Home/Index/register
INFO: [ app_init ] --START--
INFO: Run Behavior\BuildLiteBehavior [ RunTime:0.000139s ]
INFO: [ app_init ] --END-- [ RunTime:0.002104s ]

[ 2017-03-28T09:31:46+08:00 ] ::1 /3.2.1/index.php/Home/Index/index.php/Home/Index/checkName
INFO: [ app_init ] --START--
INFO: Run Behavior\BuildLiteBehavior [ RunTime:0.000155s ]
INFO: [ app_init ] --END-- [ RunTime:0.003246s ]
INFO: [ app_begin ] --START--
INFO: Run Behavior\ReadHtmlCacheBehavior [ RunTime:0.003584s ]
INFO: [ app_begin ] --END-- [ RunTime:0.004622s ]
ERR: 非法操作:index.php

[ 2017-03-28T09:31:52+08:00 ] ::1 /3.2.1/index.php/Home/Index/index.php/Home/Index/checkName
INFO: [ app_init ] --START--
INFO: Run Behavior\BuildLiteBehavior [ RunTime:0.000156s ]
INFO: [ app_init ] --END-- [ RunTime:0.002970s ]
INFO: [ app_begin ] --START--
INFO: Run Behavior\ReadHtmlCacheBehavior [ RunTime:0.003353s ]
INFO: [ app_begin ] --END-- [ RunTime:0.004072s ]
ERR: 非法操作:index.php

[ 2017-03-28T09:31:58+08:00 ] ::1 /3.2.1/index.php/Home/Index/index.php/Home/Index/checkName
INFO: [ app_init ] --START--
INFO: Run Behavior\BuildLiteBehavior [ RunTime:0.000138s ]
INFO: [ app_init ] --END-- [ RunTime:0.001613s ]
INFO: [ app_begin ] --START--
INFO: Run Behavior\ReadHtmlCacheBehavior [ RunTime:0.002885s ]
INFO: [ app_begin ] --END-- [ RunTime:0.003604s ]
ERR: 非法操作:index.php

[ 2017-03-28T09:32:47+08:00 ] ::1 /3.2.1/index.php/Home/Index/register
INFO: [ app_init ] --START--
INFO: Run Behavior\BuildLiteBehavior [ RunTime:0.000142s ]
INFO: [ app_init ] --END-- [ RunTime:0.002260s ]

[ 2017-03-28T09:32:51+08:00 ] ::1 /3.2.1/index.php/Home/Index/index.php/Home/Index/checkName
INFO: [ app_init ] --START--
INFO: Run Behavior\BuildLiteBehavior [ RunTime:0.000155s ]
INFO: [ app_init ] --END-- [ RunTime:0.003265s ]
INFO: [ app_begin ] --START--
INFO: Run Behavior\ReadHtmlCacheBehavior [ RunTime:0.003667s ]
INFO: [ app_begin ] --END-- [ RunTime:0.004388s ]
ERR: 非法操作:index.php

[ 2017-03-28T09:33:04+08:00 ] ::1 /3.2.1/index.php/Home/Index/index.php/Home/Index/checkName
INFO: [ app_init ] --START--
INFO: Run Behavior\BuildLiteBehavior [ RunTime:0.000131s ]
INFO: [ app_init ] --END-- [ RunTime:0.004589s ]
INFO: [ app_begin ] --START--
INFO: Run Behavior\ReadHtmlCacheBehavior [ RunTime:0.002023s ]
INFO: [ app_begin ] --END-- [ RunTime:0.002508s ]
ERR: 非法操作:index.php

[ 2017-03-28T09:33:04+08:00 ] ::1 /3.2.1/index.php/Home/Index/register1.html
INFO: [ app_init ] --START--
INFO: Run Behavior\BuildLiteBehavior [ RunTime:0.000150s ]
INFO: [ app_init ] --END-- [ RunTime:0.002542s ]

[ 2017-03-28T09:33:05+08:00 ] ::1 /3.2.1/index.php/Home/Index/index.html
INFO: [ app_init ] --START--
INFO: Run Behavior\BuildLiteBehavior [ RunTime:0.000126s ]
INFO: [ app_init ] --END-- [ RunTime:0.001890s ]

[ 2017-03-28T09:37:33+08:00 ] ::1 /3.2.1/index.php/Home/Index/index.php/Home/Index/checkName
INFO: [ app_init ] --START--
INFO: Run Behavior\BuildLiteBehavior [ RunTime:0.000122s ]
INFO: [ app_init ] --END-- [ RunTime:0.002156s ]
INFO: [ app_begin ] --START--
INFO: Run Behavior\ReadHtmlCacheBehavior [ RunTime:0.006008s ]
INFO: [ app_begin ] --END-- [ RunTime:0.006679s ]
ERR: 非法操作:index.php

[ 2017-03-28T21:29:02+08:00 ] ::1 /3.2.1/Home/Index/register
INFO: [ app_init ] --START--
INFO: Run Behavior\BuildLiteBehavior [ RunTime:0.000117s ]
INFO: [ app_init ] --END-- [ RunTime:0.002464s ]

[ 2017-03-28T21:29:56+08:00 ] ::1 /3.2.1/Home/Index/register
INFO: [ app_init ] --START--
INFO: Run Behavior\BuildLiteBehavior [ RunTime:0.000106s ]
INFO: [ app_init ] --END-- [ RunTime:0.001955s ]

[ 2017-03-28T21:30:03+08:00 ] ::1 /3.2.1/Home/Index/index.php/Home/Index/checkName
INFO: [ app_init ] --START--
INFO: Run Behavior\BuildLiteBehavior [ RunTime:0.000149s ]
INFO: [ app_init ] --END-- [ RunTime:0.003325s ]
INFO: [ app_begin ] --START--
INFO: Run Behavior\ReadHtmlCacheBehavior [ RunTime:0.003955s ]
INFO: [ app_begin ] --END-- [ RunTime:0.004755s ]
ERR: 非法操作:index.php

[ 2017-03-28T21:30:14+08:00 ] ::1 /3.2.1/Home/Index/index.php/Home/Index/checkName
INFO: [ app_init ] --START--
INFO: Run Behavior\BuildLiteBehavior [ RunTime:0.000145s ]
INFO: [ app_init ] --END-- [ RunTime:0.002881s ]
INFO: [ app_begin ] --START--
INFO: Run Behavior\ReadHtmlCacheBehavior [ RunTime:0.003680s ]
INFO: [ app_begin ] --END-- [ RunTime:0.004315s ]
ERR: 非法操作:index.php

[ 2017-03-28T21:31:33+08:00 ] ::1 /3.2.1/Home/Index/register
INFO: [ app_init ] --START--
INFO: Run Behavior\BuildLiteBehavior [ RunTime:0.000117s ]
INFO: [ app_init ] --END-- [ RunTime:0.002546s ]

[ 2017-03-28T21:31:37+08:00 ] ::1 /3.2.1/Home/Index/index.php/Home/Index/checkName
INFO: [ app_init ] --START--
INFO: Run Behavior\BuildLiteBehavior [ RunTime:0.000147s ]
INFO: [ app_init ] --END-- [ RunTime:0.002889s ]
INFO: [ app_begin ] --START--
INFO: Run Behavior\ReadHtmlCacheBehavior [ RunTime:0.004310s ]
INFO: [ app_begin ] --END-- [ RunTime:0.005093s ]
ERR: 非法操作:index.php

[ 2017-03-28T21:31:45+08:00 ] ::1 /3.2.1/Home/Index/index.php/Home/Index/checkName
INFO: [ app_init ] --START--
INFO: Run Behavior\BuildLiteBehavior [ RunTime:0.000125s ]
INFO: [ app_init ] --END-- [ RunTime:0.002608s ]
INFO: [ app_begin ] --START--
INFO: Run Behavior\ReadHtmlCacheBehavior [ RunTime:0.004628s ]
INFO: [ app_begin ] --END-- [ RunTime:0.005689s ]
ERR: 非法操作:index.php

[ 2017-03-28T21:34:46+08:00 ] ::1 /3.2.1/Home/Index/register
INFO: [ app_init ] --START--
INFO: Run Behavior\BuildLiteBehavior [ RunTime:0.000108s ]
INFO: [ app_init ] --END-- [ RunTime:0.001903s ]

[ 2017-03-28T21:34:51+08:00 ] ::1 /3.2.1/Home/Index/index.php/Home/Index/checkName
INFO: [ app_init ] --START--
INFO: Run Behavior\BuildLiteBehavior [ RunTime:0.000146s ]
INFO: [ app_init ] --END-- [ RunTime:0.002962s ]
INFO: [ app_begin ] --START--
INFO: Run Behavior\ReadHtmlCacheBehavior [ RunTime:0.003199s ]
INFO: [ app_begin ] --END-- [ RunTime:0.003842s ]
ERR: 非法操作:index.php

[ 2017-03-28T21:34:57+08:00 ] ::1 /3.2.1/Home/Index/index.php/Home/Index/checkName
INFO: [ app_init ] --START--
INFO: Run Behavior\BuildLiteBehavior [ RunTime:0.000148s ]
INFO: [ app_init ] --END-- [ RunTime:0.003046s ]
INFO: [ app_begin ] --START--
INFO: Run Behavior\ReadHtmlCacheBehavior [ RunTime:0.003507s ]
INFO: [ app_begin ] --END-- [ RunTime:0.004572s ]
ERR: 非法操作:index.php

[ 2017-03-28T21:35:35+08:00 ] ::1 /3.2.1/Home/Index/register
INFO: [ app_init ] --START--
INFO: Run Behavior\BuildLiteBehavior [ RunTime:0.000113s ]
INFO: [ app_init ] --END-- [ RunTime:0.002062s ]

[ 2017-03-28T21:35:35+08:00 ] ::1 /3.2.1/Home/Index/index.php/Home/Index/checkName
INFO: [ app_init ] --START--
INFO: Run Behavior\BuildLiteBehavior [ RunTime:0.000148s ]
INFO: [ app_init ] --END-- [ RunTime:0.002629s ]
INFO: [ app_begin ] --START--
INFO: Run Behavior\ReadHtmlCacheBehavior [ RunTime:0.003807s ]
INFO: [ app_begin ] --END-- [ RunTime:0.004471s ]
ERR: 非法操作:index.php

[ 2017-03-28T21:35:44+08:00 ] ::1 /3.2.1/Home/Index/index.php/Home/Index/checkName
INFO: [ app_init ] --START--
INFO: Run Behavior\BuildLiteBehavior [ RunTime:0.000124s ]
INFO: [ app_init ] --END-- [ RunTime:0.002607s ]
INFO: [ app_begin ] --START--
INFO: Run Behavior\ReadHtmlCacheBehavior [ RunTime:0.002929s ]
INFO: [ app_begin ] --END-- [ RunTime:0.003443s ]
ERR: 非法操作:index.php

[ 2017-03-28T21:36:08+08:00 ] ::1 /3.2.1/Home/Index/index.php/Home/Index/checkName
INFO: [ app_init ] --START--
INFO: Run Behavior\BuildLiteBehavior [ RunTime:0.000151s ]
INFO: [ app_init ] --END-- [ RunTime:0.002890s ]
INFO: [ app_begin ] --START--
INFO: Run Behavior\ReadHtmlCacheBehavior [ RunTime:0.004632s ]
INFO: [ app_begin ] --END-- [ RunTime:0.005429s ]
ERR: 非法操作:index.php

[ 2017-03-28T21:36:11+08:00 ] ::1 /3.2.1/Home/Index/index.php/Home/Index/checkName
INFO: [ app_init ] --START--
INFO: Run Behavior\BuildLiteBehavior [ RunTime:0.000152s ]
INFO: [ app_init ] --END-- [ RunTime:0.003034s ]
INFO: [ app_begin ] --START--
INFO: Run Behavior\ReadHtmlCacheBehavior [ RunTime:0.003195s ]
INFO: [ app_begin ] --END-- [ RunTime:0.003862s ]
ERR: 非法操作:index.php

[ 2017-03-28T21:36:20+08:00 ] ::1 /3.2.1/Home/Index/register
INFO: [ app_init ] --START--
INFO: Run Behavior\BuildLiteBehavior [ RunTime:0.000113s ]
INFO: [ app_init ] --END-- [ RunTime:0.002218s ]

[ 2017-03-28T21:36:31+08:00 ] ::1 /3.2.1/Home/Index/index.php/Home/Index/checkName
INFO: [ app_init ] --START--
INFO: Run Behavior\BuildLiteBehavior [ RunTime:0.000150s ]
INFO: [ app_init ] --END-- [ RunTime:0.003069s ]
INFO: [ app_begin ] --START--
INFO: Run Behavior\ReadHtmlCacheBehavior [ RunTime:0.004014s ]
INFO: [ app_begin ] --END-- [ RunTime:0.004893s ]
ERR: 非法操作:index.php

[ 2017-03-28T21:36:45+08:00 ] ::1 /3.2.1/Home/Index/index.php/Home/Index/checkName
INFO: [ app_init ] --START--
INFO: Run Behavior\BuildLiteBehavior [ RunTime:0.000145s ]
INFO: [ app_init ] --END-- [ RunTime:0.002897s ]
INFO: [ app_begin ] --START--
INFO: Run Behavior\ReadHtmlCacheBehavior [ RunTime:0.003867s ]
INFO: [ app_begin ] --END-- [ RunTime:0.005197s ]
ERR: 非法操作:index.php

[ 2017-03-28T21:41:35+08:00 ] ::1 /3.2.1/Home/Index/register
INFO: [ app_init ] --START--
INFO: Run Behavior\BuildLiteBehavior [ RunTime:0.000146s ]
INFO: [ app_init ] --END-- [ RunTime:0.002925s ]

[ 2017-03-28T21:42:33+08:00 ] ::1 /3.2.1/Home/Index/register
INFO: [ app_init ] --START--
INFO: Run Behavior\BuildLiteBehavior [ RunTime:0.000154s ]
INFO: [ app_init ] --END-- [ RunTime:0.002495s ]

[ 2017-03-28T21:42:38+08:00 ] ::1 /3.2.1/Home/Index/index.php/Home/Index/checkName
INFO: [ app_init ] --START--
INFO: Run Behavior\BuildLiteBehavior [ RunTime:0.000432s ]
INFO: [ app_init ] --END-- [ RunTime:0.005199s ]
INFO: [ app_begin ] --START--
INFO: Run Behavior\ReadHtmlCacheBehavior [ RunTime:0.004935s ]
INFO: [ app_begin ] --END-- [ RunTime:0.005584s ]
ERR: 非法操作:index.php

[ 2017-03-28T21:44:38+08:00 ] ::1 /3.2.1/Home/Index/index.php/Home/Index/checkName
INFO: [ app_init ] --START--
INFO: Run Behavior\BuildLiteBehavior [ RunTime:0.000146s ]
INFO: [ app_init ] --END-- [ RunTime:0.002860s ]
INFO: [ app_begin ] --START--
INFO: Run Behavior\ReadHtmlCacheBehavior [ RunTime:0.004568s ]
INFO: [ app_begin ] --END-- [ RunTime:0.005225s ]
ERR: 非法操作:index.php

[ 2017-03-28T21:44:43+08:00 ] ::1 /3.2.1/Home/Index/index.php/Home/Index/checkName
INFO: [ app_init ] --START--
INFO: Run Behavior\BuildLiteBehavior [ RunTime:0.000152s ]
INFO: [ app_init ] --END-- [ RunTime:0.003204s ]
INFO: [ app_begin ] --START--
INFO: Run Behavior\ReadHtmlCacheBehavior [ RunTime:0.003876s ]
INFO: [ app_begin ] --END-- [ RunTime:0.004807s ]
ERR: 非法操作:index.php

[ 2017-03-28T21:46:33+08:00 ] ::1 /3.2.1/Home/Index/register
INFO: [ app_init ] --START--
INFO: Run Behavior\BuildLiteBehavior [ RunTime:0.000147s ]
INFO: [ app_init ] --END-- [ RunTime:0.002675s ]

[ 2017-03-28T21:46:38+08:00 ] ::1 /3.2.1/Home/Index/index.php/Home/Index/checkName
INFO: [ app_init ] --START--
INFO: Run Behavior\BuildLiteBehavior [ RunTime:0.000248s ]
INFO: [ app_init ] --END-- [ RunTime:0.003400s ]
INFO: [ app_begin ] --START--
INFO: Run Behavior\ReadHtmlCacheBehavior [ RunTime:0.004543s ]
INFO: [ app_begin ] --END-- [ RunTime:0.005346s ]
ERR: 非法操作:index.php

[ 2017-03-28T21:46:49+08:00 ] ::1 /3.2.1/Home/Index/index.php/Home/Index/checkName
INFO: [ app_init ] --START--
INFO: Run Behavior\BuildLiteBehavior [ RunTime:0.000158s ]
INFO: [ app_init ] --END-- [ RunTime:0.003537s ]
INFO: [ app_begin ] --START--
INFO: Run Behavior\ReadHtmlCacheBehavior [ RunTime:0.003843s ]
INFO: [ app_begin ] --END-- [ RunTime:0.004871s ]
ERR: 非法操作:index.php

[ 2017-03-28T21:48:40+08:00 ] ::1 /3.2.1/Home/Index/register
INFO: [ app_init ] --START--
INFO: Run Behavior\BuildLiteBehavior [ RunTime:0.000149s ]
INFO: [ app_init ] --END-- [ RunTime:0.002975s ]

[ 2017-03-28T21:48:46+08:00 ] ::1 /3.2.1/Home/Index/checkName
INFO: [ app_init ] --START--
INFO: Run Behavior\BuildLiteBehavior [ RunTime:0.000245s ]
INFO: [ app_init ] --END-- [ RunTime:0.004609s ]
INFO: [ app_begin ] --START--
INFO: Run Behavior\ReadHtmlCacheBehavior [ RunTime:0.003777s ]
INFO: [ app_begin ] --END-- [ RunTime:0.004603s ]
NOTIC: [8] Undefined index: user_id F:\Wamp\Wamp_3.0.6\installtion\wamp64\www\3.2.1\Application\Home\Model\UserModel.class.php 第 23 行.
NOTIC: [8] Use of undefined constant fales - assumed 'fales' F:\Wamp\Wamp_3.0.6\installtion\wamp64\www\3.2.1\Application\Home\Model\UserModel.class.php 第 26 行.

[ 2017-03-28T21:49:09+08:00 ] ::1 /3.2.1/Home/Index/register
INFO: [ app_init ] --START--
INFO: Run Behavior\BuildLiteBehavior [ RunTime:0.000147s ]
INFO: [ app_init ] --END-- [ RunTime:0.002797s ]

[ 2017-03-28T21:49:14+08:00 ] ::1 /3.2.1/Home/Index/index.php/Home/Index/checkName
INFO: [ app_init ] --START--
INFO: Run Behavior\BuildLiteBehavior [ RunTime:0.000147s ]
INFO: [ app_init ] --END-- [ RunTime:0.002905s ]
INFO: [ app_begin ] --START--
INFO: Run Behavior\ReadHtmlCacheBehavior [ RunTime:0.004238s ]
INFO: [ app_begin ] --END-- [ RunTime:0.005016s ]
ERR: 非法操作:index.php

[ 2017-03-28T21:51:26+08:00 ] ::1 /3.2.1/Home/Index/register
INFO: [ app_init ] --START--
INFO: Run Behavior\BuildLiteBehavior [ RunTime:0.000546s ]
INFO: [ app_init ] --END-- [ RunTime:0.003371s ]

[ 2017-03-28T21:51:33+08:00 ] ::1 /3.2.1/Home/Index/checkName
INFO: [ app_init ] --START--
INFO: Run Behavior\BuildLiteBehavior [ RunTime:0.000159s ]
INFO: [ app_init ] --END-- [ RunTime:0.003897s ]
INFO: [ app_begin ] --START--
INFO: Run Behavior\ReadHtmlCacheBehavior [ RunTime:0.003641s ]
INFO: [ app_begin ] --END-- [ RunTime:0.004309s ]
NOTIC: [8] Undefined index: user_id F:\Wamp\Wamp_3.0.6\installtion\wamp64\www\3.2.1\Application\Home\Model\UserModel.class.php 第 23 行.
NOTIC: [8] Use of undefined constant fales - assumed 'fales' F:\Wamp\Wamp_3.0.6\installtion\wamp64\www\3.2.1\Application\Home\Model\UserModel.class.php 第 26 行.
NOTIC: [2] in_array() expects parameter 2 to be array, boolean given F:\Wamp\Wamp_3.0.6\installtion\wamp64\www\3.2.1\ThinkPHP\Library\Think\Model.class.php 第 934 行.

[ 2017-03-28T21:53:00+08:00 ] ::1 /3.2.1/Home/Index/register
INFO: [ app_init ] --START--
INFO: Run Behavior\BuildLiteBehavior [ RunTime:0.000113s ]
INFO: [ app_init ] --END-- [ RunTime:0.002246s ]

[ 2017-03-28T21:53:05+08:00 ] ::1 /3.2.1/Home/Index/checkName
INFO: [ app_init ] --START--
INFO: Run Behavior\BuildLiteBehavior [ RunTime:0.000155s ]
INFO: [ app_init ] --END-- [ RunTime:0.003529s ]
INFO: [ app_begin ] --START--
INFO: Run Behavior\ReadHtmlCacheBehavior [ RunTime:0.003399s ]
INFO: [ app_begin ] --END-- [ RunTime:0.004049s ]
NOTIC: [8] Undefined index: user_id F:\Wamp\Wamp_3.0.6\installtion\wamp64\www\3.2.1\Application\Home\Model\UserModel.class.php 第 23 行.
NOTIC: [8] Use of undefined constant fales - assumed 'fales' F:\Wamp\Wamp_3.0.6\installtion\wamp64\www\3.2.1\Application\Home\Model\UserModel.class.php 第 26 行.
NOTIC: [2] in_array() expects parameter 2 to be array, boolean given F:\Wamp\Wamp_3.0.6\installtion\wamp64\www\3.2.1\ThinkPHP\Library\Think\Model.class.php 第 934 行.

[ 2017-03-28T21:53:18+08:00 ] ::1 /3.2.1/Home/Index/register
INFO: [ app_init ] --START--
INFO: Run Behavior\BuildLiteBehavior [ RunTime:0.000117s ]
INFO: [ app_init ] --END-- [ RunTime:0.002061s ]

[ 2017-03-28T21:53:21+08:00 ] ::1 /3.2.1/Home/Index/checkName
INFO: [ app_init ] --START--
INFO: Run Behavior\BuildLiteBehavior [ RunTime:0.000261s ]
INFO: [ app_init ] --END-- [ RunTime:0.005946s ]
INFO: [ app_begin ] --START--
INFO: Run Behavior\ReadHtmlCacheBehavior [ RunTime:0.003506s ]
INFO: [ app_begin ] --END-- [ RunTime:0.004219s ]
SQL: SHOW COLUMNS FROM `user` [ RunTime:0.002726s ]
INFO: [ app_end ] --START--
INFO: Run Behavior\ShowPageTraceBehavior [ RunTime:0.003504s ]
INFO: [ app_end ] --END-- [ RunTime:0.004111s ]

[ 2017-03-28T21:53:44+08:00 ] ::1 /3.2.1/Home/Index/checkName
INFO: [ app_init ] --START--
INFO: Run Behavior\BuildLiteBehavior [ RunTime:0.000154s ]
INFO: [ app_init ] --END-- [ RunTime:0.002733s ]
INFO: [ app_begin ] --START--
INFO: Run Behavior\ReadHtmlCacheBehavior [ RunTime:0.003881s ]
INFO: [ app_begin ] --END-- [ RunTime:0.004532s ]
SQL: SHOW COLUMNS FROM `user` [ RunTime:0.002207s ]

[ 2017-03-28T21:54:20+08:00 ] ::1 /3.2.1/Home/Index/checkName
INFO: [ app_init ] --START--
INFO: Run Behavior\BuildLiteBehavior [ RunTime:0.000520s ]
INFO: [ app_init ] --END-- [ RunTime:0.003126s ]
INFO: [ app_begin ] --START--
INFO: Run Behavior\ReadHtmlCacheBehavior [ RunTime:0.003545s ]
INFO: [ app_begin ] --END-- [ RunTime:0.004234s ]
SQL: SHOW COLUMNS FROM `user` [ RunTime:0.002604s ]
INFO: [ app_end ] --START--
INFO: Run Behavior\ShowPageTraceBehavior [ RunTime:0.003745s ]
INFO: [ app_end ] --END-- [ RunTime:0.004399s ]

[ 2017-03-28T21:54:31+08:00 ] ::1 /3.2.1/Home/Index/checkName
INFO: [ app_init ] --START--
INFO: Run Behavior\BuildLiteBehavior [ RunTime:0.000117s ]
INFO: [ app_init ] --END-- [ RunTime:0.002531s ]
INFO: [ app_begin ] --START--
INFO: Run Behavior\ReadHtmlCacheBehavior [ RunTime:0.003157s ]
INFO: [ app_begin ] --END-- [ RunTime:0.003739s ]
SQL: SHOW COLUMNS FROM `user` [ RunTime:0.002473s ]

[ 2017-03-28T21:58:00+08:00 ] ::1 /3.2.1/Home/Index/register
INFO: [ app_init ] --START--
INFO: Run Behavior\BuildLiteBehavior [ RunTime:0.000133s ]
INFO: [ app_init ] --END-- [ RunTime:0.002913s ]

[ 2017-03-28T21:58:15+08:00 ] ::1 /3.2.1/Home/Index/register
INFO: [ app_init ] --START--
INFO: Run Behavior\BuildLiteBehavior [ RunTime:0.000111s ]
INFO: [ app_init ] --END-- [ RunTime:0.001773s ]

[ 2017-03-28T21:58:19+08:00 ] ::1 /3.2.1/Home/Index/checkName
INFO: [ app_init ] --START--
INFO: Run Behavior\BuildLiteBehavior [ RunTime:0.000342s ]
INFO: [ app_init ] --END-- [ RunTime:0.003719s ]
INFO: [ app_begin ] --START--
INFO: Run Behavior\ReadHtmlCacheBehavior [ RunTime:0.003580s ]
INFO: [ app_begin ] --END-- [ RunTime:0.004267s ]
SQL: SHOW COLUMNS FROM `login` [ RunTime:0.002456s ]
ERR: 1146:Table 'mifood.login' doesn't exist
 [ SQL语句 ] : SHOW COLUMNS FROM `login`
SQL: SHOW COLUMNS FROM `user` [ RunTime:0.002399s ]
SQL: SELECT * FROM `user` WHERE `state` = 0 AND `user_name` = '123'  [ RunTime:0.001718s ]

[ 2017-03-28T21:58:43+08:00 ] ::1 /3.2.1/Home/Index/register
INFO: [ app_init ] --START--
INFO: Run Behavior\BuildLiteBehavior [ RunTime:0.000113s ]
INFO: [ app_init ] --END-- [ RunTime:0.002040s ]

[ 2017-03-28T21:58:47+08:00 ] ::1 /3.2.1/Home/Index/checkName
INFO: [ app_init ] --START--
INFO: Run Behavior\BuildLiteBehavior [ RunTime:0.000153s ]
INFO: [ app_init ] --END-- [ RunTime:0.002936s ]
INFO: [ app_begin ] --START--
INFO: Run Behavior\ReadHtmlCacheBehavior [ RunTime:0.003419s ]
INFO: [ app_begin ] --END-- [ RunTime:0.004412s ]
SQL: SHOW COLUMNS FROM `login` [ RunTime:0.002377s ]
ERR: 1146:Table 'mifood.login' doesn't exist
 [ SQL语句 ] : SHOW COLUMNS FROM `login`
SQL: SHOW COLUMNS FROM `user` [ RunTime:0.002464s ]
SQL: SELECT * FROM `user` WHERE `state` = 0 AND `user_name` = '123'  [ RunTime:0.001409s ]

[ 2017-03-28T21:59:32+08:00 ] ::1 /3.2.1/Home/Index/register
INFO: [ app_init ] --START--
INFO: Run Behavior\BuildLiteBehavior [ RunTime:0.000117s ]
INFO: [ app_init ] --END-- [ RunTime:0.002286s ]

[ 2017-03-28T21:59:37+08:00 ] ::1 /3.2.1/Home/Index/checkName
INFO: [ app_init ] --START--
INFO: Run Behavior\BuildLiteBehavior [ RunTime:0.000157s ]
INFO: [ app_init ] --END-- [ RunTime:0.004013s ]
INFO: [ app_begin ] --START--
INFO: Run Behavior\ReadHtmlCacheBehavior [ RunTime:0.003657s ]
INFO: [ app_begin ] --END-- [ RunTime:0.004475s ]
SQL: SHOW COLUMNS FROM `login` [ RunTime:0.001604s ]
ERR: 1146:Table 'mifood.login' doesn't exist
 [ SQL语句 ] : SHOW COLUMNS FROM `login`
SQL: SHOW COLUMNS FROM `user` [ RunTime:0.002008s ]
SQL: SELECT * FROM `user` WHERE `state` = 0 AND `user_name` = '123'  [ RunTime:0.001713s ]

[ 2017-03-28T22:00:41+08:00 ] ::1 /3.2.1/Home/Index/register
INFO: [ app_init ] --START--
INFO: Run Behavior\BuildLiteBehavior [ RunTime:0.000156s ]
INFO: [ app_init ] --END-- [ RunTime:0.002937s ]

[ 2017-03-28T22:00:45+08:00 ] ::1 /3.2.1/Home/Index/checkName
INFO: [ app_init ] --START--
INFO: Run Behavior\BuildLiteBehavior [ RunTime:0.000144s ]
INFO: [ app_init ] --END-- [ RunTime:0.002691s ]
INFO: [ app_begin ] --START--
INFO: Run Behavior\ReadHtmlCacheBehavior [ RunTime:0.004118s ]
INFO: [ app_begin ] --END-- [ RunTime:0.004841s ]
NOTIC: [8] Undefined index: user_id F:\Wamp\Wamp_3.0.6\installtion\wamp64\www\3.2.1\Application\Home\Model\UserModel.class.php 第 23 行.
NOTIC: [8] Use of undefined constant fales - assumed 'fales' F:\Wamp\Wamp_3.0.6\installtion\wamp64\www\3.2.1\Application\Home\Model\UserModel.class.php 第 26 行.
NOTIC: [2] in_array() expects parameter 2 to be array, boolean given F:\Wamp\Wamp_3.0.6\installtion\wamp64\www\3.2.1\ThinkPHP\Library\Think\Model.class.php 第 934 行.

[ 2017-03-28T22:01:05+08:00 ] ::1 /3.2.1/Home/Index/checkName
INFO: [ app_init ] --START--
INFO: Run Behavior\BuildLiteBehavior [ RunTime:0.000151s ]
INFO: [ app_init ] --END-- [ RunTime:0.003700s ]
INFO: [ app_begin ] --START--
INFO: Run Behavior\ReadHtmlCacheBehavior [ RunTime:0.003965s ]
INFO: [ app_begin ] --END-- [ RunTime:0.005011s ]
SQL: SHOW COLUMNS FROM `login` [ RunTime:0.002212s ]
ERR: 1146:Table 'mifood.login' doesn't exist
 [ SQL语句 ] : SHOW COLUMNS FROM `login`
SQL: SELECT * FROM `login` WHERE `username` = '123' LIMIT 1   [ RunTime:0.001558s ]
ERR: 1146:Table 'mifood.login' doesn't exist
 [ SQL语句 ] : SELECT * FROM `login` WHERE `username` = '123' LIMIT 1  
NOTIC: [2] in_array() expects parameter 2 to be array, boolean given F:\Wamp\Wamp_3.0.6\installtion\wamp64\www\3.2.1\ThinkPHP\Library\Think\Model.class.php 第 934 行.

[ 2017-03-28T22:02:20+08:00 ] ::1 /3.2.1/Home/Index/register
INFO: [ app_init ] --START--
INFO: Run Behavior\BuildLiteBehavior [ RunTime:0.000139s ]
INFO: [ app_init ] --END-- [ RunTime:0.002416s ]

[ 2017-03-28T22:02:24+08:00 ] ::1 /3.2.1/Home/Index/checkName
INFO: [ app_init ] --START--
INFO: Run Behavior\BuildLiteBehavior [ RunTime:0.000151s ]
INFO: [ app_init ] --END-- [ RunTime:0.002840s ]
INFO: [ app_begin ] --START--
INFO: Run Behavior\ReadHtmlCacheBehavior [ RunTime:0.003543s ]
INFO: [ app_begin ] --END-- [ RunTime:0.004229s ]
SQL: SHOW COLUMNS FROM `login` [ RunTime:0.002258s ]
ERR: 1146:Table 'mifood.login' doesn't exist
 [ SQL语句 ] : SHOW COLUMNS FROM `login`
SQL: SHOW COLUMNS FROM `user` [ RunTime:0.002903s ]
SQL: SELECT * FROM `user` WHERE `state` = 0 AND `user_name` = '123'  [ RunTime:0.002040s ]

[ 2017-03-28T22:03:10+08:00 ] ::1 /3.2.1/Home/Index/register
INFO: [ app_init ] --START--
INFO: Run Behavior\BuildLiteBehavior [ RunTime:0.000144s ]
INFO: [ app_init ] --END-- [ RunTime:0.002791s ]

[ 2017-03-28T22:03:23+08:00 ] ::1 /3.2.1/Home/Index/register
INFO: [ app_init ] --START--
INFO: Run Behavior\BuildLiteBehavior [ RunTime:0.000108s ]
INFO: [ app_init ] --END-- [ RunTime:0.001803s ]

[ 2017-03-28T22:03:29+08:00 ] ::1 /3.2.1/Home/Index/checkName
INFO: [ app_init ] --START--
INFO: Run Behavior\BuildLiteBehavior [ RunTime:0.000168s ]
INFO: [ app_init ] --END-- [ RunTime:0.002980s ]
INFO: [ app_begin ] --START--
INFO: Run Behavior\ReadHtmlCacheBehavior [ RunTime:0.003815s ]
INFO: [ app_begin ] --END-- [ RunTime:0.004672s ]
SQL: SHOW COLUMNS FROM `test` [ RunTime:0.002391s ]
ERR: 1146:Table 'mifood.test' doesn't exist
 [ SQL语句 ] : SHOW COLUMNS FROM `test`
SQL: SELECT * FROM `test` WHERE `username` = '123' LIMIT 1   [ RunTime:0.001718s ]
ERR: 1146:Table 'mifood.test' doesn't exist
 [ SQL语句 ] : SELECT * FROM `test` WHERE `username` = '123' LIMIT 1  
NOTIC: [2] in_array() expects parameter 2 to be array, boolean given F:\Wamp\Wamp_3.0.6\installtion\wamp64\www\3.2.1\ThinkPHP\Library\Think\Model.class.php 第 934 行.

[ 2017-03-28T22:04:26+08:00 ] ::1 /3.2.1/Home/Index/register
INFO: [ app_init ] --START--
INFO: Run Behavior\BuildLiteBehavior [ RunTime:0.000129s ]
INFO: [ app_init ] --END-- [ RunTime:0.002485s ]

[ 2017-03-28T22:04:32+08:00 ] ::1 /3.2.1/Home/Index/checkName
INFO: [ app_init ] --START--
INFO: Run Behavior\BuildLiteBehavior [ RunTime:0.000145s ]
INFO: [ app_init ] --END-- [ RunTime:0.002552s ]
INFO: [ app_begin ] --START--
INFO: Run Behavior\ReadHtmlCacheBehavior [ RunTime:0.003277s ]
INFO: [ app_begin ] --END-- [ RunTime:0.003926s ]
SQL: SHOW COLUMNS FROM `login` [ RunTime:0.002254s ]
ERR: 1146:Table 'mifood.login' doesn't exist
 [ SQL语句 ] : SHOW COLUMNS FROM `login`
SQL: SHOW COLUMNS FROM `user` [ RunTime:0.002899s ]
SQL: SELECT * FROM `user` WHERE `state` = 0 AND `user_name` = '123'  [ RunTime:0.001625s ]

[ 2017-03-28T22:05:09+08:00 ] ::1 /3.2.1/Home/Index/register
INFO: [ app_init ] --START--
INFO: Run Behavior\BuildLiteBehavior [ RunTime:0.000133s ]
INFO: [ app_init ] --END-- [ RunTime:0.002742s ]

[ 2017-03-28T22:05:13+08:00 ] ::1 /3.2.1/Home/Index/checkName
INFO: [ app_init ] --START--
INFO: Run Behavior\BuildLiteBehavior [ RunTime:0.000151s ]
INFO: [ app_init ] --END-- [ RunTime:0.003174s ]
INFO: [ app_begin ] --START--
INFO: Run Behavior\ReadHtmlCacheBehavior [ RunTime:0.003460s ]
INFO: [ app_begin ] --END-- [ RunTime:0.004197s ]
SQL: SHOW COLUMNS FROM `login` [ RunTime:0.002250s ]
ERR: 1146:Table 'mifood.login' doesn't exist
 [ SQL语句 ] : SHOW COLUMNS FROM `login`
SQL: SHOW COLUMNS FROM `user` [ RunTime:0.002791s ]
SQL: SELECT * FROM `user` WHERE `state` = 0 AND `user_name` = '123'  [ RunTime:0.001590s ]

[ 2017-03-28T22:06:03+08:00 ] ::1 /3.2.1/Home/Index/register
INFO: [ app_init ] --START--
INFO: Run Behavior\BuildLiteBehavior [ RunTime:0.000125s ]
INFO: [ app_init ] --END-- [ RunTime:0.002403s ]

[ 2017-03-28T22:06:07+08:00 ] ::1 /3.2.1/Home/Index/checkName
INFO: [ app_init ] --START--
INFO: Run Behavior\BuildLiteBehavior [ RunTime:0.000152s ]
INFO: [ app_init ] --END-- [ RunTime:0.015982s ]
INFO: [ app_begin ] --START--
INFO: Run Behavior\ReadHtmlCacheBehavior [ RunTime:0.006009s ]
INFO: [ app_begin ] --END-- [ RunTime:0.006676s ]
SQL: SHOW COLUMNS FROM `login` [ RunTime:0.002161s ]
ERR: 1146:Table 'mifood.login' doesn't exist
 [ SQL语句 ] : SHOW COLUMNS FROM `login`
SQL: SHOW COLUMNS FROM `user` [ RunTime:0.003181s ]
SQL: SELECT * FROM `user` WHERE `state` = 0 AND `user_name` = '123'  [ RunTime:0.002142s ]
INFO: [ app_end ] --START--
INFO: Run Behavior\ShowPageTraceBehavior [ RunTime:0.003723s ]
INFO: [ app_end ] --END-- [ RunTime:0.004491s ]

[ 2017-03-28T22:06:23+08:00 ] ::1 /3.2.1/Home/Index/register
INFO: [ app_init ] --START--
INFO: Run Behavior\BuildLiteBehavior [ RunTime:0.000126s ]
INFO: [ app_init ] --END-- [ RunTime:0.001950s ]

[ 2017-03-28T22:06:27+08:00 ] ::1 /3.2.1/Home/Index/checkName
INFO: [ app_init ] --START--
INFO: Run Behavior\BuildLiteBehavior [ RunTime:0.000153s ]
INFO: [ app_init ] --END-- [ RunTime:0.002834s ]
INFO: [ app_begin ] --START--
INFO: Run Behavior\ReadHtmlCacheBehavior [ RunTime:0.003250s ]
INFO: [ app_begin ] --END-- [ RunTime:0.003892s ]
SQL: SHOW COLUMNS FROM `login` [ RunTime:0.002519s ]
ERR: 1146:Table 'mifood.login' doesn't exist
 [ SQL语句 ] : SHOW COLUMNS FROM `login`
SQL: SHOW COLUMNS FROM `user` [ RunTime:0.002607s ]
SQL: SELECT * FROM `user` WHERE `state` = 0 AND `user_name` = '123'  [ RunTime:0.001985s ]
INFO: [ app_end ] --START--
INFO: Run Behavior\ShowPageTraceBehavior [ RunTime:0.003412s ]
INFO: [ app_end ] --END-- [ RunTime:0.004033s ]

[ 2017-03-28T22:08:46+08:00 ] ::1 /3.2.1/Home/Index/register
INFO: [ app_init ] --START--
INFO: Run Behavior\BuildLiteBehavior [ RunTime:0.000127s ]
INFO: [ app_init ] --END-- [ RunTime:0.002364s ]

[ 2017-03-28T22:08:50+08:00 ] ::1 /3.2.1/Home/Index/checkName
INFO: [ app_init ] --START--
INFO: Run Behavior\BuildLiteBehavior [ RunTime:0.000149s ]
INFO: [ app_init ] --END-- [ RunTime:0.002727s ]
INFO: [ app_begin ] --START--
INFO: Run Behavior\ReadHtmlCacheBehavior [ RunTime:0.003386s ]
INFO: [ app_begin ] --END-- [ RunTime:0.004029s ]
SQL: SHOW COLUMNS FROM `login` [ RunTime:0.002369s ]
ERR: 1146:Table 'mifood.login' doesn't exist
 [ SQL语句 ] : SHOW COLUMNS FROM `login`
SQL: SHOW COLUMNS FROM `user` [ RunTime:0.002101s ]
SQL: SELECT * FROM `user` WHERE `state` = 0 AND `user_name` = '123'  [ RunTime:0.001645s ]
INFO: [ app_end ] --START--
INFO: Run Behavior\ShowPageTraceBehavior [ RunTime:0.003582s ]
INFO: [ app_end ] --END-- [ RunTime:0.004214s ]

[ 2017-03-28T22:09:19+08:00 ] ::1 /3.2.1/Home/Index/register
INFO: [ app_init ] --START--
INFO: Run Behavior\BuildLiteBehavior [ RunTime:0.000156s ]
INFO: [ app_init ] --END-- [ RunTime:0.002786s ]

[ 2017-03-28T22:09:23+08:00 ] ::1 /3.2.1/Home/Index/checkName
INFO: [ app_init ] --START--
INFO: Run Behavior\BuildLiteBehavior [ RunTime:0.000167s ]
INFO: [ app_init ] --END-- [ RunTime:0.006064s ]
INFO: [ app_begin ] --START--
INFO: Run Behavior\ReadHtmlCacheBehavior [ RunTime:0.004271s ]
INFO: [ app_begin ] --END-- [ RunTime:0.004956s ]
SQL: SHOW COLUMNS FROM `login` [ RunTime:0.001962s ]
ERR: 1146:Table 'mifood.login' doesn't exist
 [ SQL语句 ] : SHOW COLUMNS FROM `login`
SQL: SHOW COLUMNS FROM `user` [ RunTime:0.002356s ]
SQL: SELECT * FROM `user` WHERE `state` = 0 AND `user_name` = '123'  [ RunTime:0.001230s ]
INFO: [ app_end ] --START--
INFO: Run Behavior\ShowPageTraceBehavior [ RunTime:0.003057s ]
INFO: [ app_end ] --END-- [ RunTime:0.003582s ]

[ 2017-03-28T22:09:38+08:00 ] ::1 /3.2.1/Home/Index/checkEmail
INFO: [ app_init ] --START--
INFO: Run Behavior\BuildLiteBehavior [ RunTime:0.000189s ]
INFO: [ app_init ] --END-- [ RunTime:0.002587s ]
INFO: [ app_begin ] --START--
INFO: Run Behavior\ReadHtmlCacheBehavior [ RunTime:0.004688s ]
INFO: [ app_begin ] --END-- [ RunTime:0.005695s ]
SQL: SHOW COLUMNS FROM `login` [ RunTime:0.002061s ]
ERR: 1146:Table 'mifood.login' doesn't exist
 [ SQL语句 ] : SHOW COLUMNS FROM `login`
SQL: SHOW COLUMNS FROM `user` [ RunTime:0.003099s ]
SQL: SELECT * FROM `user` WHERE `state` = 0 AND `user_name` = '2740270539@qq.com'  [ RunTime:0.001621s ]
NOTIC: [8] Use of undefined constant ture - assumed 'ture' F:\Wamp\Wamp_3.0.6\installtion\wamp64\www\3.2.1\Application\Home\Model\LoginModel.class.php 第 68 行.
INFO: [ app_end ] --START--
INFO: Run Behavior\ShowPageTraceBehavior [ RunTime:0.003536s ]
INFO: [ app_end ] --END-- [ RunTime:0.004162s ]

[ 2017-03-28T22:09:39+08:00 ] ::1 /3.2.1/index.php/Home/Index/register1.html
INFO: [ app_init ] --START--
INFO: Run Behavior\BuildLiteBehavior [ RunTime:0.000207s ]
INFO: [ app_init ] --END-- [ RunTime:0.002775s ]

[ 2017-03-28T22:09:40+08:00 ] ::1 /3.2.1/index.php/Home/Index/login
INFO: [ app_init ] --START--
INFO: Run Behavior\BuildLiteBehavior [ RunTime:0.000178s ]
INFO: [ app_init ] --END-- [ RunTime:0.003504s ]

[ 2017-03-28T22:09:53+08:00 ] ::1 /3.2.1/index.php/Home/Index/login
INFO: [ app_init ] --START--
INFO: Run Behavior\BuildLiteBehavior [ RunTime:0.000213s ]
INFO: [ app_init ] --END-- [ RunTime:0.003984s ]

[ 2017-03-28T22:10:00+08:00 ] ::1 /3.2.1/Home/Index/checkName
INFO: [ app_init ] --START--
INFO: Run Behavior\BuildLiteBehavior [ RunTime:0.000158s ]
INFO: [ app_init ] --END-- [ RunTime:0.003119s ]
INFO: [ app_begin ] --START--
INFO: Run Behavior\ReadHtmlCacheBehavior [ RunTime:0.003707s ]
INFO: [ app_begin ] --END-- [ RunTime:0.004459s ]
SQL: SHOW COLUMNS FROM `login` [ RunTime:0.002472s ]
ERR: 1146:Table 'mifood.login' doesn't exist
 [ SQL语句 ] : SHOW COLUMNS FROM `login`
SQL: SHOW COLUMNS FROM `user` [ RunTime:0.003019s ]
SQL: SELECT * FROM `user` WHERE `state` = 0 AND `user_name` = '123'  [ RunTime:0.001817s ]
INFO: [ app_end ] --START--
INFO: Run Behavior\ShowPageTraceBehavior [ RunTime:0.003679s ]
INFO: [ app_end ] --END-- [ RunTime:0.004386s ]

[ 2017-03-28T22:10:04+08:00 ] ::1 /3.2.1/Home/Index/checkEmail
INFO: [ app_init ] --START--
INFO: Run Behavior\BuildLiteBehavior [ RunTime:0.000147s ]
INFO: [ app_init ] --END-- [ RunTime:0.002883s ]
INFO: [ app_begin ] --START--
INFO: Run Behavior\ReadHtmlCacheBehavior [ RunTime:0.003566s ]
INFO: [ app_begin ] --END-- [ RunTime:0.004779s ]
SQL: SHOW COLUMNS FROM `login` [ RunTime:0.001846s ]
ERR: 1146:Table 'mifood.login' doesn't exist
 [ SQL语句 ] : SHOW COLUMNS FROM `login`
SQL: SHOW COLUMNS FROM `user` [ RunTime:0.002569s ]
SQL: SELECT * FROM `user` WHERE `state` = 0 AND `user_name` = '2740270539@qq.com'  [ RunTime:0.001762s ]
NOTIC: [8] Use of undefined constant ture - assumed 'ture' F:\Wamp\Wamp_3.0.6\installtion\wamp64\www\3.2.1\Application\Home\Model\LoginModel.class.php 第 68 行.
INFO: [ app_end ] --START--
INFO: Run Behavior\ShowPageTraceBehavior [ RunTime:0.003480s ]
INFO: [ app_end ] --END-- [ RunTime:0.004049s ]

[ 2017-03-28T22:10:51+08:00 ] ::1 /3.2.1/Home/Index/register
INFO: [ app_init ] --START--
INFO: Run Behavior\BuildLiteBehavior [ RunTime:0.000105s ]
INFO: [ app_init ] --END-- [ RunTime:0.001739s ]

[ 2017-03-28T22:10:56+08:00 ] ::1 /3.2.1/Home/Index/checkEmail
INFO: [ app_init ] --START--
INFO: Run Behavior\BuildLiteBehavior [ RunTime:0.000154s ]
INFO: [ app_init ] --END-- [ RunTime:0.004704s ]
INFO: [ app_begin ] --START--
INFO: Run Behavior\ReadHtmlCacheBehavior [ RunTime:0.003802s ]
INFO: [ app_begin ] --END-- [ RunTime:0.004686s ]
SQL: SHOW COLUMNS FROM `login` [ RunTime:0.002766s ]
ERR: 1146:Table 'mifood.login' doesn't exist
 [ SQL语句 ] : SHOW COLUMNS FROM `login`
SQL: SHOW COLUMNS FROM `user` [ RunTime:0.002812s ]
SQL: SELECT * FROM `user` WHERE `state` = 0 AND `email` = '2740270539@qq.com'  [ RunTime:0.002011s ]
INFO: [ app_end ] --START--
INFO: Run Behavior\ShowPageTraceBehavior [ RunTime:0.003970s ]
INFO: [ app_end ] --END-- [ RunTime:0.004645s ]

[ 2017-03-28T22:11:02+08:00 ] ::1 /3.2.1/Home/Index/checkName
INFO: [ app_init ] --START--
INFO: Run Behavior\BuildLiteBehavior [ RunTime:0.000153s ]
INFO: [ app_init ] --END-- [ RunTime:0.003079s ]
INFO: [ app_begin ] --START--
INFO: Run Behavior\ReadHtmlCacheBehavior [ RunTime:0.003598s ]
INFO: [ app_begin ] --END-- [ RunTime:0.004290s ]
SQL: SHOW COLUMNS FROM `login` [ RunTime:0.002528s ]
ERR: 1146:Table 'mifood.login' doesn't exist
 [ SQL语句 ] : SHOW COLUMNS FROM `login`
SQL: SHOW COLUMNS FROM `user` [ RunTime:0.002596s ]
SQL: SELECT * FROM `user` WHERE `state` = 0 AND `user_name` = '123'  [ RunTime:0.002259s ]
INFO: [ app_end ] --START--
INFO: Run Behavior\ShowPageTraceBehavior [ RunTime:0.004423s ]
INFO: [ app_end ] --END-- [ RunTime:0.005226s ]

[ 2017-03-28T22:11:14+08:00 ] ::1 /3.2.1/Home/Index/register
INFO: [ app_init ] --START--
INFO: Run Behavior\BuildLiteBehavior [ RunTime:0.000114s ]
INFO: [ app_init ] --END-- [ RunTime:0.001930s ]

[ 2017-03-28T22:11:17+08:00 ] ::1 /3.2.1/Home/Index/checkName
INFO: [ app_init ] --START--
INFO: Run Behavior\BuildLiteBehavior [ RunTime:0.000150s ]
INFO: [ app_init ] --END-- [ RunTime:0.003503s ]
INFO: [ app_begin ] --START--
INFO: Run Behavior\ReadHtmlCacheBehavior [ RunTime:0.004042s ]
INFO: [ app_begin ] --END-- [ RunTime:0.004827s ]
SQL: SHOW COLUMNS FROM `login` [ RunTime:0.002104s ]
ERR: 1146:Table 'mifood.login' doesn't exist
 [ SQL语句 ] : SHOW COLUMNS FROM `login`
SQL: SHOW COLUMNS FROM `user` [ RunTime:0.003009s ]
SQL: SELECT * FROM `user` WHERE `state` = 0 AND `user_name` = '123'  [ RunTime:0.001744s ]
INFO: [ app_end ] --START--
INFO: Run Behavior\ShowPageTraceBehavior [ RunTime:0.003524s ]
INFO: [ app_end ] --END-- [ RunTime:0.004200s ]

[ 2017-03-28T22:11:53+08:00 ] ::1 /3.2.1/Home/Index/register
INFO: [ app_init ] --START--
INFO: Run Behavior\BuildLiteBehavior [ RunTime:0.000116s ]
INFO: [ app_init ] --END-- [ RunTime:0.001910s ]

[ 2017-03-28T22:11:59+08:00 ] ::1 /3.2.1/Home/Index/checkEmail
INFO: [ app_init ] --START--
INFO: Run Behavior\BuildLiteBehavior [ RunTime:0.000451s ]
INFO: [ app_init ] --END-- [ RunTime:0.003471s ]
INFO: [ app_begin ] --START--
INFO: Run Behavior\ReadHtmlCacheBehavior [ RunTime:0.003378s ]
INFO: [ app_begin ] --END-- [ RunTime:0.004030s ]
SQL: SHOW COLUMNS FROM `login` [ RunTime:0.002292s ]
ERR: 1146:Table 'mifood.login' doesn't exist
 [ SQL语句 ] : SHOW COLUMNS FROM `login`
SQL: SHOW COLUMNS FROM `user` [ RunTime:0.003150s ]
SQL: SELECT * FROM `user` WHERE `state` = 0 AND `email` = '2740270539@qq.com'  [ RunTime:0.001714s ]
INFO: [ app_end ] --START--
INFO: Run Behavior\ShowPageTraceBehavior [ RunTime:0.004069s ]
INFO: [ app_end ] --END-- [ RunTime:0.004727s ]

[ 2017-03-28T22:12:00+08:00 ] ::1 /3.2.1/index.php/Home/Index/register1.html
INFO: [ app_init ] --START--
INFO: Run Behavior\BuildLiteBehavior [ RunTime:0.000147s ]
INFO: [ app_init ] --END-- [ RunTime:0.003010s ]

[ 2017-03-28T22:12:01+08:00 ] ::1 /3.2.1/index.php/Home/Index/login
INFO: [ app_init ] --START--
INFO: Run Behavior\BuildLiteBehavior [ RunTime:0.000143s ]
INFO: [ app_init ] --END-- [ RunTime:0.002548s ]

[ 2017-03-28T22:12:11+08:00 ] ::1 /3.2.1/Home/Index/checkEmail
INFO: [ app_init ] --START--
INFO: Run Behavior\BuildLiteBehavior [ RunTime:0.000115s ]
INFO: [ app_init ] --END-- [ RunTime:0.002391s ]
INFO: [ app_begin ] --START--
INFO: Run Behavior\ReadHtmlCacheBehavior [ RunTime:0.003507s ]
INFO: [ app_begin ] --END-- [ RunTime:0.004228s ]
SQL: SHOW COLUMNS FROM `login` [ RunTime:0.002021s ]
ERR: 1146:Table 'mifood.login' doesn't exist
 [ SQL语句 ] : SHOW COLUMNS FROM `login`
SQL: SHOW COLUMNS FROM `user` [ RunTime:0.002564s ]
SQL: SELECT * FROM `user` WHERE `state` = 0 AND `email` = '2740270539@qq.com'  [ RunTime:0.001420s ]
INFO: [ app_end ] --START--
INFO: Run Behavior\ShowPageTraceBehavior [ RunTime:0.003798s ]
INFO: [ app_end ] --END-- [ RunTime:0.004356s ]

[ 2017-03-28T22:19:01+08:00 ] ::1 /3.2.1/Home/Index/checkName
INFO: [ app_init ] --START--
INFO: Run Behavior\BuildLiteBehavior [ RunTime:0.000150s ]
INFO: [ app_init ] --END-- [ RunTime:0.003539s ]
INFO: [ app_begin ] --START--
INFO: Run Behavior\ReadHtmlCacheBehavior [ RunTime:0.003374s ]
INFO: [ app_begin ] --END-- [ RunTime:0.004032s ]
SQL: SHOW COLUMNS FROM `login` [ RunTime:0.002297s ]
ERR: 1146:Table 'mifood.login' doesn't exist
 [ SQL语句 ] : SHOW COLUMNS FROM `login`
SQL: SHOW COLUMNS FROM `user` [ RunTime:0.002416s ]
SQL: SELECT * FROM `user` WHERE `state` = 0 AND `user_name` = '123'  [ RunTime:0.001484s ]
INFO: [ app_end ] --START--
INFO: Run Behavior\ShowPageTraceBehavior [ RunTime:0.002618s ]
INFO: [ app_end ] --END-- [ RunTime:0.003281s ]

[ 2017-03-28T22:19:10+08:00 ] ::1 /3.2.1/Home/Index/checkEmail
INFO: [ app_init ] --START--
INFO: Run Behavior\BuildLiteBehavior [ RunTime:0.000127s ]
INFO: [ app_init ] --END-- [ RunTime:0.002651s ]
INFO: [ app_begin ] --START--
INFO: Run Behavior\ReadHtmlCacheBehavior [ RunTime:0.003569s ]
INFO: [ app_begin ] --END-- [ RunTime:0.004251s ]
SQL: SHOW COLUMNS FROM `login` [ RunTime:0.001826s ]
ERR: 1146:Table 'mifood.login' doesn't exist
 [ SQL语句 ] : SHOW COLUMNS FROM `login`
SQL: SHOW COLUMNS FROM `user` [ RunTime:0.002819s ]
SQL: SELECT * FROM `user` WHERE `state` = 0 AND `email` = '2740270539@qq.com'  [ RunTime:0.026542s ]
INFO: [ app_end ] --START--
INFO: Run Behavior\ShowPageTraceBehavior [ RunTime:0.003500s ]
INFO: [ app_end ] --END-- [ RunTime:0.004011s ]

[ 2017-03-28T22:19:13+08:00 ] ::1 /3.2.1/index.php/Home/Index/register1.html
INFO: [ app_init ] --START--
INFO: Run Behavior\BuildLiteBehavior [ RunTime:0.000146s ]
INFO: [ app_init ] --END-- [ RunTime:0.002958s ]

[ 2017-03-28T22:19:15+08:00 ] ::1 /3.2.1/index.php/Home/Index/login
INFO: [ app_init ] --START--
INFO: Run Behavior\BuildLiteBehavior [ RunTime:0.000150s ]
INFO: [ app_init ] --END-- [ RunTime:0.003285s ]

[ 2017-03-28T22:30:38+08:00 ] ::1 /3.2.1/index.php/Home/Index/register
INFO: [ app_init ] --START--
INFO: Run Behavior\BuildLiteBehavior [ RunTime:0.000116s ]
INFO: [ app_init ] --END-- [ RunTime:0.002505s ]

[ 2017-03-28T22:30:44+08:00 ] ::1 /3.2.1/index.php/Home/Index/register1.html
INFO: [ app_init ] --START--
INFO: Run Behavior\BuildLiteBehavior [ RunTime:0.000278s ]
INFO: [ app_init ] --END-- [ RunTime:0.002793s ]

[ 2017-03-28T22:30:45+08:00 ] ::1 /3.2.1/index.php/Home/Index/login
INFO: [ app_init ] --START--
INFO: Run Behavior\BuildLiteBehavior [ RunTime:0.000117s ]
INFO: [ app_init ] --END-- [ RunTime:0.002328s ]

[ 2017-03-28T22:32:03+08:00 ] ::1 /3.2.1/index.php/Home/Index/register
INFO: [ app_init ] --START--
INFO: Run Behavior\BuildLiteBehavior [ RunTime:0.000107s ]
INFO: [ app_init ] --END-- [ RunTime:0.001789s ]

[ 2017-03-28T22:32:05+08:00 ] ::1 /3.2.1/index.php/Home/Index/register1.html
INFO: [ app_init ] --START--
INFO: Run Behavior\BuildLiteBehavior [ RunTime:0.000114s ]
INFO: [ app_init ] --END-- [ RunTime:0.002317s ]

[ 2017-03-28T22:32:07+08:00 ] ::1 /3.2.1/index.php/Home/Index/login
INFO: [ app_init ] --START--
INFO: Run Behavior\BuildLiteBehavior [ RunTime:0.000152s ]
INFO: [ app_init ] --END-- [ RunTime:0.002659s ]

[ 2017-03-28T22:34:45+08:00 ] ::1 /3.2.1/index.php/Home/Index/register
INFO: [ app_init ] --START--
INFO: Run Behavior\BuildLiteBehavior [ RunTime:0.000144s ]
INFO: [ app_init ] --END-- [ RunTime:0.002547s ]

[ 2017-03-28T22:34:55+08:00 ] ::1 /3.2.1/index.php/Home/Index/checkEmail
INFO: [ app_init ] --START--
INFO: Run Behavior\BuildLiteBehavior [ RunTime:0.000149s ]
INFO: [ app_init ] --END-- [ RunTime:0.003008s ]
INFO: [ app_begin ] --START--
INFO: Run Behavior\ReadHtmlCacheBehavior [ RunTime:0.005771s ]
INFO: [ app_begin ] --END-- [ RunTime:0.007409s ]
SQL: SHOW COLUMNS FROM `login` [ RunTime:0.001998s ]
ERR: 1146:Table 'mifood.login' doesn't exist
 [ SQL语句 ] : SHOW COLUMNS FROM `login`
SQL: SHOW COLUMNS FROM `user` [ RunTime:0.002499s ]
SQL: SELECT * FROM `user` WHERE `state` = 0 AND `email` = ''  [ RunTime:0.001476s ]
INFO: [ app_end ] --START--
INFO: Run Behavior\ShowPageTraceBehavior [ RunTime:0.004035s ]
INFO: [ app_end ] --END-- [ RunTime:0.004657s ]

[ 2017-03-28T22:35:05+08:00 ] ::1 /3.2.1/index.php/Home/Index/checkName
INFO: [ app_init ] --START--
INFO: Run Behavior\BuildLiteBehavior [ RunTime:0.000158s ]
INFO: [ app_init ] --END-- [ RunTime:0.003894s ]
INFO: [ app_begin ] --START--
INFO: Run Behavior\ReadHtmlCacheBehavior [ RunTime:0.004285s ]
INFO: [ app_begin ] --END-- [ RunTime:0.004962s ]
SQL: SHOW COLUMNS FROM `login` [ RunTime:0.001682s ]
ERR: 1146:Table 'mifood.login' doesn't exist
 [ SQL语句 ] : SHOW COLUMNS FROM `login`
SQL: SHOW COLUMNS FROM `user` [ RunTime:0.002198s ]
SQL: SELECT * FROM `user` WHERE `state` = 0 AND `user_name` = '123'  [ RunTime:0.001442s ]
INFO: [ app_end ] --START--
INFO: Run Behavior\ShowPageTraceBehavior [ RunTime:0.003566s ]
INFO: [ app_end ] --END-- [ RunTime:0.004189s ]

[ 2017-03-28T22:35:13+08:00 ] ::1 /3.2.1/index.php/Home/Index/register
INFO: [ app_init ] --START--
INFO: Run Behavior\BuildLiteBehavior [ RunTime:0.000114s ]
INFO: [ app_init ] --END-- [ RunTime:0.002000s ]

[ 2017-03-28T22:35:18+08:00 ] ::1 /3.2.1/index.php/Home/Index/checkName
INFO: [ app_init ] --START--
INFO: Run Behavior\BuildLiteBehavior [ RunTime:0.000153s ]
INFO: [ app_init ] --END-- [ RunTime:0.002673s ]
INFO: [ app_begin ] --START--
INFO: Run Behavior\ReadHtmlCacheBehavior [ RunTime:0.003548s ]
INFO: [ app_begin ] --END-- [ RunTime:0.004210s ]
SQL: SHOW COLUMNS FROM `login` [ RunTime:0.002061s ]
ERR: 1146:Table 'mifood.login' doesn't exist
 [ SQL语句 ] : SHOW COLUMNS FROM `login`
SQL: SHOW COLUMNS FROM `user` [ RunTime:0.002629s ]
SQL: SELECT * FROM `user` WHERE `state` = 0 AND `user_name` = '123'  [ RunTime:0.001899s ]
INFO: [ app_end ] --START--
INFO: Run Behavior\ShowPageTraceBehavior [ RunTime:0.003698s ]
INFO: [ app_end ] --END-- [ RunTime:0.004309s ]

[ 2017-03-28T22:35:29+08:00 ] ::1 /3.2.1/index.php/Home/Index/checkEmail
INFO: [ app_init ] --START--
INFO: Run Behavior\BuildLiteBehavior [ RunTime:0.000153s ]
INFO: [ app_init ] --END-- [ RunTime:0.003417s ]
INFO: [ app_begin ] --START--
INFO: Run Behavior\ReadHtmlCacheBehavior [ RunTime:0.004855s ]
INFO: [ app_begin ] --END-- [ RunTime:0.005974s ]
SQL: SHOW COLUMNS FROM `login` [ RunTime:0.002560s ]
ERR: 1146:Table 'mifood.login' doesn't exist
 [ SQL语句 ] : SHOW COLUMNS FROM `login`
SQL: SHOW COLUMNS FROM `user` [ RunTime:0.002843s ]
SQL: SELECT * FROM `user` WHERE `state` = 0 AND `email` = '2740270539@qq.com'  [ RunTime:0.001902s ]
INFO: [ app_end ] --START--
INFO: Run Behavior\ShowPageTraceBehavior [ RunTime:0.004310s ]
INFO: [ app_end ] --END-- [ RunTime:0.004960s ]

