[ 2017-04-22T10:18:03+08:00 ] ::1 /MIFOOD/index
INFO: [ app_init ] --START--
INFO: Run Behavior\BuildLiteBehavior [ RunTime:0.000117s ]
INFO: [ app_init ] --END-- [ RunTime:0.107067s ]

[ 2017-04-22T10:19:00+08:00 ] ::1 /MIFOOD/index.php/Home/Index/details/shop_id/108
INFO: [ app_init ] --START--
INFO: Run Behavior\BuildLiteBehavior [ RunTime:0.000124s ]
INFO: [ app_init ] --END-- [ RunTime:0.002502s ]

[ 2017-04-22T10:27:50+08:00 ] ::1 /MIFOOD/index.php/Home/Index/details/shop_id/108
INFO: [ app_init ] --START--
INFO: Run Behavior\BuildLiteBehavior [ RunTime:0.000121s ]
INFO: [ app_init ] --END-- [ RunTime:0.007953s ]

[ 2017-04-22T10:30:14+08:00 ] ::1 /MIFOOD/index.php/Home/Index/details/shop_id/42
INFO: [ app_init ] --START--
INFO: Run Behavior\BuildLiteBehavior [ RunTime:0.000118s ]
INFO: [ app_init ] --END-- [ RunTime:0.002236s ]

[ 2017-04-22T10:30:25+08:00 ] ::1 /MIFOOD/index.php/Home/Index/details/shop_id/197
INFO: [ app_init ] --START--
INFO: Run Behavior\BuildLiteBehavior [ RunTime:0.000137s ]
INFO: [ app_init ] --END-- [ RunTime:0.002187s ]

[ 2017-04-22T10:37:36+08:00 ] ::1 /MIFOOD/index
INFO: [ app_init ] --START--
INFO: Run Behavior\BuildLiteBehavior [ RunTime:0.000106s ]
INFO: [ app_init ] --END-- [ RunTime:0.002055s ]

[ 2017-04-22T10:38:27+08:00 ] ::1 /MIFOOD/index.php/Home/Index/details/shop_id/1163
INFO: [ app_init ] --START--
INFO: Run Behavior\BuildLiteBehavior [ RunTime:0.000120s ]
INFO: [ app_init ] --END-- [ RunTime:0.002026s ]

[ 2017-04-22T10:39:28+08:00 ] ::1 /MIFOOD/index.php/Home/Index/logins.html
INFO: [ app_init ] --START--
INFO: Run Behavior\BuildLiteBehavior [ RunTime:0.000117s ]
INFO: [ app_init ] --END-- [ RunTime:0.001921s ]

[ 2017-04-22T10:39:29+08:00 ] ::1 /MIFOOD/index.php/Home/Index/details/shop_id/1163
INFO: [ app_init ] --START--
INFO: Run Behavior\BuildLiteBehavior [ RunTime:0.000118s ]
INFO: [ app_init ] --END-- [ RunTime:0.002420s ]

[ 2017-04-22T10:39:32+08:00 ] ::1 /MIFOOD/index.php/Home/Index/person
INFO: [ app_init ] --START--
INFO: Run Behavior\BuildLiteBehavior [ RunTime:0.000106s ]
INFO: [ app_init ] --END-- [ RunTime:0.001713s ]

[ 2017-04-22T10:44:27+08:00 ] ::1 /MIFOOD/index.php/Home/Index/email
INFO: [ app_init ] --START--
INFO: Run Behavior\BuildLiteBehavior [ RunTime:0.000121s ]
INFO: [ app_init ] --END-- [ RunTime:0.002420s ]

[ 2017-04-22T10:45:13+08:00 ] ::1 /MIFOOD/index.php/Home/Index/email
INFO: [ app_init ] --START--
INFO: Run Behavior\BuildLiteBehavior [ RunTime:0.000127s ]
INFO: [ app_init ] --END-- [ RunTime:0.002073s ]

[ 2017-04-22T10:49:12+08:00 ] ::1 /MIFOOD/index.php/Home/Index/details/shop_id/1163
INFO: [ app_init ] --START--
INFO: Run Behavior\BuildLiteBehavior [ RunTime:0.000109s ]
INFO: [ app_init ] --END-- [ RunTime:0.002028s ]

[ 2017-04-22T10:49:15+08:00 ] ::1 /MIFOOD/index.php/Home/Index/index
INFO: [ app_init ] --START--
INFO: Run Behavior\BuildLiteBehavior [ RunTime:0.000117s ]
INFO: [ app_init ] --END-- [ RunTime:0.002256s ]

[ 2017-04-22T10:57:08+08:00 ] ::1 /MIFOOD/index.php/Home/Index/details/shop_id/105
INFO: [ app_init ] --START--
INFO: Run Behavior\BuildLiteBehavior [ RunTime:0.000156s ]
INFO: [ app_init ] --END-- [ RunTime:0.003372s ]

[ 2017-04-22T10:58:32+08:00 ] ::1 /MIFOOD/index.php/Home/Index/details/shop_id/100
INFO: [ app_init ] --START--
INFO: Run Behavior\BuildLiteBehavior [ RunTime:0.000128s ]
INFO: [ app_init ] --END-- [ RunTime:0.002791s ]

[ 2017-04-22T10:58:42+08:00 ] ::1 /MIFOOD/index.php/Home/Index/details/shop_id/1
INFO: [ app_init ] --START--
INFO: Run Behavior\BuildLiteBehavior [ RunTime:0.000150s ]
INFO: [ app_init ] --END-- [ RunTime:0.002967s ]

[ 2017-04-22T11:04:48+08:00 ] ::1 /MIFOOD/index.php/Home/Index/person
INFO: [ app_init ] --START--
INFO: Run Behavior\BuildLiteBehavior [ RunTime:0.000115s ]
INFO: [ app_init ] --END-- [ RunTime:0.002046s ]

[ 2017-04-22T11:06:09+08:00 ] ::1 /MIFOOD/index.php/Home/Index/person
INFO: [ app_init ] --START--
INFO: Run Behavior\BuildLiteBehavior [ RunTime:0.000123s ]
INFO: [ app_init ] --END-- [ RunTime:0.002410s ]

[ 2017-04-22T11:06:11+08:00 ] ::1 /MIFOOD/index.php/Home/Index/delLove/shop_id/16
INFO: [ app_init ] --START--
INFO: Run Behavior\BuildLiteBehavior [ RunTime:0.000116s ]
INFO: [ app_init ] --END-- [ RunTime:0.002153s ]

[ 2017-04-22T11:06:13+08:00 ] ::1 /MIFOOD/index.php/Home/Index/person
INFO: [ app_init ] --START--
INFO: Run Behavior\BuildLiteBehavior [ RunTime:0.000106s ]
INFO: [ app_init ] --END-- [ RunTime:0.001850s ]

[ 2017-04-22T11:06:17+08:00 ] ::1 /MIFOOD/index.php/Home/Index/person/p/2.html
INFO: [ app_init ] --START--
INFO: Run Behavior\BuildLiteBehavior [ RunTime:0.000149s ]
INFO: [ app_init ] --END-- [ RunTime:0.002828s ]

[ 2017-04-22T11:09:47+08:00 ] ::1 /MIFOOD/index.php/Home/Index/person/p/2.html
INFO: [ app_init ] --START--
INFO: Run Behavior\BuildLiteBehavior [ RunTime:0.000122s ]
INFO: [ app_init ] --END-- [ RunTime:0.002552s ]

[ 2017-04-22T11:10:43+08:00 ] ::1 /MIFOOD/index.php/Home/Index/person/p/2.html
INFO: [ app_init ] --START--
INFO: Run Behavior\BuildLiteBehavior [ RunTime:0.000117s ]
INFO: [ app_init ] --END-- [ RunTime:0.002182s ]

[ 2017-04-22T11:11:43+08:00 ] ::1 /MIFOOD/index.php/Home/Index/person/p/2.html
INFO: [ app_init ] --START--
INFO: Run Behavior\BuildLiteBehavior [ RunTime:0.000123s ]
INFO: [ app_init ] --END-- [ RunTime:0.002749s ]

[ 2017-04-22T11:12:03+08:00 ] ::1 /MIFOOD/index.php/Home/Index/details/shop_id/1163
INFO: [ app_init ] --START--
INFO: Run Behavior\BuildLiteBehavior [ RunTime:0.000179s ]
INFO: [ app_init ] --END-- [ RunTime:0.002852s ]

[ 2017-04-22T11:12:23+08:00 ] ::1 /MIFOOD/index.php/Home/Index/classify/category_id/7
INFO: [ app_init ] --START--
INFO: Run Behavior\BuildLiteBehavior [ RunTime:0.000159s ]
INFO: [ app_init ] --END-- [ RunTime:0.003643s ]

[ 2017-04-22T11:12:25+08:00 ] ::1 /MIFOOD/index.php/Home/Index/classsify/p/1.html
INFO: [ app_init ] --START--
INFO: Run Behavior\BuildLiteBehavior [ RunTime:0.000123s ]
INFO: [ app_init ] --END-- [ RunTime:0.003023s ]
INFO: [ app_begin ] --START--
INFO: Run Behavior\ReadHtmlCacheBehavior [ RunTime:0.004925s ]
INFO: [ app_begin ] --END-- [ RunTime:0.005492s ]
ERR: 非法操作:classsify

[ 2017-04-22T11:12:49+08:00 ] ::1 /MIFOOD/index.php/Home/Index/search.html?search=%E7%94%9C%E7%82%B9
INFO: [ app_init ] --START--
INFO: Run Behavior\BuildLiteBehavior [ RunTime:0.000106s ]
INFO: [ app_init ] --END-- [ RunTime:0.002531s ]

[ 2017-04-22T11:14:11+08:00 ] ::1 /MIFOOD/index.php/Home/Index/top
INFO: [ app_init ] --START--
INFO: Run Behavior\BuildLiteBehavior [ RunTime:0.000117s ]
INFO: [ app_init ] --END-- [ RunTime:0.001912s ]

[ 2017-04-22T11:14:38+08:00 ] ::1 /MIFOOD/index.php/Home/Index/search.html?search=%E6%B5%B7%E9%B2%9C
INFO: [ app_init ] --START--
INFO: Run Behavior\BuildLiteBehavior [ RunTime:0.000112s ]
INFO: [ app_init ] --END-- [ RunTime:0.001869s ]

[ 2017-04-22T11:14:47+08:00 ] ::1 /MIFOOD/index.php/Home/Index/search/search/%E6%B5%B7%E9%B2%9C/p/2.html
INFO: [ app_init ] --START--
INFO: Run Behavior\BuildLiteBehavior [ RunTime:0.000111s ]
INFO: [ app_init ] --END-- [ RunTime:0.002181s ]

[ 2017-04-22T11:14:50+08:00 ] ::1 /MIFOOD/index.php/Home/Index/search/search/%E6%B5%B7%E9%B2%9C/p/1.html
INFO: [ app_init ] --START--
INFO: Run Behavior\BuildLiteBehavior [ RunTime:0.000149s ]
INFO: [ app_init ] --END-- [ RunTime:0.003300s ]

[ 2017-04-22T11:15:14+08:00 ] ::1 /MIFOOD/index.php/Home/Index/details/shop_id/1111
INFO: [ app_init ] --START--
INFO: Run Behavior\BuildLiteBehavior [ RunTime:0.000142s ]
INFO: [ app_init ] --END-- [ RunTime:0.002728s ]

[ 2017-04-22T11:16:14+08:00 ] ::1 /MIFOOD/index.php/Home/Index/search/search/%E6%B5%B7%E9%B2%9C/p/1.html
INFO: [ app_init ] --START--
INFO: Run Behavior\BuildLiteBehavior [ RunTime:0.000114s ]
INFO: [ app_init ] --END-- [ RunTime:0.001909s ]

[ 2017-04-22T11:19:30+08:00 ] ::1 /MIFOOD/index.php/Home/Index/search/search/%E6%B5%B7%E9%B2%9C/p/1.html
INFO: [ app_init ] --START--
INFO: Run Behavior\BuildLiteBehavior [ RunTime:0.000122s ]
INFO: [ app_init ] --END-- [ RunTime:0.002470s ]

[ 2017-04-22T11:19:37+08:00 ] ::1 /MIFOOD/index.php/Home/Index/search/search/%E6%B5%B7%E9%B2%9C/p/2.html
INFO: [ app_init ] --START--
INFO: Run Behavior\BuildLiteBehavior [ RunTime:0.000114s ]
INFO: [ app_init ] --END-- [ RunTime:0.002140s ]

[ 2017-04-22T11:19:42+08:00 ] ::1 /MIFOOD/index.php/Home/Index/search/search/%E6%B5%B7%E9%B2%9C/p/1.html
INFO: [ app_init ] --START--
INFO: Run Behavior\BuildLiteBehavior [ RunTime:0.000120s ]
INFO: [ app_init ] --END-- [ RunTime:0.002078s ]

[ 2017-04-22T11:19:53+08:00 ] ::1 /MIFOOD/index.php/Home/Index/classify/category_id/22
INFO: [ app_init ] --START--
INFO: Run Behavior\BuildLiteBehavior [ RunTime:0.000134s ]
INFO: [ app_init ] --END-- [ RunTime:0.002671s ]

[ 2017-04-22T11:19:54+08:00 ] ::1 /MIFOOD/index.php/Home/Index/classsify/p/1.html
INFO: [ app_init ] --START--
INFO: Run Behavior\BuildLiteBehavior [ RunTime:0.000124s ]
INFO: [ app_init ] --END-- [ RunTime:0.002113s ]
INFO: [ app_begin ] --START--
INFO: Run Behavior\ReadHtmlCacheBehavior [ RunTime:0.003907s ]
INFO: [ app_begin ] --END-- [ RunTime:0.004645s ]
ERR: 非法操作:classsify

[ 2017-04-22T11:20:03+08:00 ] ::1 /MIFOOD/index.php/Home/Index/search.html?search=%E7%83%A7%E7%83%A4
INFO: [ app_init ] --START--
INFO: Run Behavior\BuildLiteBehavior [ RunTime:0.000110s ]
INFO: [ app_init ] --END-- [ RunTime:0.001760s ]

[ 2017-04-22T11:20:08+08:00 ] ::1 /MIFOOD/index.php/Home/Index/search/search/%E7%83%A7%E7%83%A4/p/2.html
INFO: [ app_init ] --START--
INFO: Run Behavior\BuildLiteBehavior [ RunTime:0.000264s ]
INFO: [ app_init ] --END-- [ RunTime:0.003762s ]

[ 2017-04-22T11:20:29+08:00 ] ::1 /MIFOOD/index.php/Home/Index/search/search/%E7%83%A7%E7%83%A4/p/2.html
INFO: [ app_init ] --START--
INFO: Run Behavior\BuildLiteBehavior [ RunTime:0.000147s ]
INFO: [ app_init ] --END-- [ RunTime:0.003001s ]

[ 2017-04-22T11:20:35+08:00 ] ::1 /MIFOOD/index.php/Home/Index/search/search/%E7%83%A7%E7%83%A4/p/1.html
INFO: [ app_init ] --START--
INFO: Run Behavior\BuildLiteBehavior [ RunTime:0.000110s ]
INFO: [ app_init ] --END-- [ RunTime:0.002047s ]

[ 2017-04-22T11:20:51+08:00 ] ::1 /MIFOOD/index.php/Home/Index/details/shop_id/613
INFO: [ app_init ] --START--
INFO: Run Behavior\BuildLiteBehavior [ RunTime:0.000145s ]
INFO: [ app_init ] --END-- [ RunTime:0.003223s ]

[ 2017-04-22T11:21:13+08:00 ] ::1 /MIFOOD/index.php/Home/Index/addLove/shop_id/613
INFO: [ app_init ] --START--
INFO: Run Behavior\BuildLiteBehavior [ RunTime:0.000178s ]
INFO: [ app_init ] --END-- [ RunTime:0.004032s ]

[ 2017-04-22T11:21:25+08:00 ] ::1 /MIFOOD/index.php/Home/Index/person
INFO: [ app_init ] --START--
INFO: Run Behavior\BuildLiteBehavior [ RunTime:0.000107s ]
INFO: [ app_init ] --END-- [ RunTime:0.001768s ]

[ 2017-04-22T11:21:34+08:00 ] ::1 /MIFOOD/index.php/Home/Index/details/shop_id/41
INFO: [ app_init ] --START--
INFO: Run Behavior\BuildLiteBehavior [ RunTime:0.000124s ]
INFO: [ app_init ] --END-- [ RunTime:0.002073s ]

[ 2017-04-22T11:21:44+08:00 ] ::1 /MIFOOD/index.php/Home/Index/classify/category_id/7
INFO: [ app_init ] --START--
INFO: Run Behavior\BuildLiteBehavior [ RunTime:0.000105s ]
INFO: [ app_init ] --END-- [ RunTime:0.001706s ]

[ 2017-04-22T11:21:45+08:00 ] ::1 /MIFOOD/index.php/Home/Index/classsify/p/1.html
INFO: [ app_init ] --START--
INFO: Run Behavior\BuildLiteBehavior [ RunTime:0.000149s ]
INFO: [ app_init ] --END-- [ RunTime:0.004554s ]
INFO: [ app_begin ] --START--
INFO: Run Behavior\ReadHtmlCacheBehavior [ RunTime:0.004457s ]
INFO: [ app_begin ] --END-- [ RunTime:0.005234s ]
ERR: 非法操作:classsify

[ 2017-04-22T11:21:47+08:00 ] ::1 /MIFOOD/index.php/Home/Index/classify/category_id/13
INFO: [ app_init ] --START--
INFO: Run Behavior\BuildLiteBehavior [ RunTime:0.000123s ]
INFO: [ app_init ] --END-- [ RunTime:0.002466s ]

[ 2017-04-22T11:21:47+08:00 ] ::1 /MIFOOD/index.php/Home/Index/classsify/p/1.html
INFO: [ app_init ] --START--
INFO: Run Behavior\BuildLiteBehavior [ RunTime:0.000147s ]
INFO: [ app_init ] --END-- [ RunTime:0.002538s ]
INFO: [ app_begin ] --START--
INFO: Run Behavior\ReadHtmlCacheBehavior [ RunTime:0.002954s ]
INFO: [ app_begin ] --END-- [ RunTime:0.003509s ]
ERR: 非法操作:classsify

[ 2017-04-22T11:21:51+08:00 ] ::1 /MIFOOD/index.php/Home/Index/details/shop_id/1104
INFO: [ app_init ] --START--
INFO: Run Behavior\BuildLiteBehavior [ RunTime:0.000158s ]
INFO: [ app_init ] --END-- [ RunTime:0.003040s ]

[ 2017-04-22T11:21:54+08:00 ] ::1 /MIFOOD/index.php/Home/Index/addLove/shop_id/1104
INFO: [ app_init ] --START--
INFO: Run Behavior\BuildLiteBehavior [ RunTime:0.000115s ]
INFO: [ app_init ] --END-- [ RunTime:0.002257s ]

[ 2017-04-22T11:22:53+08:00 ] ::1 /MIFOOD/index.php/Home/Index/details/shop_id/1104
INFO: [ app_init ] --START--
INFO: Run Behavior\BuildLiteBehavior [ RunTime:0.000118s ]
INFO: [ app_init ] --END-- [ RunTime:0.002268s ]

[ 2017-04-22T11:22:56+08:00 ] ::1 /MIFOOD/index.php/Home/Index/addLove/shop_id/1104
INFO: [ app_init ] --START--
INFO: Run Behavior\BuildLiteBehavior [ RunTime:0.000118s ]
INFO: [ app_init ] --END-- [ RunTime:0.002051s ]

[ 2017-04-22T11:23:01+08:00 ] ::1 /MIFOOD/index.php/Home/Index/log_out
INFO: [ app_init ] --START--
INFO: Run Behavior\BuildLiteBehavior [ RunTime:0.000111s ]
INFO: [ app_init ] --END-- [ RunTime:0.002183s ]

[ 2017-04-22T11:23:02+08:00 ] ::1 /MIFOOD/index.php/Home/Index/Index/index
INFO: [ app_init ] --START--
INFO: Run Behavior\BuildLiteBehavior [ RunTime:0.000120s ]
INFO: [ app_init ] --END-- [ RunTime:0.002316s ]

[ 2017-04-22T11:23:22+08:00 ] ::1 /MIFOOD/index.php/Home/Index/Index/top
INFO: [ app_init ] --START--
INFO: Run Behavior\BuildLiteBehavior [ RunTime:0.000147s ]
INFO: [ app_init ] --END-- [ RunTime:0.003042s ]

[ 2017-04-22T11:23:59+08:00 ] ::1 /MIFOOD/index.php/Home/Index/Index/checkName
INFO: [ app_init ] --START--
INFO: Run Behavior\BuildLiteBehavior [ RunTime:0.000105s ]
INFO: [ app_init ] --END-- [ RunTime:0.001847s ]
INFO: [ app_begin ] --START--
INFO: Run Behavior\ReadHtmlCacheBehavior [ RunTime:0.002666s ]
INFO: [ app_begin ] --END-- [ RunTime:0.003231s ]
SQL: SHOW COLUMNS FROM `shop` [ RunTime:0.001966s ]
SQL: SHOW COLUMNS FROM `shop` [ RunTime:0.001836s ]
SQL: SELECT * FROM `shop` WHERE `state` = 0 ORDER BY loves desc,level desc LIMIT 9   [ RunTime:0.003302s ]
SQL: SELECT * FROM `shop` WHERE `state` = 0 AND `category_id` = 11 ORDER BY shop_id ,level desc LIMIT 4   [ RunTime:0.003896s ]
INFO: [ view_parse ] --START--
INFO: [ template_filter ] --START--
INFO: Run Behavior\ContentReplaceBehavior [ RunTime:0.000942s ]
INFO: [ template_filter ] --END-- [ RunTime:0.001382s ]
INFO: Run Behavior\ParseTemplateBehavior [ RunTime:0.076163s ]
INFO: [ view_parse ] --END-- [ RunTime:0.076630s ]
INFO: [ view_filter ] --START--
INFO: Run Behavior\WriteHtmlCacheBehavior [ RunTime:0.001976s ]
INFO: [ view_filter ] --END-- [ RunTime:0.002404s ]
INFO: [ app_end ] --START--
INFO: Run Behavior\ShowPageTraceBehavior [ RunTime:0.003491s ]
INFO: [ app_end ] --END-- [ RunTime:0.004079s ]

[ 2017-04-22T11:24:05+08:00 ] ::1 /MIFOOD/index.php/Home/Index/logins.html
INFO: [ app_init ] --START--
INFO: Run Behavior\BuildLiteBehavior [ RunTime:0.000120s ]
INFO: [ app_init ] --END-- [ RunTime:0.001996s ]

[ 2017-04-22T11:24:07+08:00 ] ::1 /MIFOOD/index.php/Home/Index/Index/top
INFO: [ app_init ] --START--
INFO: Run Behavior\BuildLiteBehavior [ RunTime:0.000269s ]
INFO: [ app_init ] --END-- [ RunTime:0.003694s ]

[ 2017-04-22T11:24:15+08:00 ] ::1 /MIFOOD/index.php/Home/Index/details/shop_id/48
INFO: [ app_init ] --START--
INFO: Run Behavior\BuildLiteBehavior [ RunTime:0.000117s ]
INFO: [ app_init ] --END-- [ RunTime:0.001917s ]

[ 2017-04-22T11:24:18+08:00 ] ::1 /MIFOOD/index.php/Home/Index/addLove/shop_id/48
INFO: [ app_init ] --START--
INFO: Run Behavior\BuildLiteBehavior [ RunTime:0.000124s ]
INFO: [ app_init ] --END-- [ RunTime:0.002730s ]

[ 2017-04-22T11:24:33+08:00 ] ::1 /MIFOOD/index.php/Home/Index/details/shop_id/48
INFO: [ app_init ] --START--
INFO: Run Behavior\BuildLiteBehavior [ RunTime:0.000118s ]
INFO: [ app_init ] --END-- [ RunTime:0.002191s ]

[ 2017-04-22T11:24:35+08:00 ] ::1 /MIFOOD/index.php/Home/Index/addLove/shop_id/48
INFO: [ app_init ] --START--
INFO: Run Behavior\BuildLiteBehavior [ RunTime:0.000142s ]
INFO: [ app_init ] --END-- [ RunTime:0.003090s ]

[ 2017-04-22T11:24:36+08:00 ] ::1 /MIFOOD/index.php/Home/Index/details/shop_id/48
INFO: [ app_init ] --START--
INFO: Run Behavior\BuildLiteBehavior [ RunTime:0.000176s ]
INFO: [ app_init ] --END-- [ RunTime:0.003009s ]

[ 2017-04-22T11:24:39+08:00 ] ::1 /MIFOOD/index.php/Home/Index/person
INFO: [ app_init ] --START--
INFO: Run Behavior\BuildLiteBehavior [ RunTime:0.000109s ]
INFO: [ app_init ] --END-- [ RunTime:0.001859s ]

[ 2017-04-22T11:24:42+08:00 ] ::1 /MIFOOD/index.php/Home/Index/person/p/2.html
INFO: [ app_init ] --START--
INFO: Run Behavior\BuildLiteBehavior [ RunTime:0.000125s ]
INFO: [ app_init ] --END-- [ RunTime:0.002516s ]

[ 2017-04-22T11:24:45+08:00 ] ::1 /MIFOOD/index.php/Home/Index/person/p/3.html
INFO: [ app_init ] --START--
INFO: Run Behavior\BuildLiteBehavior [ RunTime:0.000115s ]
INFO: [ app_init ] --END-- [ RunTime:0.002026s ]

[ 2017-04-22T11:32:17+08:00 ] ::1 /MIFOOD/index.php/Home/Index/details/shop_id/48
INFO: [ app_init ] --START--
INFO: Run Behavior\BuildLiteBehavior [ RunTime:0.000109s ]
INFO: [ app_init ] --END-- [ RunTime:0.002145s ]

[ 2017-04-22T11:34:48+08:00 ] ::1 /MIFOOD/index.php/Home/Index/details/shop_id/1
INFO: [ app_init ] --START--
INFO: Run Behavior\BuildLiteBehavior [ RunTime:0.000112s ]
INFO: [ app_init ] --END-- [ RunTime:0.002124s ]

[ 2017-04-22T11:34:55+08:00 ] ::1 /MIFOOD/index.php/Home/Index/details/shop_id/2
INFO: [ app_init ] --START--
INFO: Run Behavior\BuildLiteBehavior [ RunTime:0.000111s ]
INFO: [ app_init ] --END-- [ RunTime:0.001760s ]

[ 2017-04-22T11:36:15+08:00 ] ::1 /MIFOOD/index.php/Home/Index/details/shop_id/2
INFO: [ app_init ] --START--
INFO: Run Behavior\BuildLiteBehavior [ RunTime:0.000113s ]
INFO: [ app_init ] --END-- [ RunTime:0.001970s ]

[ 2017-04-22T11:36:28+08:00 ] ::1 /MIFOOD/index.php/Home/Index/details/shop_id/2
INFO: [ app_init ] --START--
INFO: Run Behavior\BuildLiteBehavior [ RunTime:0.000153s ]
INFO: [ app_init ] --END-- [ RunTime:0.002490s ]

[ 2017-04-22T11:37:22+08:00 ] ::1 /MIFOOD/index.php/Home/Index/details/shop_id/2
INFO: [ app_init ] --START--
INFO: Run Behavior\BuildLiteBehavior [ RunTime:0.000122s ]
INFO: [ app_init ] --END-- [ RunTime:0.002095s ]

[ 2017-04-22T11:39:43+08:00 ] ::1 /MIFOOD/index.php/Home/Index/details/shop_id/2
INFO: [ app_init ] --START--
INFO: Run Behavior\BuildLiteBehavior [ RunTime:0.000149s ]
INFO: [ app_init ] --END-- [ RunTime:0.002649s ]

[ 2017-04-22T11:42:06+08:00 ] ::1 /MIFOOD/index.php/Home/Index/details/shop_id/2
INFO: [ app_init ] --START--
INFO: Run Behavior\BuildLiteBehavior [ RunTime:0.000114s ]
INFO: [ app_init ] --END-- [ RunTime:0.002444s ]

[ 2017-04-22T11:42:17+08:00 ] ::1 /MIFOOD/index.php/Home/Index/details/shop_id/2
INFO: [ app_init ] --START--
INFO: Run Behavior\BuildLiteBehavior [ RunTime:0.000105s ]
INFO: [ app_init ] --END-- [ RunTime:0.002186s ]

[ 2017-04-22T11:42:31+08:00 ] ::1 /MIFOOD/index.php/Home/Index/details/shop_id/2
INFO: [ app_init ] --START--
INFO: Run Behavior\BuildLiteBehavior [ RunTime:0.000121s ]
INFO: [ app_init ] --END-- [ RunTime:0.002431s ]

[ 2017-04-22T11:42:57+08:00 ] ::1 /MIFOOD/index.php/Home/Index/details/shop_id/2
INFO: [ app_init ] --START--
INFO: Run Behavior\BuildLiteBehavior [ RunTime:0.000111s ]
INFO: [ app_init ] --END-- [ RunTime:0.002231s ]

[ 2017-04-22T11:43:32+08:00 ] ::1 /MIFOOD/index.php/Home/Index/details/shop_id/2
INFO: [ app_init ] --START--
INFO: Run Behavior\BuildLiteBehavior [ RunTime:0.000145s ]
INFO: [ app_init ] --END-- [ RunTime:0.002603s ]

[ 2017-04-22T11:45:17+08:00 ] ::1 /MIFOOD/index.php/Home/Index/details/shop_id/2
INFO: [ app_init ] --START--
INFO: Run Behavior\BuildLiteBehavior [ RunTime:0.000105s ]
INFO: [ app_init ] --END-- [ RunTime:0.001826s ]

[ 2017-04-22T11:45:39+08:00 ] ::1 /MIFOOD/index.php/Home/Index/details/shop_id/2
INFO: [ app_init ] --START--
INFO: Run Behavior\BuildLiteBehavior [ RunTime:0.000133s ]
INFO: [ app_init ] --END-- [ RunTime:0.002091s ]

[ 2017-04-22T11:45:56+08:00 ] ::1 /MIFOOD/index.php/Home/Index/details/shop_id/2
INFO: [ app_init ] --START--
INFO: Run Behavior\BuildLiteBehavior [ RunTime:0.000117s ]
INFO: [ app_init ] --END-- [ RunTime:0.002132s ]

[ 2017-04-22T11:46:05+08:00 ] ::1 /MIFOOD/index.php/Home/Index/person
INFO: [ app_init ] --START--
INFO: Run Behavior\BuildLiteBehavior [ RunTime:0.000128s ]
INFO: [ app_init ] --END-- [ RunTime:0.002301s ]

[ 2017-04-22T11:49:59+08:00 ] ::1 /MIFOOD/index.php/Home/Index/person
INFO: [ app_init ] --START--
INFO: Run Behavior\BuildLiteBehavior [ RunTime:0.000120s ]
INFO: [ app_init ] --END-- [ RunTime:0.002373s ]

[ 2017-04-22T11:50:03+08:00 ] ::1 /MIFOOD/index.php/Home/Index/mail
INFO: [ app_init ] --START--
INFO: Run Behavior\BuildLiteBehavior [ RunTime:0.000155s ]
INFO: [ app_init ] --END-- [ RunTime:0.003277s ]

[ 2017-04-22T11:53:43+08:00 ] ::1 /MIFOOD/index.php/Home/Index/person
INFO: [ app_init ] --START--
INFO: Run Behavior\BuildLiteBehavior [ RunTime:0.000155s ]
INFO: [ app_init ] --END-- [ RunTime:0.003091s ]

[ 2017-04-22T11:53:46+08:00 ] ::1 /MIFOOD/index.php/Home/Index/mail
INFO: [ app_init ] --START--
INFO: Run Behavior\BuildLiteBehavior [ RunTime:0.000175s ]
INFO: [ app_init ] --END-- [ RunTime:0.006181s ]

[ 2017-04-22T11:53:48+08:00 ] ::1 /MIFOOD/index.php/Home/Index/person
INFO: [ app_init ] --START--
INFO: Run Behavior\BuildLiteBehavior [ RunTime:0.000114s ]
INFO: [ app_init ] --END-- [ RunTime:0.002324s ]

[ 2017-04-22T11:54:19+08:00 ] ::1 /MIFOOD/index.php/Home/Index/person
INFO: [ app_init ] --START--
INFO: Run Behavior\BuildLiteBehavior [ RunTime:0.000145s ]
INFO: [ app_init ] --END-- [ RunTime:0.003497s ]

[ 2017-04-22T11:54:23+08:00 ] ::1 /MIFOOD/index.php/Home/Index/mail
INFO: [ app_init ] --START--
INFO: Run Behavior\BuildLiteBehavior [ RunTime:0.000274s ]
INFO: [ app_init ] --END-- [ RunTime:0.003191s ]

[ 2017-04-22T11:54:25+08:00 ] ::1 /MIFOOD/index.php/Home/Index/person
INFO: [ app_init ] --START--
INFO: Run Behavior\BuildLiteBehavior [ RunTime:0.000179s ]
INFO: [ app_init ] --END-- [ RunTime:0.003049s ]

[ 2017-04-22T11:55:17+08:00 ] ::1 /MIFOOD/index.php/Home/Index/person
INFO: [ app_init ] --START--
INFO: Run Behavior\BuildLiteBehavior [ RunTime:0.000152s ]
INFO: [ app_init ] --END-- [ RunTime:0.007479s ]

[ 2017-04-22T11:55:23+08:00 ] ::1 /MIFOOD/index.php/Home/Index/mail
INFO: [ app_init ] --START--
INFO: Run Behavior\BuildLiteBehavior [ RunTime:0.000194s ]
INFO: [ app_init ] --END-- [ RunTime:0.003873s ]

[ 2017-04-22T11:55:54+08:00 ] ::1 /MIFOOD/index.php/Home/Index/person
INFO: [ app_init ] --START--
INFO: Run Behavior\BuildLiteBehavior [ RunTime:0.000167s ]
INFO: [ app_init ] --END-- [ RunTime:0.002926s ]

[ 2017-04-22T11:56:24+08:00 ] ::1 /MIFOOD/index.php/Home/Index/person
INFO: [ app_init ] --START--
INFO: Run Behavior\BuildLiteBehavior [ RunTime:0.000108s ]
INFO: [ app_init ] --END-- [ RunTime:0.002398s ]

[ 2017-04-22T11:56:33+08:00 ] ::1 /MIFOOD/index.php/Home/Index/mail
INFO: [ app_init ] --START--
INFO: Run Behavior\BuildLiteBehavior [ RunTime:0.000125s ]
INFO: [ app_init ] --END-- [ RunTime:0.002225s ]

[ 2017-04-22T11:56:58+08:00 ] ::1 /MIFOOD/index.php/Home/Index/mail
INFO: [ app_init ] --START--
INFO: Run Behavior\BuildLiteBehavior [ RunTime:0.000150s ]
INFO: [ app_init ] --END-- [ RunTime:0.002580s ]

[ 2017-04-22T11:57:37+08:00 ] ::1 /MIFOOD/index.php/Home/Index/person
INFO: [ app_init ] --START--
INFO: Run Behavior\BuildLiteBehavior [ RunTime:0.000130s ]
INFO: [ app_init ] --END-- [ RunTime:0.002285s ]

[ 2017-04-22T11:57:41+08:00 ] ::1 /MIFOOD/index.php/Home/Index/mail
INFO: [ app_init ] --START--
INFO: Run Behavior\BuildLiteBehavior [ RunTime:0.000149s ]
INFO: [ app_init ] --END-- [ RunTime:0.003143s ]

[ 2017-04-22T11:57:42+08:00 ] ::1 /MIFOOD/index.php/Home/Index/person
INFO: [ app_init ] --START--
INFO: Run Behavior\BuildLiteBehavior [ RunTime:0.000140s ]
INFO: [ app_init ] --END-- [ RunTime:0.002478s ]

[ 2017-04-22T11:58:29+08:00 ] ::1 /MIFOOD/index.php/Home/Index/person
INFO: [ app_init ] --START--
INFO: Run Behavior\BuildLiteBehavior [ RunTime:0.000109s ]
INFO: [ app_init ] --END-- [ RunTime:0.001994s ]

[ 2017-04-22T11:58:35+08:00 ] ::1 /MIFOOD/index.php/Home/Index/mail
INFO: [ app_init ] --START--
INFO: Run Behavior\BuildLiteBehavior [ RunTime:0.000130s ]
INFO: [ app_init ] --END-- [ RunTime:0.002169s ]

[ 2017-04-22T11:58:36+08:00 ] ::1 /MIFOOD/index.php/Home/Index/person
INFO: [ app_init ] --START--
INFO: Run Behavior\BuildLiteBehavior [ RunTime:0.000124s ]
INFO: [ app_init ] --END-- [ RunTime:0.003179s ]

[ 2017-04-22T12:00:37+08:00 ] ::1 /MIFOOD/index.php/Home/Index/classify
INFO: [ app_init ] --START--
INFO: Run Behavior\BuildLiteBehavior [ RunTime:0.000111s ]
INFO: [ app_init ] --END-- [ RunTime:0.002134s ]

[ 2017-04-22T12:00:38+08:00 ] ::1 /MIFOOD/index.php/Home/Index/classsify/p/1.html
INFO: [ app_init ] --START--
INFO: Run Behavior\BuildLiteBehavior [ RunTime:0.000157s ]
INFO: [ app_init ] --END-- [ RunTime:0.003016s ]
INFO: [ app_begin ] --START--
INFO: Run Behavior\ReadHtmlCacheBehavior [ RunTime:0.003389s ]
INFO: [ app_begin ] --END-- [ RunTime:0.003925s ]
ERR: 非法操作:classsify

[ 2017-04-22T12:01:11+08:00 ] ::1 /MIFOOD/index.php/Home/Index/classify/category_id/11
INFO: [ app_init ] --START--
INFO: Run Behavior\BuildLiteBehavior [ RunTime:0.000111s ]
INFO: [ app_init ] --END-- [ RunTime:0.002084s ]

[ 2017-04-22T12:01:12+08:00 ] ::1 /MIFOOD/index.php/Home/Index/classsify/p/1.html
INFO: [ app_init ] --START--
INFO: Run Behavior\BuildLiteBehavior [ RunTime:0.000143s ]
INFO: [ app_init ] --END-- [ RunTime:0.003073s ]
INFO: [ app_begin ] --START--
INFO: Run Behavior\ReadHtmlCacheBehavior [ RunTime:0.004570s ]
INFO: [ app_begin ] --END-- [ RunTime:0.005370s ]
ERR: 非法操作:classsify

[ 2017-04-22T12:01:26+08:00 ] ::1 /MIFOOD/index.php/Home/Index/classify/category_id/11/p/2.html
INFO: [ app_init ] --START--
INFO: Run Behavior\BuildLiteBehavior [ RunTime:0.000111s ]
INFO: [ app_init ] --END-- [ RunTime:0.001978s ]

[ 2017-04-22T12:01:29+08:00 ] ::1 /MIFOOD/index.php/Home/Index/classsify/p/1.html
INFO: [ app_init ] --START--
INFO: Run Behavior\BuildLiteBehavior [ RunTime:0.000153s ]
INFO: [ app_init ] --END-- [ RunTime:0.003164s ]
INFO: [ app_begin ] --START--
INFO: Run Behavior\ReadHtmlCacheBehavior [ RunTime:0.004632s ]
INFO: [ app_begin ] --END-- [ RunTime:0.005303s ]
ERR: 非法操作:classsify

[ 2017-04-22T12:01:37+08:00 ] ::1 /MIFOOD/index.php/Home/Index/details/shop_id/654
INFO: [ app_init ] --START--
INFO: Run Behavior\BuildLiteBehavior [ RunTime:0.000109s ]
INFO: [ app_init ] --END-- [ RunTime:0.001963s ]

[ 2017-04-22T12:06:21+08:00 ] ::1 /MIFOOD/index.php/Home/Index/details/shop_id/3
INFO: [ app_init ] --START--
INFO: Run Behavior\BuildLiteBehavior [ RunTime:0.000106s ]
INFO: [ app_init ] --END-- [ RunTime:0.002073s ]

[ 2017-04-22T12:06:48+08:00 ] ::1 /MIFOOD/index.php/Home/Index/addLove/shop_id/3
INFO: [ app_init ] --START--
INFO: Run Behavior\BuildLiteBehavior [ RunTime:0.000145s ]
INFO: [ app_init ] --END-- [ RunTime:0.003045s ]

[ 2017-04-22T12:06:49+08:00 ] ::1 /MIFOOD/index.php/Home/Index/details/shop_id/3
INFO: [ app_init ] --START--
INFO: Run Behavior\BuildLiteBehavior [ RunTime:0.000103s ]
INFO: [ app_init ] --END-- [ RunTime:0.001784s ]

[ 2017-04-22T12:06:55+08:00 ] ::1 /MIFOOD/index.php/Home/Index/person
INFO: [ app_init ] --START--
INFO: Run Behavior\BuildLiteBehavior [ RunTime:0.000109s ]
INFO: [ app_init ] --END-- [ RunTime:0.002170s ]

[ 2017-04-22T12:06:58+08:00 ] ::1 /MIFOOD/index.php/Home/Index/person/p/3.html
INFO: [ app_init ] --START--
INFO: Run Behavior\BuildLiteBehavior [ RunTime:0.000192s ]
INFO: [ app_init ] --END-- [ RunTime:0.003563s ]

[ 2017-04-22T12:07:15+08:00 ] ::1 /MIFOOD/index.php/Home/Index/index
INFO: [ app_init ] --START--
INFO: Run Behavior\BuildLiteBehavior [ RunTime:0.000106s ]
INFO: [ app_init ] --END-- [ RunTime:0.001837s ]

[ 2017-04-22T12:07:33+08:00 ] ::1 /MIFOOD/index.php/Home/Index/search.html?search=%E7%94%9C%E7%82%B9
INFO: [ app_init ] --START--
INFO: Run Behavior\BuildLiteBehavior [ RunTime:0.000113s ]
INFO: [ app_init ] --END-- [ RunTime:0.001945s ]

[ 2017-04-22T12:07:47+08:00 ] ::1 /MIFOOD/index.php/Home/Index/log_out
INFO: [ app_init ] --START--
INFO: Run Behavior\BuildLiteBehavior [ RunTime:0.000117s ]
INFO: [ app_init ] --END-- [ RunTime:0.002476s ]

[ 2017-04-22T12:07:49+08:00 ] ::1 /MIFOOD/index.php/Home/Index/Index/index
INFO: [ app_init ] --START--
INFO: Run Behavior\BuildLiteBehavior [ RunTime:0.000151s ]
INFO: [ app_init ] --END-- [ RunTime:0.002817s ]

