[ 2017-03-16T00:14:00+08:00 ] ::1 /3.2.1/index.php/Home/User/login
INFO: [ app_init ] --START--
INFO: Run Behavior\BuildLiteBehavior [ RunTime:0.000111s ]
INFO: [ app_init ] --END-- [ RunTime:0.002119s ]

[ 2017-03-16T00:14:11+08:00 ] ::1 /3.2.1/index.php/Home/Index/loing.html
INFO: [ app_init ] --START--
INFO: Run Behavior\BuildLiteBehavior [ RunTime:0.000108s ]
INFO: [ app_init ] --END-- [ RunTime:0.001628s ]

[ 2017-03-16T00:14:22+08:00 ] ::1 /3.2.1/index.php/Home/login
INFO: [ app_init ] --START--
INFO: Run Behavior\BuildLiteBehavior [ RunTime:0.000109s ]
INFO: [ app_init ] --END-- [ RunTime:0.001640s ]
ERR: 非法操作:index

[ 2017-03-16T00:14:31+08:00 ] ::1 /3.2.1/index.php/Home/User/login
INFO: [ app_init ] --START--
INFO: Run Behavior\BuildLiteBehavior [ RunTime:0.000106s ]
INFO: [ app_init ] --END-- [ RunTime:0.001469s ]

[ 2017-03-16T00:14:36+08:00 ] ::1 /3.2.1/index.php/Home/Index/loings.html
INFO: [ app_init ] --START--
INFO: Run Behavior\BuildLiteBehavior [ RunTime:0.000111s ]
INFO: [ app_init ] --END-- [ RunTime:0.001795s ]

[ 2017-03-16T00:16:37+08:00 ] ::1 /3.2.1/index.php/Home/User/login
INFO: [ app_init ] --START--
INFO: Run Behavior\BuildLiteBehavior [ RunTime:0.000110s ]
INFO: [ app_init ] --END-- [ RunTime:0.001798s ]

[ 2017-03-16T00:16:48+08:00 ] ::1 /3.2.1/index.php/Home/Index/loing.html
INFO: [ app_init ] --START--
INFO: Run Behavior\BuildLiteBehavior [ RunTime:0.000105s ]
INFO: [ app_init ] --END-- [ RunTime:0.001651s ]

[ 2017-03-16T00:18:22+08:00 ] ::1 /3.2.1/index.php/Home/Index/loing.html
INFO: [ app_init ] --START--
INFO: Run Behavior\BuildLiteBehavior [ RunTime:0.000122s ]
INFO: [ app_init ] --END-- [ RunTime:0.002139s ]

[ 2017-03-16T00:20:13+08:00 ] ::1 /3.2.1/index.php/Home/User/
INFO: [ app_init ] --START--
INFO: Run Behavior\BuildLiteBehavior [ RunTime:0.000119s ]
INFO: [ app_init ] --END-- [ RunTime:0.001395s ]

[ 2017-03-16T00:20:35+08:00 ] ::1 /3.2.1/index.php/Home/User/
INFO: [ app_init ] --START--
INFO: Run Behavior\BuildLiteBehavior [ RunTime:0.000109s ]
INFO: [ app_init ] --END-- [ RunTime:0.001397s ]

[ 2017-03-16T00:20:47+08:00 ] ::1 /3.2.1/index.php/Home/User/
INFO: [ app_init ] --START--
INFO: Run Behavior\BuildLiteBehavior [ RunTime:0.000105s ]
INFO: [ app_init ] --END-- [ RunTime:0.001516s ]

[ 2017-03-16T00:22:38+08:00 ] ::1 /3.2.1/index.php/Home/User/
INFO: [ app_init ] --START--
INFO: Run Behavior\BuildLiteBehavior [ RunTime:0.000142s ]
INFO: [ app_init ] --END-- [ RunTime:0.002338s ]

[ 2017-03-16T00:24:13+08:00 ] ::1 /3.2.1/index.php/Home/User/login
INFO: [ app_init ] --START--
INFO: Run Behavior\BuildLiteBehavior [ RunTime:0.000103s ]
INFO: [ app_init ] --END-- [ RunTime:0.001381s ]

[ 2017-03-16T00:24:23+08:00 ] ::1 /3.2.1/index.php/Home/Index/loing.html
INFO: [ app_init ] --START--
INFO: Run Behavior\BuildLiteBehavior [ RunTime:0.000114s ]
INFO: [ app_init ] --END-- [ RunTime:0.001800s ]

[ 2017-03-16T00:24:37+08:00 ] ::1 /3.2.1/index.php/Home/Index/
INFO: [ app_init ] --START--
INFO: Run Behavior\BuildLiteBehavior [ RunTime:0.000101s ]
INFO: [ app_init ] --END-- [ RunTime:0.001350s ]

[ 2017-03-16T00:24:50+08:00 ] ::1 /3.2.1/index.php/Home/User/login
INFO: [ app_init ] --START--
INFO: Run Behavior\BuildLiteBehavior [ RunTime:0.000109s ]
INFO: [ app_init ] --END-- [ RunTime:0.001333s ]

[ 2017-03-16T00:24:59+08:00 ] ::1 /3.2.1/index.php/Home/Index/loings.html
INFO: [ app_init ] --START--
INFO: Run Behavior\BuildLiteBehavior [ RunTime:0.000106s ]
INFO: [ app_init ] --END-- [ RunTime:0.001550s ]

[ 2017-03-16T00:25:09+08:00 ] ::1 /3.2.1/index.php/Home/User/
INFO: [ app_init ] --START--
INFO: Run Behavior\BuildLiteBehavior [ RunTime:0.000180s ]
INFO: [ app_init ] --END-- [ RunTime:0.001752s ]

[ 2017-03-16T00:26:39+08:00 ] ::1 /3.2.1/index.php/Home/User/uploadImg.html
INFO: [ app_init ] --START--
INFO: Run Behavior\BuildLiteBehavior [ RunTime:0.000193s ]
INFO: [ app_init ] --END-- [ RunTime:0.002867s ]

[ 2017-03-16T00:26:43+08:00 ] ::1 /3.2.1/index.php/Home/User/cropImg.html
INFO: [ app_init ] --START--
INFO: Run Behavior\BuildLiteBehavior [ RunTime:0.000112s ]
INFO: [ app_init ] --END-- [ RunTime:0.001625s ]

[ 2017-03-16T00:27:43+08:00 ] ::1 /3.2.1/index.php/Home/User/uploadImg.html
INFO: [ app_init ] --START--
INFO: Run Behavior\BuildLiteBehavior [ RunTime:0.000103s ]
INFO: [ app_init ] --END-- [ RunTime:0.001466s ]

[ 2017-03-16T00:27:50+08:00 ] ::1 /3.2.1/index.php/Home/User/cropImg.html
INFO: [ app_init ] --START--
INFO: Run Behavior\BuildLiteBehavior [ RunTime:0.000109s ]
INFO: [ app_init ] --END-- [ RunTime:0.001732s ]

[ 2017-03-16T00:28:54+08:00 ] ::1 /3.2.1/index.php/Home/User/upload
INFO: [ app_init ] --START--
INFO: Run Behavior\BuildLiteBehavior [ RunTime:0.000107s ]
INFO: [ app_init ] --END-- [ RunTime:0.001572s ]
ERR: 非法操作:upload

[ 2017-03-16T00:29:03+08:00 ] ::1 /3.2.1/index.php/Home/User/
INFO: [ app_init ] --START--
INFO: Run Behavior\BuildLiteBehavior [ RunTime:0.000110s ]
INFO: [ app_init ] --END-- [ RunTime:0.001725s ]

[ 2017-03-16T00:29:10+08:00 ] ::1 /3.2.1/index.php/Home/User/uploadImg.html
INFO: [ app_init ] --START--
INFO: Run Behavior\BuildLiteBehavior [ RunTime:0.000113s ]
INFO: [ app_init ] --END-- [ RunTime:0.001738s ]

[ 2017-03-16T00:29:15+08:00 ] ::1 /3.2.1/index.php/Home/User/cropImg.html
INFO: [ app_init ] --START--
INFO: Run Behavior\BuildLiteBehavior [ RunTime:0.000106s ]
INFO: [ app_init ] --END-- [ RunTime:0.001668s ]

[ 2017-03-16T00:29:16+08:00 ] ::1 /3.2.1/index.php/Home/User/
INFO: [ app_init ] --START--
INFO: Run Behavior\BuildLiteBehavior [ RunTime:0.000108s ]
INFO: [ app_init ] --END-- [ RunTime:0.001622s ]

[ 2017-03-16T00:31:30+08:00 ] ::1 /3.2.1/index.php/Home/User/uploadImg.html
INFO: [ app_init ] --START--
INFO: Run Behavior\BuildLiteBehavior [ RunTime:0.000119s ]
INFO: [ app_init ] --END-- [ RunTime:0.001652s ]

[ 2017-03-16T00:31:45+08:00 ] ::1 /3.2.1/index.php/Home/User/cropImg.html
INFO: [ app_init ] --START--
INFO: Run Behavior\BuildLiteBehavior [ RunTime:0.000105s ]
INFO: [ app_init ] --END-- [ RunTime:0.001552s ]

[ 2017-03-16T00:31:47+08:00 ] ::1 /3.2.1/index.php/Home/User/
INFO: [ app_init ] --START--
INFO: Run Behavior\BuildLiteBehavior [ RunTime:0.000109s ]
INFO: [ app_init ] --END-- [ RunTime:0.001674s ]

[ 2017-03-16T00:34:28+08:00 ] ::1 /3.2.1/index.php/Home/User/uploadImg.html
INFO: [ app_init ] --START--
INFO: Run Behavior\BuildLiteBehavior [ RunTime:0.000150s ]
INFO: [ app_init ] --END-- [ RunTime:0.002284s ]

[ 2017-03-16T00:34:33+08:00 ] ::1 /3.2.1/index.php/Home/User/uploadImg.html
INFO: [ app_init ] --START--
INFO: Run Behavior\BuildLiteBehavior [ RunTime:0.000110s ]
INFO: [ app_init ] --END-- [ RunTime:0.001683s ]

[ 2017-03-16T00:35:37+08:00 ] ::1 /3.2.1/index.php/Home/User/uploadImg.html
INFO: [ app_init ] --START--
INFO: Run Behavior\BuildLiteBehavior [ RunTime:0.000114s ]
INFO: [ app_init ] --END-- [ RunTime:0.001796s ]

[ 2017-03-16T00:36:32+08:00 ] ::1 /3.2.1/index.php/Home/User/uploadImg.html
INFO: [ app_init ] --START--
INFO: Run Behavior\BuildLiteBehavior [ RunTime:0.000109s ]
INFO: [ app_init ] --END-- [ RunTime:0.001671s ]

[ 2017-03-16T00:36:38+08:00 ] ::1 /3.2.1/index.php/Home/User/cropImg.html
INFO: [ app_init ] --START--
INFO: Run Behavior\BuildLiteBehavior [ RunTime:0.000114s ]
INFO: [ app_init ] --END-- [ RunTime:0.002174s ]

[ 2017-03-16T00:37:43+08:00 ] ::1 /3.2.1/index.php/Home/User/uploadImg.html
INFO: [ app_init ] --START--
INFO: Run Behavior\BuildLiteBehavior [ RunTime:0.000117s ]
INFO: [ app_init ] --END-- [ RunTime:0.001700s ]

[ 2017-03-16T00:37:46+08:00 ] ::1 /3.2.1/index.php/Home/User/cropImg.html
INFO: [ app_init ] --START--
INFO: Run Behavior\BuildLiteBehavior [ RunTime:0.000137s ]
INFO: [ app_init ] --END-- [ RunTime:0.002902s ]

[ 2017-03-16T00:38:12+08:00 ] ::1 /3.2.1/index.php/Home/User/uploadImg.html
INFO: [ app_init ] --START--
INFO: Run Behavior\BuildLiteBehavior [ RunTime:0.000153s ]
INFO: [ app_init ] --END-- [ RunTime:0.002604s ]

[ 2017-03-16T00:38:14+08:00 ] ::1 /3.2.1/index.php/Home/User/cropImg.html
INFO: [ app_init ] --START--
INFO: Run Behavior\BuildLiteBehavior [ RunTime:0.000110s ]
INFO: [ app_init ] --END-- [ RunTime:0.001712s ]
ERR: Think\Model:success方法不存在！

[ 2017-03-16T00:39:06+08:00 ] ::1 /3.2.1/index.php/Home/User/uploadImg.html
INFO: [ app_init ] --START--
INFO: Run Behavior\BuildLiteBehavior [ RunTime:0.000123s ]
INFO: [ app_init ] --END-- [ RunTime:0.002045s ]

[ 2017-03-16T00:39:07+08:00 ] ::1 /3.2.1/index.php/Home/User/cropImg.html
INFO: [ app_init ] --START--
INFO: Run Behavior\BuildLiteBehavior [ RunTime:0.000130s ]
INFO: [ app_init ] --END-- [ RunTime:0.002261s ]

[ 2017-03-16T00:39:14+08:00 ] ::1 /3.2.1/index.php/Home/User/
INFO: [ app_init ] --START--
INFO: Run Behavior\BuildLiteBehavior [ RunTime:0.000116s ]
INFO: [ app_init ] --END-- [ RunTime:0.001746s ]

[ 2017-03-16T08:26:43+08:00 ] ::1 /3.2.1/Home/User/login
INFO: [ app_init ] --START--
INFO: Run Behavior\BuildLiteBehavior [ RunTime:0.000105s ]
INFO: [ app_init ] --END-- [ RunTime:0.001657s ]

[ 2017-03-16T08:26:55+08:00 ] ::1 /3.2.1/index.php/Home/Index/loings.html
INFO: [ app_init ] --START--
INFO: Run Behavior\BuildLiteBehavior [ RunTime:0.000123s ]
INFO: [ app_init ] --END-- [ RunTime:0.002100s ]

[ 2017-03-16T08:27:18+08:00 ] ::1 /3.2.1/index.php/Home/User/
INFO: [ app_init ] --START--
INFO: Run Behavior\BuildLiteBehavior [ RunTime:0.000105s ]
INFO: [ app_init ] --END-- [ RunTime:0.001757s ]

[ 2017-03-16T08:27:26+08:00 ] ::1 /3.2.1/index.php/Home/User/uploadImg.html
INFO: [ app_init ] --START--
INFO: Run Behavior\BuildLiteBehavior [ RunTime:0.000210s ]
INFO: [ app_init ] --END-- [ RunTime:0.003526s ]

[ 2017-03-16T08:27:34+08:00 ] ::1 /3.2.1/index.php/Home/User/cropImg.html
INFO: [ app_init ] --START--
INFO: Run Behavior\BuildLiteBehavior [ RunTime:0.000121s ]
INFO: [ app_init ] --END-- [ RunTime:0.001778s ]

[ 2017-03-16T08:28:20+08:00 ] ::1 /3.2.1/index.php/Home/User/uploadImg.html
INFO: [ app_init ] --START--
INFO: Run Behavior\BuildLiteBehavior [ RunTime:0.000105s ]
INFO: [ app_init ] --END-- [ RunTime:0.001493s ]

[ 2017-03-16T08:28:25+08:00 ] ::1 /3.2.1/index.php/Home/User/cropImg.html
INFO: [ app_init ] --START--
INFO: Run Behavior\BuildLiteBehavior [ RunTime:0.000115s ]
INFO: [ app_init ] --END-- [ RunTime:0.002041s ]

[ 2017-03-16T08:30:56+08:00 ] ::1 /3.2.1/index.php/Home/User/user
INFO: [ app_init ] --START--
INFO: Run Behavior\BuildLiteBehavior [ RunTime:0.000105s ]
INFO: [ app_init ] --END-- [ RunTime:0.001525s ]

[ 2017-03-16T08:32:30+08:00 ] ::1 /3.2.1/index.php/Home/User
INFO: [ app_init ] --START--
INFO: Run Behavior\BuildLiteBehavior [ RunTime:0.000104s ]
INFO: [ app_init ] --END-- [ RunTime:0.001569s ]

[ 2017-03-16T08:32:45+08:00 ] ::1 /3.2.1/index.php/Home/User/uploadImg.html
INFO: [ app_init ] --START--
INFO: Run Behavior\BuildLiteBehavior [ RunTime:0.000104s ]
INFO: [ app_init ] --END-- [ RunTime:0.001732s ]

[ 2017-03-16T08:32:52+08:00 ] ::1 /3.2.1/index.php/Home/User/cropImg.html
INFO: [ app_init ] --START--
INFO: Run Behavior\BuildLiteBehavior [ RunTime:0.000145s ]
INFO: [ app_init ] --END-- [ RunTime:0.002658s ]

[ 2017-03-16T08:33:36+08:00 ] ::1 /3.2.1/index.php/Home/User/uploadImg.html
INFO: [ app_init ] --START--
INFO: Run Behavior\BuildLiteBehavior [ RunTime:0.000124s ]
INFO: [ app_init ] --END-- [ RunTime:0.002439s ]

[ 2017-03-16T08:33:41+08:00 ] ::1 /3.2.1/index.php/Home/User/cropImg.html
INFO: [ app_init ] --START--
INFO: Run Behavior\BuildLiteBehavior [ RunTime:0.000106s ]
INFO: [ app_init ] --END-- [ RunTime:0.001730s ]

[ 2017-03-16T08:57:14+08:00 ] ::1 /3.2.1/index.php/Home/User
INFO: [ app_init ] --START--
INFO: Run Behavior\BuildLiteBehavior [ RunTime:0.000143s ]
INFO: [ app_init ] --END-- [ RunTime:0.013151s ]

[ 2017-03-16T08:57:30+08:00 ] ::1 /3.2.1/index.php/Home/User/uploadImg.html
INFO: [ app_init ] --START--
INFO: Run Behavior\BuildLiteBehavior [ RunTime:0.000150s ]
INFO: [ app_init ] --END-- [ RunTime:0.002297s ]

[ 2017-03-16T08:57:37+08:00 ] ::1 /3.2.1/index.php/Home/User/cropImg.html
INFO: [ app_init ] --START--
INFO: Run Behavior\BuildLiteBehavior [ RunTime:0.000108s ]
INFO: [ app_init ] --END-- [ RunTime:0.001761s ]

[ 2017-03-16T08:57:55+08:00 ] ::1 /3.2.1/index.php/Home/User
INFO: [ app_init ] --START--
INFO: Run Behavior\BuildLiteBehavior [ RunTime:0.000113s ]
INFO: [ app_init ] --END-- [ RunTime:0.001992s ]

[ 2017-03-16T08:58:40+08:00 ] ::1 /3.2.1/index.php/Home/User/log_out
INFO: [ app_init ] --START--
INFO: Run Behavior\BuildLiteBehavior [ RunTime:0.000114s ]
INFO: [ app_init ] --END-- [ RunTime:0.001813s ]

[ 2017-03-16T08:58:57+08:00 ] ::1 /3.2.1/index.php/Home/User/
INFO: [ app_init ] --START--
INFO: Run Behavior\BuildLiteBehavior [ RunTime:0.000105s ]
INFO: [ app_init ] --END-- [ RunTime:0.001547s ]

[ 2017-03-16T08:59:04+08:00 ] ::1 /3.2.1/index.php/Home/User/uploadImg.html
INFO: [ app_init ] --START--
INFO: Run Behavior\BuildLiteBehavior [ RunTime:0.000125s ]
INFO: [ app_init ] --END-- [ RunTime:0.002088s ]

[ 2017-03-16T08:59:10+08:00 ] ::1 /3.2.1/index.php/Home/User/cropImg.html
INFO: [ app_init ] --START--
INFO: Run Behavior\BuildLiteBehavior [ RunTime:0.000114s ]
INFO: [ app_init ] --END-- [ RunTime:0.001882s ]

[ 2017-03-16T09:01:12+08:00 ] ::1 /3.2.1/index.php/Home/User/
INFO: [ app_init ] --START--
INFO: Run Behavior\BuildLiteBehavior [ RunTime:0.000105s ]
INFO: [ app_init ] --END-- [ RunTime:0.001429s ]

[ 2017-03-16T09:01:20+08:00 ] ::1 /3.2.1/index.php/Home/User/uploadImg.html
INFO: [ app_init ] --START--
INFO: Run Behavior\BuildLiteBehavior [ RunTime:0.000106s ]
INFO: [ app_init ] --END-- [ RunTime:0.001507s ]

[ 2017-03-16T09:01:28+08:00 ] ::1 /3.2.1/index.php/Home/User/cropImg.html
INFO: [ app_init ] --START--
INFO: Run Behavior\BuildLiteBehavior [ RunTime:0.000105s ]
INFO: [ app_init ] --END-- [ RunTime:0.001535s ]

[ 2017-03-16T09:02:31+08:00 ] ::1 /3.2.1/index.php/Home/User/login
INFO: [ app_init ] --START--
INFO: Run Behavior\BuildLiteBehavior [ RunTime:0.000104s ]
INFO: [ app_init ] --END-- [ RunTime:0.001488s ]

[ 2017-03-16T09:02:39+08:00 ] ::1 /3.2.1/index.php/Home/Index/loings.html
INFO: [ app_init ] --START--
INFO: Run Behavior\BuildLiteBehavior [ RunTime:0.000103s ]
INFO: [ app_init ] --END-- [ RunTime:0.001519s ]

[ 2017-03-16T09:03:11+08:00 ] ::1 /3.2.1/index.php/Home/User/
INFO: [ app_init ] --START--
INFO: Run Behavior\BuildLiteBehavior [ RunTime:0.000103s ]
INFO: [ app_init ] --END-- [ RunTime:0.001408s ]

[ 2017-03-16T09:03:20+08:00 ] ::1 /3.2.1/index.php/Home/User/uploadImg.html
INFO: [ app_init ] --START--
INFO: Run Behavior\BuildLiteBehavior [ RunTime:0.000126s ]
INFO: [ app_init ] --END-- [ RunTime:0.002227s ]

[ 2017-03-16T09:03:25+08:00 ] ::1 /3.2.1/index.php/Home/User/cropImg.html
INFO: [ app_init ] --START--
INFO: Run Behavior\BuildLiteBehavior [ RunTime:0.000105s ]
INFO: [ app_init ] --END-- [ RunTime:0.001579s ]

[ 2017-03-16T09:06:16+08:00 ] ::1 /3.2.1/index.php/Home/User/
INFO: [ app_init ] --START--
INFO: Run Behavior\BuildLiteBehavior [ RunTime:0.000189s ]
INFO: [ app_init ] --END-- [ RunTime:0.002856s ]

[ 2017-03-16T09:06:24+08:00 ] ::1 /3.2.1/index.php/Home/User/uploadImg.html
INFO: [ app_init ] --START--
INFO: Run Behavior\BuildLiteBehavior [ RunTime:0.000119s ]
INFO: [ app_init ] --END-- [ RunTime:0.002010s ]

[ 2017-03-16T09:06:31+08:00 ] ::1 /3.2.1/index.php/Home/User/cropImg.html
INFO: [ app_init ] --START--
INFO: Run Behavior\BuildLiteBehavior [ RunTime:0.000116s ]
INFO: [ app_init ] --END-- [ RunTime:0.001976s ]

[ 2017-03-16T09:07:21+08:00 ] ::1 /3.2.1/index.php/Home/User/uploadImg.html
INFO: [ app_init ] --START--
INFO: Run Behavior\BuildLiteBehavior [ RunTime:0.000114s ]
INFO: [ app_init ] --END-- [ RunTime:0.001615s ]

[ 2017-03-16T09:07:24+08:00 ] ::1 /3.2.1/index.php/Home/User/cropImg.html
INFO: [ app_init ] --START--
INFO: Run Behavior\BuildLiteBehavior [ RunTime:0.000106s ]
INFO: [ app_init ] --END-- [ RunTime:0.001658s ]

[ 2017-03-16T09:09:21+08:00 ] ::1 /3.2.1/index.php/Home/User/uploadImg.html
INFO: [ app_init ] --START--
INFO: Run Behavior\BuildLiteBehavior [ RunTime:0.000126s ]
INFO: [ app_init ] --END-- [ RunTime:0.001899s ]

[ 2017-03-16T09:09:30+08:00 ] ::1 /3.2.1/index.php/Home/User/cropImg.html
INFO: [ app_init ] --START--
INFO: Run Behavior\BuildLiteBehavior [ RunTime:0.000105s ]
INFO: [ app_init ] --END-- [ RunTime:0.001531s ]

[ 2017-03-16T09:09:38+08:00 ] ::1 /3.2.1/index.php/Home/User/
INFO: [ app_init ] --START--
INFO: Run Behavior\BuildLiteBehavior [ RunTime:0.000114s ]
INFO: [ app_init ] --END-- [ RunTime:0.001597s ]

[ 2017-03-16T09:14:03+08:00 ] ::1 /3.2.1/index.php/Home/User/user
INFO: [ app_init ] --START--
INFO: Run Behavior\BuildLiteBehavior [ RunTime:0.000105s ]
INFO: [ app_init ] --END-- [ RunTime:0.001593s ]

[ 2017-03-16T09:14:44+08:00 ] ::1 /3.2.1/index.php/Home/User/log_out
INFO: [ app_init ] --START--
INFO: Run Behavior\BuildLiteBehavior [ RunTime:0.000119s ]
INFO: [ app_init ] --END-- [ RunTime:0.003178s ]

[ 2017-03-16T09:14:53+08:00 ] ::1 /3.2.1/index.php/Home/User/login
INFO: [ app_init ] --START--
INFO: Run Behavior\BuildLiteBehavior [ RunTime:0.000114s ]
INFO: [ app_init ] --END-- [ RunTime:0.002897s ]

[ 2017-03-16T09:15:01+08:00 ] ::1 /3.2.1/index.php/Home/Index/loings.html
INFO: [ app_init ] --START--
INFO: Run Behavior\BuildLiteBehavior [ RunTime:0.000115s ]
INFO: [ app_init ] --END-- [ RunTime:0.002323s ]

[ 2017-03-16T09:15:09+08:00 ] ::1 /3.2.1/index.php/Home/Index/user
INFO: [ app_init ] --START--
INFO: Run Behavior\BuildLiteBehavior [ RunTime:0.000103s ]
INFO: [ app_init ] --END-- [ RunTime:0.001623s ]

[ 2017-03-16T09:15:35+08:00 ] ::1 /3.2.1/index.php/Home/Index/user
INFO: [ app_init ] --START--
INFO: Run Behavior\BuildLiteBehavior [ RunTime:0.000112s ]
INFO: [ app_init ] --END-- [ RunTime:0.001689s ]

[ 2017-03-16T09:15:47+08:00 ] ::1 /3.2.1/index.php/Home/User/user
INFO: [ app_init ] --START--
INFO: Run Behavior\BuildLiteBehavior [ RunTime:0.000104s ]
INFO: [ app_init ] --END-- [ RunTime:0.001538s ]

[ 2017-03-16T18:53:49+08:00 ] ::1 /3.2.1/Home/User/show_love
INFO: [ app_init ] --START--
INFO: Run Behavior\BuildLiteBehavior [ RunTime:0.000203s ]
INFO: [ app_init ] --END-- [ RunTime:0.013215s ]

[ 2017-03-16T18:56:02+08:00 ] ::1 /3.2.1/Home/User/show_love
INFO: [ app_init ] --START--
INFO: Run Behavior\BuildLiteBehavior [ RunTime:0.000107s ]
INFO: [ app_init ] --END-- [ RunTime:0.001664s ]

[ 2017-03-16T18:56:35+08:00 ] ::1 /3.2.1/Home/User/show_love
INFO: [ app_init ] --START--
INFO: Run Behavior\BuildLiteBehavior [ RunTime:0.000110s ]
INFO: [ app_init ] --END-- [ RunTime:0.002144s ]

[ 2017-03-16T18:57:31+08:00 ] ::1 /3.2.1/Home/User/show_love
INFO: [ app_init ] --START--
INFO: Run Behavior\BuildLiteBehavior [ RunTime:0.000115s ]
INFO: [ app_init ] --END-- [ RunTime:0.002209s ]

[ 2017-03-16T18:57:32+08:00 ] ::1 /3.2.1/Home/User/public/js/jQuery.js
INFO: [ app_init ] --START--
INFO: Run Behavior\BuildLiteBehavior [ RunTime:0.000118s ]
INFO: [ app_init ] --END-- [ RunTime:0.001883s ]
ERR: 非法操作:public

[ 2017-03-16T18:57:52+08:00 ] ::1 /3.2.1/Home/User/login
INFO: [ app_init ] --START--
INFO: Run Behavior\BuildLiteBehavior [ RunTime:0.000108s ]
INFO: [ app_init ] --END-- [ RunTime:0.001677s ]

[ 2017-03-16T18:57:59+08:00 ] ::1 /3.2.1/index.php/Home/Index/loings.html
INFO: [ app_init ] --START--
INFO: Run Behavior\BuildLiteBehavior [ RunTime:0.000113s ]
INFO: [ app_init ] --END-- [ RunTime:0.002464s ]

[ 2017-03-16T18:58:21+08:00 ] ::1 /3.2.1/index.php/Home/User/show_love
INFO: [ app_init ] --START--
INFO: Run Behavior\BuildLiteBehavior [ RunTime:0.000103s ]
INFO: [ app_init ] --END-- [ RunTime:0.001534s ]

[ 2017-03-16T18:58:21+08:00 ] ::1 /3.2.1/index.php/Home/User/public/js/jQuery.js
INFO: [ app_init ] --START--
INFO: Run Behavior\BuildLiteBehavior [ RunTime:0.000108s ]
INFO: [ app_init ] --END-- [ RunTime:0.001615s ]
ERR: 非法操作:public

[ 2017-03-16T19:00:03+08:00 ] ::1 /3.2.1/Home/User/show_love
INFO: [ app_init ] --START--
INFO: Run Behavior\BuildLiteBehavior [ RunTime:0.000103s ]
INFO: [ app_init ] --END-- [ RunTime:0.001514s ]

[ 2017-03-16T19:00:04+08:00 ] ::1 /3.2.1/Home/User/public/js/jQuery.js
INFO: [ app_init ] --START--
INFO: Run Behavior\BuildLiteBehavior [ RunTime:0.000190s ]
INFO: [ app_init ] --END-- [ RunTime:0.001981s ]
ERR: 非法操作:public

[ 2017-03-16T19:06:25+08:00 ] ::1 /3.2.1/Home/User/show_love
INFO: [ app_init ] --START--
INFO: Run Behavior\BuildLiteBehavior [ RunTime:0.000111s ]
INFO: [ app_init ] --END-- [ RunTime:0.001973s ]

[ 2017-03-16T19:06:25+08:00 ] ::1 /3.2.1/Home/User/public/js/jQuery.js
INFO: [ app_init ] --START--
INFO: Run Behavior\BuildLiteBehavior [ RunTime:0.000119s ]
INFO: [ app_init ] --END-- [ RunTime:0.002069s ]
ERR: 非法操作:public

[ 2017-03-16T19:06:28+08:00 ] ::1 /3.2.1/Home/User/show_love
INFO: [ app_init ] --START--
INFO: Run Behavior\BuildLiteBehavior [ RunTime:0.000106s ]
INFO: [ app_init ] --END-- [ RunTime:0.001663s ]

[ 2017-03-16T19:06:28+08:00 ] ::1 /3.2.1/Home/User/public/js/jQuery.js
INFO: [ app_init ] --START--
INFO: Run Behavior\BuildLiteBehavior [ RunTime:0.000107s ]
INFO: [ app_init ] --END-- [ RunTime:0.001607s ]
ERR: 非法操作:public

[ 2017-03-16T19:08:23+08:00 ] ::1 /3.2.1/Home/User/
INFO: [ app_init ] --START--
INFO: Run Behavior\BuildLiteBehavior [ RunTime:0.000104s ]
INFO: [ app_init ] --END-- [ RunTime:0.001634s ]

[ 2017-03-16T19:08:37+08:00 ] ::1 /3.2.1/Home/User/show_love
INFO: [ app_init ] --START--
INFO: Run Behavior\BuildLiteBehavior [ RunTime:0.000103s ]
INFO: [ app_init ] --END-- [ RunTime:0.001627s ]

[ 2017-03-16T19:08:37+08:00 ] ::1 /3.2.1/Home/User/public/js/jQuery.js
INFO: [ app_init ] --START--
INFO: Run Behavior\BuildLiteBehavior [ RunTime:0.000106s ]
INFO: [ app_init ] --END-- [ RunTime:0.001640s ]
ERR: 非法操作:public

[ 2017-03-16T19:08:56+08:00 ] ::1 /3.2.1/Home/User/show_love
INFO: [ app_init ] --START--
INFO: Run Behavior\BuildLiteBehavior [ RunTime:0.000104s ]
INFO: [ app_init ] --END-- [ RunTime:0.001548s ]

[ 2017-03-16T19:08:56+08:00 ] ::1 /3.2.1/Home/User/public/js/jQuery.js
INFO: [ app_init ] --START--
INFO: Run Behavior\BuildLiteBehavior [ RunTime:0.000108s ]
INFO: [ app_init ] --END-- [ RunTime:0.001708s ]
ERR: 非法操作:public

[ 2017-03-16T19:52:04+08:00 ] ::1 /3.2.1/Home/User/show_love
INFO: [ app_init ] --START--
INFO: Run Behavior\BuildLiteBehavior [ RunTime:0.000104s ]
INFO: [ app_init ] --END-- [ RunTime:0.001555s ]

[ 2017-03-16T19:52:16+08:00 ] ::1 /3.2.1/Home/User/login
INFO: [ app_init ] --START--
INFO: Run Behavior\BuildLiteBehavior [ RunTime:0.000105s ]
INFO: [ app_init ] --END-- [ RunTime:0.001437s ]

[ 2017-03-16T19:52:23+08:00 ] ::1 /3.2.1/index.php/Home/Index/loings.html
INFO: [ app_init ] --START--
INFO: Run Behavior\BuildLiteBehavior [ RunTime:0.000141s ]
INFO: [ app_init ] --END-- [ RunTime:0.003474s ]

[ 2017-03-16T19:53:06+08:00 ] ::1 /3.2.1/index.php/Home/User/show_love
INFO: [ app_init ] --START--
INFO: Run Behavior\BuildLiteBehavior [ RunTime:0.000104s ]
INFO: [ app_init ] --END-- [ RunTime:0.001442s ]

[ 2017-03-16T19:53:30+08:00 ] ::1 /3.2.1/index.php/Home/User/show_love
INFO: [ app_init ] --START--
INFO: Run Behavior\BuildLiteBehavior [ RunTime:0.000105s ]
INFO: [ app_init ] --END-- [ RunTime:0.001415s ]

[ 2017-03-16T19:54:20+08:00 ] ::1 /3.2.1/index.php/Home/User/show_love
INFO: [ app_init ] --START--
INFO: Run Behavior\BuildLiteBehavior [ RunTime:0.000189s ]
INFO: [ app_init ] --END-- [ RunTime:0.002669s ]

[ 2017-03-16T19:54:48+08:00 ] ::1 /3.2.1/index.php/Home/User/show_love
INFO: [ app_init ] --START--
INFO: Run Behavior\BuildLiteBehavior [ RunTime:0.000211s ]
INFO: [ app_init ] --END-- [ RunTime:0.002964s ]

[ 2017-03-16T19:55:01+08:00 ] ::1 /3.2.1/Home/User/show_love
INFO: [ app_init ] --START--
INFO: Run Behavior\BuildLiteBehavior [ RunTime:0.000104s ]
INFO: [ app_init ] --END-- [ RunTime:0.001483s ]

[ 2017-03-16T19:56:52+08:00 ] ::1 /3.2.1/Home/User/show_love
INFO: [ app_init ] --START--
INFO: Run Behavior\BuildLiteBehavior [ RunTime:0.000117s ]
INFO: [ app_init ] --END-- [ RunTime:0.001627s ]

[ 2017-03-16T19:56:53+08:00 ] ::1 /3.2.1/Home/User/public/js/jQuery.js
INFO: [ app_init ] --START--
INFO: Run Behavior\BuildLiteBehavior [ RunTime:0.000126s ]
INFO: [ app_init ] --END-- [ RunTime:0.001761s ]
ERR: 非法操作:public

[ 2017-03-16T19:58:53+08:00 ] ::1 /3.2.1/Home/User/show_love
INFO: [ app_init ] --START--
INFO: Run Behavior\BuildLiteBehavior [ RunTime:0.000120s ]
INFO: [ app_init ] --END-- [ RunTime:0.001821s ]

[ 2017-03-16T19:58:53+08:00 ] ::1 /3.2.1/Home/User/public/js/jQuery.js
INFO: [ app_init ] --START--
INFO: Run Behavior\BuildLiteBehavior [ RunTime:0.000109s ]
INFO: [ app_init ] --END-- [ RunTime:0.001763s ]
ERR: 非法操作:public

[ 2017-03-16T20:00:40+08:00 ] ::1 /3.2.1/Home/User/show_love
INFO: [ app_init ] --START--
INFO: Run Behavior\BuildLiteBehavior [ RunTime:0.000199s ]
INFO: [ app_init ] --END-- [ RunTime:0.002864s ]

[ 2017-03-16T20:00:41+08:00 ] ::1 /3.2.1/Home/User/public/js/jQuery.js
INFO: [ app_init ] --START--
INFO: Run Behavior\BuildLiteBehavior [ RunTime:0.000125s ]
INFO: [ app_init ] --END-- [ RunTime:0.002049s ]
ERR: 非法操作:public

[ 2017-03-16T20:00:49+08:00 ] ::1 /3.2.1/index.php/Home/Index/dels?id=
INFO: [ app_init ] --START--
INFO: Run Behavior\BuildLiteBehavior [ RunTime:0.000114s ]
INFO: [ app_init ] --END-- [ RunTime:0.001546s ]
ERR: 非法操作:dels

[ 2017-03-16T20:01:17+08:00 ] ::1 /3.2.1/Home/User/show_love
INFO: [ app_init ] --START--
INFO: Run Behavior\BuildLiteBehavior [ RunTime:0.000165s ]
INFO: [ app_init ] --END-- [ RunTime:0.002266s ]

[ 2017-03-16T20:01:17+08:00 ] ::1 /3.2.1/Home/User/public/js/jQuery.js
INFO: [ app_init ] --START--
INFO: Run Behavior\BuildLiteBehavior [ RunTime:0.000112s ]
INFO: [ app_init ] --END-- [ RunTime:0.002232s ]
ERR: 非法操作:public

[ 2017-03-16T20:01:57+08:00 ] ::1 /3.2.1/Home/User/show_love
INFO: [ app_init ] --START--
INFO: Run Behavior\BuildLiteBehavior [ RunTime:0.000113s ]
INFO: [ app_init ] --END-- [ RunTime:0.001561s ]

[ 2017-03-16T20:01:57+08:00 ] ::1 /3.2.1/Home/User/public/js/jQuery.js
INFO: [ app_init ] --START--
INFO: Run Behavior\BuildLiteBehavior [ RunTime:0.000110s ]
INFO: [ app_init ] --END-- [ RunTime:0.001776s ]
ERR: 非法操作:public

[ 2017-03-16T20:04:48+08:00 ] ::1 /3.2.1/Home/User/show_love
INFO: [ app_init ] --START--
INFO: Run Behavior\BuildLiteBehavior [ RunTime:0.000112s ]
INFO: [ app_init ] --END-- [ RunTime:0.001564s ]

[ 2017-03-16T20:04:48+08:00 ] ::1 /3.2.1/Home/User/public/js/jQuery.js
INFO: [ app_init ] --START--
INFO: Run Behavior\BuildLiteBehavior [ RunTime:0.000251s ]
INFO: [ app_init ] --END-- [ RunTime:0.002154s ]
ERR: 非法操作:public

[ 2017-03-16T20:06:28+08:00 ] ::1 /3.2.1/Home/User/show_love
INFO: [ app_init ] --START--
INFO: Run Behavior\BuildLiteBehavior [ RunTime:0.000114s ]
INFO: [ app_init ] --END-- [ RunTime:0.001626s ]

[ 2017-03-16T20:06:55+08:00 ] ::1 /3.2.1/Home/User/show_love
INFO: [ app_init ] --START--
INFO: Run Behavior\BuildLiteBehavior [ RunTime:0.000113s ]
INFO: [ app_init ] --END-- [ RunTime:0.001611s ]

[ 2017-03-16T20:06:55+08:00 ] ::1 /3.2.1/Home/User/public/js/jQuery.js
INFO: [ app_init ] --START--
INFO: Run Behavior\BuildLiteBehavior [ RunTime:0.000112s ]
INFO: [ app_init ] --END-- [ RunTime:0.001785s ]
ERR: 非法操作:public

[ 2017-03-16T20:07:36+08:00 ] ::1 /3.2.1/Home/User/show_love
INFO: [ app_init ] --START--
INFO: Run Behavior\BuildLiteBehavior [ RunTime:0.000214s ]
INFO: [ app_init ] --END-- [ RunTime:0.002898s ]

[ 2017-03-16T20:07:36+08:00 ] ::1 /3.2.1/Home/User/public/js/jQuery.js
INFO: [ app_init ] --START--
INFO: Run Behavior\BuildLiteBehavior [ RunTime:0.000115s ]
INFO: [ app_init ] --END-- [ RunTime:0.001760s ]
ERR: 非法操作:public

[ 2017-03-16T20:11:07+08:00 ] ::1 /3.2.1/Home/User/show_love
INFO: [ app_init ] --START--
INFO: Run Behavior\BuildLiteBehavior [ RunTime:0.000189s ]
INFO: [ app_init ] --END-- [ RunTime:0.002711s ]

[ 2017-03-16T20:11:07+08:00 ] ::1 /3.2.1/Home/User/public/js/jQuery.js
INFO: [ app_init ] --START--
INFO: Run Behavior\BuildLiteBehavior [ RunTime:0.000200s ]
INFO: [ app_init ] --END-- [ RunTime:0.003198s ]
ERR: 非法操作:public

[ 2017-03-16T20:12:12+08:00 ] ::1 /3.2.1/Home/User/show_love
INFO: [ app_init ] --START--
INFO: Run Behavior\BuildLiteBehavior [ RunTime:0.000103s ]
INFO: [ app_init ] --END-- [ RunTime:0.001435s ]

[ 2017-03-16T20:12:12+08:00 ] ::1 /3.2.1/Home/User/public/js/jQuery.js
INFO: [ app_init ] --START--
INFO: Run Behavior\BuildLiteBehavior [ RunTime:0.000108s ]
INFO: [ app_init ] --END-- [ RunTime:0.001675s ]
ERR: 非法操作:public

[ 2017-03-16T20:13:46+08:00 ] ::1 /3.2.1/Home/User/show_love
INFO: [ app_init ] --START--
INFO: Run Behavior\BuildLiteBehavior [ RunTime:0.000185s ]
INFO: [ app_init ] --END-- [ RunTime:0.002715s ]

[ 2017-03-16T20:13:47+08:00 ] ::1 /3.2.1/Home/User/public/js/jQuery.js
INFO: [ app_init ] --START--
INFO: Run Behavior\BuildLiteBehavior [ RunTime:0.000116s ]
INFO: [ app_init ] --END-- [ RunTime:0.002484s ]
ERR: 非法操作:public

[ 2017-03-16T20:20:03+08:00 ] ::1 /3.2.1/Home/User/show_love
INFO: [ app_init ] --START--
INFO: Run Behavior\BuildLiteBehavior [ RunTime:0.000119s ]
INFO: [ app_init ] --END-- [ RunTime:0.001595s ]

[ 2017-03-16T20:20:03+08:00 ] ::1 /3.2.1/Home/User/public/js/jQuery.js
INFO: [ app_init ] --START--
INFO: Run Behavior\BuildLiteBehavior [ RunTime:0.000119s ]
INFO: [ app_init ] --END-- [ RunTime:0.001747s ]
ERR: 非法操作:public

[ 2017-03-16T20:20:25+08:00 ] ::1 /3.2.1/Home/User/show_love
INFO: [ app_init ] --START--
INFO: Run Behavior\BuildLiteBehavior [ RunTime:0.000113s ]
INFO: [ app_init ] --END-- [ RunTime:0.001562s ]

[ 2017-03-16T20:20:25+08:00 ] ::1 /3.2.1/Home/User/public/js/jQuery.js
INFO: [ app_init ] --START--
INFO: Run Behavior\BuildLiteBehavior [ RunTime:0.000121s ]
INFO: [ app_init ] --END-- [ RunTime:0.001578s ]
ERR: 非法操作:public

[ 2017-03-16T20:20:40+08:00 ] ::1 /3.2.1/Home/User/show_love
INFO: [ app_init ] --START--
INFO: Run Behavior\BuildLiteBehavior [ RunTime:0.000113s ]
INFO: [ app_init ] --END-- [ RunTime:0.001574s ]

[ 2017-03-16T20:20:40+08:00 ] ::1 /3.2.1/Home/User/public/js/jQuery.js
INFO: [ app_init ] --START--
INFO: Run Behavior\BuildLiteBehavior [ RunTime:0.000117s ]
INFO: [ app_init ] --END-- [ RunTime:0.001896s ]
ERR: 非法操作:public

[ 2017-03-16T20:24:01+08:00 ] ::1 /3.2.1/Home/User/show_love
INFO: [ app_init ] --START--
INFO: Run Behavior\BuildLiteBehavior [ RunTime:0.000111s ]
INFO: [ app_init ] --END-- [ RunTime:0.001612s ]

[ 2017-03-16T20:24:19+08:00 ] ::1 /3.2.1/Home/User/show_love
INFO: [ app_init ] --START--
INFO: Run Behavior\BuildLiteBehavior [ RunTime:0.000103s ]
INFO: [ app_init ] --END-- [ RunTime:0.001454s ]

[ 2017-03-16T20:24:20+08:00 ] ::1 /3.2.1/Home/User/public/js/jQuery.js
INFO: [ app_init ] --START--
INFO: Run Behavior\BuildLiteBehavior [ RunTime:0.000105s ]
INFO: [ app_init ] --END-- [ RunTime:0.001531s ]
ERR: 非法操作:public

[ 2017-03-16T20:35:39+08:00 ] ::1 /3.2.1/Home/User/show_love
INFO: [ app_init ] --START--
INFO: Run Behavior\BuildLiteBehavior [ RunTime:0.000196s ]
INFO: [ app_init ] --END-- [ RunTime:0.002399s ]

[ 2017-03-16T20:35:39+08:00 ] ::1 /3.2.1/Home/User/public/js/jQuery.js
INFO: [ app_init ] --START--
INFO: Run Behavior\BuildLiteBehavior [ RunTime:0.000109s ]
INFO: [ app_init ] --END-- [ RunTime:0.001768s ]
ERR: 非法操作:public

[ 2017-03-16T20:36:36+08:00 ] ::1 /3.2.1/Home/User/show_love
INFO: [ app_init ] --START--
INFO: Run Behavior\BuildLiteBehavior [ RunTime:0.000106s ]
INFO: [ app_init ] --END-- [ RunTime:0.001495s ]

[ 2017-03-16T20:36:37+08:00 ] ::1 /3.2.1/Home/User/public/js/jQuery.js
INFO: [ app_init ] --START--
INFO: Run Behavior\BuildLiteBehavior [ RunTime:0.000113s ]
INFO: [ app_init ] --END-- [ RunTime:0.001905s ]
ERR: 非法操作:public

[ 2017-03-16T20:42:34+08:00 ] ::1 /3.2.1/Home/User/show_love
INFO: [ app_init ] --START--
INFO: Run Behavior\BuildLiteBehavior [ RunTime:0.000115s ]
INFO: [ app_init ] --END-- [ RunTime:0.001976s ]

[ 2017-03-16T20:45:02+08:00 ] ::1 /3.2.1/Home/User/show_love
INFO: [ app_init ] --START--
INFO: Run Behavior\BuildLiteBehavior [ RunTime:0.000103s ]
INFO: [ app_init ] --END-- [ RunTime:0.001450s ]

[ 2017-03-16T20:45:02+08:00 ] ::1 /3.2.1/Home/User/public/js/jQuery.js
INFO: [ app_init ] --START--
INFO: Run Behavior\BuildLiteBehavior [ RunTime:0.000114s ]
INFO: [ app_init ] --END-- [ RunTime:0.002230s ]
ERR: 非法操作:public

[ 2017-03-16T20:52:01+08:00 ] ::1 /3.2.1/Home/User/show_love
INFO: [ app_init ] --START--
INFO: Run Behavior\BuildLiteBehavior [ RunTime:0.000115s ]
INFO: [ app_init ] --END-- [ RunTime:0.001807s ]

[ 2017-03-16T20:52:01+08:00 ] ::1 /3.2.1/Home/User/public/js/jQuery.js
INFO: [ app_init ] --START--
INFO: Run Behavior\BuildLiteBehavior [ RunTime:0.000199s ]
INFO: [ app_init ] --END-- [ RunTime:0.003311s ]
ERR: 非法操作:public

[ 2017-03-16T20:53:21+08:00 ] ::1 /3.2.1/Home/User/show_love
INFO: [ app_init ] --START--
INFO: Run Behavior\BuildLiteBehavior [ RunTime:0.000112s ]
INFO: [ app_init ] --END-- [ RunTime:0.001560s ]

[ 2017-03-16T20:53:46+08:00 ] ::1 /3.2.1/Home/User/show_love
INFO: [ app_init ] --START--
INFO: Run Behavior\BuildLiteBehavior [ RunTime:0.000201s ]
INFO: [ app_init ] --END-- [ RunTime:0.003630s ]

[ 2017-03-16T20:53:46+08:00 ] ::1 /3.2.1/Home/User/public/js/jQuery.js
INFO: [ app_init ] --START--
INFO: Run Behavior\BuildLiteBehavior [ RunTime:0.000107s ]
INFO: [ app_init ] --END-- [ RunTime:0.001645s ]
ERR: 非法操作:public

[ 2017-03-16T20:56:57+08:00 ] ::1 /3.2.1/Home/User/show_love
INFO: [ app_init ] --START--
INFO: Run Behavior\BuildLiteBehavior [ RunTime:0.000266s ]
INFO: [ app_init ] --END-- [ RunTime:0.002690s ]

[ 2017-03-16T22:20:21+08:00 ] ::1 /3.2.1/Home/User/show_love
INFO: [ app_init ] --START--
INFO: Run Behavior\BuildLiteBehavior [ RunTime:0.000106s ]
INFO: [ app_init ] --END-- [ RunTime:0.001626s ]

[ 2017-03-16T22:22:09+08:00 ] ::1 /3.2.1/Home/User/show_love
INFO: [ app_init ] --START--
INFO: Run Behavior\BuildLiteBehavior [ RunTime:0.000105s ]
INFO: [ app_init ] --END-- [ RunTime:0.001472s ]

[ 2017-03-16T22:22:55+08:00 ] ::1 /3.2.1/Home/User/show_love
INFO: [ app_init ] --START--
INFO: Run Behavior\BuildLiteBehavior [ RunTime:0.000104s ]
INFO: [ app_init ] --END-- [ RunTime:0.001463s ]

[ 2017-03-16T22:22:56+08:00 ] ::1 /3.2.1/Home/User/public/js/jQuery.js
INFO: [ app_init ] --START--
INFO: Run Behavior\BuildLiteBehavior [ RunTime:0.000109s ]
INFO: [ app_init ] --END-- [ RunTime:0.001699s ]
ERR: 非法操作:public

[ 2017-03-16T22:23:37+08:00 ] ::1 /3.2.1/Home/User/show_love
INFO: [ app_init ] --START--
INFO: Run Behavior\BuildLiteBehavior [ RunTime:0.000126s ]
INFO: [ app_init ] --END-- [ RunTime:0.002039s ]

[ 2017-03-16T22:23:38+08:00 ] ::1 /3.2.1/Home/User/public/js/jQuery.js
INFO: [ app_init ] --START--
INFO: Run Behavior\BuildLiteBehavior [ RunTime:0.000112s ]
INFO: [ app_init ] --END-- [ RunTime:0.001691s ]
ERR: 非法操作:public

[ 2017-03-16T22:30:47+08:00 ] ::1 /3.2.1/Home/User/show_love
INFO: [ app_init ] --START--
INFO: Run Behavior\BuildLiteBehavior [ RunTime:0.000104s ]
INFO: [ app_init ] --END-- [ RunTime:0.001494s ]

[ 2017-03-16T23:08:12+08:00 ] ::1 /3.2.1/Home/User/show_love
INFO: [ app_init ] --START--
INFO: Run Behavior\BuildLiteBehavior [ RunTime:0.000105s ]
INFO: [ app_init ] --END-- [ RunTime:0.001461s ]

[ 2017-03-16T23:08:13+08:00 ] ::1 /3.2.1/Home/User/public/js/jQuery.js
INFO: [ app_init ] --START--
INFO: Run Behavior\BuildLiteBehavior [ RunTime:0.000111s ]
INFO: [ app_init ] --END-- [ RunTime:0.001780s ]
ERR: 非法操作:public

[ 2017-03-16T23:09:00+08:00 ] ::1 /3.2.1/Home/User/show_love
INFO: [ app_init ] --START--
INFO: Run Behavior\BuildLiteBehavior [ RunTime:0.000353s ]
INFO: [ app_init ] --END-- [ RunTime:0.002914s ]

[ 2017-03-16T23:09:00+08:00 ] ::1 /3.2.1/Home/User/public/js/jQuery.js
INFO: [ app_init ] --START--
INFO: Run Behavior\BuildLiteBehavior [ RunTime:0.000116s ]
INFO: [ app_init ] --END-- [ RunTime:0.001756s ]
ERR: 非法操作:public

[ 2017-03-16T23:10:30+08:00 ] ::1 /3.2.1/Home/User/show_love
INFO: [ app_init ] --START--
INFO: Run Behavior\BuildLiteBehavior [ RunTime:0.000117s ]
INFO: [ app_init ] --END-- [ RunTime:0.001657s ]

[ 2017-03-16T23:10:30+08:00 ] ::1 /3.2.1/Home/User/public/js/jQuery.js
INFO: [ app_init ] --START--
INFO: Run Behavior\BuildLiteBehavior [ RunTime:0.000109s ]
INFO: [ app_init ] --END-- [ RunTime:0.001727s ]
ERR: 非法操作:public

[ 2017-03-16T23:12:04+08:00 ] ::1 /3.2.1/Home/User/show_love
INFO: [ app_init ] --START--
INFO: Run Behavior\BuildLiteBehavior [ RunTime:0.000190s ]
INFO: [ app_init ] --END-- [ RunTime:0.002717s ]

[ 2017-03-16T23:12:04+08:00 ] ::1 /3.2.1/Home/User/public/js/jQuery.js
INFO: [ app_init ] --START--
INFO: Run Behavior\BuildLiteBehavior [ RunTime:0.000113s ]
INFO: [ app_init ] --END-- [ RunTime:0.001831s ]
ERR: 非法操作:public

[ 2017-03-16T23:13:26+08:00 ] ::1 /3.2.1/Home/User/show_love
INFO: [ app_init ] --START--
INFO: Run Behavior\BuildLiteBehavior [ RunTime:0.000114s ]
INFO: [ app_init ] --END-- [ RunTime:0.001620s ]

[ 2017-03-16T23:13:26+08:00 ] ::1 /3.2.1/Home/User/public/js/jQuery.js
INFO: [ app_init ] --START--
INFO: Run Behavior\BuildLiteBehavior [ RunTime:0.000111s ]
INFO: [ app_init ] --END-- [ RunTime:0.001815s ]
ERR: 非法操作:public

[ 2017-03-16T23:15:15+08:00 ] ::1 /3.2.1/Home/User/show_love
INFO: [ app_init ] --START--
INFO: Run Behavior\BuildLiteBehavior [ RunTime:0.000112s ]
INFO: [ app_init ] --END-- [ RunTime:0.001619s ]

[ 2017-03-16T23:15:15+08:00 ] ::1 /3.2.1/Home/User/public/js/jQuery.js
INFO: [ app_init ] --START--
INFO: Run Behavior\BuildLiteBehavior [ RunTime:0.000109s ]
INFO: [ app_init ] --END-- [ RunTime:0.001719s ]
ERR: 非法操作:public

[ 2017-03-16T23:15:54+08:00 ] ::1 /3.2.1/Home/User/show_love
INFO: [ app_init ] --START--
INFO: Run Behavior\BuildLiteBehavior [ RunTime:0.000200s ]
INFO: [ app_init ] --END-- [ RunTime:0.002935s ]

[ 2017-03-16T23:15:54+08:00 ] ::1 /3.2.1/Home/User/public/js/jQuery.js
INFO: [ app_init ] --START--
INFO: Run Behavior\BuildLiteBehavior [ RunTime:0.000111s ]
INFO: [ app_init ] --END-- [ RunTime:0.001734s ]
ERR: 非法操作:public

