[ 2017-03-21T09:01:04+08:00 ] ::1 /3.2.1/index.php/Home/Index/ajax1
INFO: [ app_init ] --START--
INFO: Run Behavior\BuildLiteBehavior [ RunTime:0.000106s ]
INFO: [ app_init ] --END-- [ RunTime:0.001838s ]

[ 2017-03-21T09:02:17+08:00 ] ::1 /3.2.1/index.php/Home/Index/ajax1
INFO: [ app_init ] --START--
INFO: Run Behavior\BuildLiteBehavior [ RunTime:0.000115s ]
INFO: [ app_init ] --END-- [ RunTime:0.002326s ]

[ 2017-03-21T09:15:29+08:00 ] ::1 /3.2.1/index.php/Home/Index/ajax1
INFO: [ app_init ] --START--
INFO: Run Behavior\BuildLiteBehavior [ RunTime:0.000109s ]
INFO: [ app_init ] --END-- [ RunTime:0.002007s ]

[ 2017-03-21T09:15:33+08:00 ] ::1 /3.2.1/index.php/Home/Index/ajax1
INFO: [ app_init ] --START--
INFO: Run Behavior\BuildLiteBehavior [ RunTime:0.000117s ]
INFO: [ app_init ] --END-- [ RunTime:0.002092s ]

[ 2017-03-21T09:15:35+08:00 ] ::1 /3.2.1/index.php/Home/Index/ajax1
INFO: [ app_init ] --START--
INFO: Run Behavior\BuildLiteBehavior [ RunTime:0.000116s ]
INFO: [ app_init ] --END-- [ RunTime:0.002448s ]

[ 2017-03-21T09:15:36+08:00 ] ::1 /3.2.1/index.php/Home/Index/ajax1
INFO: [ app_init ] --START--
INFO: Run Behavior\BuildLiteBehavior [ RunTime:0.000110s ]
INFO: [ app_init ] --END-- [ RunTime:0.002047s ]

[ 2017-03-21T09:15:37+08:00 ] ::1 /3.2.1/index.php/Home/Index/ajax1
INFO: [ app_init ] --START--
INFO: Run Behavior\BuildLiteBehavior [ RunTime:0.000117s ]
INFO: [ app_init ] --END-- [ RunTime:0.002044s ]

[ 2017-03-21T09:16:44+08:00 ] ::1 /3.2.1/index.php/Home/Index/ajax1
INFO: [ app_init ] --START--
INFO: Run Behavior\BuildLiteBehavior [ RunTime:0.000105s ]
INFO: [ app_init ] --END-- [ RunTime:0.001860s ]

[ 2017-03-21T09:16:46+08:00 ] ::1 /3.2.1/index.php/Home/Index/ajax1
INFO: [ app_init ] --START--
INFO: Run Behavior\BuildLiteBehavior [ RunTime:0.000113s ]
INFO: [ app_init ] --END-- [ RunTime:0.002287s ]

[ 2017-03-21T09:17:33+08:00 ] ::1 /3.2.1/index.php/Home/Index/ajax1
INFO: [ app_init ] --START--
INFO: Run Behavior\BuildLiteBehavior [ RunTime:0.000107s ]
INFO: [ app_init ] --END-- [ RunTime:0.002053s ]

[ 2017-03-21T09:17:38+08:00 ] ::1 /3.2.1/index.php/Home/Index/ajax1
INFO: [ app_init ] --START--
INFO: Run Behavior\BuildLiteBehavior [ RunTime:0.000117s ]
INFO: [ app_init ] --END-- [ RunTime:0.002053s ]

[ 2017-03-21T09:17:40+08:00 ] ::1 /3.2.1/index.php/Home/Index/ajax1
INFO: [ app_init ] --START--
INFO: Run Behavior\BuildLiteBehavior [ RunTime:0.000111s ]
INFO: [ app_init ] --END-- [ RunTime:0.001999s ]

[ 2017-03-21T09:18:14+08:00 ] ::1 /3.2.1/index.php/Home/Index/ajax1
INFO: [ app_init ] --START--
INFO: Run Behavior\BuildLiteBehavior [ RunTime:0.000106s ]
INFO: [ app_init ] --END-- [ RunTime:0.001981s ]

[ 2017-03-21T09:27:35+08:00 ] ::1 /3.2.1/index.php/Home/Index/ajax1
INFO: [ app_init ] --START--
INFO: Run Behavior\BuildLiteBehavior [ RunTime:0.000114s ]
INFO: [ app_init ] --END-- [ RunTime:0.002295s ]

[ 2017-03-21T09:29:22+08:00 ] ::1 /3.2.1/index.php/Home/Index/ajax1
INFO: [ app_init ] --START--
INFO: Run Behavior\BuildLiteBehavior [ RunTime:0.000109s ]
INFO: [ app_init ] --END-- [ RunTime:0.001879s ]

[ 2017-03-21T09:29:25+08:00 ] ::1 /3.2.1/index.php/Home/Index/ajaxprv
INFO: [ app_init ] --START--
INFO: Run Behavior\BuildLiteBehavior [ RunTime:0.000154s ]
INFO: [ app_init ] --END-- [ RunTime:0.003383s ]

[ 2017-03-21T09:29:29+08:00 ] ::1 /3.2.1/index.php/Home/Index/ajax
INFO: [ app_init ] --START--
INFO: Run Behavior\BuildLiteBehavior [ RunTime:0.000110s ]
INFO: [ app_init ] --END-- [ RunTime:0.001880s ]

[ 2017-03-21T09:30:54+08:00 ] ::1 /3.2.1/index.php/Home/Index/ajax1
INFO: [ app_init ] --START--
INFO: Run Behavior\BuildLiteBehavior [ RunTime:0.000180s ]
INFO: [ app_init ] --END-- [ RunTime:0.003329s ]

[ 2017-03-21T09:31:13+08:00 ] ::1 /3.2.1/index.php/Home/Index/ajaxprv
INFO: [ app_init ] --START--
INFO: Run Behavior\BuildLiteBehavior [ RunTime:0.000158s ]
INFO: [ app_init ] --END-- [ RunTime:0.003228s ]

[ 2017-03-21T09:31:21+08:00 ] ::1 /3.2.1/index.php/Home/Index/ajax
INFO: [ app_init ] --START--
INFO: Run Behavior\BuildLiteBehavior [ RunTime:0.000114s ]
INFO: [ app_init ] --END-- [ RunTime:0.002151s ]

[ 2017-03-21T09:31:29+08:00 ] ::1 /3.2.1/index.php/Home/Index/ajaxprv
INFO: [ app_init ] --START--
INFO: Run Behavior\BuildLiteBehavior [ RunTime:0.000168s ]
INFO: [ app_init ] --END-- [ RunTime:0.002870s ]

[ 2017-03-21T09:32:04+08:00 ] ::1 /3.2.1/index.php/Home/Index/ajaxprv
INFO: [ app_init ] --START--
INFO: Run Behavior\BuildLiteBehavior [ RunTime:0.000149s ]
INFO: [ app_init ] --END-- [ RunTime:0.002614s ]

[ 2017-03-21T13:20:32+08:00 ] ::1 /3.2.1/index.php/Home/Index/ajaxprv
INFO: [ app_init ] --START--
INFO: Run Behavior\BuildLiteBehavior [ RunTime:0.000128s ]
INFO: [ app_init ] --END-- [ RunTime:0.002454s ]

[ 2017-03-21T13:21:22+08:00 ] ::1 /3.2.1/index.php/Home/Index/ajaxprv
INFO: [ app_init ] --START--
INFO: Run Behavior\BuildLiteBehavior [ RunTime:0.000185s ]
INFO: [ app_init ] --END-- [ RunTime:0.003335s ]

[ 2017-03-21T13:21:27+08:00 ] ::1 /3.2.1/index.php/Home/Index/ajax
INFO: [ app_init ] --START--
INFO: Run Behavior\BuildLiteBehavior [ RunTime:0.000107s ]
INFO: [ app_init ] --END-- [ RunTime:0.001809s ]

[ 2017-03-21T13:22:20+08:00 ] ::1 /3.2.1/index.php/Home/Index/ajax
INFO: [ app_init ] --START--
INFO: Run Behavior\BuildLiteBehavior [ RunTime:0.000156s ]
INFO: [ app_init ] --END-- [ RunTime:0.002838s ]

[ 2017-03-21T13:26:09+08:00 ] ::1 /3.2.1/index.php/Home/Index/ajax
INFO: [ app_init ] --START--
INFO: Run Behavior\BuildLiteBehavior [ RunTime:0.000199s ]
INFO: [ app_init ] --END-- [ RunTime:0.003875s ]

[ 2017-03-21T13:26:45+08:00 ] ::1 /3.2.1/index.php/Home/Index/ajaxprv
INFO: [ app_init ] --START--
INFO: Run Behavior\BuildLiteBehavior [ RunTime:0.000117s ]
INFO: [ app_init ] --END-- [ RunTime:0.002288s ]

[ 2017-03-21T13:26:52+08:00 ] ::1 /3.2.1/index.php/Home/Index/ajax
INFO: [ app_init ] --START--
INFO: Run Behavior\BuildLiteBehavior [ RunTime:0.000119s ]
INFO: [ app_init ] --END-- [ RunTime:0.002402s ]

[ 2017-03-21T18:41:51+08:00 ] ::1 /3.2.1/index.php/Home/Index/ajax
INFO: [ app_init ] --START--
INFO: Run Behavior\BuildLiteBehavior [ RunTime:0.000117s ]
INFO: [ app_init ] --END-- [ RunTime:0.013764s ]

[ 2017-03-21T19:20:26+08:00 ] ::1 /3.2.1/index.php/Home/Index/page
INFO: [ app_init ] --START--
INFO: Run Behavior\BuildLiteBehavior [ RunTime:0.000116s ]
INFO: [ app_init ] --END-- [ RunTime:0.002530s ]

[ 2017-03-21T19:22:45+08:00 ] ::1 /3.2.1/index.php/Home/Index/page
INFO: [ app_init ] --START--
INFO: Run Behavior\BuildLiteBehavior [ RunTime:0.000115s ]
INFO: [ app_init ] --END-- [ RunTime:0.001999s ]

[ 2017-03-21T19:24:08+08:00 ] ::1 /3.2.1/index.php/Home/Index/page
INFO: [ app_init ] --START--
INFO: Run Behavior\BuildLiteBehavior [ RunTime:0.000149s ]
INFO: [ app_init ] --END-- [ RunTime:0.003094s ]

[ 2017-03-21T19:25:11+08:00 ] ::1 /3.2.1/index.php/Home/Index/page
INFO: [ app_init ] --START--
INFO: Run Behavior\BuildLiteBehavior [ RunTime:0.000106s ]
INFO: [ app_init ] --END-- [ RunTime:0.001754s ]

[ 2017-03-21T19:31:50+08:00 ] ::1 /3.2.1/index.php/Home/Index/page
INFO: [ app_init ] --START--
INFO: Run Behavior\BuildLiteBehavior [ RunTime:0.000129s ]
INFO: [ app_init ] --END-- [ RunTime:0.002229s ]

[ 2017-03-21T19:31:51+08:00 ] ::1 /3.2.1/index.php/Home/Index/page
INFO: [ app_init ] --START--
INFO: Run Behavior\BuildLiteBehavior [ RunTime:0.000105s ]
INFO: [ app_init ] --END-- [ RunTime:0.001816s ]

[ 2017-03-21T19:32:17+08:00 ] ::1 /3.2.1/index.php/Home/Index/page
INFO: [ app_init ] --START--
INFO: Run Behavior\BuildLiteBehavior [ RunTime:0.000115s ]
INFO: [ app_init ] --END-- [ RunTime:0.002066s ]

[ 2017-03-21T19:34:42+08:00 ] ::1 /3.2.1/index.php/Home/Index/page
INFO: [ app_init ] --START--
INFO: Run Behavior\BuildLiteBehavior [ RunTime:0.000123s ]
INFO: [ app_init ] --END-- [ RunTime:0.003375s ]

[ 2017-03-21T19:38:11+08:00 ] ::1 /3.2.1/index.php/Home/Index/page
INFO: [ app_init ] --START--
INFO: Run Behavior\BuildLiteBehavior [ RunTime:0.000157s ]
INFO: [ app_init ] --END-- [ RunTime:0.003025s ]

[ 2017-03-21T19:46:23+08:00 ] ::1 /3.2.1/index.php/Home/Index/page
INFO: [ app_init ] --START--
INFO: Run Behavior\BuildLiteBehavior [ RunTime:0.000154s ]
INFO: [ app_init ] --END-- [ RunTime:0.003955s ]

[ 2017-03-21T19:46:31+08:00 ] ::1 /3.2.1/index.php/Home/Index/page
INFO: [ app_init ] --START--
INFO: Run Behavior\BuildLiteBehavior [ RunTime:0.000147s ]
INFO: [ app_init ] --END-- [ RunTime:0.002584s ]

[ 2017-03-21T19:46:39+08:00 ] ::1 /3.2.1/index.php/Home/Index/page
INFO: [ app_init ] --START--
INFO: Run Behavior\BuildLiteBehavior [ RunTime:0.000114s ]
INFO: [ app_init ] --END-- [ RunTime:0.001947s ]

[ 2017-03-21T19:47:09+08:00 ] ::1 /3.2.1/index.php/Home/Index/page
INFO: [ app_init ] --START--
INFO: Run Behavior\BuildLiteBehavior [ RunTime:0.000107s ]
INFO: [ app_init ] --END-- [ RunTime:0.001787s ]

[ 2017-03-21T19:47:12+08:00 ] ::1 /3.2.1/index.php/Home/Index/page/2
INFO: [ app_init ] --START--
INFO: Run Behavior\BuildLiteBehavior [ RunTime:0.000155s ]
INFO: [ app_init ] --END-- [ RunTime:0.005153s ]

[ 2017-03-21T19:47:15+08:00 ] ::1 /3.2.1/index.php/Home/Index/page/2
INFO: [ app_init ] --START--
INFO: Run Behavior\BuildLiteBehavior [ RunTime:0.000114s ]
INFO: [ app_init ] --END-- [ RunTime:0.002121s ]

[ 2017-03-21T19:49:28+08:00 ] ::1 /3.2.1/index.php/Home/Index/page/2
INFO: [ app_init ] --START--
INFO: Run Behavior\BuildLiteBehavior [ RunTime:0.000123s ]
INFO: [ app_init ] --END-- [ RunTime:0.002629s ]

[ 2017-03-21T19:50:57+08:00 ] ::1 /3.2.1/index.php/Home/Index/page/2
INFO: [ app_init ] --START--
INFO: Run Behavior\BuildLiteBehavior [ RunTime:0.000122s ]
INFO: [ app_init ] --END-- [ RunTime:0.002324s ]

[ 2017-03-21T19:51:30+08:00 ] ::1 /3.2.1/index.php/Home/Index/page/2
INFO: [ app_init ] --START--
INFO: Run Behavior\BuildLiteBehavior [ RunTime:0.000117s ]
INFO: [ app_init ] --END-- [ RunTime:0.001808s ]

[ 2017-03-21T19:51:34+08:00 ] ::1 /3.2.1/index.php/Home/Index/page/p/2.html
INFO: [ app_init ] --START--
INFO: Run Behavior\BuildLiteBehavior [ RunTime:0.000107s ]
INFO: [ app_init ] --END-- [ RunTime:0.001832s ]

[ 2017-03-21T19:51:36+08:00 ] ::1 /3.2.1/index.php/Home/Index/page/p/1.html
INFO: [ app_init ] --START--
INFO: Run Behavior\BuildLiteBehavior [ RunTime:0.000111s ]
INFO: [ app_init ] --END-- [ RunTime:0.001912s ]

[ 2017-03-21T20:20:30+08:00 ] ::1 /3.2.1/index.php/Home/Index/page/p/1.html
INFO: [ app_init ] --START--
INFO: Run Behavior\BuildLiteBehavior [ RunTime:0.000144s ]
INFO: [ app_init ] --END-- [ RunTime:0.003173s ]

[ 2017-03-21T20:22:40+08:00 ] ::1 /3.2.1/index.php/Home/Index/page/p/1.html
INFO: [ app_init ] --START--
INFO: Run Behavior\BuildLiteBehavior [ RunTime:0.000139s ]
INFO: [ app_init ] --END-- [ RunTime:0.002486s ]

[ 2017-03-21T20:22:56+08:00 ] ::1 /3.2.1/index.php/Home/Index/page/p/1.html
INFO: [ app_init ] --START--
INFO: Run Behavior\BuildLiteBehavior [ RunTime:0.000211s ]
INFO: [ app_init ] --END-- [ RunTime:0.003924s ]

[ 2017-03-21T20:22:59+08:00 ] ::1 /3.2.1/index.php/Home/Index/page/p/2.html
INFO: [ app_init ] --START--
INFO: Run Behavior\BuildLiteBehavior [ RunTime:0.000118s ]
INFO: [ app_init ] --END-- [ RunTime:0.002302s ]

[ 2017-03-21T20:23:01+08:00 ] ::1 /3.2.1/index.php/Home/Index/page/p/3.html
INFO: [ app_init ] --START--
INFO: Run Behavior\BuildLiteBehavior [ RunTime:0.000114s ]
INFO: [ app_init ] --END-- [ RunTime:0.002134s ]

[ 2017-03-21T20:23:03+08:00 ] ::1 /3.2.1/index.php/Home/Index/page/p/4.html
INFO: [ app_init ] --START--
INFO: Run Behavior\BuildLiteBehavior [ RunTime:0.000112s ]
INFO: [ app_init ] --END-- [ RunTime:0.002134s ]

[ 2017-03-21T20:29:54+08:00 ] ::1 /3.2.1/index.php/Home/Index/page/p/4.html
INFO: [ app_init ] --START--
INFO: Run Behavior\BuildLiteBehavior [ RunTime:0.000149s ]
INFO: [ app_init ] --END-- [ RunTime:0.009636s ]

[ 2017-03-21T20:30:20+08:00 ] ::1 /3.2.1/index.php/Home/Index/page/p/4.html
INFO: [ app_init ] --START--
INFO: Run Behavior\BuildLiteBehavior [ RunTime:0.000127s ]
INFO: [ app_init ] --END-- [ RunTime:0.003475s ]

[ 2017-03-21T20:31:08+08:00 ] ::1 /3.2.1/index.php/Home/Index/page/p/1.html
INFO: [ app_init ] --START--
INFO: Run Behavior\BuildLiteBehavior [ RunTime:0.000137s ]
INFO: [ app_init ] --END-- [ RunTime:0.002402s ]

[ 2017-03-21T20:31:12+08:00 ] ::1 /3.2.1/index.php/Home/Index/page/p/2.html
INFO: [ app_init ] --START--
INFO: Run Behavior\BuildLiteBehavior [ RunTime:0.000109s ]
INFO: [ app_init ] --END-- [ RunTime:0.001910s ]

[ 2017-03-21T20:31:13+08:00 ] ::1 /3.2.1/index.php/Home/Index/page/p/3.html
INFO: [ app_init ] --START--
INFO: Run Behavior\BuildLiteBehavior [ RunTime:0.000117s ]
INFO: [ app_init ] --END-- [ RunTime:0.001964s ]

[ 2017-03-21T20:33:20+08:00 ] ::1 /3.2.1/index.php/Home/Index/page/p/3.html
INFO: [ app_init ] --START--
INFO: Run Behavior\BuildLiteBehavior [ RunTime:0.000107s ]
INFO: [ app_init ] --END-- [ RunTime:0.001901s ]

[ 2017-03-21T20:33:22+08:00 ] ::1 /3.2.1/index.php/Home/Index/page/p/2.html
INFO: [ app_init ] --START--
INFO: Run Behavior\BuildLiteBehavior [ RunTime:0.000112s ]
INFO: [ app_init ] --END-- [ RunTime:0.002049s ]

[ 2017-03-21T20:33:25+08:00 ] ::1 /3.2.1/index.php/Home/Index/page/p/1.html
INFO: [ app_init ] --START--
INFO: Run Behavior\BuildLiteBehavior [ RunTime:0.000115s ]
INFO: [ app_init ] --END-- [ RunTime:0.002020s ]

[ 2017-03-21T20:33:29+08:00 ] ::1 /3.2.1/index.php/Home/Index/page/p/4.html
INFO: [ app_init ] --START--
INFO: Run Behavior\BuildLiteBehavior [ RunTime:0.000105s ]
INFO: [ app_init ] --END-- [ RunTime:0.001758s ]

[ 2017-03-21T20:33:32+08:00 ] ::1 /3.2.1/index.php/Home/Index/page/p/3.html
INFO: [ app_init ] --START--
INFO: Run Behavior\BuildLiteBehavior [ RunTime:0.000105s ]
INFO: [ app_init ] --END-- [ RunTime:0.001903s ]

[ 2017-03-21T23:34:02+08:00 ] ::1 /3.2.1/index.php/Home/Index/mail
INFO: [ app_init ] --START--
INFO: Run Behavior\BuildLiteBehavior [ RunTime:0.000117s ]
INFO: [ app_init ] --END-- [ RunTime:0.001784s ]

[ 2017-03-21T23:41:34+08:00 ] ::1 /3.2.1/index.php/Home/Index/mail
INFO: [ app_init ] --START--
INFO: Run Behavior\BuildLiteBehavior [ RunTime:0.000105s ]
INFO: [ app_init ] --END-- [ RunTime:0.001416s ]

