[ 2017-03-23T00:31:57+08:00 ] ::1 /3.2.1/index.php/Home/Index/details
INFO: [ app_init ] --START--
INFO: Run Behavior\BuildLiteBehavior [ RunTime:0.000114s ]
INFO: [ app_init ] --END-- [ RunTime:0.002251s ]

[ 2017-03-23T00:32:28+08:00 ] ::1 /3.2.1/index.php/Home/Index/details
INFO: [ app_init ] --START--
INFO: Run Behavior\BuildLiteBehavior [ RunTime:0.000121s ]
INFO: [ app_init ] --END-- [ RunTime:0.003313s ]

[ 2017-03-23T00:32:36+08:00 ] ::1 /3.2.1/index.php
INFO: [ app_init ] --START--
INFO: Run Behavior\BuildLiteBehavior [ RunTime:0.000152s ]
INFO: [ app_init ] --END-- [ RunTime:0.002261s ]

[ 2017-03-23T00:32:55+08:00 ] ::1 /3.2.1/index.php/Home/Index/home
INFO: [ app_init ] --START--
INFO: Run Behavior\BuildLiteBehavior [ RunTime:0.000112s ]
INFO: [ app_init ] --END-- [ RunTime:0.002013s ]

[ 2017-03-23T00:33:03+08:00 ] ::1 /3.2.1/index.php/Home/Index/classify/category_id/4
INFO: [ app_init ] --START--
INFO: Run Behavior\BuildLiteBehavior [ RunTime:0.000116s ]
INFO: [ app_init ] --END-- [ RunTime:0.002212s ]

[ 2017-03-23T00:33:07+08:00 ] ::1 /3.2.1/index.php/Home/Index/details/shop_id/1
INFO: [ app_init ] --START--
INFO: Run Behavior\BuildLiteBehavior [ RunTime:0.000110s ]
INFO: [ app_init ] --END-- [ RunTime:0.001955s ]

[ 2017-03-23T00:33:44+08:00 ] ::1 /3.2.1/index.php/Home/Index/details/shop_id/1
INFO: [ app_init ] --START--
INFO: Run Behavior\BuildLiteBehavior [ RunTime:0.000121s ]
INFO: [ app_init ] --END-- [ RunTime:0.001878s ]

[ 2017-03-23T00:36:45+08:00 ] ::1 /3.2.1/index.php/Home/Index/details/shop_id/1
INFO: [ app_init ] --START--
INFO: Run Behavior\BuildLiteBehavior [ RunTime:0.000118s ]
INFO: [ app_init ] --END-- [ RunTime:0.002059s ]

[ 2017-03-23T00:44:53+08:00 ] ::1 /3.2.1/index.php/Home/Index/details/shop_id/1
INFO: [ app_init ] --START--
INFO: Run Behavior\BuildLiteBehavior [ RunTime:0.000182s ]
INFO: [ app_init ] --END-- [ RunTime:0.003805s ]

[ 2017-03-23T00:46:18+08:00 ] ::1 /3.2.1/index.php/Home/Index/details/shop_id/1
INFO: [ app_init ] --START--
INFO: Run Behavior\BuildLiteBehavior [ RunTime:0.000170s ]
INFO: [ app_init ] --END-- [ RunTime:0.002000s ]

[ 2017-03-23T00:49:58+08:00 ] ::1 /3.2.1/index.php/Home/Index/details/shop_id/1
INFO: [ app_init ] --START--
INFO: Run Behavior\BuildLiteBehavior [ RunTime:0.000153s ]
INFO: [ app_init ] --END-- [ RunTime:0.002771s ]

[ 2017-03-23T01:06:00+08:00 ] ::1 /3.2.1/index.php/Home/Index/picture
INFO: [ app_init ] --START--
INFO: Run Behavior\BuildLiteBehavior [ RunTime:0.000168s ]
INFO: [ app_init ] --END-- [ RunTime:0.002238s ]

[ 2017-03-23T01:07:26+08:00 ] ::1 /3.2.1/index.php/Home/Index/picture
INFO: [ app_init ] --START--
INFO: Run Behavior\BuildLiteBehavior [ RunTime:0.000149s ]
INFO: [ app_init ] --END-- [ RunTime:0.002272s ]

[ 2017-03-23T08:15:21+08:00 ] ::1 /3.2.1/index.php/Home/Index/picture
INFO: [ app_init ] --START--
INFO: Run Behavior\BuildLiteBehavior [ RunTime:0.000151s ]
INFO: [ app_init ] --END-- [ RunTime:0.003827s ]

[ 2017-03-23T08:29:18+08:00 ] ::1 /3.2.1/index.php/Home/Index/picture
INFO: [ app_init ] --START--
INFO: Run Behavior\BuildLiteBehavior [ RunTime:0.000146s ]
INFO: [ app_init ] --END-- [ RunTime:0.002657s ]

