[ 2017-03-18T11:22:14+08:00 ] ::1 /3.2.1/Home/User/login
INFO: [ app_init ] --START--
INFO: Run Behavior\BuildLiteBehavior [ RunTime:0.000189s ]
INFO: [ app_init ] --END-- [ RunTime:0.002207s ]

[ 2017-03-18T11:22:22+08:00 ] ::1 /3.2.1/Home/User/home
INFO: [ app_init ] --START--
INFO: Run Behavior\BuildLiteBehavior [ RunTime:0.000106s ]
INFO: [ app_init ] --END-- [ RunTime:0.001593s ]

[ 2017-03-18T11:22:55+08:00 ] ::1 /3.2.1/index.php/Home/User/login
INFO: [ app_init ] --START--
INFO: Run Behavior\BuildLiteBehavior [ RunTime:0.000112s ]
INFO: [ app_init ] --END-- [ RunTime:0.001642s ]

[ 2017-03-18T11:23:04+08:00 ] ::1 /3.2.1/index.php/Home/User/show_love
INFO: [ app_init ] --START--
INFO: Run Behavior\BuildLiteBehavior [ RunTime:0.000104s ]
INFO: [ app_init ] --END-- [ RunTime:0.001535s ]

[ 2017-03-18T11:23:05+08:00 ] ::1 /3.2.1/index.php/Home/User/public/js/jQuery.js
INFO: [ app_init ] --START--
INFO: Run Behavior\BuildLiteBehavior [ RunTime:0.000109s ]
INFO: [ app_init ] --END-- [ RunTime:0.001660s ]
ERR: 非法操作:public

[ 2017-03-18T11:23:10+08:00 ] ::1 /3.2.1/index.php/Home/User/login
INFO: [ app_init ] --START--
INFO: Run Behavior\BuildLiteBehavior [ RunTime:0.000112s ]
INFO: [ app_init ] --END-- [ RunTime:0.001665s ]

[ 2017-03-18T11:23:17+08:00 ] ::1 /3.2.1/index.php/Home/Index/loings.html
INFO: [ app_init ] --START--
INFO: Run Behavior\BuildLiteBehavior [ RunTime:0.000138s ]
INFO: [ app_init ] --END-- [ RunTime:0.001800s ]
ERR: 非法操作:loings

[ 2017-03-18T11:24:20+08:00 ] ::1 /3.2.1/index.php/Home/Index/loings.html
INFO: [ app_init ] --START--
INFO: Run Behavior\BuildLiteBehavior [ RunTime:0.000134s ]
INFO: [ app_init ] --END-- [ RunTime:0.001846s ]

[ 2017-03-18T11:41:39+08:00 ] ::1 /3.2.1/index.php/Home/User/face
INFO: [ app_init ] --START--
INFO: Run Behavior\BuildLiteBehavior [ RunTime:0.000105s ]
INFO: [ app_init ] --END-- [ RunTime:0.001345s ]

[ 2017-03-18T11:42:00+08:00 ] ::1 /3.2.1/index.php/Home/User/uploadImg.html
INFO: [ app_init ] --START--
INFO: Run Behavior\BuildLiteBehavior [ RunTime:0.000115s ]
INFO: [ app_init ] --END-- [ RunTime:0.001346s ]

[ 2017-03-18T11:42:29+08:00 ] ::1 /3.2.1/index.php/Home/User/cropImg.html
INFO: [ app_init ] --START--
INFO: Run Behavior\BuildLiteBehavior [ RunTime:0.000110s ]
INFO: [ app_init ] --END-- [ RunTime:0.001648s ]

[ 2017-03-18T14:14:54+08:00 ] ::1 /3.2.1/index.php/Home/User/show_love
INFO: [ app_init ] --START--
INFO: Run Behavior\BuildLiteBehavior [ RunTime:0.000113s ]
INFO: [ app_init ] --END-- [ RunTime:0.001895s ]

[ 2017-03-18T14:14:54+08:00 ] ::1 /3.2.1/index.php/Home/User/public/js/jQuery.js
INFO: [ app_init ] --START--
INFO: Run Behavior\BuildLiteBehavior [ RunTime:0.000111s ]
INFO: [ app_init ] --END-- [ RunTime:0.001714s ]
ERR: 非法操作:public

[ 2017-03-18T14:14:58+08:00 ] ::1 /3.2.1/index.php/Home/User/del?shop_id/3
INFO: [ app_init ] --START--
INFO: Run Behavior\BuildLiteBehavior [ RunTime:0.000119s ]
INFO: [ app_init ] --END-- [ RunTime:0.001610s ]
ERR: 参数错误或者未定义:shop_id

[ 2017-03-18T14:16:08+08:00 ] ::1 /3.2.1/index.php/Home/User/public/js/jQuery.js
INFO: [ app_init ] --START--
INFO: Run Behavior\BuildLiteBehavior [ RunTime:0.000114s ]
INFO: [ app_init ] --END-- [ RunTime:0.002156s ]

[ 2017-03-18T14:16:27+08:00 ] ::1 /3.2.1/index.php/Home/User/del?shop_id/3
INFO: [ app_init ] --START--
INFO: Run Behavior\BuildLiteBehavior [ RunTime:0.000125s ]
INFO: [ app_init ] --END-- [ RunTime:0.002278s ]

[ 2017-03-18T14:17:04+08:00 ] ::1 /3.2.1/index.php/Home/User/public/js/jQuery.js
INFO: [ app_init ] --START--
INFO: Run Behavior\BuildLiteBehavior [ RunTime:0.000108s ]
INFO: [ app_init ] --END-- [ RunTime:0.001683s ]

[ 2017-03-18T14:17:09+08:00 ] ::1 /3.2.1/index.php/Home/User/del?shop_id/3
INFO: [ app_init ] --START--
INFO: Run Behavior\BuildLiteBehavior [ RunTime:0.000124s ]
INFO: [ app_init ] --END-- [ RunTime:0.001736s ]

[ 2017-03-18T14:18:02+08:00 ] ::1 /3.2.1/index.php/Home/User/public/js/jQuery.js
INFO: [ app_init ] --START--
INFO: Run Behavior\BuildLiteBehavior [ RunTime:0.000108s ]
INFO: [ app_init ] --END-- [ RunTime:0.001637s ]
ERR: 非法操作:public

[ 2017-03-18T14:18:06+08:00 ] ::1 /3.2.1/index.php/Home/User/del?shop_id/3
INFO: [ app_init ] --START--
INFO: Run Behavior\BuildLiteBehavior [ RunTime:0.000112s ]
INFO: [ app_init ] --END-- [ RunTime:0.001563s ]

[ 2017-03-18T14:18:06+08:00 ] ::1 /3.2.1/index.php/Home/User/public/js/jQuery.js
INFO: [ app_init ] --START--
INFO: Run Behavior\BuildLiteBehavior [ RunTime:0.000109s ]
INFO: [ app_init ] --END-- [ RunTime:0.001431s ]
ERR: 非法操作:public

[ 2017-03-18T14:18:08+08:00 ] ::1 /3.2.1/index.php/Home/User/del?shop_id/3
INFO: [ app_init ] --START--
INFO: Run Behavior\BuildLiteBehavior [ RunTime:0.000105s ]
INFO: [ app_init ] --END-- [ RunTime:0.001423s ]

[ 2017-03-18T14:18:08+08:00 ] ::1 /3.2.1/index.php/Home/User/public/js/jQuery.js
INFO: [ app_init ] --START--
INFO: Run Behavior\BuildLiteBehavior [ RunTime:0.000108s ]
INFO: [ app_init ] --END-- [ RunTime:0.001526s ]
ERR: 非法操作:public

[ 2017-03-18T14:18:47+08:00 ] ::1 /3.2.1/index.php/Home/User/del?shop_id/3
INFO: [ app_init ] --START--
INFO: Run Behavior\BuildLiteBehavior [ RunTime:0.000116s ]
INFO: [ app_init ] --END-- [ RunTime:0.001568s ]

[ 2017-03-18T14:18:47+08:00 ] ::1 /3.2.1/index.php/Home/User/public/js/jQuery.js
INFO: [ app_init ] --START--
INFO: Run Behavior\BuildLiteBehavior [ RunTime:0.000117s ]
INFO: [ app_init ] --END-- [ RunTime:0.001703s ]
ERR: 非法操作:public

[ 2017-03-18T14:18:49+08:00 ] ::1 /3.2.1/index.php/Home/User/del?shop_id/3
INFO: [ app_init ] --START--
INFO: Run Behavior\BuildLiteBehavior [ RunTime:0.000108s ]
INFO: [ app_init ] --END-- [ RunTime:0.001491s ]

[ 2017-03-18T14:18:50+08:00 ] ::1 /3.2.1/index.php/Home/User/public/js/jQuery.js
INFO: [ app_init ] --START--
INFO: Run Behavior\BuildLiteBehavior [ RunTime:0.000117s ]
INFO: [ app_init ] --END-- [ RunTime:0.001646s ]
ERR: 非法操作:public

[ 2017-03-18T14:18:52+08:00 ] ::1 /3.2.1/index.php/Home/User/del/shop_id/3
INFO: [ app_init ] --START--
INFO: Run Behavior\BuildLiteBehavior [ RunTime:0.000106s ]
INFO: [ app_init ] --END-- [ RunTime:0.001430s ]

[ 2017-03-18T14:18:52+08:00 ] ::1 /3.2.1/index.php/Home/User/del/shop_id/public/js/jQuery.js
INFO: [ app_init ] --START--
INFO: Run Behavior\BuildLiteBehavior [ RunTime:0.000144s ]
INFO: [ app_init ] --END-- [ RunTime:0.002467s ]

[ 2017-03-18T14:19:46+08:00 ] ::1 /3.2.1/index.php/Home/User/del/shop_id/3
INFO: [ app_init ] --START--
INFO: Run Behavior\BuildLiteBehavior [ RunTime:0.000112s ]
INFO: [ app_init ] --END-- [ RunTime:0.001454s ]

[ 2017-03-18T14:19:47+08:00 ] ::1 /3.2.1/index.php/Home/User/del/shop_id/public/js/jQuery.js
INFO: [ app_init ] --START--
INFO: Run Behavior\BuildLiteBehavior [ RunTime:0.000122s ]
INFO: [ app_init ] --END-- [ RunTime:0.002050s ]

[ 2017-03-18T14:22:48+08:00 ] ::1 /3.2.1/index.php/Home/User/del/shop_id/3
INFO: [ app_init ] --START--
INFO: Run Behavior\BuildLiteBehavior [ RunTime:0.000112s ]
INFO: [ app_init ] --END-- [ RunTime:0.001563s ]

[ 2017-03-18T14:22:48+08:00 ] ::1 /3.2.1/index.php/Home/User/del/shop_id/public/js/jQuery.js
INFO: [ app_init ] --START--
INFO: Run Behavior\BuildLiteBehavior [ RunTime:0.000119s ]
INFO: [ app_init ] --END-- [ RunTime:0.001831s ]

[ 2017-03-18T14:22:52+08:00 ] ::1 /3.2.1/index.php/Home/User/del/shop_id/3
INFO: [ app_init ] --START--
INFO: Run Behavior\BuildLiteBehavior [ RunTime:0.000103s ]
INFO: [ app_init ] --END-- [ RunTime:0.001450s ]

[ 2017-03-18T14:22:52+08:00 ] ::1 /3.2.1/index.php/Home/User/del/shop_id/public/js/jQuery.js
INFO: [ app_init ] --START--
INFO: Run Behavior\BuildLiteBehavior [ RunTime:0.000106s ]
INFO: [ app_init ] --END-- [ RunTime:0.001524s ]

[ 2017-03-18T14:26:32+08:00 ] ::1 /3.2.1/index.php/Home/User/del/shop_id/3
INFO: [ app_init ] --START--
INFO: Run Behavior\BuildLiteBehavior [ RunTime:0.000296s ]
INFO: [ app_init ] --END-- [ RunTime:0.004112s ]

[ 2017-03-18T14:26:32+08:00 ] ::1 /3.2.1/index.php/Home/User/del/shop_id/public/js/jQuery.js
INFO: [ app_init ] --START--
INFO: Run Behavior\BuildLiteBehavior [ RunTime:0.000112s ]
INFO: [ app_init ] --END-- [ RunTime:0.001729s ]

[ 2017-03-18T14:26:34+08:00 ] ::1 /3.2.1/index.php/Home/User/del/shop_id/3
INFO: [ app_init ] --START--
INFO: Run Behavior\BuildLiteBehavior [ RunTime:0.000108s ]
INFO: [ app_init ] --END-- [ RunTime:0.001617s ]

[ 2017-03-18T14:26:34+08:00 ] ::1 /3.2.1/index.php/Home/User/del/shop_id/public/js/jQuery.js
INFO: [ app_init ] --START--
INFO: Run Behavior\BuildLiteBehavior [ RunTime:0.000108s ]
INFO: [ app_init ] --END-- [ RunTime:0.001684s ]

[ 2017-03-18T14:27:35+08:00 ] ::1 /3.2.1/index.php/Home/User/del/shop_id/3
INFO: [ app_init ] --START--
INFO: Run Behavior\BuildLiteBehavior [ RunTime:0.000205s ]
INFO: [ app_init ] --END-- [ RunTime:0.003017s ]

[ 2017-03-18T14:27:35+08:00 ] ::1 /3.2.1/index.php/Home/User/del/shop_id/public/js/jQuery.js
INFO: [ app_init ] --START--
INFO: Run Behavior\BuildLiteBehavior [ RunTime:0.000115s ]
INFO: [ app_init ] --END-- [ RunTime:0.001865s ]

[ 2017-03-18T14:31:33+08:00 ] ::1 /3.2.1/index.php/Home/User/del/shop_id/3
INFO: [ app_init ] --START--
INFO: Run Behavior\BuildLiteBehavior [ RunTime:0.000116s ]
INFO: [ app_init ] --END-- [ RunTime:0.001689s ]

[ 2017-03-18T14:31:33+08:00 ] ::1 /3.2.1/index.php/Home/User/del/shop_id/public/js/jQuery.js
INFO: [ app_init ] --START--
INFO: Run Behavior\BuildLiteBehavior [ RunTime:0.000129s ]
INFO: [ app_init ] --END-- [ RunTime:0.002091s ]

[ 2017-03-18T14:52:46+08:00 ] ::1 /3.2.1/index.php/Home/User/home
INFO: [ app_init ] --START--
INFO: Run Behavior\BuildLiteBehavior [ RunTime:0.000115s ]
INFO: [ app_init ] --END-- [ RunTime:0.001744s ]

[ 2017-03-18T14:52:54+08:00 ] ::1 /3.2.1/index.php/Home/User/user
INFO: [ app_init ] --START--
INFO: Run Behavior\BuildLiteBehavior [ RunTime:0.000188s ]
INFO: [ app_init ] --END-- [ RunTime:0.002727s ]

[ 2017-03-18T14:55:33+08:00 ] ::1 /3.2.1/index.php/Home/User/show_love
INFO: [ app_init ] --START--
INFO: Run Behavior\BuildLiteBehavior [ RunTime:0.000117s ]
INFO: [ app_init ] --END-- [ RunTime:0.001543s ]

[ 2017-03-18T14:55:34+08:00 ] ::1 /3.2.1/index.php/Home/User/public/js/jQuery.js
INFO: [ app_init ] --START--
INFO: Run Behavior\BuildLiteBehavior [ RunTime:0.000118s ]
INFO: [ app_init ] --END-- [ RunTime:0.001936s ]
ERR: 非法操作:public

[ 2017-03-18T14:55:38+08:00 ] ::1 /3.2.1/index.php/Home/User/face
INFO: [ app_init ] --START--
INFO: Run Behavior\BuildLiteBehavior [ RunTime:0.000148s ]
INFO: [ app_init ] --END-- [ RunTime:0.002191s ]

[ 2017-03-18T15:09:45+08:00 ] ::1 /3.2.1/index.php/Home/Index/details
INFO: [ app_init ] --START--
INFO: Run Behavior\BuildLiteBehavior [ RunTime:0.000111s ]
INFO: [ app_init ] --END-- [ RunTime:0.002037s ]

[ 2017-03-18T15:19:04+08:00 ] ::1 /3.2.1/index.php/Home/Index/details
INFO: [ app_init ] --START--
INFO: Run Behavior\BuildLiteBehavior [ RunTime:0.000114s ]
INFO: [ app_init ] --END-- [ RunTime:0.001932s ]

[ 2017-03-18T15:19:08+08:00 ] ::1 /3.2.1/index.php/Home/Index/details
INFO: [ app_init ] --START--
INFO: Run Behavior\BuildLiteBehavior [ RunTime:0.000124s ]
INFO: [ app_init ] --END-- [ RunTime:0.002411s ]

[ 2017-03-18T15:21:25+08:00 ] ::1 /3.2.1/index.php/Home/Index/details
INFO: [ app_init ] --START--
INFO: Run Behavior\BuildLiteBehavior [ RunTime:0.000144s ]
INFO: [ app_init ] --END-- [ RunTime:0.002369s ]

[ 2017-03-18T15:21:48+08:00 ] ::1 /3.2.1/index.php/Home/Index/details
INFO: [ app_init ] --START--
INFO: Run Behavior\BuildLiteBehavior [ RunTime:0.000113s ]
INFO: [ app_init ] --END-- [ RunTime:0.001797s ]

[ 2017-03-18T15:22:29+08:00 ] ::1 /3.2.1/index.php/Home/User/home
INFO: [ app_init ] --START--
INFO: Run Behavior\BuildLiteBehavior [ RunTime:0.000113s ]
INFO: [ app_init ] --END-- [ RunTime:0.001894s ]

[ 2017-03-18T15:25:01+08:00 ] ::1 /3.2.1/index.php/Home/Index/show_area
INFO: [ app_init ] --START--
INFO: Run Behavior\BuildLiteBehavior [ RunTime:0.000104s ]
INFO: [ app_init ] --END-- [ RunTime:0.001390s ]

