[ 2017-03-20T00:00:52+08:00 ] ::1 /3.2.1/index.php/Home/Index/classify/category_id/4
INFO: [ app_init ] --START--
INFO: Run Behavior\BuildLiteBehavior [ RunTime:0.000119s ]
INFO: [ app_init ] --END-- [ RunTime:0.002551s ]

[ 2017-03-20T00:06:45+08:00 ] ::1 /3.2.1/index.php/Home/Index/classify/category_id/4
INFO: [ app_init ] --START--
INFO: Run Behavior\BuildLiteBehavior [ RunTime:0.000119s ]
INFO: [ app_init ] --END-- [ RunTime:0.002151s ]

[ 2017-03-20T00:09:36+08:00 ] ::1 /3.2.1/index.php/Home/Index/classify/category_id/4
INFO: [ app_init ] --START--
INFO: Run Behavior\BuildLiteBehavior [ RunTime:0.000103s ]
INFO: [ app_init ] --END-- [ RunTime:0.001419s ]

[ 2017-03-20T00:25:00+08:00 ] ::1 /3.2.1/index.php/Home/Index/classify/category_id/4
INFO: [ app_init ] --START--
INFO: Run Behavior\BuildLiteBehavior [ RunTime:0.000162s ]
INFO: [ app_init ] --END-- [ RunTime:0.004522s ]

[ 2017-03-20T00:25:33+08:00 ] ::1 /3.2.1/index.php/Home/Index/classify/category_id/4
INFO: [ app_init ] --START--
INFO: Run Behavior\BuildLiteBehavior [ RunTime:0.000146s ]
INFO: [ app_init ] --END-- [ RunTime:0.002324s ]

[ 2017-03-20T00:26:01+08:00 ] ::1 /3.2.1/index.php/Home/Index/classify/category_id/4
INFO: [ app_init ] --START--
INFO: Run Behavior\BuildLiteBehavior [ RunTime:0.000205s ]
INFO: [ app_init ] --END-- [ RunTime:0.003476s ]

[ 2017-03-20T00:30:28+08:00 ] ::1 /3.2.1/index.php/Home/Index/classify/category_id/details.html
INFO: [ app_init ] --START--
INFO: Run Behavior\BuildLiteBehavior [ RunTime:0.000119s ]
INFO: [ app_init ] --END-- [ RunTime:0.002307s ]

[ 2017-03-20T00:32:44+08:00 ] ::1 /3.2.1/index.php/Home/Index/classify/category_id/4
INFO: [ app_init ] --START--
INFO: Run Behavior\BuildLiteBehavior [ RunTime:0.000116s ]
INFO: [ app_init ] --END-- [ RunTime:0.001952s ]

[ 2017-03-20T00:32:47+08:00 ] ::1 /3.2.1/index.php/Home/Index/details/shop_id/1
INFO: [ app_init ] --START--
INFO: Run Behavior\BuildLiteBehavior [ RunTime:0.000201s ]
INFO: [ app_init ] --END-- [ RunTime:0.002572s ]

[ 2017-03-20T00:33:20+08:00 ] ::1 /3.2.1/index.php/Home/Index/details/shop_id/1
INFO: [ app_init ] --START--
INFO: Run Behavior\BuildLiteBehavior [ RunTime:0.000114s ]
INFO: [ app_init ] --END-- [ RunTime:0.001577s ]

[ 2017-03-20T00:37:54+08:00 ] ::1 /3.2.1/index.php/Home/Index/details/shop_id/1
INFO: [ app_init ] --START--
INFO: Run Behavior\BuildLiteBehavior [ RunTime:0.000114s ]
INFO: [ app_init ] --END-- [ RunTime:0.002153s ]

[ 2017-03-20T00:40:58+08:00 ] ::1 /3.2.1/index.php/Home/Index/details/shop_id/1
INFO: [ app_init ] --START--
INFO: Run Behavior\BuildLiteBehavior [ RunTime:0.000126s ]
INFO: [ app_init ] --END-- [ RunTime:0.002351s ]

[ 2017-03-20T00:41:52+08:00 ] ::1 /3.2.1/index.php/Home/Index/details/shop_id/1
INFO: [ app_init ] --START--
INFO: Run Behavior\BuildLiteBehavior [ RunTime:0.000112s ]
INFO: [ app_init ] --END-- [ RunTime:0.001461s ]

[ 2017-03-20T00:42:37+08:00 ] ::1 /3.2.1/index.php/Home/Index/details/shop_id/5
INFO: [ app_init ] --START--
INFO: Run Behavior\BuildLiteBehavior [ RunTime:0.000155s ]
INFO: [ app_init ] --END-- [ RunTime:0.002460s ]

[ 2017-03-20T00:43:14+08:00 ] ::1 /3.2.1/index.php/Home/Index/details/shop_id/5
INFO: [ app_init ] --START--
INFO: Run Behavior\BuildLiteBehavior [ RunTime:0.000104s ]
INFO: [ app_init ] --END-- [ RunTime:0.001360s ]

[ 2017-03-20T00:43:50+08:00 ] ::1 /3.2.1/index.php/Home/Index/details/shop_id/5
INFO: [ app_init ] --START--
INFO: Run Behavior\BuildLiteBehavior [ RunTime:0.000105s ]
INFO: [ app_init ] --END-- [ RunTime:0.001306s ]

[ 2017-03-20T00:53:40+08:00 ] ::1 /3.2.1/index.php/Home/Index/home
INFO: [ app_init ] --START--
INFO: Run Behavior\BuildLiteBehavior [ RunTime:0.000112s ]
INFO: [ app_init ] --END-- [ RunTime:0.001712s ]

[ 2017-03-20T00:54:29+08:00 ] ::1 /3.2.1/index.php/Home/Index/search.html?shop=%E9%A9%AC%E9%87%8C%E5%A5%A5
INFO: [ app_init ] --START--
INFO: Run Behavior\BuildLiteBehavior [ RunTime:0.000105s ]
INFO: [ app_init ] --END-- [ RunTime:0.001415s ]

[ 2017-03-20T00:55:20+08:00 ] ::1 /3.2.1/index.php/Home/Index/search.html?shop=%E9%A9%AC%E9%87%8C%E5%A5%A5
INFO: [ app_init ] --START--
INFO: Run Behavior\BuildLiteBehavior [ RunTime:0.000124s ]
INFO: [ app_init ] --END-- [ RunTime:0.001960s ]

[ 2017-03-20T00:55:56+08:00 ] ::1 /3.2.1/index.php/Home/Index/search.html?shop=%E9%A9%AC%E9%87%8C%E5%A5%A5
INFO: [ app_init ] --START--
INFO: Run Behavior\BuildLiteBehavior [ RunTime:0.000108s ]
INFO: [ app_init ] --END-- [ RunTime:0.001551s ]

[ 2017-03-20T00:56:12+08:00 ] ::1 /3.2.1/index.php/Home/Index/search.html?shop=%E9%A9%AC%E9%87%8C%E5%A5%A5
INFO: [ app_init ] --START--
INFO: Run Behavior\BuildLiteBehavior [ RunTime:0.000111s ]
INFO: [ app_init ] --END-- [ RunTime:0.001628s ]

[ 2017-03-20T00:57:09+08:00 ] ::1 /3.2.1/index.php/Home/Index/search.html?shop=%E9%A9%AC%E9%87%8C%E5%A5%A5
INFO: [ app_init ] --START--
INFO: Run Behavior\BuildLiteBehavior [ RunTime:0.000270s ]
INFO: [ app_init ] --END-- [ RunTime:0.003601s ]

[ 2017-03-20T15:15:57+08:00 ] ::1 /3.2.1/index.php/Home/Index/search.html?shop=%E9%A9%AC%E9%87%8C%E5%A5%A5
INFO: [ app_init ] --START--
INFO: Run Behavior\BuildLiteBehavior [ RunTime:0.000106s ]
INFO: [ app_init ] --END-- [ RunTime:0.001767s ]

[ 2017-03-20T15:27:49+08:00 ] ::1 /3.2.1/index.php/Home/Index/home
INFO: [ app_init ] --START--
INFO: Run Behavior\BuildLiteBehavior [ RunTime:0.000121s ]
INFO: [ app_init ] --END-- [ RunTime:0.002365s ]

[ 2017-03-20T15:28:53+08:00 ] ::1 /3.2.1/index.php/Home/Index/send
INFO: [ app_init ] --START--
INFO: Run Behavior\BuildLiteBehavior [ RunTime:0.000146s ]
INFO: [ app_init ] --END-- [ RunTime:0.003105s ]

[ 2017-03-20T15:29:01+08:00 ] ::1 /3.2.1/index.php/Home/Index/send
INFO: [ app_init ] --START--
INFO: Run Behavior\BuildLiteBehavior [ RunTime:0.000114s ]
INFO: [ app_init ] --END-- [ RunTime:0.002077s ]

[ 2017-03-20T15:29:02+08:00 ] ::1 /3.2.1/index.php/Home/Index/details/shop_id/5
INFO: [ app_init ] --START--
INFO: Run Behavior\BuildLiteBehavior [ RunTime:0.000115s ]
INFO: [ app_init ] --END-- [ RunTime:0.002134s ]

[ 2017-03-20T15:29:06+08:00 ] ::1 /3.2.1/index.php/Home/Index/send
INFO: [ app_init ] --START--
INFO: Run Behavior\BuildLiteBehavior [ RunTime:0.000114s ]
INFO: [ app_init ] --END-- [ RunTime:0.002002s ]

[ 2017-03-20T15:34:18+08:00 ] ::1 /3.2.1/index.php/Home/Index/send
INFO: [ app_init ] --START--
INFO: Run Behavior\BuildLiteBehavior [ RunTime:0.000117s ]
INFO: [ app_init ] --END-- [ RunTime:0.002169s ]

[ 2017-03-20T16:26:04+08:00 ] ::1 /3.2.1/index.php/Home/Index/send
INFO: [ app_init ] --START--
INFO: Run Behavior\BuildLiteBehavior [ RunTime:0.000130s ]
INFO: [ app_init ] --END-- [ RunTime:0.002484s ]

[ 2017-03-20T16:46:31+08:00 ] ::1 /3.2.1/index.php/Home/Index/send
INFO: [ app_init ] --START--
INFO: Run Behavior\BuildLiteBehavior [ RunTime:0.000149s ]
INFO: [ app_init ] --END-- [ RunTime:0.002630s ]

[ 2017-03-20T19:56:43+08:00 ] ::1 /3.2.1/index.php/Home/Index/send
INFO: [ app_init ] --START--
INFO: Run Behavior\BuildLiteBehavior [ RunTime:0.000202s ]
INFO: [ app_init ] --END-- [ RunTime:0.012517s ]
ERR: 非法操作:send

[ 2017-03-20T19:56:52+08:00 ] ::1 /3.2.1/index.php/Home/Index/think_send_mail
INFO: [ app_init ] --START--
INFO: Run Behavior\BuildLiteBehavior [ RunTime:0.000119s ]
INFO: [ app_init ] --END-- [ RunTime:0.002502s ]

[ 2017-03-20T20:01:59+08:00 ] ::1 /3.2.1/index.php/Home/Index/think_send_mail
INFO: [ app_init ] --START--
INFO: Run Behavior\BuildLiteBehavior [ RunTime:0.000105s ]
INFO: [ app_init ] --END-- [ RunTime:0.001443s ]

[ 2017-03-20T20:02:51+08:00 ] ::1 /3.2.1/index.php/Home/Index/think_send_mail
INFO: [ app_init ] --START--
INFO: Run Behavior\BuildLiteBehavior [ RunTime:0.000107s ]
INFO: [ app_init ] --END-- [ RunTime:0.001382s ]

[ 2017-03-20T20:04:41+08:00 ] ::1 /3.2.1/index.php/Home/Index/think_send_mail
INFO: [ app_init ] --START--
INFO: Run Behavior\BuildLiteBehavior [ RunTime:0.000103s ]
INFO: [ app_init ] --END-- [ RunTime:0.001319s ]

[ 2017-03-20T20:05:40+08:00 ] ::1 /3.2.1/index.php/Home/Index/send
INFO: [ app_init ] --START--
INFO: Run Behavior\BuildLiteBehavior [ RunTime:0.000112s ]
INFO: [ app_init ] --END-- [ RunTime:0.001622s ]

[ 2017-03-20T20:05:47+08:00 ] ::1 /3.2.1/index.php/Home/Index/send
INFO: [ app_init ] --START--
INFO: Run Behavior\BuildLiteBehavior [ RunTime:0.000115s ]
INFO: [ app_init ] --END-- [ RunTime:0.001645s ]

[ 2017-03-20T20:06:15+08:00 ] ::1 /3.2.1/index.php/Home/Index/send
INFO: [ app_init ] --START--
INFO: Run Behavior\BuildLiteBehavior [ RunTime:0.000105s ]
INFO: [ app_init ] --END-- [ RunTime:0.001351s ]

[ 2017-03-20T20:06:16+08:00 ] ::1 /3.2.1/index.php/Home/Index/send
INFO: [ app_init ] --START--
INFO: Run Behavior\BuildLiteBehavior [ RunTime:0.000104s ]
INFO: [ app_init ] --END-- [ RunTime:0.001436s ]

[ 2017-03-20T20:06:16+08:00 ] ::1 /3.2.1/index.php/Home/Index/send
INFO: [ app_init ] --START--
INFO: Run Behavior\BuildLiteBehavior [ RunTime:0.000108s ]
INFO: [ app_init ] --END-- [ RunTime:0.001573s ]

[ 2017-03-20T20:06:16+08:00 ] ::1 /3.2.1/index.php/Home/Index/send
INFO: [ app_init ] --START--
INFO: Run Behavior\BuildLiteBehavior [ RunTime:0.000110s ]
INFO: [ app_init ] --END-- [ RunTime:0.001426s ]

[ 2017-03-20T20:06:17+08:00 ] ::1 /3.2.1/index.php/Home/Index/send
INFO: [ app_init ] --START--
INFO: Run Behavior\BuildLiteBehavior [ RunTime:0.000104s ]
INFO: [ app_init ] --END-- [ RunTime:0.001360s ]

[ 2017-03-20T20:06:17+08:00 ] ::1 /3.2.1/index.php/Home/Index/send
INFO: [ app_init ] --START--
INFO: Run Behavior\BuildLiteBehavior [ RunTime:0.000155s ]
INFO: [ app_init ] --END-- [ RunTime:0.001915s ]

[ 2017-03-20T20:06:17+08:00 ] ::1 /3.2.1/index.php/Home/Index/send
INFO: [ app_init ] --START--
INFO: Run Behavior\BuildLiteBehavior [ RunTime:0.000113s ]
INFO: [ app_init ] --END-- [ RunTime:0.001446s ]

[ 2017-03-20T20:06:17+08:00 ] ::1 /3.2.1/index.php/Home/Index/send
INFO: [ app_init ] --START--
INFO: Run Behavior\BuildLiteBehavior [ RunTime:0.000106s ]
INFO: [ app_init ] --END-- [ RunTime:0.001525s ]

[ 2017-03-20T20:07:12+08:00 ] ::1 /3.2.1/index.php/Home/Index/send
INFO: [ app_init ] --START--
INFO: Run Behavior\BuildLiteBehavior [ RunTime:0.000105s ]
INFO: [ app_init ] --END-- [ RunTime:0.001391s ]
ERR: 非法操作:send

[ 2017-03-20T20:07:39+08:00 ] ::1 /3.2.1/index.php/Home/Index/send
INFO: [ app_init ] --START--
INFO: Run Behavior\BuildLiteBehavior [ RunTime:0.000119s ]
INFO: [ app_init ] --END-- [ RunTime:0.001730s ]

[ 2017-03-20T20:08:27+08:00 ] ::1 /3.2.1/index.php/Home/Index/send
INFO: [ app_init ] --START--
INFO: Run Behavior\BuildLiteBehavior [ RunTime:0.000103s ]
INFO: [ app_init ] --END-- [ RunTime:0.001302s ]

[ 2017-03-20T20:08:28+08:00 ] ::1 /3.2.1/index.php/Home/Index/send
INFO: [ app_init ] --START--
INFO: Run Behavior\BuildLiteBehavior [ RunTime:0.000111s ]
INFO: [ app_init ] --END-- [ RunTime:0.001428s ]

[ 2017-03-20T20:08:28+08:00 ] ::1 /3.2.1/index.php/Home/Index/send
INFO: [ app_init ] --START--
INFO: Run Behavior\BuildLiteBehavior [ RunTime:0.000104s ]
INFO: [ app_init ] --END-- [ RunTime:0.001333s ]

[ 2017-03-20T20:08:29+08:00 ] ::1 /3.2.1/index.php/Home/Index/send
INFO: [ app_init ] --START--
INFO: Run Behavior\BuildLiteBehavior [ RunTime:0.000105s ]
INFO: [ app_init ] --END-- [ RunTime:0.001444s ]

[ 2017-03-20T20:08:46+08:00 ] ::1 /3.2.1/index.php/Home/Index/send
INFO: [ app_init ] --START--
INFO: Run Behavior\BuildLiteBehavior [ RunTime:0.000164s ]
INFO: [ app_init ] --END-- [ RunTime:0.001721s ]

[ 2017-03-20T20:09:31+08:00 ] ::1 /3.2.1/index.php/Home/Index/send
INFO: [ app_init ] --START--
INFO: Run Behavior\BuildLiteBehavior [ RunTime:0.000129s ]
INFO: [ app_init ] --END-- [ RunTime:0.001985s ]

[ 2017-03-20T20:13:09+08:00 ] ::1 /3.2.1/index.php/Home/Index/send
INFO: [ app_init ] --START--
INFO: Run Behavior\BuildLiteBehavior [ RunTime:0.000152s ]
INFO: [ app_init ] --END-- [ RunTime:0.001490s ]

[ 2017-03-20T20:14:49+08:00 ] ::1 /3.2.1/index.php/Home/Index/send
INFO: [ app_init ] --START--
INFO: Run Behavior\BuildLiteBehavior [ RunTime:0.000103s ]
INFO: [ app_init ] --END-- [ RunTime:0.001352s ]

[ 2017-03-20T20:36:03+08:00 ] ::1 /3.2.1/index.php/Home/Index/send
INFO: [ app_init ] --START--
INFO: Run Behavior\BuildLiteBehavior [ RunTime:0.000104s ]
INFO: [ app_init ] --END-- [ RunTime:0.001627s ]

[ 2017-03-20T20:36:05+08:00 ] ::1 /3.2.1/index.php/Home/Index/send
INFO: [ app_init ] --START--
INFO: Run Behavior\BuildLiteBehavior [ RunTime:0.000115s ]
INFO: [ app_init ] --END-- [ RunTime:0.002638s ]

[ 2017-03-20T20:36:32+08:00 ] ::1 /3.2.1/index.php/Home/Index/send
INFO: [ app_init ] --START--
INFO: Run Behavior\BuildLiteBehavior [ RunTime:0.000111s ]
INFO: [ app_init ] --END-- [ RunTime:0.001438s ]

[ 2017-03-20T20:56:00+08:00 ] ::1 /3.2.1/index.php/Home/Index/send
INFO: [ app_init ] --START--
INFO: Run Behavior\BuildLiteBehavior [ RunTime:0.000114s ]
INFO: [ app_init ] --END-- [ RunTime:0.002367s ]

[ 2017-03-20T20:56:01+08:00 ] ::1 /3.2.1/index.php/Home/Index/send
INFO: [ app_init ] --START--
INFO: Run Behavior\BuildLiteBehavior [ RunTime:0.000104s ]
INFO: [ app_init ] --END-- [ RunTime:0.001321s ]

[ 2017-03-20T21:11:10+08:00 ] ::1 /3.2.1/index.php/Home/Index/send
INFO: [ app_init ] --START--
INFO: Run Behavior\BuildLiteBehavior [ RunTime:0.000118s ]
INFO: [ app_init ] --END-- [ RunTime:0.002024s ]

[ 2017-03-20T21:15:01+08:00 ] ::1 /3.2.1/index.php/Home/Index/register
INFO: [ app_init ] --START--
INFO: Run Behavior\BuildLiteBehavior [ RunTime:0.000106s ]
INFO: [ app_init ] --END-- [ RunTime:0.001723s ]

[ 2017-03-20T21:15:02+08:00 ] ::1 /3.2.1/index.php/Home/Index/js/supersized.3.2.7.min.js
INFO: [ app_init ] --START--
INFO: Run Behavior\BuildLiteBehavior [ RunTime:0.000115s ]
INFO: [ app_init ] --END-- [ RunTime:0.001470s ]
ERR: 非法操作:js

[ 2017-03-20T21:15:02+08:00 ] ::1 /3.2.1/index.php/Home/Index/js/supersized-init.js
INFO: [ app_init ] --START--
INFO: Run Behavior\BuildLiteBehavior [ RunTime:0.000113s ]
INFO: [ app_init ] --END-- [ RunTime:0.001526s ]
ERR: 非法操作:js

[ 2017-03-20T21:15:02+08:00 ] ::1 /3.2.1/index.php/Home/Index/js/common.js
INFO: [ app_init ] --START--
INFO: Run Behavior\BuildLiteBehavior [ RunTime:0.000111s ]
INFO: [ app_init ] --END-- [ RunTime:0.001460s ]
ERR: 非法操作:js

[ 2017-03-20T21:15:02+08:00 ] ::1 /3.2.1/index.php/Home/Index/js/jquery.min.js
INFO: [ app_init ] --START--
INFO: Run Behavior\BuildLiteBehavior [ RunTime:0.000114s ]
INFO: [ app_init ] --END-- [ RunTime:0.001454s ]
ERR: 非法操作:js

[ 2017-03-20T21:15:02+08:00 ] ::1 /3.2.1/index.php/Home/Index/js/jquery.validate.min.js?var1.14.0
INFO: [ app_init ] --START--
INFO: Run Behavior\BuildLiteBehavior [ RunTime:0.000115s ]
INFO: [ app_init ] --END-- [ RunTime:0.001768s ]
ERR: 非法操作:js

[ 2017-03-20T21:15:21+08:00 ] ::1 /3.2.1/index.php/Home/Index/registers.html
INFO: [ app_init ] --START--
INFO: Run Behavior\BuildLiteBehavior [ RunTime:0.000160s ]
INFO: [ app_init ] --END-- [ RunTime:0.002555s ]

[ 2017-03-20T21:15:22+08:00 ] ::1 /3.2.1/index.php/Home/Index/login
INFO: [ app_init ] --START--
INFO: Run Behavior\BuildLiteBehavior [ RunTime:0.000192s ]
INFO: [ app_init ] --END-- [ RunTime:0.002844s ]

[ 2017-03-20T21:15:30+08:00 ] ::1 /3.2.1/index.php/Home/Index/logins.html
INFO: [ app_init ] --START--
INFO: Run Behavior\BuildLiteBehavior [ RunTime:0.000116s ]
INFO: [ app_init ] --END-- [ RunTime:0.002242s ]

[ 2017-03-20T21:15:31+08:00 ] ::1 /3.2.1/index.php/Home/Index/home
INFO: [ app_init ] --START--
INFO: Run Behavior\BuildLiteBehavior [ RunTime:0.000113s ]
INFO: [ app_init ] --END-- [ RunTime:0.001475s ]

[ 2017-03-20T21:15:36+08:00 ] ::1 /3.2.1/index.php/Home/Index/classify/category_id/4
INFO: [ app_init ] --START--
INFO: Run Behavior\BuildLiteBehavior [ RunTime:0.000156s ]
INFO: [ app_init ] --END-- [ RunTime:0.002288s ]

