[ 2017-03-22T00:24:15+08:00 ] ::1 /3.2.1/index.php/Home/Index/mail
INFO: [ app_init ] --START--
INFO: Run Behavior\BuildLiteBehavior [ RunTime:0.000114s ]
INFO: [ app_init ] --END-- [ RunTime:0.002005s ]

[ 2017-03-22T00:25:20+08:00 ] ::1 /3.2.1/index.php/Home/Index/mail
INFO: [ app_init ] --START--
INFO: Run Behavior\BuildLiteBehavior [ RunTime:0.000125s ]
INFO: [ app_init ] --END-- [ RunTime:0.001703s ]

[ 2017-03-22T23:31:02+08:00 ] ::1 /3.2.1/index.php/Home/Index/picture
INFO: [ app_init ] --START--
INFO: Run Behavior\BuildLiteBehavior [ RunTime:0.000192s ]
INFO: [ app_init ] --END-- [ RunTime:0.014652s ]
ERR: Think\Model:likeBrowse方法不存在！

[ 2017-03-22T23:32:47+08:00 ] ::1 /3.2.1/index.php/Home/Index/picture
INFO: [ app_init ] --START--
INFO: Run Behavior\BuildLiteBehavior [ RunTime:0.000126s ]
INFO: [ app_init ] --END-- [ RunTime:0.002309s ]
ERR: Think\Model:likeBrowse方法不存在！

[ 2017-03-22T23:33:47+08:00 ] ::1 /3.2.1/index.php/Home/Index/picture
INFO: [ app_init ] --START--
INFO: Run Behavior\BuildLiteBehavior [ RunTime:0.000184s ]
INFO: [ app_init ] --END-- [ RunTime:0.003158s ]
ERR: Think\Model:likeBrowse方法不存在！

[ 2017-03-22T23:33:49+08:00 ] ::1 /3.2.1/index.php/Home/Index/picture
INFO: [ app_init ] --START--
INFO: Run Behavior\BuildLiteBehavior [ RunTime:0.000172s ]
INFO: [ app_init ] --END-- [ RunTime:0.002372s ]
ERR: Think\Model:likeBrowse方法不存在！

[ 2017-03-22T23:34:22+08:00 ] ::1 /3.2.1/index.php/Home/Index/picture
INFO: [ app_init ] --START--
INFO: Run Behavior\BuildLiteBehavior [ RunTime:0.000113s ]
INFO: [ app_init ] --END-- [ RunTime:0.002309s ]

