[ 2017-04-06T07:51:01+08:00 ] ::1 /MIFOOD/index.php/Home/Index/email
INFO: [ app_init ] --START--
INFO: Run Behavior\BuildLiteBehavior [ RunTime:0.000130s ]
INFO: [ app_init ] --END-- [ RunTime:0.002547s ]

[ 2017-04-06T07:52:15+08:00 ] ::1 /MIFOOD/index.php/Home/Index/email
INFO: [ app_init ] --START--
INFO: Run Behavior\BuildLiteBehavior [ RunTime:0.000113s ]
INFO: [ app_init ] --END-- [ RunTime:0.001958s ]

[ 2017-04-06T07:52:44+08:00 ] ::1 /MIFOOD/index.php/Home/Index/mail
INFO: [ app_init ] --START--
INFO: Run Behavior\BuildLiteBehavior [ RunTime:0.000104s ]
INFO: [ app_init ] --END-- [ RunTime:0.001700s ]

[ 2017-04-06T08:04:04+08:00 ] ::1 /MIFOOD/index.php/Home/Index/mail
INFO: [ app_init ] --START--
INFO: Run Behavior\BuildLiteBehavior [ RunTime:0.000112s ]
INFO: [ app_init ] --END-- [ RunTime:0.001866s ]

[ 2017-04-06T08:05:51+08:00 ] ::1 /MIFOOD/index.php/Home/Index/mail
INFO: [ app_init ] --START--
INFO: Run Behavior\BuildLiteBehavior [ RunTime:0.000147s ]
INFO: [ app_init ] --END-- [ RunTime:0.002514s ]

[ 2017-04-06T08:06:33+08:00 ] ::1 /MIFOOD/index.php/Home/Index/mail
INFO: [ app_init ] --START--
INFO: Run Behavior\BuildLiteBehavior [ RunTime:0.000113s ]
INFO: [ app_init ] --END-- [ RunTime:0.001816s ]

[ 2017-04-06T08:06:34+08:00 ] ::1 /MIFOOD/index.php/Home/Index/mail
INFO: [ app_init ] --START--
INFO: Run Behavior\BuildLiteBehavior [ RunTime:0.000104s ]
INFO: [ app_init ] --END-- [ RunTime:0.001683s ]

[ 2017-04-06T08:07:55+08:00 ] ::1 /MIFOOD/index.php/Home/Index/mail
INFO: [ app_init ] --START--
INFO: Run Behavior\BuildLiteBehavior [ RunTime:0.000106s ]
INFO: [ app_init ] --END-- [ RunTime:0.001907s ]

[ 2017-04-06T08:09:47+08:00 ] ::1 /MIFOOD/index.php/Home/Index/mail
INFO: [ app_init ] --START--
INFO: Run Behavior\BuildLiteBehavior [ RunTime:0.000137s ]
INFO: [ app_init ] --END-- [ RunTime:0.002295s ]

[ 2017-04-06T09:17:49+08:00 ] ::1 /MIFOOD/index.php/Home/Index/send_email
INFO: [ app_init ] --START--
INFO: Run Behavior\BuildLiteBehavior [ RunTime:0.000122s ]
INFO: [ app_init ] --END-- [ RunTime:0.002246s ]

[ 2017-04-06T09:21:08+08:00 ] ::1 /MIFOOD/index.php/Home/Index/send_email
INFO: [ app_init ] --START--
INFO: Run Behavior\BuildLiteBehavior [ RunTime:0.000113s ]
INFO: [ app_init ] --END-- [ RunTime:0.001792s ]

[ 2017-04-06T19:53:41+08:00 ] ::1 /MIFOOD/index.php/Home/Index/classify
INFO: [ app_init ] --START--
INFO: Run Behavior\BuildLiteBehavior [ RunTime:0.000114s ]
INFO: [ app_init ] --END-- [ RunTime:0.008339s ]

[ 2017-04-06T19:53:46+08:00 ] ::1 /MIFOOD/index.php/Home/Index/classify/category_id/4
INFO: [ app_init ] --START--
INFO: Run Behavior\BuildLiteBehavior [ RunTime:0.000102s ]
INFO: [ app_init ] --END-- [ RunTime:0.001733s ]

[ 2017-04-06T19:54:03+08:00 ] ::1 /MIFOOD/index.php/Home/Index/classify/category_id/4/p/2.html
INFO: [ app_init ] --START--
INFO: Run Behavior\BuildLiteBehavior [ RunTime:0.000114s ]
INFO: [ app_init ] --END-- [ RunTime:0.003134s ]

[ 2017-04-06T19:55:41+08:00 ] ::1 /MIFOOD/index.php/Home/Index/classify/category_id/4/p/details.html
INFO: [ app_init ] --START--
INFO: Run Behavior\BuildLiteBehavior [ RunTime:0.000116s ]
INFO: [ app_init ] --END-- [ RunTime:0.001933s ]

[ 2017-04-06T19:56:05+08:00 ] ::1 /MIFOOD/index.php/Home/Index/details
INFO: [ app_init ] --START--
INFO: Run Behavior\BuildLiteBehavior [ RunTime:0.000120s ]
INFO: [ app_init ] --END-- [ RunTime:0.001760s ]

[ 2017-04-06T19:56:05+08:00 ] ::1 /MIFOOD/index.php/Home/Index/css/popuo-box.css
INFO: [ app_init ] --START--
INFO: Run Behavior\BuildLiteBehavior [ RunTime:0.000124s ]
INFO: [ app_init ] --END-- [ RunTime:0.003156s ]
ERR: 非法操作:css

[ 2017-04-06T19:56:05+08:00 ] ::1 /MIFOOD/index.php/Home/Index/css/bootstrap.css
INFO: [ app_init ] --START--
INFO: Run Behavior\BuildLiteBehavior [ RunTime:0.000114s ]
INFO: [ app_init ] --END-- [ RunTime:0.002490s ]
ERR: 非法操作:css

[ 2017-04-06T19:56:05+08:00 ] ::1 /MIFOOD/index.php/Home/Index/css/search.css
INFO: [ app_init ] --START--
INFO: Run Behavior\BuildLiteBehavior [ RunTime:0.000212s ]
INFO: [ app_init ] --END-- [ RunTime:0.002587s ]
ERR: 非法操作:css

[ 2017-04-06T19:56:05+08:00 ] ::1 /MIFOOD/index.php/Home/Index/css/style.css
INFO: [ app_init ] --START--
INFO: Run Behavior\BuildLiteBehavior [ RunTime:0.000112s ]
INFO: [ app_init ] --END-- [ RunTime:0.002142s ]
ERR: 非法操作:css

[ 2017-04-06T19:56:05+08:00 ] ::1 /MIFOOD/index.php/Home/Index/css/font-awesome.css
INFO: [ app_init ] --START--
INFO: Run Behavior\BuildLiteBehavior [ RunTime:0.000119s ]
INFO: [ app_init ] --END-- [ RunTime:0.003341s ]
ERR: 非法操作:css

[ 2017-04-06T19:56:05+08:00 ] ::1 /MIFOOD/index.php/Home/Index/js/Chart.js
INFO: [ app_init ] --START--
INFO: Run Behavior\BuildLiteBehavior [ RunTime:0.000115s ]
INFO: [ app_init ] --END-- [ RunTime:0.002033s ]
ERR: 非法操作:js

[ 2017-04-06T19:56:05+08:00 ] ::1 /MIFOOD/index.php/Home/Index/css/self-index.css
INFO: [ app_init ] --START--
INFO: Run Behavior\BuildLiteBehavior [ RunTime:0.000114s ]
INFO: [ app_init ] --END-- [ RunTime:0.003698s ]
ERR: 非法操作:css

[ 2017-04-06T19:56:05+08:00 ] ::1 /MIFOOD/index.php/Home/Index/js/jquery-2.1.4.min.js
INFO: [ app_init ] --START--
INFO: Run Behavior\BuildLiteBehavior [ RunTime:0.000114s ]
INFO: [ app_init ] --END-- [ RunTime:0.018542s ]
ERR: 非法操作:js

[ 2017-04-06T19:56:05+08:00 ] ::1 /MIFOOD/index.php/Home/Index/js/numscroller-1.0.js
INFO: [ app_init ] --START--
INFO: Run Behavior\BuildLiteBehavior [ RunTime:0.000189s ]
INFO: [ app_init ] --END-- [ RunTime:0.011453s ]
ERR: 非法操作:js

[ 2017-04-06T19:56:05+08:00 ] ::1 /MIFOOD/index.php/Home/Index/css/font-awesome.css
INFO: [ app_init ] --START--
INFO: Run Behavior\BuildLiteBehavior [ RunTime:0.000112s ]
INFO: [ app_init ] --END-- [ RunTime:0.001980s ]
ERR: 非法操作:css

[ 2017-04-06T19:56:05+08:00 ] ::1 /MIFOOD/index.php/Home/Index/js/jquery-1.11.2.min.js
INFO: [ app_init ] --START--
INFO: Run Behavior\BuildLiteBehavior [ RunTime:0.000172s ]
INFO: [ app_init ] --END-- [ RunTime:0.002715s ]
ERR: 非法操作:js

[ 2017-04-06T19:56:05+08:00 ] ::1 /MIFOOD/index.php/Home/Index/js/numscroller-1.0.js
INFO: [ app_init ] --START--
INFO: Run Behavior\BuildLiteBehavior [ RunTime:0.000117s ]
INFO: [ app_init ] --END-- [ RunTime:0.002237s ]
ERR: 非法操作:js

[ 2017-04-06T19:56:05+08:00 ] ::1 /MIFOOD/index.php/Home/Index/js/bootstrap.min.js
INFO: [ app_init ] --START--
INFO: Run Behavior\BuildLiteBehavior [ RunTime:0.000120s ]
INFO: [ app_init ] --END-- [ RunTime:0.002510s ]
ERR: 非法操作:js

[ 2017-04-06T19:56:06+08:00 ] ::1 /MIFOOD/index.php/Home/Index/js/jquery-1.11.2.min.js
INFO: [ app_init ] --START--
INFO: Run Behavior\BuildLiteBehavior [ RunTime:0.000145s ]
INFO: [ app_init ] --END-- [ RunTime:0.002840s ]
ERR: 非法操作:js

[ 2017-04-06T19:56:06+08:00 ] ::1 /MIFOOD/index.php/Home/Index/js/bootstrap.min.js
INFO: [ app_init ] --START--
INFO: Run Behavior\BuildLiteBehavior [ RunTime:0.000107s ]
INFO: [ app_init ] --END-- [ RunTime:0.002359s ]
ERR: 非法操作:js

[ 2017-04-06T19:57:35+08:00 ] ::1 /MIFOOD/index.php/Home/Index/details
INFO: [ app_init ] --START--
INFO: Run Behavior\BuildLiteBehavior [ RunTime:0.000108s ]
INFO: [ app_init ] --END-- [ RunTime:0.001900s ]

[ 2017-04-06T19:57:36+08:00 ] ::1 /MIFOOD/index.php/Home/Index/css/search.css
INFO: [ app_init ] --START--
INFO: Run Behavior\BuildLiteBehavior [ RunTime:0.000114s ]
INFO: [ app_init ] --END-- [ RunTime:0.002147s ]
ERR: 非法操作:css

[ 2017-04-06T19:57:36+08:00 ] ::1 /MIFOOD/index.php/Home/Index/css/style.css
INFO: [ app_init ] --START--
INFO: Run Behavior\BuildLiteBehavior [ RunTime:0.000173s ]
INFO: [ app_init ] --END-- [ RunTime:0.002128s ]
ERR: 非法操作:css

[ 2017-04-06T19:57:36+08:00 ] ::1 /MIFOOD/index.php/Home/Index/css/bootstrap.css
INFO: [ app_init ] --START--
INFO: Run Behavior\BuildLiteBehavior [ RunTime:0.000117s ]
INFO: [ app_init ] --END-- [ RunTime:0.002341s ]
ERR: 非法操作:css

[ 2017-04-06T19:57:36+08:00 ] ::1 /MIFOOD/index.php/Home/Index/js/Chart.js
INFO: [ app_init ] --START--
INFO: Run Behavior\BuildLiteBehavior [ RunTime:0.000114s ]
INFO: [ app_init ] --END-- [ RunTime:0.004913s ]
ERR: 非法操作:js

[ 2017-04-06T19:57:36+08:00 ] ::1 /MIFOOD/index.php/Home/Index/css/font-awesome.css
INFO: [ app_init ] --START--
INFO: Run Behavior\BuildLiteBehavior [ RunTime:0.000118s ]
INFO: [ app_init ] --END-- [ RunTime:0.002686s ]
ERR: 非法操作:css

[ 2017-04-06T19:57:36+08:00 ] ::1 /MIFOOD/index.php/Home/Index/js/jquery-2.1.4.min.js
INFO: [ app_init ] --START--
INFO: Run Behavior\BuildLiteBehavior [ RunTime:0.000117s ]
INFO: [ app_init ] --END-- [ RunTime:0.002302s ]
ERR: 非法操作:js

[ 2017-04-06T19:57:36+08:00 ] ::1 /MIFOOD/index.php/Home/Index/css/popuo-box.css
INFO: [ app_init ] --START--
INFO: Run Behavior\BuildLiteBehavior [ RunTime:0.000116s ]
INFO: [ app_init ] --END-- [ RunTime:0.002759s ]
ERR: 非法操作:css

[ 2017-04-06T19:57:36+08:00 ] ::1 /MIFOOD/index.php/Home/Index/js/numscroller-1.0.js
INFO: [ app_init ] --START--
INFO: Run Behavior\BuildLiteBehavior [ RunTime:0.000122s ]
INFO: [ app_init ] --END-- [ RunTime:0.001956s ]
ERR: 非法操作:js

[ 2017-04-06T19:57:36+08:00 ] ::1 /MIFOOD/index.php/Home/Index/css/self-index.css
INFO: [ app_init ] --START--
INFO: Run Behavior\BuildLiteBehavior [ RunTime:0.000147s ]
INFO: [ app_init ] --END-- [ RunTime:0.002634s ]
ERR: 非法操作:css

[ 2017-04-06T19:57:36+08:00 ] ::1 /MIFOOD/index.php/Home/Index/js/bootstrap.min.js
INFO: [ app_init ] --START--
INFO: Run Behavior\BuildLiteBehavior [ RunTime:0.001304s ]
INFO: [ app_init ] --END-- [ RunTime:0.007616s ]
ERR: 非法操作:js

[ 2017-04-06T19:57:36+08:00 ] ::1 /MIFOOD/index.php/Home/Index/js/jquery-1.11.2.min.js
INFO: [ app_init ] --START--
INFO: Run Behavior\BuildLiteBehavior [ RunTime:0.000115s ]
INFO: [ app_init ] --END-- [ RunTime:0.001857s ]
ERR: 非法操作:js

[ 2017-04-06T19:57:37+08:00 ] ::1 /MIFOOD/index.php/Home/Index/css/font-awesome.css
INFO: [ app_init ] --START--
INFO: Run Behavior\BuildLiteBehavior [ RunTime:0.000124s ]
INFO: [ app_init ] --END-- [ RunTime:0.002774s ]
ERR: 非法操作:css

[ 2017-04-06T19:57:37+08:00 ] ::1 /MIFOOD/index.php/Home/Index/js/jquery-2.1.4.min.js
INFO: [ app_init ] --START--
INFO: Run Behavior\BuildLiteBehavior [ RunTime:0.000127s ]
INFO: [ app_init ] --END-- [ RunTime:0.002295s ]
ERR: 非法操作:js

[ 2017-04-06T19:57:37+08:00 ] ::1 /MIFOOD/index.php/Home/Index/css/self-index.css
INFO: [ app_init ] --START--
INFO: Run Behavior\BuildLiteBehavior [ RunTime:0.000114s ]
INFO: [ app_init ] --END-- [ RunTime:0.001919s ]
ERR: 非法操作:css

[ 2017-04-06T19:57:37+08:00 ] ::1 /MIFOOD/index.php/Home/Index/js/numscroller-1.0.js
INFO: [ app_init ] --START--
INFO: Run Behavior\BuildLiteBehavior [ RunTime:0.000168s ]
INFO: [ app_init ] --END-- [ RunTime:0.002033s ]
ERR: 非法操作:js

[ 2017-04-06T19:57:38+08:00 ] ::1 /MIFOOD/index.php/Home/Index/js/jquery-1.11.2.min.js
INFO: [ app_init ] --START--
INFO: Run Behavior\BuildLiteBehavior [ RunTime:0.000153s ]
INFO: [ app_init ] --END-- [ RunTime:0.005219s ]
ERR: 非法操作:js

[ 2017-04-06T19:57:38+08:00 ] ::1 /MIFOOD/index.php/Home/Index/js/bootstrap.min.js
INFO: [ app_init ] --START--
INFO: Run Behavior\BuildLiteBehavior [ RunTime:0.000107s ]
INFO: [ app_init ] --END-- [ RunTime:0.001799s ]
ERR: 非法操作:js

[ 2017-04-06T19:58:02+08:00 ] ::1 /MIFOOD/index.php/Home/Index/details
INFO: [ app_init ] --START--
INFO: Run Behavior\BuildLiteBehavior [ RunTime:0.000145s ]
INFO: [ app_init ] --END-- [ RunTime:0.002770s ]

[ 2017-04-06T19:58:02+08:00 ] ::1 /MIFOOD/index.php/Home/Index/css/search.css
INFO: [ app_init ] --START--
INFO: Run Behavior\BuildLiteBehavior [ RunTime:0.000110s ]
INFO: [ app_init ] --END-- [ RunTime:0.001761s ]
ERR: 非法操作:css

[ 2017-04-06T19:58:02+08:00 ] ::1 /MIFOOD/index.php/Home/Index/css/bootstrap.css
INFO: [ app_init ] --START--
INFO: Run Behavior\BuildLiteBehavior [ RunTime:0.000112s ]
INFO: [ app_init ] --END-- [ RunTime:0.001941s ]
ERR: 非法操作:css

[ 2017-04-06T19:58:02+08:00 ] ::1 /MIFOOD/index.php/Home/Index/css/style.css
INFO: [ app_init ] --START--
INFO: Run Behavior\BuildLiteBehavior [ RunTime:0.000107s ]
INFO: [ app_init ] --END-- [ RunTime:0.001914s ]
ERR: 非法操作:css

[ 2017-04-06T19:58:03+08:00 ] ::1 /MIFOOD/index.php/Home/Index/css/popuo-box.css
INFO: [ app_init ] --START--
INFO: Run Behavior\BuildLiteBehavior [ RunTime:0.000179s ]
INFO: [ app_init ] --END-- [ RunTime:0.002663s ]
ERR: 非法操作:css

[ 2017-04-06T19:58:03+08:00 ] ::1 /MIFOOD/index.php/Home/Index/js/Chart.js
INFO: [ app_init ] --START--
INFO: Run Behavior\BuildLiteBehavior [ RunTime:0.003948s ]
INFO: [ app_init ] --END-- [ RunTime:0.007643s ]
ERR: 非法操作:js

[ 2017-04-06T19:58:03+08:00 ] ::1 /MIFOOD/index.php/Home/Index/css/self-index.css
INFO: [ app_init ] --START--
INFO: Run Behavior\BuildLiteBehavior [ RunTime:0.000115s ]
INFO: [ app_init ] --END-- [ RunTime:0.002396s ]
ERR: 非法操作:css

[ 2017-04-06T19:58:03+08:00 ] ::1 /MIFOOD/index.php/Home/Index/css/font-awesome.css
INFO: [ app_init ] --START--
INFO: Run Behavior\BuildLiteBehavior [ RunTime:0.000148s ]
INFO: [ app_init ] --END-- [ RunTime:0.004289s ]
ERR: 非法操作:css

[ 2017-04-06T19:58:03+08:00 ] ::1 /MIFOOD/index.php/Home/Index/js/jquery-2.1.4.min.js
INFO: [ app_init ] --START--
INFO: Run Behavior\BuildLiteBehavior [ RunTime:0.000111s ]
INFO: [ app_init ] --END-- [ RunTime:0.002399s ]
ERR: 非法操作:js

[ 2017-04-06T19:58:03+08:00 ] ::1 /MIFOOD/index.php/Home/Index/js/numscroller-1.0.js
INFO: [ app_init ] --START--
INFO: Run Behavior\BuildLiteBehavior [ RunTime:0.000116s ]
INFO: [ app_init ] --END-- [ RunTime:0.002113s ]
ERR: 非法操作:js

[ 2017-04-06T19:58:04+08:00 ] ::1 /MIFOOD/index.php/Home/Index/js/jquery-1.11.2.min.js
INFO: [ app_init ] --START--
INFO: Run Behavior\BuildLiteBehavior [ RunTime:0.000181s ]
INFO: [ app_init ] --END-- [ RunTime:0.002232s ]
ERR: 非法操作:js

[ 2017-04-06T19:58:04+08:00 ] ::1 /MIFOOD/index.php/Home/Index/js/bootstrap.min.js
INFO: [ app_init ] --START--
INFO: Run Behavior\BuildLiteBehavior [ RunTime:0.000111s ]
INFO: [ app_init ] --END-- [ RunTime:0.003357s ]
ERR: 非法操作:js

[ 2017-04-06T19:58:05+08:00 ] ::1 /MIFOOD/index.php/Home/Index/css/self-index.css
INFO: [ app_init ] --START--
INFO: Run Behavior\BuildLiteBehavior [ RunTime:0.000149s ]
INFO: [ app_init ] --END-- [ RunTime:0.002642s ]
ERR: 非法操作:css

[ 2017-04-06T19:58:05+08:00 ] ::1 /MIFOOD/index.php/Home/Index/css/font-awesome.css
INFO: [ app_init ] --START--
INFO: Run Behavior\BuildLiteBehavior [ RunTime:0.000151s ]
INFO: [ app_init ] --END-- [ RunTime:0.002758s ]
ERR: 非法操作:css

[ 2017-04-06T19:58:05+08:00 ] ::1 /MIFOOD/index.php/Home/Index/js/jquery-2.1.4.min.js
INFO: [ app_init ] --START--
INFO: Run Behavior\BuildLiteBehavior [ RunTime:0.000342s ]
INFO: [ app_init ] --END-- [ RunTime:0.003233s ]
ERR: 非法操作:js

[ 2017-04-06T19:58:06+08:00 ] ::1 /MIFOOD/index.php/Home/Index/js/numscroller-1.0.js
INFO: [ app_init ] --START--
INFO: Run Behavior\BuildLiteBehavior [ RunTime:0.000142s ]
INFO: [ app_init ] --END-- [ RunTime:0.002340s ]
ERR: 非法操作:js

[ 2017-04-06T19:58:07+08:00 ] ::1 /MIFOOD/index.php/Home/Index/js/jquery-1.11.2.min.js
INFO: [ app_init ] --START--
INFO: Run Behavior\BuildLiteBehavior [ RunTime:0.000148s ]
INFO: [ app_init ] --END-- [ RunTime:0.002671s ]
ERR: 非法操作:js

[ 2017-04-06T19:58:08+08:00 ] ::1 /MIFOOD/index.php/Home/Index/js/bootstrap.min.js
INFO: [ app_init ] --START--
INFO: Run Behavior\BuildLiteBehavior [ RunTime:0.000119s ]
INFO: [ app_init ] --END-- [ RunTime:0.003138s ]
ERR: 非法操作:js

[ 2017-04-06T19:59:07+08:00 ] ::1 /MIFOOD/index.php/Home/Index/details
INFO: [ app_init ] --START--
INFO: Run Behavior\BuildLiteBehavior [ RunTime:0.000140s ]
INFO: [ app_init ] --END-- [ RunTime:0.002464s ]

[ 2017-04-06T19:59:07+08:00 ] ::1 /MIFOOD/index.php/Home/Index/js/jquery-1.11.2.min.js
INFO: [ app_init ] --START--
INFO: Run Behavior\BuildLiteBehavior [ RunTime:0.000155s ]
INFO: [ app_init ] --END-- [ RunTime:0.003194s ]
ERR: 非法操作:js

[ 2017-04-06T19:59:08+08:00 ] ::1 /MIFOOD/index.php/Home/Index/js/bootstrap.min.js
INFO: [ app_init ] --START--
INFO: Run Behavior\BuildLiteBehavior [ RunTime:0.000158s ]
INFO: [ app_init ] --END-- [ RunTime:0.003370s ]
ERR: 非法操作:js

[ 2017-04-06T19:59:10+08:00 ] ::1 /MIFOOD/index.php/Home/Index/js/jquery-1.11.2.min.js
INFO: [ app_init ] --START--
INFO: Run Behavior\BuildLiteBehavior [ RunTime:0.000112s ]
INFO: [ app_init ] --END-- [ RunTime:0.002098s ]
ERR: 非法操作:js

[ 2017-04-06T19:59:11+08:00 ] ::1 /MIFOOD/index.php/Home/Index/js/bootstrap.min.js
INFO: [ app_init ] --START--
INFO: Run Behavior\BuildLiteBehavior [ RunTime:0.000155s ]
INFO: [ app_init ] --END-- [ RunTime:0.002689s ]
ERR: 非法操作:js

[ 2017-04-06T20:02:25+08:00 ] ::1 /MIFOOD/index.php/Home/Index/details
INFO: [ app_init ] --START--
INFO: Run Behavior\BuildLiteBehavior [ RunTime:0.000111s ]
INFO: [ app_init ] --END-- [ RunTime:0.002059s ]

[ 2017-04-06T20:02:26+08:00 ] ::1 /MIFOOD/index.php/Home/Index/js/jquery-1.11.2.min.js
INFO: [ app_init ] --START--
INFO: Run Behavior\BuildLiteBehavior [ RunTime:0.000110s ]
INFO: [ app_init ] --END-- [ RunTime:0.002038s ]
ERR: 非法操作:js

[ 2017-04-06T20:02:26+08:00 ] ::1 /MIFOOD/index.php/Home/Index/js/bootstrap.min.js
INFO: [ app_init ] --START--
INFO: Run Behavior\BuildLiteBehavior [ RunTime:0.000113s ]
INFO: [ app_init ] --END-- [ RunTime:0.002178s ]
ERR: 非法操作:js

[ 2017-04-06T20:02:26+08:00 ] ::1 /MIFOOD/index.php/Home/Index/js/jquery-1.11.2.min.js
INFO: [ app_init ] --START--
INFO: Run Behavior\BuildLiteBehavior [ RunTime:0.000140s ]
INFO: [ app_init ] --END-- [ RunTime:0.002725s ]
ERR: 非法操作:js

[ 2017-04-06T20:02:27+08:00 ] ::1 /MIFOOD/index.php/Home/Index/js/bootstrap.min.js
INFO: [ app_init ] --START--
INFO: Run Behavior\BuildLiteBehavior [ RunTime:0.000123s ]
INFO: [ app_init ] --END-- [ RunTime:0.002382s ]
ERR: 非法操作:js

[ 2017-04-06T20:06:43+08:00 ] ::1 /MIFOOD/index.php/Home/Index/details
INFO: [ app_init ] --START--
INFO: Run Behavior\BuildLiteBehavior [ RunTime:0.000114s ]
INFO: [ app_init ] --END-- [ RunTime:0.002098s ]

[ 2017-04-06T20:06:43+08:00 ] ::1 /MIFOOD/index.php/Home/Index/js/jquery-1.11.2.min.js
INFO: [ app_init ] --START--
INFO: Run Behavior\BuildLiteBehavior [ RunTime:0.000110s ]
INFO: [ app_init ] --END-- [ RunTime:0.001712s ]
ERR: 非法操作:js

[ 2017-04-06T20:06:44+08:00 ] ::1 /MIFOOD/index.php/Home/Index/js/bootstrap.min.js
INFO: [ app_init ] --START--
INFO: Run Behavior\BuildLiteBehavior [ RunTime:0.000120s ]
INFO: [ app_init ] --END-- [ RunTime:0.004828s ]
ERR: 非法操作:js

[ 2017-04-06T20:06:44+08:00 ] ::1 /MIFOOD/index.php/Home/Index/js/jquery-1.11.2.min.js
INFO: [ app_init ] --START--
INFO: Run Behavior\BuildLiteBehavior [ RunTime:0.000108s ]
INFO: [ app_init ] --END-- [ RunTime:0.001992s ]
ERR: 非法操作:js

[ 2017-04-06T20:06:44+08:00 ] ::1 /MIFOOD/index.php/Home/Index/js/bootstrap.min.js
INFO: [ app_init ] --START--
INFO: Run Behavior\BuildLiteBehavior [ RunTime:0.000108s ]
INFO: [ app_init ] --END-- [ RunTime:0.001884s ]
ERR: 非法操作:js

[ 2017-04-06T20:23:10+08:00 ] ::1 /MIFOOD/index.php/Home/Index/details/shop_id/2
INFO: [ app_init ] --START--
INFO: Run Behavior\BuildLiteBehavior [ RunTime:0.000114s ]
INFO: [ app_init ] --END-- [ RunTime:0.002105s ]

[ 2017-04-06T20:23:10+08:00 ] ::1 /MIFOOD/index.php/Home/Index/details/shop_id/js/jquery-1.11.2.min.js
INFO: [ app_init ] --START--
INFO: Run Behavior\BuildLiteBehavior [ RunTime:0.000117s ]
INFO: [ app_init ] --END-- [ RunTime:0.002614s ]

[ 2017-04-06T20:23:10+08:00 ] ::1 /MIFOOD/index.php/Home/Index/details/shop_id/js/bootstrap.min.js
INFO: [ app_init ] --START--
INFO: Run Behavior\BuildLiteBehavior [ RunTime:0.000154s ]
INFO: [ app_init ] --END-- [ RunTime:0.002518s ]

[ 2017-04-06T20:25:24+08:00 ] ::1 /MIFOOD/index.php/Home/Index/details/shop_id/2
INFO: [ app_init ] --START--
INFO: Run Behavior\BuildLiteBehavior [ RunTime:0.000113s ]
INFO: [ app_init ] --END-- [ RunTime:0.002064s ]

[ 2017-04-06T20:25:25+08:00 ] ::1 /MIFOOD/index.php/Home/Index/details/shop_id/js/jquery-1.11.2.min.js
INFO: [ app_init ] --START--
INFO: Run Behavior\BuildLiteBehavior [ RunTime:0.000133s ]
INFO: [ app_init ] --END-- [ RunTime:0.006675s ]

[ 2017-04-06T20:25:25+08:00 ] ::1 /MIFOOD/index.php/Home/Index/details/shop_id/js/bootstrap.min.js
INFO: [ app_init ] --START--
INFO: Run Behavior\BuildLiteBehavior [ RunTime:0.000136s ]
INFO: [ app_init ] --END-- [ RunTime:0.002647s ]

[ 2017-04-06T20:26:42+08:00 ] ::1 /MIFOOD/index.php/Home/Index/details/shop_id/2
INFO: [ app_init ] --START--
INFO: Run Behavior\BuildLiteBehavior [ RunTime:0.000102s ]
INFO: [ app_init ] --END-- [ RunTime:0.001661s ]

[ 2017-04-06T20:26:42+08:00 ] ::1 /MIFOOD/index.php/Home/Index/details/shop_id/js/jquery-1.11.2.min.js
INFO: [ app_init ] --START--
INFO: Run Behavior\BuildLiteBehavior [ RunTime:0.000175s ]
INFO: [ app_init ] --END-- [ RunTime:0.002017s ]

[ 2017-04-06T20:26:43+08:00 ] ::1 /MIFOOD/index.php/Home/Index/details/shop_id/js/bootstrap.min.js
INFO: [ app_init ] --START--
INFO: Run Behavior\BuildLiteBehavior [ RunTime:0.000115s ]
INFO: [ app_init ] --END-- [ RunTime:0.002158s ]

[ 2017-04-06T20:27:33+08:00 ] ::1 /MIFOOD/index.php/Home/Index/details/shop_id/2
INFO: [ app_init ] --START--
INFO: Run Behavior\BuildLiteBehavior [ RunTime:0.000105s ]
INFO: [ app_init ] --END-- [ RunTime:0.002168s ]

[ 2017-04-06T20:27:33+08:00 ] ::1 /MIFOOD/index.php/Home/Index/details/shop_id/js/jquery-1.11.2.min.js
INFO: [ app_init ] --START--
INFO: Run Behavior\BuildLiteBehavior [ RunTime:0.000109s ]
INFO: [ app_init ] --END-- [ RunTime:0.001857s ]

[ 2017-04-06T20:27:34+08:00 ] ::1 /MIFOOD/index.php/Home/Index/details/shop_id/js/bootstrap.min.js
INFO: [ app_init ] --START--
INFO: Run Behavior\BuildLiteBehavior [ RunTime:0.000162s ]
INFO: [ app_init ] --END-- [ RunTime:0.002975s ]

[ 2017-04-06T21:00:50+08:00 ] ::1 /MIFOOD/index
INFO: [ app_init ] --START--
INFO: Run Behavior\BuildLiteBehavior [ RunTime:0.000133s ]
INFO: [ app_init ] --END-- [ RunTime:0.002385s ]

[ 2017-04-06T21:03:11+08:00 ] ::1 /MIFOOD/index.php/Home/Index/top
INFO: [ app_init ] --START--
INFO: Run Behavior\BuildLiteBehavior [ RunTime:0.000137s ]
INFO: [ app_init ] --END-- [ RunTime:0.002183s ]

[ 2017-04-06T21:23:15+08:00 ] ::1 /MIFOOD/index.php/Home/Index/details/shop_id/2
INFO: [ app_init ] --START--
INFO: Run Behavior\BuildLiteBehavior [ RunTime:0.000146s ]
INFO: [ app_init ] --END-- [ RunTime:0.002548s ]

[ 2017-04-06T21:23:16+08:00 ] ::1 /MIFOOD/index.php/Home/Index/details/shop_id/js/jquery-1.11.2.min.js
INFO: [ app_init ] --START--
INFO: Run Behavior\BuildLiteBehavior [ RunTime:0.000113s ]
INFO: [ app_init ] --END-- [ RunTime:0.001905s ]

[ 2017-04-06T21:23:16+08:00 ] ::1 /MIFOOD/index.php/Home/Index/details/shop_id/js/bootstrap.min.js
INFO: [ app_init ] --START--
INFO: Run Behavior\BuildLiteBehavior [ RunTime:0.000150s ]
INFO: [ app_init ] --END-- [ RunTime:0.002895s ]

[ 2017-04-06T22:40:02+08:00 ] ::1 /MIFOOD/index.php/Home/Index/details/shop_id/2
INFO: [ app_init ] --START--
INFO: Run Behavior\BuildLiteBehavior [ RunTime:0.000114s ]
INFO: [ app_init ] --END-- [ RunTime:0.003294s ]

[ 2017-04-06T22:40:02+08:00 ] ::1 /MIFOOD/index.php/Home/Index/details/shop_id/js/jquery-1.11.2.min.js
INFO: [ app_init ] --START--
INFO: Run Behavior\BuildLiteBehavior [ RunTime:0.000109s ]
INFO: [ app_init ] --END-- [ RunTime:0.002106s ]

[ 2017-04-06T22:40:02+08:00 ] ::1 /MIFOOD/index.php/Home/Index/details/shop_id/js/bootstrap.min.js
INFO: [ app_init ] --START--
INFO: Run Behavior\BuildLiteBehavior [ RunTime:0.000151s ]
INFO: [ app_init ] --END-- [ RunTime:0.003415s ]

[ 2017-04-06T22:54:10+08:00 ] ::1 /MIFOOD/index.php/Home/Index/details/shop_id/2
INFO: [ app_init ] --START--
INFO: Run Behavior\BuildLiteBehavior [ RunTime:0.000143s ]
INFO: [ app_init ] --END-- [ RunTime:0.003114s ]

[ 2017-04-06T22:54:10+08:00 ] ::1 /MIFOOD/index.php/Home/Index/details/shop_id/js/jquery-1.11.2.min.js
INFO: [ app_init ] --START--
INFO: Run Behavior\BuildLiteBehavior [ RunTime:0.002028s ]
INFO: [ app_init ] --END-- [ RunTime:0.004442s ]

[ 2017-04-06T22:54:10+08:00 ] ::1 /MIFOOD/index.php/Home/Index/details/shop_id/js/bootstrap.min.js
INFO: [ app_init ] --START--
INFO: Run Behavior\BuildLiteBehavior [ RunTime:0.000123s ]
INFO: [ app_init ] --END-- [ RunTime:0.003075s ]

[ 2017-04-06T23:01:44+08:00 ] ::1 /MIFOOD/index.php/Home/Index/details/shop_id/2
INFO: [ app_init ] --START--
INFO: Run Behavior\BuildLiteBehavior [ RunTime:0.000108s ]
INFO: [ app_init ] --END-- [ RunTime:0.001885s ]

[ 2017-04-06T23:01:45+08:00 ] ::1 /MIFOOD/index.php/Home/Index/details/shop_id/js/jquery-1.11.2.min.js
INFO: [ app_init ] --START--
INFO: Run Behavior\BuildLiteBehavior [ RunTime:0.000117s ]
INFO: [ app_init ] --END-- [ RunTime:0.002489s ]

[ 2017-04-06T23:01:45+08:00 ] ::1 /MIFOOD/index.php/Home/Index/details/shop_id/js/bootstrap.min.js
INFO: [ app_init ] --START--
INFO: Run Behavior\BuildLiteBehavior [ RunTime:0.000121s ]
INFO: [ app_init ] --END-- [ RunTime:0.002903s ]

[ 2017-04-06T23:02:17+08:00 ] ::1 /MIFOOD/index.php/Home/Index/details/shop_id/2
INFO: [ app_init ] --START--
INFO: Run Behavior\BuildLiteBehavior [ RunTime:0.000111s ]
INFO: [ app_init ] --END-- [ RunTime:0.001948s ]

[ 2017-04-06T23:02:17+08:00 ] ::1 /MIFOOD/index.php/Home/Index/details/shop_id/js/jquery-1.11.2.min.js
INFO: [ app_init ] --START--
INFO: Run Behavior\BuildLiteBehavior [ RunTime:0.000113s ]
INFO: [ app_init ] --END-- [ RunTime:0.002002s ]

[ 2017-04-06T23:02:17+08:00 ] ::1 /MIFOOD/index.php/Home/Index/details/shop_id/js/bootstrap.min.js
INFO: [ app_init ] --START--
INFO: Run Behavior\BuildLiteBehavior [ RunTime:0.000162s ]
INFO: [ app_init ] --END-- [ RunTime:0.003591s ]

[ 2017-04-06T23:17:33+08:00 ] ::1 /MIFOOD/index.php/Home/Index/details/shop_id/2
INFO: [ app_init ] --START--
INFO: Run Behavior\BuildLiteBehavior [ RunTime:0.000112s ]
INFO: [ app_init ] --END-- [ RunTime:0.002200s ]

[ 2017-04-06T23:17:33+08:00 ] ::1 /MIFOOD/index.php/Home/Index/details/shop_id/js/jquery-1.11.2.min.js
INFO: [ app_init ] --START--
INFO: Run Behavior\BuildLiteBehavior [ RunTime:0.000125s ]
INFO: [ app_init ] --END-- [ RunTime:0.002279s ]

[ 2017-04-06T23:17:34+08:00 ] ::1 /MIFOOD/index.php/Home/Index/details/shop_id/js/bootstrap.min.js
INFO: [ app_init ] --START--
INFO: Run Behavior\BuildLiteBehavior [ RunTime:0.000113s ]
INFO: [ app_init ] --END-- [ RunTime:0.002047s ]

[ 2017-04-06T23:19:57+08:00 ] ::1 /MIFOOD/index.php/Home/Index/details/shop_id/2
INFO: [ app_init ] --START--
INFO: Run Behavior\BuildLiteBehavior [ RunTime:0.000116s ]
INFO: [ app_init ] --END-- [ RunTime:0.002300s ]

[ 2017-04-06T23:19:57+08:00 ] ::1 /MIFOOD/index.php/Home/Index/details/shop_id/js/jquery-1.11.2.min.js
INFO: [ app_init ] --START--
INFO: Run Behavior\BuildLiteBehavior [ RunTime:0.000112s ]
INFO: [ app_init ] --END-- [ RunTime:0.001991s ]

[ 2017-04-06T23:19:58+08:00 ] ::1 /MIFOOD/index.php/Home/Index/details/shop_id/js/bootstrap.min.js
INFO: [ app_init ] --START--
INFO: Run Behavior\BuildLiteBehavior [ RunTime:0.000149s ]
INFO: [ app_init ] --END-- [ RunTime:0.003049s ]

[ 2017-04-06T23:20:14+08:00 ] ::1 /MIFOOD/index.php/Home/Index/details/shop_id/2/p/2.html
INFO: [ app_init ] --START--
INFO: Run Behavior\BuildLiteBehavior [ RunTime:0.000146s ]
INFO: [ app_init ] --END-- [ RunTime:0.002699s ]

[ 2017-04-06T23:20:14+08:00 ] ::1 /MIFOOD/index.php/Home/Index/details/shop_id/2/p/js/jquery-1.11.2.min.js
INFO: [ app_init ] --START--
INFO: Run Behavior\BuildLiteBehavior [ RunTime:0.000113s ]
INFO: [ app_init ] --END-- [ RunTime:0.001986s ]

[ 2017-04-06T23:20:15+08:00 ] ::1 /MIFOOD/index.php/Home/Index/details/shop_id/2/p/js/bootstrap.min.js
INFO: [ app_init ] --START--
INFO: Run Behavior\BuildLiteBehavior [ RunTime:0.000154s ]
INFO: [ app_init ] --END-- [ RunTime:0.002843s ]

[ 2017-04-06T23:20:56+08:00 ] ::1 /MIFOOD/index.php/Home/Index/details/shop_id/2/p/2.html
INFO: [ app_init ] --START--
INFO: Run Behavior\BuildLiteBehavior [ RunTime:0.000109s ]
INFO: [ app_init ] --END-- [ RunTime:0.001993s ]

[ 2017-04-06T23:20:57+08:00 ] ::1 /MIFOOD/index.php/Home/Index/details/shop_id/2/p/js/jquery-1.11.2.min.js
INFO: [ app_init ] --START--
INFO: Run Behavior\BuildLiteBehavior [ RunTime:0.000113s ]
INFO: [ app_init ] --END-- [ RunTime:0.002227s ]

[ 2017-04-06T23:20:57+08:00 ] ::1 /MIFOOD/index.php/Home/Index/details/shop_id/2/p/js/bootstrap.min.js
INFO: [ app_init ] --START--
INFO: Run Behavior\BuildLiteBehavior [ RunTime:0.000116s ]
INFO: [ app_init ] --END-- [ RunTime:0.002280s ]

