[ 2017-03-29T20:30:36+08:00 ] ::1 /3.2.1/index.php/Home/Index/index
INFO: [ app_init ] --START--
INFO: Run Behavior\BuildLiteBehavior [ RunTime:0.000121s ]
INFO: [ app_init ] --END-- [ RunTime:0.002671s ]

[ 2017-03-29T20:44:52+08:00 ] ::1 /MIFOOD/
INFO: [ app_init ] --START--
INFO: Run Behavior\BuildLiteBehavior [ RunTime:0.000105s ]
INFO: [ app_init ] --END-- [ RunTime:0.001946s ]

[ 2017-03-29T20:45:07+08:00 ] ::1 /MIFOOD/index.php/Home/Index/index
INFO: [ app_init ] --START--
INFO: Run Behavior\BuildLiteBehavior [ RunTime:0.000106s ]
INFO: [ app_init ] --END-- [ RunTime:0.001731s ]

[ 2017-03-29T20:45:07+08:00 ] ::1 /MIFOOD/index.php/Home/Index/css/animate.css
INFO: [ app_init ] --START--
INFO: Run Behavior\BuildLiteBehavior [ RunTime:0.000114s ]
INFO: [ app_init ] --END-- [ RunTime:0.001835s ]
ERR: 非法操作:css

[ 2017-03-29T20:45:07+08:00 ] ::1 /MIFOOD/index.php/Home/Index/js/wow.min.js
INFO: [ app_init ] --START--
INFO: Run Behavior\BuildLiteBehavior [ RunTime:0.000117s ]
INFO: [ app_init ] --END-- [ RunTime:0.002381s ]
ERR: 非法操作:js

[ 2017-03-29T20:45:08+08:00 ] ::1 /MIFOOD/index.php/Home/Index/js/bootstrap-3.1.1.min.js
INFO: [ app_init ] --START--
INFO: Run Behavior\BuildLiteBehavior [ RunTime:0.000114s ]
INFO: [ app_init ] --END-- [ RunTime:0.001792s ]
ERR: 非法操作:js

[ 2017-03-29T20:45:08+08:00 ] ::1 /MIFOOD/index.php/Home/Index/js/owl.carousel.js
INFO: [ app_init ] --START--
INFO: Run Behavior\BuildLiteBehavior [ RunTime:0.000111s ]
INFO: [ app_init ] --END-- [ RunTime:0.002270s ]
ERR: 非法操作:js

[ 2017-03-29T20:45:17+08:00 ] ::1 /MIFOOD/index.php/Home/Index/index
INFO: [ app_init ] --START--
INFO: Run Behavior\BuildLiteBehavior [ RunTime:0.000105s ]
INFO: [ app_init ] --END-- [ RunTime:0.001835s ]

[ 2017-03-29T20:45:21+08:00 ] ::1 /MIFOOD/index.php/Home/Index/css/animate.css
INFO: [ app_init ] --START--
INFO: Run Behavior\BuildLiteBehavior [ RunTime:0.000109s ]
INFO: [ app_init ] --END-- [ RunTime:0.002100s ]
ERR: 非法操作:css

[ 2017-03-29T20:45:21+08:00 ] ::1 /MIFOOD/index.php/Home/Index/js/wow.min.js
INFO: [ app_init ] --START--
INFO: Run Behavior\BuildLiteBehavior [ RunTime:0.000107s ]
INFO: [ app_init ] --END-- [ RunTime:0.001781s ]
ERR: 非法操作:js

[ 2017-03-29T20:45:22+08:00 ] ::1 /MIFOOD/index.php/Home/Index/js/bootstrap-3.1.1.min.js
INFO: [ app_init ] --START--
INFO: Run Behavior\BuildLiteBehavior [ RunTime:0.000113s ]
INFO: [ app_init ] --END-- [ RunTime:0.001795s ]
ERR: 非法操作:js

[ 2017-03-29T20:45:22+08:00 ] ::1 /MIFOOD/index.php/Home/Index/js/owl.carousel.js
INFO: [ app_init ] --START--
INFO: Run Behavior\BuildLiteBehavior [ RunTime:0.000125s ]
INFO: [ app_init ] --END-- [ RunTime:0.002182s ]
ERR: 非法操作:js

[ 2017-03-29T20:46:11+08:00 ] ::1 /MIFOOD/Home/Index/index
INFO: [ app_init ] --START--
INFO: Run Behavior\BuildLiteBehavior [ RunTime:0.000120s ]
INFO: [ app_init ] --END-- [ RunTime:0.002308s ]

[ 2017-03-29T20:46:11+08:00 ] ::1 /MIFOOD/Home/Index/js/wow.min.js
INFO: [ app_init ] --START--
INFO: Run Behavior\BuildLiteBehavior [ RunTime:0.000120s ]
INFO: [ app_init ] --END-- [ RunTime:0.001805s ]
ERR: 非法操作:js

[ 2017-03-29T20:46:11+08:00 ] ::1 /MIFOOD/Home/Index/css/animate.css
INFO: [ app_init ] --START--
INFO: Run Behavior\BuildLiteBehavior [ RunTime:0.000113s ]
INFO: [ app_init ] --END-- [ RunTime:0.002191s ]
ERR: 非法操作:css

[ 2017-03-29T20:46:11+08:00 ] ::1 /MIFOOD/Home/Index/js/bootstrap-3.1.1.min.js
INFO: [ app_init ] --START--
INFO: Run Behavior\BuildLiteBehavior [ RunTime:0.000119s ]
INFO: [ app_init ] --END-- [ RunTime:0.002408s ]
ERR: 非法操作:js

[ 2017-03-29T20:46:11+08:00 ] ::1 /MIFOOD/Home/Index/js/owl.carousel.js
INFO: [ app_init ] --START--
INFO: Run Behavior\BuildLiteBehavior [ RunTime:0.000130s ]
INFO: [ app_init ] --END-- [ RunTime:0.002563s ]
ERR: 非法操作:js

[ 2017-03-29T22:05:48+08:00 ] ::1 /MIFOOD/Home/Index/index
INFO: [ app_init ] --START--
INFO: Run Behavior\BuildLiteBehavior [ RunTime:0.000122s ]
INFO: [ app_init ] --END-- [ RunTime:0.008143s ]

[ 2017-03-29T22:05:49+08:00 ] ::1 /MIFOOD/Home/Index/css/animate.css
INFO: [ app_init ] --START--
INFO: Run Behavior\BuildLiteBehavior [ RunTime:0.000226s ]
INFO: [ app_init ] --END-- [ RunTime:0.003615s ]
ERR: 非法操作:css

[ 2017-03-29T22:05:49+08:00 ] ::1 /MIFOOD/Home/Index/js/owl.carousel.js
INFO: [ app_init ] --START--
INFO: Run Behavior\BuildLiteBehavior [ RunTime:0.000114s ]
INFO: [ app_init ] --END-- [ RunTime:0.001759s ]
ERR: 非法操作:js

[ 2017-03-29T22:05:49+08:00 ] ::1 /MIFOOD/Home/Index/js/wow.min.js
INFO: [ app_init ] --START--
INFO: Run Behavior\BuildLiteBehavior [ RunTime:0.000115s ]
INFO: [ app_init ] --END-- [ RunTime:0.002206s ]
ERR: 非法操作:js

[ 2017-03-29T22:05:49+08:00 ] ::1 /MIFOOD/Home/Index/js/bootstrap-3.1.1.min.js
INFO: [ app_init ] --START--
INFO: Run Behavior\BuildLiteBehavior [ RunTime:0.000125s ]
INFO: [ app_init ] --END-- [ RunTime:0.004018s ]
ERR: 非法操作:js

[ 2017-03-29T22:06:08+08:00 ] ::1 /MIFOOD/index.php/Home/Index/login
INFO: [ app_init ] --START--
INFO: Run Behavior\BuildLiteBehavior [ RunTime:0.000107s ]
INFO: [ app_init ] --END-- [ RunTime:0.001870s ]
ERR: 模板不存在:./Application/Home/View/Index/login.html

[ 2017-03-29T22:06:26+08:00 ] ::1 /MIFOOD/Home/Index/css/animate.css
INFO: [ app_init ] --START--
INFO: Run Behavior\BuildLiteBehavior [ RunTime:0.000113s ]
INFO: [ app_init ] --END-- [ RunTime:0.002344s ]
ERR: 非法操作:css

[ 2017-03-29T22:06:26+08:00 ] ::1 /MIFOOD/Home/Index/js/owl.carousel.js
INFO: [ app_init ] --START--
INFO: Run Behavior\BuildLiteBehavior [ RunTime:0.000147s ]
INFO: [ app_init ] --END-- [ RunTime:0.002595s ]
ERR: 非法操作:js

[ 2017-03-29T22:06:26+08:00 ] ::1 /MIFOOD/Home/Index/js/wow.min.js
INFO: [ app_init ] --START--
INFO: Run Behavior\BuildLiteBehavior [ RunTime:0.000240s ]
INFO: [ app_init ] --END-- [ RunTime:0.003134s ]
ERR: 非法操作:js

[ 2017-03-29T22:06:26+08:00 ] ::1 /MIFOOD/Home/Index/js/bootstrap-3.1.1.min.js
INFO: [ app_init ] --START--
INFO: Run Behavior\BuildLiteBehavior [ RunTime:0.000189s ]
INFO: [ app_init ] --END-- [ RunTime:0.003391s ]
ERR: 非法操作:js

[ 2017-03-29T22:06:29+08:00 ] ::1 /MIFOOD/index.php/Home/Index/login
INFO: [ app_init ] --START--
INFO: Run Behavior\BuildLiteBehavior [ RunTime:0.000116s ]
INFO: [ app_init ] --END-- [ RunTime:0.002210s ]
ERR: 模板不存在:./Application/Home/View/Index/login.html

[ 2017-03-29T22:06:35+08:00 ] ::1 /MIFOOD/index.php/Home/Index/login
INFO: [ app_init ] --START--
INFO: Run Behavior\BuildLiteBehavior [ RunTime:0.000150s ]
INFO: [ app_init ] --END-- [ RunTime:0.002220s ]
ERR: 模板不存在:./Application/Home/View/Index/login.html

[ 2017-03-29T22:06:41+08:00 ] ::1 /MIFOOD/Home/Index/css/animate.css
INFO: [ app_init ] --START--
INFO: Run Behavior\BuildLiteBehavior [ RunTime:0.000163s ]
INFO: [ app_init ] --END-- [ RunTime:0.003389s ]
ERR: 非法操作:css

[ 2017-03-29T22:06:41+08:00 ] ::1 /MIFOOD/Home/Index/js/owl.carousel.js
INFO: [ app_init ] --START--
INFO: Run Behavior\BuildLiteBehavior [ RunTime:0.000390s ]
INFO: [ app_init ] --END-- [ RunTime:0.003265s ]
ERR: 非法操作:js

[ 2017-03-29T22:06:41+08:00 ] ::1 /MIFOOD/Home/Index/js/wow.min.js
INFO: [ app_init ] --START--
INFO: Run Behavior\BuildLiteBehavior [ RunTime:0.000166s ]
INFO: [ app_init ] --END-- [ RunTime:0.003047s ]
ERR: 非法操作:js

[ 2017-03-29T22:06:41+08:00 ] ::1 /MIFOOD/Home/Index/js/bootstrap-3.1.1.min.js
INFO: [ app_init ] --START--
INFO: Run Behavior\BuildLiteBehavior [ RunTime:0.000112s ]
INFO: [ app_init ] --END-- [ RunTime:0.001954s ]
ERR: 非法操作:js

[ 2017-03-29T22:06:43+08:00 ] ::1 /MIFOOD/index.php/Home/Index/register
INFO: [ app_init ] --START--
INFO: Run Behavior\BuildLiteBehavior [ RunTime:0.000124s ]
INFO: [ app_init ] --END-- [ RunTime:0.002191s ]
ERR: 模板不存在:./Application/Home/View/Index/register.html

[ 2017-03-29T22:06:50+08:00 ] ::1 /MIFOOD/Home/Index/js/wow.min.js
INFO: [ app_init ] --START--
INFO: Run Behavior\BuildLiteBehavior [ RunTime:0.000118s ]
INFO: [ app_init ] --END-- [ RunTime:0.002278s ]
ERR: 非法操作:js

[ 2017-03-29T22:06:50+08:00 ] ::1 /MIFOOD/Home/Index/css/animate.css
INFO: [ app_init ] --START--
INFO: Run Behavior\BuildLiteBehavior [ RunTime:0.000115s ]
INFO: [ app_init ] --END-- [ RunTime:0.002189s ]
ERR: 非法操作:css

[ 2017-03-29T22:06:50+08:00 ] ::1 /MIFOOD/Home/Index/js/bootstrap-3.1.1.min.js
INFO: [ app_init ] --START--
INFO: Run Behavior\BuildLiteBehavior [ RunTime:0.000148s ]
INFO: [ app_init ] --END-- [ RunTime:0.002773s ]
ERR: 非法操作:js

[ 2017-03-29T22:06:50+08:00 ] ::1 /MIFOOD/Home/Index/js/owl.carousel.js
INFO: [ app_init ] --START--
INFO: Run Behavior\BuildLiteBehavior [ RunTime:0.000158s ]
INFO: [ app_init ] --END-- [ RunTime:0.003052s ]
ERR: 非法操作:js

[ 2017-03-29T22:07:01+08:00 ] ::1 /MIFOOD/index.php/Home/Index/login
INFO: [ app_init ] --START--
INFO: Run Behavior\BuildLiteBehavior [ RunTime:0.000110s ]
INFO: [ app_init ] --END-- [ RunTime:0.001869s ]
ERR: 模板不存在:./Application/Home/View/Index/login.html

[ 2017-03-29T22:07:18+08:00 ] ::1 /MIFOOD/Home/Index/js/bootstrap-3.1.1.min.js
INFO: [ app_init ] --START--
INFO: Run Behavior\BuildLiteBehavior [ RunTime:0.000155s ]
INFO: [ app_init ] --END-- [ RunTime:0.003656s ]
ERR: 非法操作:js

[ 2017-03-29T22:07:18+08:00 ] ::1 /MIFOOD/Home/Index/js/wow.min.js
INFO: [ app_init ] --START--
INFO: Run Behavior\BuildLiteBehavior [ RunTime:0.000181s ]
INFO: [ app_init ] --END-- [ RunTime:0.002698s ]
ERR: 非法操作:js

[ 2017-03-29T22:07:18+08:00 ] ::1 /MIFOOD/Home/Index/js/owl.carousel.js
INFO: [ app_init ] --START--
INFO: Run Behavior\BuildLiteBehavior [ RunTime:0.000112s ]
INFO: [ app_init ] --END-- [ RunTime:0.002789s ]
ERR: 非法操作:js

[ 2017-03-29T22:07:18+08:00 ] ::1 /MIFOOD/Home/Index/css/animate.css
INFO: [ app_init ] --START--
INFO: Run Behavior\BuildLiteBehavior [ RunTime:0.000128s ]
INFO: [ app_init ] --END-- [ RunTime:0.003110s ]
ERR: 非法操作:css

[ 2017-03-29T22:07:21+08:00 ] ::1 /MIFOOD/Home/Index/index
INFO: [ app_init ] --START--
INFO: Run Behavior\BuildLiteBehavior [ RunTime:0.000110s ]
INFO: [ app_init ] --END-- [ RunTime:0.001974s ]

[ 2017-03-29T22:07:21+08:00 ] ::1 /MIFOOD/Home/Index/js/wow.min.js
INFO: [ app_init ] --START--
INFO: Run Behavior\BuildLiteBehavior [ RunTime:0.000119s ]
INFO: [ app_init ] --END-- [ RunTime:0.003008s ]
ERR: 非法操作:js

[ 2017-03-29T22:07:21+08:00 ] ::1 /MIFOOD/Home/Index/js/owl.carousel.js
INFO: [ app_init ] --START--
INFO: Run Behavior\BuildLiteBehavior [ RunTime:0.000125s ]
INFO: [ app_init ] --END-- [ RunTime:0.008246s ]
ERR: 非法操作:js

[ 2017-03-29T22:07:21+08:00 ] ::1 /MIFOOD/Home/Index/css/animate.css
INFO: [ app_init ] --START--
INFO: Run Behavior\BuildLiteBehavior [ RunTime:0.000114s ]
INFO: [ app_init ] --END-- [ RunTime:0.002122s ]
ERR: 非法操作:css

[ 2017-03-29T22:07:21+08:00 ] ::1 /MIFOOD/Home/Index/js/bootstrap-3.1.1.min.js
INFO: [ app_init ] --START--
INFO: Run Behavior\BuildLiteBehavior [ RunTime:0.000246s ]
INFO: [ app_init ] --END-- [ RunTime:0.005427s ]
ERR: 非法操作:js

[ 2017-03-29T22:10:40+08:00 ] ::1 /MIFOOD/Home/Index/index
INFO: [ app_init ] --START--
INFO: Run Behavior\BuildLiteBehavior [ RunTime:0.000126s ]
INFO: [ app_init ] --END-- [ RunTime:0.004091s ]

[ 2017-03-29T22:10:41+08:00 ] ::1 /MIFOOD/Home/Index/js/bootstrap-3.1.1.min.js
INFO: [ app_init ] --START--
INFO: Run Behavior\BuildLiteBehavior [ RunTime:0.000151s ]
INFO: [ app_init ] --END-- [ RunTime:0.002729s ]
ERR: 非法操作:js

[ 2017-03-29T22:10:41+08:00 ] ::1 /MIFOOD/Home/Index/js/owl.carousel.js
INFO: [ app_init ] --START--
INFO: Run Behavior\BuildLiteBehavior [ RunTime:0.000147s ]
INFO: [ app_init ] --END-- [ RunTime:0.002510s ]
ERR: 非法操作:js

[ 2017-03-29T22:10:47+08:00 ] ::1 /MIFOOD/Home/Index/js/bootstrap-3.1.1.min.js
INFO: [ app_init ] --START--
INFO: Run Behavior\BuildLiteBehavior [ RunTime:0.000144s ]
INFO: [ app_init ] --END-- [ RunTime:0.002571s ]
ERR: 非法操作:js

[ 2017-03-29T22:10:47+08:00 ] ::1 /MIFOOD/Home/Index/js/owl.carousel.js
INFO: [ app_init ] --START--
INFO: Run Behavior\BuildLiteBehavior [ RunTime:0.000132s ]
INFO: [ app_init ] --END-- [ RunTime:0.002592s ]
ERR: 非法操作:js

[ 2017-03-29T22:10:54+08:00 ] ::1 /MIFOOD/Home/Index/js/bootstrap-3.1.1.min.js
INFO: [ app_init ] --START--
INFO: Run Behavior\BuildLiteBehavior [ RunTime:0.000162s ]
INFO: [ app_init ] --END-- [ RunTime:0.003083s ]
ERR: 非法操作:js

[ 2017-03-29T22:10:54+08:00 ] ::1 /MIFOOD/Home/Index/js/owl.carousel.js
INFO: [ app_init ] --START--
INFO: Run Behavior\BuildLiteBehavior [ RunTime:0.000151s ]
INFO: [ app_init ] --END-- [ RunTime:0.002756s ]
ERR: 非法操作:js

[ 2017-03-29T22:10:55+08:00 ] ::1 /MIFOOD/Home/Index/js/bootstrap-3.1.1.min.js
INFO: [ app_init ] --START--
INFO: Run Behavior\BuildLiteBehavior [ RunTime:0.000206s ]
INFO: [ app_init ] --END-- [ RunTime:0.006112s ]
ERR: 非法操作:js

[ 2017-03-29T22:10:55+08:00 ] ::1 /MIFOOD/Home/Index/js/owl.carousel.js
INFO: [ app_init ] --START--
INFO: Run Behavior\BuildLiteBehavior [ RunTime:0.000127s ]
INFO: [ app_init ] --END-- [ RunTime:0.002156s ]
ERR: 非法操作:js

[ 2017-03-29T22:11:33+08:00 ] ::1 /MIFOOD/Home/Index/index
INFO: [ app_init ] --START--
INFO: Run Behavior\BuildLiteBehavior [ RunTime:0.000151s ]
INFO: [ app_init ] --END-- [ RunTime:0.004865s ]

[ 2017-03-29T22:11:34+08:00 ] ::1 /MIFOOD/Home/Index/js/bootstrap-3.1.1.min.js
INFO: [ app_init ] --START--
INFO: Run Behavior\BuildLiteBehavior [ RunTime:0.000120s ]
INFO: [ app_init ] --END-- [ RunTime:0.002657s ]
ERR: 非法操作:js

[ 2017-03-29T22:11:34+08:00 ] ::1 /MIFOOD/Home/Index/js/owl.carousel.js
INFO: [ app_init ] --START--
INFO: Run Behavior\BuildLiteBehavior [ RunTime:0.000196s ]
INFO: [ app_init ] --END-- [ RunTime:0.002592s ]
ERR: 非法操作:js

[ 2017-03-29T22:11:38+08:00 ] ::1 /MIFOOD/Home/Index/js/bootstrap-3.1.1.min.js
INFO: [ app_init ] --START--
INFO: Run Behavior\BuildLiteBehavior [ RunTime:0.000117s ]
INFO: [ app_init ] --END-- [ RunTime:0.003688s ]
ERR: 非法操作:js

[ 2017-03-29T22:11:39+08:00 ] ::1 /MIFOOD/Home/Index/js/owl.carousel.js
INFO: [ app_init ] --START--
INFO: Run Behavior\BuildLiteBehavior [ RunTime:0.000125s ]
INFO: [ app_init ] --END-- [ RunTime:0.002130s ]
ERR: 非法操作:js

[ 2017-03-29T22:12:40+08:00 ] ::1 /MIFOOD/Home/Index/index
INFO: [ app_init ] --START--
INFO: Run Behavior\BuildLiteBehavior [ RunTime:0.000116s ]
INFO: [ app_init ] --END-- [ RunTime:0.002139s ]

[ 2017-03-29T22:12:41+08:00 ] ::1 /MIFOOD/Home/Index/js/bootstrap-3.1.1.min.js
INFO: [ app_init ] --START--
INFO: Run Behavior\BuildLiteBehavior [ RunTime:0.000153s ]
INFO: [ app_init ] --END-- [ RunTime:0.002668s ]
ERR: 非法操作:js

[ 2017-03-29T22:12:41+08:00 ] ::1 /MIFOOD/Home/Index/js/owl.carousel.js
INFO: [ app_init ] --START--
INFO: Run Behavior\BuildLiteBehavior [ RunTime:0.000161s ]
INFO: [ app_init ] --END-- [ RunTime:0.003697s ]
ERR: 非法操作:js

[ 2017-03-29T22:12:53+08:00 ] ::1 /MIFOOD/Home/Index/js/bootstrap-3.1.1.min.js
INFO: [ app_init ] --START--
INFO: Run Behavior\BuildLiteBehavior [ RunTime:0.000155s ]
INFO: [ app_init ] --END-- [ RunTime:0.003317s ]
ERR: 非法操作:js

[ 2017-03-29T22:12:54+08:00 ] ::1 /MIFOOD/Home/Index/js/owl.carousel.js
INFO: [ app_init ] --START--
INFO: Run Behavior\BuildLiteBehavior [ RunTime:0.000145s ]
INFO: [ app_init ] --END-- [ RunTime:0.002592s ]
ERR: 非法操作:js

[ 2017-03-29T22:14:45+08:00 ] ::1 /MIFOOD/Home/Index/index
INFO: [ app_init ] --START--
INFO: Run Behavior\BuildLiteBehavior [ RunTime:0.000135s ]
INFO: [ app_init ] --END-- [ RunTime:0.002434s ]

[ 2017-03-29T22:14:59+08:00 ] ::1 /MIFOOD/Home/Index/index
INFO: [ app_init ] --START--
INFO: Run Behavior\BuildLiteBehavior [ RunTime:0.000213s ]
INFO: [ app_init ] --END-- [ RunTime:0.006675s ]

[ 2017-03-29T22:16:03+08:00 ] ::1 /MIFOOD/Home/Index/index
INFO: [ app_init ] --START--
INFO: Run Behavior\BuildLiteBehavior [ RunTime:0.000116s ]
INFO: [ app_init ] --END-- [ RunTime:0.002155s ]

[ 2017-03-29T22:16:30+08:00 ] ::1 /MIFOOD/Home/Index/index
INFO: [ app_init ] --START--
INFO: Run Behavior\BuildLiteBehavior [ RunTime:0.000140s ]
INFO: [ app_init ] --END-- [ RunTime:0.002619s ]

[ 2017-03-29T22:16:39+08:00 ] ::1 /MIFOOD/Home/Index/index
INFO: [ app_init ] --START--
INFO: Run Behavior\BuildLiteBehavior [ RunTime:0.000105s ]
INFO: [ app_init ] --END-- [ RunTime:0.001707s ]

[ 2017-03-29T22:17:40+08:00 ] ::1 /MIFOOD/Home/Index/index
INFO: [ app_init ] --START--
INFO: Run Behavior\BuildLiteBehavior [ RunTime:0.000158s ]
INFO: [ app_init ] --END-- [ RunTime:0.003302s ]

[ 2017-03-29T22:43:10+08:00 ] ::1 /MIFOOD/Home/Index/index
INFO: [ app_init ] --START--
INFO: Run Behavior\BuildLiteBehavior [ RunTime:0.000226s ]
INFO: [ app_init ] --END-- [ RunTime:0.003298s ]

[ 2017-03-29T22:43:33+08:00 ] ::1 /MIFOOD/Home/Index/index
INFO: [ app_init ] --START--
INFO: Run Behavior\BuildLiteBehavior [ RunTime:0.000149s ]
INFO: [ app_init ] --END-- [ RunTime:0.003552s ]

[ 2017-03-29T22:49:49+08:00 ] ::1 /MIFOOD/index.php/Home/Index/logins.html
INFO: [ app_init ] --START--
INFO: Run Behavior\BuildLiteBehavior [ RunTime:0.000140s ]
INFO: [ app_init ] --END-- [ RunTime:0.002414s ]

[ 2017-03-29T22:51:46+08:00 ] ::1 /MIFOOD/index.php/Home/Index/logins.html
INFO: [ app_init ] --START--
INFO: Run Behavior\BuildLiteBehavior [ RunTime:0.000107s ]
INFO: [ app_init ] --END-- [ RunTime:0.001776s ]

[ 2017-03-29T22:52:53+08:00 ] ::1 /MIFOOD/index.php/Home/Index/logins.html
INFO: [ app_init ] --START--
INFO: Run Behavior\BuildLiteBehavior [ RunTime:0.000109s ]
INFO: [ app_init ] --END-- [ RunTime:0.001904s ]

[ 2017-03-29T22:54:43+08:00 ] ::1 /MIFOOD/index.php/Home/Index/logins.html
INFO: [ app_init ] --START--
INFO: Run Behavior\BuildLiteBehavior [ RunTime:0.000141s ]
INFO: [ app_init ] --END-- [ RunTime:0.002495s ]

[ 2017-03-29T22:56:23+08:00 ] ::1 /MIFOOD/index.php/Home/Index/logins.html
INFO: [ app_init ] --START--
INFO: Run Behavior\BuildLiteBehavior [ RunTime:0.000115s ]
INFO: [ app_init ] --END-- [ RunTime:0.002618s ]

[ 2017-03-29T22:57:30+08:00 ] ::1 /MIFOOD/index.php/Home/Index/logins.html
INFO: [ app_init ] --START--
INFO: Run Behavior\BuildLiteBehavior [ RunTime:0.000163s ]
INFO: [ app_init ] --END-- [ RunTime:0.002909s ]

[ 2017-03-29T22:57:54+08:00 ] ::1 /MIFOOD/index.php/Home/Index/logins.html
INFO: [ app_init ] --START--
INFO: Run Behavior\BuildLiteBehavior [ RunTime:0.000131s ]
INFO: [ app_init ] --END-- [ RunTime:0.002345s ]

[ 2017-03-29T22:58:44+08:00 ] ::1 /MIFOOD/index.php/Home/Index/logins.html
INFO: [ app_init ] --START--
INFO: Run Behavior\BuildLiteBehavior [ RunTime:0.000150s ]
INFO: [ app_init ] --END-- [ RunTime:0.002895s ]

[ 2017-03-29T22:59:53+08:00 ] ::1 /MIFOOD/index.php/Home/Index/logins.html
INFO: [ app_init ] --START--
INFO: Run Behavior\BuildLiteBehavior [ RunTime:0.000164s ]
INFO: [ app_init ] --END-- [ RunTime:0.003283s ]

[ 2017-03-29T23:00:57+08:00 ] ::1 /MIFOOD/index.php/Home/Index/logins.html
INFO: [ app_init ] --START--
INFO: Run Behavior\BuildLiteBehavior [ RunTime:0.000147s ]
INFO: [ app_init ] --END-- [ RunTime:0.002748s ]

[ 2017-03-29T23:02:18+08:00 ] ::1 /MIFOOD/Home/Index/index
INFO: [ app_init ] --START--
INFO: Run Behavior\BuildLiteBehavior [ RunTime:0.000128s ]
INFO: [ app_init ] --END-- [ RunTime:0.002456s ]

[ 2017-03-29T23:02:43+08:00 ] ::1 /MIFOOD/index.php/Home/Index/logins.html
INFO: [ app_init ] --START--
INFO: Run Behavior\BuildLiteBehavior [ RunTime:0.000115s ]
INFO: [ app_init ] --END-- [ RunTime:0.002163s ]

[ 2017-03-29T23:02:44+08:00 ] ::1 /MIFOOD/Home/Index/index
INFO: [ app_init ] --START--
INFO: Run Behavior\BuildLiteBehavior [ RunTime:0.000308s ]
INFO: [ app_init ] --END-- [ RunTime:0.003024s ]

[ 2017-03-29T23:04:17+08:00 ] ::1 /MIFOOD/Home/Index/index
INFO: [ app_init ] --START--
INFO: Run Behavior\BuildLiteBehavior [ RunTime:0.000105s ]
INFO: [ app_init ] --END-- [ RunTime:0.001669s ]

[ 2017-03-29T23:05:30+08:00 ] ::1 /MIFOOD/Home/Index/index
INFO: [ app_init ] --START--
INFO: Run Behavior\BuildLiteBehavior [ RunTime:0.000115s ]
INFO: [ app_init ] --END-- [ RunTime:0.001915s ]

[ 2017-03-29T23:15:45+08:00 ] ::1 /MIFOOD/Home/Index/index
INFO: [ app_init ] --START--
INFO: Run Behavior\BuildLiteBehavior [ RunTime:0.000105s ]
INFO: [ app_init ] --END-- [ RunTime:0.001703s ]

[ 2017-03-29T23:16:06+08:00 ] ::1 /MIFOOD/Home/Index/index
INFO: [ app_init ] --START--
INFO: Run Behavior\BuildLiteBehavior [ RunTime:0.000104s ]
INFO: [ app_init ] --END-- [ RunTime:0.001833s ]

[ 2017-03-29T23:17:35+08:00 ] ::1 /MIFOOD/Home/Index/index
INFO: [ app_init ] --START--
INFO: Run Behavior\BuildLiteBehavior [ RunTime:0.000146s ]
INFO: [ app_init ] --END-- [ RunTime:0.002803s ]

[ 2017-03-29T23:18:18+08:00 ] ::1 /MIFOOD/Home/Index/index
INFO: [ app_init ] --START--
INFO: Run Behavior\BuildLiteBehavior [ RunTime:0.000156s ]
INFO: [ app_init ] --END-- [ RunTime:0.002546s ]

[ 2017-03-29T23:18:52+08:00 ] ::1 /MIFOOD/Home/Index/index
INFO: [ app_init ] --START--
INFO: Run Behavior\BuildLiteBehavior [ RunTime:0.000148s ]
INFO: [ app_init ] --END-- [ RunTime:0.002702s ]

[ 2017-03-29T23:22:53+08:00 ] ::1 /MIFOOD/Home/Index/index
INFO: [ app_init ] --START--
INFO: Run Behavior\BuildLiteBehavior [ RunTime:0.000122s ]
INFO: [ app_init ] --END-- [ RunTime:0.002187s ]

[ 2017-03-29T23:23:32+08:00 ] ::1 /MIFOOD/Home/Index/index
INFO: [ app_init ] --START--
INFO: Run Behavior\BuildLiteBehavior [ RunTime:0.000114s ]
INFO: [ app_init ] --END-- [ RunTime:0.002088s ]

[ 2017-03-29T23:25:57+08:00 ] ::1 /MIFOOD/Home/Index/index
INFO: [ app_init ] --START--
INFO: Run Behavior\BuildLiteBehavior [ RunTime:0.000113s ]
INFO: [ app_init ] --END-- [ RunTime:0.001809s ]

[ 2017-03-29T23:29:24+08:00 ] ::1 /MIFOOD/Home/Index/about.html
INFO: [ app_init ] --START--
INFO: Run Behavior\BuildLiteBehavior [ RunTime:0.000116s ]
INFO: [ app_init ] --END-- [ RunTime:0.001852s ]
ERR: 非法操作:about

[ 2017-03-29T23:31:09+08:00 ] ::1 /MIFOOD/index.php/
INFO: [ app_init ] --START--
INFO: Run Behavior\BuildLiteBehavior [ RunTime:0.000104s ]
INFO: [ app_init ] --END-- [ RunTime:0.001840s ]

[ 2017-03-29T23:31:40+08:00 ] ::1 /MIFOOD/index
INFO: [ app_init ] --START--
INFO: Run Behavior\BuildLiteBehavior [ RunTime:0.000112s ]
INFO: [ app_init ] --END-- [ RunTime:0.001728s ]

