[ 2017-04-08T08:32:55+08:00 ] ::1 /MIFOOD/index
INFO: [ app_init ] --START--
INFO: Run Behavior\BuildLiteBehavior [ RunTime:0.000190s ]
INFO: [ app_init ] --END-- [ RunTime:0.008347s ]

[ 2017-04-08T08:33:15+08:00 ] ::1 /MIFOOD/index.php/Home/Index/classify/category_id/24
INFO: [ app_init ] --START--
INFO: Run Behavior\BuildLiteBehavior [ RunTime:0.000124s ]
INFO: [ app_init ] --END-- [ RunTime:0.002381s ]

[ 2017-04-08T08:47:31+08:00 ] ::1 /MIFOOD/index.php/Home/Index/logins.html
INFO: [ app_init ] --START--
INFO: Run Behavior\BuildLiteBehavior [ RunTime:0.000191s ]
INFO: [ app_init ] --END-- [ RunTime:0.003672s ]

[ 2017-04-08T08:47:32+08:00 ] ::1 /MIFOOD/index.php/Home/Index/classify/category_id/24
INFO: [ app_init ] --START--
INFO: Run Behavior\BuildLiteBehavior [ RunTime:0.000106s ]
INFO: [ app_init ] --END-- [ RunTime:0.001815s ]

[ 2017-04-08T08:47:53+08:00 ] ::1 /MIFOOD/index.php/Home/Index/person
INFO: [ app_init ] --START--
INFO: Run Behavior\BuildLiteBehavior [ RunTime:0.000184s ]
INFO: [ app_init ] --END-- [ RunTime:0.003389s ]

[ 2017-04-08T08:48:58+08:00 ] ::1 /MIFOOD/index.php/Home/Index/person
INFO: [ app_init ] --START--
INFO: Run Behavior\BuildLiteBehavior [ RunTime:0.000112s ]
INFO: [ app_init ] --END-- [ RunTime:0.002061s ]

[ 2017-04-08T08:49:51+08:00 ] ::1 /MIFOOD/index.php/Home/Index/person
INFO: [ app_init ] --START--
INFO: Run Behavior\BuildLiteBehavior [ RunTime:0.000144s ]
INFO: [ app_init ] --END-- [ RunTime:0.002751s ]

[ 2017-04-08T08:50:12+08:00 ] ::1 /MIFOOD/index.php/Home/Index/classify/category_id/details.html
INFO: [ app_init ] --START--
INFO: Run Behavior\BuildLiteBehavior [ RunTime:0.000148s ]
INFO: [ app_init ] --END-- [ RunTime:0.003103s ]

[ 2017-04-08T08:50:20+08:00 ] ::1 /MIFOOD/index.php/Home/Index/classify/category_id/24
INFO: [ app_init ] --START--
INFO: Run Behavior\BuildLiteBehavior [ RunTime:0.000107s ]
INFO: [ app_init ] --END-- [ RunTime:0.001873s ]

[ 2017-04-08T08:50:23+08:00 ] ::1 /MIFOOD/index.php/Home/Index/top
INFO: [ app_init ] --START--
INFO: Run Behavior\BuildLiteBehavior [ RunTime:0.000159s ]
INFO: [ app_init ] --END-- [ RunTime:0.002123s ]

[ 2017-04-08T08:50:34+08:00 ] ::1 /MIFOOD/index.php/Home/Index/details/shop_id/16
INFO: [ app_init ] --START--
INFO: Run Behavior\BuildLiteBehavior [ RunTime:0.000103s ]
INFO: [ app_init ] --END-- [ RunTime:0.001804s ]

[ 2017-04-08T08:50:37+08:00 ] ::1 /MIFOOD/index.php/Home/Index/addLove/shop_id/16
INFO: [ app_init ] --START--
INFO: Run Behavior\BuildLiteBehavior [ RunTime:0.000111s ]
INFO: [ app_init ] --END-- [ RunTime:0.002143s ]

[ 2017-04-08T08:50:42+08:00 ] ::1 /MIFOOD/index.php/Home/Index/details/shop_id/16
INFO: [ app_init ] --START--
INFO: Run Behavior\BuildLiteBehavior [ RunTime:0.000122s ]
INFO: [ app_init ] --END-- [ RunTime:0.002261s ]

[ 2017-04-08T08:50:59+08:00 ] ::1 /MIFOOD/index.php/Home/Index/person
INFO: [ app_init ] --START--
INFO: Run Behavior\BuildLiteBehavior [ RunTime:0.000104s ]
INFO: [ app_init ] --END-- [ RunTime:0.001734s ]

[ 2017-04-08T08:52:06+08:00 ] ::1 /MIFOOD/index.php/Home/Index/person
INFO: [ app_init ] --START--
INFO: Run Behavior\BuildLiteBehavior [ RunTime:0.000104s ]
INFO: [ app_init ] --END-- [ RunTime:0.001744s ]

[ 2017-04-08T08:52:49+08:00 ] ::1 /MIFOOD/index.php/Home/Index/index.html
INFO: [ app_init ] --START--
INFO: Run Behavior\BuildLiteBehavior [ RunTime:0.000109s ]
INFO: [ app_init ] --END-- [ RunTime:0.001923s ]

[ 2017-04-08T08:53:16+08:00 ] ::1 /MIFOOD/index.php/Home/Index/index.html
INFO: [ app_init ] --START--
INFO: Run Behavior\BuildLiteBehavior [ RunTime:0.000105s ]
INFO: [ app_init ] --END-- [ RunTime:0.001968s ]

[ 2017-04-08T08:53:21+08:00 ] ::1 /MIFOOD/index
INFO: [ app_init ] --START--
INFO: Run Behavior\BuildLiteBehavior [ RunTime:0.000119s ]
INFO: [ app_init ] --END-- [ RunTime:0.002231s ]

[ 2017-04-08T08:53:44+08:00 ] ::1 /MIFOOD/index.php/Home/Index/user
INFO: [ app_init ] --START--
INFO: Run Behavior\BuildLiteBehavior [ RunTime:0.000108s ]
INFO: [ app_init ] --END-- [ RunTime:0.001966s ]
ERR: 非法操作:user

[ 2017-04-08T08:54:12+08:00 ] ::1 /MIFOOD/index.php/Home/Index/user
INFO: [ app_init ] --START--
INFO: Run Behavior\BuildLiteBehavior [ RunTime:0.000106s ]
INFO: [ app_init ] --END-- [ RunTime:0.001959s ]
ERR: 非法操作:user

[ 2017-04-08T08:54:15+08:00 ] ::1 /MIFOOD/index
INFO: [ app_init ] --START--
INFO: Run Behavior\BuildLiteBehavior [ RunTime:0.000107s ]
INFO: [ app_init ] --END-- [ RunTime:0.002180s ]

[ 2017-04-08T08:54:18+08:00 ] ::1 /MIFOOD/index.php/Home/Index/person
INFO: [ app_init ] --START--
INFO: Run Behavior\BuildLiteBehavior [ RunTime:0.000111s ]
INFO: [ app_init ] --END-- [ RunTime:0.002083s ]

[ 2017-04-08T09:01:43+08:00 ] ::1 /MIFOOD/index.php/Home/Index/person
INFO: [ app_init ] --START--
INFO: Run Behavior\BuildLiteBehavior [ RunTime:0.000117s ]
INFO: [ app_init ] --END-- [ RunTime:0.002502s ]

[ 2017-04-08T09:02:38+08:00 ] ::1 /MIFOOD/index.php/Home/Index/person
INFO: [ app_init ] --START--
INFO: Run Behavior\BuildLiteBehavior [ RunTime:0.000102s ]
INFO: [ app_init ] --END-- [ RunTime:0.001711s ]

[ 2017-04-08T09:05:50+08:00 ] ::1 /MIFOOD/index.php/Home/Index/person
INFO: [ app_init ] --START--
INFO: Run Behavior\BuildLiteBehavior [ RunTime:0.000135s ]
INFO: [ app_init ] --END-- [ RunTime:0.002263s ]

[ 2017-04-08T09:08:03+08:00 ] ::1 /MIFOOD/index.php/Home/Index/person
INFO: [ app_init ] --START--
INFO: Run Behavior\BuildLiteBehavior [ RunTime:0.000108s ]
INFO: [ app_init ] --END-- [ RunTime:0.001988s ]

[ 2017-04-08T09:08:47+08:00 ] ::1 /MIFOOD/index.php/Home/Index/person
INFO: [ app_init ] --START--
INFO: Run Behavior\BuildLiteBehavior [ RunTime:0.000120s ]
INFO: [ app_init ] --END-- [ RunTime:0.002486s ]

[ 2017-04-08T09:09:06+08:00 ] ::1 /MIFOOD/index.php/Home/Index/person
INFO: [ app_init ] --START--
INFO: Run Behavior\BuildLiteBehavior [ RunTime:0.000153s ]
INFO: [ app_init ] --END-- [ RunTime:0.002017s ]

[ 2017-04-08T09:09:15+08:00 ] ::1 /MIFOOD/index.php/Home/Index/person
INFO: [ app_init ] --START--
INFO: Run Behavior\BuildLiteBehavior [ RunTime:0.000112s ]
INFO: [ app_init ] --END-- [ RunTime:0.002376s ]

[ 2017-04-08T09:10:35+08:00 ] ::1 /MIFOOD/index.php/Home/Index/person
INFO: [ app_init ] --START--
INFO: Run Behavior\BuildLiteBehavior [ RunTime:0.000118s ]
INFO: [ app_init ] --END-- [ RunTime:0.002230s ]

[ 2017-04-08T09:11:16+08:00 ] ::1 /MIFOOD/index.php/Home/Index/person
INFO: [ app_init ] --START--
INFO: Run Behavior\BuildLiteBehavior [ RunTime:0.000122s ]
INFO: [ app_init ] --END-- [ RunTime:0.002385s ]

[ 2017-04-08T09:11:18+08:00 ] ::1 /MIFOOD/index.php/Home/Index/person
INFO: [ app_init ] --START--
INFO: Run Behavior\BuildLiteBehavior [ RunTime:0.000115s ]
INFO: [ app_init ] --END-- [ RunTime:0.002197s ]

[ 2017-04-08T09:11:55+08:00 ] ::1 /MIFOOD/index.php/Home/Index/person
INFO: [ app_init ] --START--
INFO: Run Behavior\BuildLiteBehavior [ RunTime:0.000114s ]
INFO: [ app_init ] --END-- [ RunTime:0.002329s ]

[ 2017-04-08T09:16:24+08:00 ] ::1 /MIFOOD/index.php/Home/Index/person
INFO: [ app_init ] --START--
INFO: Run Behavior\BuildLiteBehavior [ RunTime:0.000126s ]
INFO: [ app_init ] --END-- [ RunTime:0.002397s ]

[ 2017-04-08T09:16:47+08:00 ] ::1 /MIFOOD/index.php/Home/Index/person
INFO: [ app_init ] --START--
INFO: Run Behavior\BuildLiteBehavior [ RunTime:0.000117s ]
INFO: [ app_init ] --END-- [ RunTime:0.002291s ]

[ 2017-04-08T09:17:54+08:00 ] ::1 /MIFOOD/index.php/Home/Index/person
INFO: [ app_init ] --START--
INFO: Run Behavior\BuildLiteBehavior [ RunTime:0.000127s ]
INFO: [ app_init ] --END-- [ RunTime:0.002225s ]

[ 2017-04-08T09:18:07+08:00 ] ::1 /MIFOOD/index.php/Home/Index/details/shop_id/41
INFO: [ app_init ] --START--
INFO: Run Behavior\BuildLiteBehavior [ RunTime:0.000142s ]
INFO: [ app_init ] --END-- [ RunTime:0.002584s ]

[ 2017-04-08T09:18:10+08:00 ] ::1 /MIFOOD/index.php/Home/Index/addLove/shop_id/41
INFO: [ app_init ] --START--
INFO: Run Behavior\BuildLiteBehavior [ RunTime:0.000145s ]
INFO: [ app_init ] --END-- [ RunTime:0.002830s ]

[ 2017-04-08T09:18:16+08:00 ] ::1 /MIFOOD/index.php/Home/Index/person
INFO: [ app_init ] --START--
INFO: Run Behavior\BuildLiteBehavior [ RunTime:0.000115s ]
INFO: [ app_init ] --END-- [ RunTime:0.001853s ]

[ 2017-04-08T09:18:24+08:00 ] ::1 /MIFOOD/index.php/Home/Index/details/shop_id/1157
INFO: [ app_init ] --START--
INFO: Run Behavior\BuildLiteBehavior [ RunTime:0.000123s ]
INFO: [ app_init ] --END-- [ RunTime:0.002479s ]

[ 2017-04-08T09:18:27+08:00 ] ::1 /MIFOOD/index.php/Home/Index/addLove/shop_id/1157
INFO: [ app_init ] --START--
INFO: Run Behavior\BuildLiteBehavior [ RunTime:0.000116s ]
INFO: [ app_init ] --END-- [ RunTime:0.002284s ]

[ 2017-04-08T09:18:44+08:00 ] ::1 /MIFOOD/index.php/Home/Index/details/shop_id/4
INFO: [ app_init ] --START--
INFO: Run Behavior\BuildLiteBehavior [ RunTime:0.000144s ]
INFO: [ app_init ] --END-- [ RunTime:0.002390s ]

[ 2017-04-08T09:18:53+08:00 ] ::1 /MIFOOD/index.php/Home/Index/classify/category_id/24
INFO: [ app_init ] --START--
INFO: Run Behavior\BuildLiteBehavior [ RunTime:0.000145s ]
INFO: [ app_init ] --END-- [ RunTime:0.003097s ]

[ 2017-04-08T09:20:25+08:00 ] ::1 /MIFOOD/index.php/Home/Index/classify/category_id/24
INFO: [ app_init ] --START--
INFO: Run Behavior\BuildLiteBehavior [ RunTime:0.000138s ]
INFO: [ app_init ] --END-- [ RunTime:0.002364s ]

[ 2017-04-08T09:20:30+08:00 ] ::1 /MIFOOD/index.php/Home/Index/details/shop_id/1152
INFO: [ app_init ] --START--
INFO: Run Behavior\BuildLiteBehavior [ RunTime:0.000103s ]
INFO: [ app_init ] --END-- [ RunTime:0.001760s ]

[ 2017-04-08T09:20:33+08:00 ] ::1 /MIFOOD/index.php/Home/Index/addLove/shop_id/1152
INFO: [ app_init ] --START--
INFO: Run Behavior\BuildLiteBehavior [ RunTime:0.000111s ]
INFO: [ app_init ] --END-- [ RunTime:0.001965s ]

[ 2017-04-08T09:20:38+08:00 ] ::1 /MIFOOD/index.php/Home/Index/person
INFO: [ app_init ] --START--
INFO: Run Behavior\BuildLiteBehavior [ RunTime:0.000216s ]
INFO: [ app_init ] --END-- [ RunTime:0.001859s ]

[ 2017-04-08T09:20:58+08:00 ] ::1 /MIFOOD/index.php/Home/Index/person
INFO: [ app_init ] --START--
INFO: Run Behavior\BuildLiteBehavior [ RunTime:0.000163s ]
INFO: [ app_init ] --END-- [ RunTime:0.002774s ]

[ 2017-04-08T09:21:07+08:00 ] ::1 /MIFOOD/index.php/Home/Index/person/p/2.html
INFO: [ app_init ] --START--
INFO: Run Behavior\BuildLiteBehavior [ RunTime:0.000228s ]
INFO: [ app_init ] --END-- [ RunTime:0.003151s ]

[ 2017-04-08T09:22:13+08:00 ] ::1 /MIFOOD/index.php/Home/Index/person/p/2.html
INFO: [ app_init ] --START--
INFO: Run Behavior\BuildLiteBehavior [ RunTime:0.000154s ]
INFO: [ app_init ] --END-- [ RunTime:0.003099s ]

[ 2017-04-08T09:22:16+08:00 ] ::1 /MIFOOD/index.php/Home/Index/person/p/1.html
INFO: [ app_init ] --START--
INFO: Run Behavior\BuildLiteBehavior [ RunTime:0.000142s ]
INFO: [ app_init ] --END-- [ RunTime:0.002447s ]

[ 2017-04-08T09:23:02+08:00 ] ::1 /MIFOOD/index.php/Home/Index/person/p/index.html
INFO: [ app_init ] --START--
INFO: Run Behavior\BuildLiteBehavior [ RunTime:0.000116s ]
INFO: [ app_init ] --END-- [ RunTime:0.002321s ]

[ 2017-04-08T09:24:07+08:00 ] ::1 /MIFOOD/index.php/Home/Index/person/p/index.html
INFO: [ app_init ] --START--
INFO: Run Behavior\BuildLiteBehavior [ RunTime:0.000135s ]
INFO: [ app_init ] --END-- [ RunTime:0.002782s ]

[ 2017-04-08T09:24:42+08:00 ] ::1 /MIFOOD/index.php/Home/Index/person/p/index.html
INFO: [ app_init ] --START--
INFO: Run Behavior\BuildLiteBehavior [ RunTime:0.000119s ]
INFO: [ app_init ] --END-- [ RunTime:0.002585s ]

[ 2017-04-08T09:24:45+08:00 ] ::1 /MIFOOD/index.php/Home/Index/index
INFO: [ app_init ] --START--
INFO: Run Behavior\BuildLiteBehavior [ RunTime:0.000111s ]
INFO: [ app_init ] --END-- [ RunTime:0.002033s ]

[ 2017-04-08T09:25:55+08:00 ] ::1 /MIFOOD/index.php/Home/Index/index
INFO: [ app_init ] --START--
INFO: Run Behavior\BuildLiteBehavior [ RunTime:0.000104s ]
INFO: [ app_init ] --END-- [ RunTime:0.001822s ]

[ 2017-04-08T09:26:09+08:00 ] ::1 /MIFOOD/index.php/Home/Index/top
INFO: [ app_init ] --START--
INFO: Run Behavior\BuildLiteBehavior [ RunTime:0.000106s ]
INFO: [ app_init ] --END-- [ RunTime:0.001787s ]

[ 2017-04-08T09:27:48+08:00 ] ::1 /MIFOOD/index.php/Home/Index/classify/category_id/24
INFO: [ app_init ] --START--
INFO: Run Behavior\BuildLiteBehavior [ RunTime:0.000136s ]
INFO: [ app_init ] --END-- [ RunTime:0.002579s ]

[ 2017-04-08T09:28:04+08:00 ] ::1 /MIFOOD/index.php/Home/Index/classify/category_id/24
INFO: [ app_init ] --START--
INFO: Run Behavior\BuildLiteBehavior [ RunTime:0.000111s ]
INFO: [ app_init ] --END-- [ RunTime:0.001807s ]

[ 2017-04-08T09:29:58+08:00 ] ::1 /MIFOOD/index.php/Home/Index/user
INFO: [ app_init ] --START--
INFO: Run Behavior\BuildLiteBehavior [ RunTime:0.000118s ]
INFO: [ app_init ] --END-- [ RunTime:0.002181s ]
ERR: 非法操作:user

[ 2017-04-08T09:30:26+08:00 ] ::1 /MIFOOD/index.php/Home/Index/user
INFO: [ app_init ] --START--
INFO: Run Behavior\BuildLiteBehavior [ RunTime:0.000144s ]
INFO: [ app_init ] --END-- [ RunTime:0.002537s ]
ERR: 非法操作:user

[ 2017-04-08T09:30:37+08:00 ] ::1 /MIFOOD/index.php/Home/Index/user
INFO: [ app_init ] --START--
INFO: Run Behavior\BuildLiteBehavior [ RunTime:0.000117s ]
INFO: [ app_init ] --END-- [ RunTime:0.002642s ]
ERR: 非法操作:user

[ 2017-04-08T09:30:55+08:00 ] ::1 /MIFOOD/index.php/Home/Index/person
INFO: [ app_init ] --START--
INFO: Run Behavior\BuildLiteBehavior [ RunTime:0.000122s ]
INFO: [ app_init ] --END-- [ RunTime:0.002613s ]

[ 2017-04-08T09:33:02+08:00 ] ::1 /MIFOOD/index.php/Home/Index/classify
INFO: [ app_init ] --START--
INFO: Run Behavior\BuildLiteBehavior [ RunTime:0.000126s ]
INFO: [ app_init ] --END-- [ RunTime:0.002462s ]

[ 2017-04-08T09:33:06+08:00 ] ::1 /MIFOOD/index.php/Home/Index/top
INFO: [ app_init ] --START--
INFO: Run Behavior\BuildLiteBehavior [ RunTime:0.000112s ]
INFO: [ app_init ] --END-- [ RunTime:0.003373s ]

[ 2017-04-08T09:33:16+08:00 ] ::1 /MIFOOD/index.php/Home/Index/index
INFO: [ app_init ] --START--
INFO: Run Behavior\BuildLiteBehavior [ RunTime:0.000152s ]
INFO: [ app_init ] --END-- [ RunTime:0.002790s ]

[ 2017-04-08T09:34:49+08:00 ] ::1 /MIFOOD/index.php/Home/Index/person
INFO: [ app_init ] --START--
INFO: Run Behavior\BuildLiteBehavior [ RunTime:0.000118s ]
INFO: [ app_init ] --END-- [ RunTime:0.002351s ]

[ 2017-04-08T09:34:59+08:00 ] ::1 /MIFOOD/index.php/Home/Index/person/p/2.html
INFO: [ app_init ] --START--
INFO: Run Behavior\BuildLiteBehavior [ RunTime:0.000136s ]
INFO: [ app_init ] --END-- [ RunTime:0.002533s ]

[ 2017-04-08T09:35:04+08:00 ] ::1 /MIFOOD/index.php/Home/Index/person/p/1.html
INFO: [ app_init ] --START--
INFO: Run Behavior\BuildLiteBehavior [ RunTime:0.000121s ]
INFO: [ app_init ] --END-- [ RunTime:0.002808s ]

[ 2017-04-08T09:36:59+08:00 ] ::1 /MIFOOD/index.php/Home/Index/index
INFO: [ app_init ] --START--
INFO: Run Behavior\BuildLiteBehavior [ RunTime:0.000140s ]
INFO: [ app_init ] --END-- [ RunTime:0.002615s ]

[ 2017-04-08T09:37:04+08:00 ] ::1 /MIFOOD/index.php/Home/Index/details/shop_id/1163
INFO: [ app_init ] --START--
INFO: Run Behavior\BuildLiteBehavior [ RunTime:0.000147s ]
INFO: [ app_init ] --END-- [ RunTime:0.003372s ]

[ 2017-04-08T09:37:08+08:00 ] ::1 /MIFOOD/index.php/Home/Index/addLove/shop_id/1163
INFO: [ app_init ] --START--
INFO: Run Behavior\BuildLiteBehavior [ RunTime:0.000232s ]
INFO: [ app_init ] --END-- [ RunTime:0.002689s ]

[ 2017-04-08T09:37:12+08:00 ] ::1 /MIFOOD/index.php/Home/Index/person
INFO: [ app_init ] --START--
INFO: Run Behavior\BuildLiteBehavior [ RunTime:0.000105s ]
INFO: [ app_init ] --END-- [ RunTime:0.001888s ]

[ 2017-04-08T09:37:18+08:00 ] ::1 /MIFOOD/index.php/Home/Index/person/p/2.html
INFO: [ app_init ] --START--
INFO: Run Behavior\BuildLiteBehavior [ RunTime:0.000348s ]
INFO: [ app_init ] --END-- [ RunTime:0.003683s ]

[ 2017-04-08T09:37:22+08:00 ] ::1 /MIFOOD/index.php/Home/Index/person/p/1.html
INFO: [ app_init ] --START--
INFO: Run Behavior\BuildLiteBehavior [ RunTime:0.000185s ]
INFO: [ app_init ] --END-- [ RunTime:0.002941s ]

[ 2017-04-08T09:39:50+08:00 ] ::1 /MIFOOD/index.php/Home/Index/addLove/shop_id/1163
INFO: [ app_init ] --START--
INFO: Run Behavior\BuildLiteBehavior [ RunTime:0.000120s ]
INFO: [ app_init ] --END-- [ RunTime:0.002715s ]

[ 2017-04-08T09:39:53+08:00 ] ::1 /MIFOOD/index.php/Home/Index/details/shop_id/1163
INFO: [ app_init ] --START--
INFO: Run Behavior\BuildLiteBehavior [ RunTime:0.000148s ]
INFO: [ app_init ] --END-- [ RunTime:0.003062s ]

[ 2017-04-08T09:41:05+08:00 ] ::1 /MIFOOD/index.php/Home/Index/person
INFO: [ app_init ] --START--
INFO: Run Behavior\BuildLiteBehavior [ RunTime:0.000109s ]
INFO: [ app_init ] --END-- [ RunTime:0.001939s ]

[ 2017-04-08T09:42:16+08:00 ] ::1 /MIFOOD/index.php/Home/Index/person/p/2.html
INFO: [ app_init ] --START--
INFO: Run Behavior\BuildLiteBehavior [ RunTime:0.000117s ]
INFO: [ app_init ] --END-- [ RunTime:0.002173s ]

[ 2017-04-08T09:42:26+08:00 ] ::1 /MIFOOD/index.php/Home/Index/details/shop_id/1163
INFO: [ app_init ] --START--
INFO: Run Behavior\BuildLiteBehavior [ RunTime:0.000117s ]
INFO: [ app_init ] --END-- [ RunTime:0.001976s ]

[ 2017-04-08T09:43:06+08:00 ] ::1 /MIFOOD/index.php/Home/Index/person
INFO: [ app_init ] --START--
INFO: Run Behavior\BuildLiteBehavior [ RunTime:0.000123s ]
INFO: [ app_init ] --END-- [ RunTime:0.002781s ]

[ 2017-04-08T09:44:07+08:00 ] ::1 /MIFOOD/index.php/Home/Index/person
INFO: [ app_init ] --START--
INFO: Run Behavior\BuildLiteBehavior [ RunTime:0.000107s ]
INFO: [ app_init ] --END-- [ RunTime:0.002020s ]

[ 2017-04-08T09:44:21+08:00 ] ::1 /MIFOOD/index.php/Home/Index/person
INFO: [ app_init ] --START--
INFO: Run Behavior\BuildLiteBehavior [ RunTime:0.000143s ]
INFO: [ app_init ] --END-- [ RunTime:0.003170s ]

[ 2017-04-08T09:44:36+08:00 ] ::1 /MIFOOD/index
INFO: [ app_init ] --START--
INFO: Run Behavior\BuildLiteBehavior [ RunTime:0.000103s ]
INFO: [ app_init ] --END-- [ RunTime:0.001918s ]

[ 2017-04-08T09:45:36+08:00 ] ::1 /MIFOOD/index.php/Home/Index/top
INFO: [ app_init ] --START--
INFO: Run Behavior\BuildLiteBehavior [ RunTime:0.000105s ]
INFO: [ app_init ] --END-- [ RunTime:0.001980s ]

[ 2017-04-08T09:45:56+08:00 ] ::1 /MIFOOD/index.php/Home/Index/logins.html
INFO: [ app_init ] --START--
INFO: Run Behavior\BuildLiteBehavior [ RunTime:0.000142s ]
INFO: [ app_init ] --END-- [ RunTime:0.002880s ]

[ 2017-04-08T09:45:58+08:00 ] ::1 /MIFOOD/index.php/Home/Index/top
INFO: [ app_init ] --START--
INFO: Run Behavior\BuildLiteBehavior [ RunTime:0.000110s ]
INFO: [ app_init ] --END-- [ RunTime:0.002088s ]

[ 2017-04-08T09:46:01+08:00 ] ::1 /MIFOOD/index.php/Home/Index/user
INFO: [ app_init ] --START--
INFO: Run Behavior\BuildLiteBehavior [ RunTime:0.000247s ]
INFO: [ app_init ] --END-- [ RunTime:0.002958s ]
ERR: 非法操作:user

[ 2017-04-08T09:46:11+08:00 ] ::1 /MIFOOD/index.php/Home/Index/person
INFO: [ app_init ] --START--
INFO: Run Behavior\BuildLiteBehavior [ RunTime:0.000107s ]
INFO: [ app_init ] --END-- [ RunTime:0.001879s ]

[ 2017-04-08T09:48:02+08:00 ] ::1 /MIFOOD/index.php/Home/Index/person
INFO: [ app_init ] --START--
INFO: Run Behavior\BuildLiteBehavior [ RunTime:0.000114s ]
INFO: [ app_init ] --END-- [ RunTime:0.002087s ]

[ 2017-04-08T09:48:09+08:00 ] ::1 /MIFOOD/index
INFO: [ app_init ] --START--
INFO: Run Behavior\BuildLiteBehavior [ RunTime:0.000112s ]
INFO: [ app_init ] --END-- [ RunTime:0.002456s ]

[ 2017-04-08T09:48:18+08:00 ] ::1 /MIFOOD/index
INFO: [ app_init ] --START--
INFO: Run Behavior\BuildLiteBehavior [ RunTime:0.000141s ]
INFO: [ app_init ] --END-- [ RunTime:0.002802s ]

[ 2017-04-08T09:53:57+08:00 ] ::1 /MIFOOD/index.php/Home/Index/details/shop_id/2
INFO: [ app_init ] --START--
INFO: Run Behavior\BuildLiteBehavior [ RunTime:0.000120s ]
INFO: [ app_init ] --END-- [ RunTime:0.002536s ]

[ 2017-04-08T09:58:00+08:00 ] ::1 /MIFOOD/index.php/Home/Index/details/shop_id/4
INFO: [ app_init ] --START--
INFO: Run Behavior\BuildLiteBehavior [ RunTime:0.000146s ]
INFO: [ app_init ] --END-- [ RunTime:0.004153s ]

[ 2017-04-08T09:59:35+08:00 ] ::1 /MIFOOD/index.php/Home/Index/index
INFO: [ app_init ] --START--
INFO: Run Behavior\BuildLiteBehavior [ RunTime:0.000168s ]
INFO: [ app_init ] --END-- [ RunTime:0.003046s ]

[ 2017-04-08T10:03:15+08:00 ] ::1 /MIFOOD/index.php/Home/Index/person
INFO: [ app_init ] --START--
INFO: Run Behavior\BuildLiteBehavior [ RunTime:0.000105s ]
INFO: [ app_init ] --END-- [ RunTime:0.001948s ]

[ 2017-04-08T10:03:26+08:00 ] ::1 /MIFOOD/index.php/Home/Index/log_out
INFO: [ app_init ] --START--
INFO: Run Behavior\BuildLiteBehavior [ RunTime:0.000103s ]
INFO: [ app_init ] --END-- [ RunTime:0.001749s ]

[ 2017-04-08T10:03:27+08:00 ] ::1 /MIFOOD/index.php/Home/Index/index
INFO: [ app_init ] --START--
INFO: Run Behavior\BuildLiteBehavior [ RunTime:0.000107s ]
INFO: [ app_init ] --END-- [ RunTime:0.001826s ]

[ 2017-04-08T10:03:32+08:00 ] ::1 /MIFOOD/index.php/Home/Index/index
INFO: [ app_init ] --START--
INFO: Run Behavior\BuildLiteBehavior [ RunTime:0.000107s ]
INFO: [ app_init ] --END-- [ RunTime:0.001991s ]

[ 2017-04-08T10:03:41+08:00 ] ::1 /MIFOOD/index.php/Home/Index/index.php/Home/Login/checkName
INFO: [ app_init ] --START--
INFO: Run Behavior\BuildLiteBehavior [ RunTime:0.000116s ]
INFO: [ app_init ] --END-- [ RunTime:0.003543s ]
INFO: [ app_begin ] --START--
INFO: Run Behavior\ReadHtmlCacheBehavior [ RunTime:0.003257s ]
INFO: [ app_begin ] --END-- [ RunTime:0.003743s ]
ERR: 非法操作:index.php

[ 2017-04-08T10:03:48+08:00 ] ::1 /MIFOOD/index.php/Home/Index/logins.html
INFO: [ app_init ] --START--
INFO: Run Behavior\BuildLiteBehavior [ RunTime:0.000106s ]
INFO: [ app_init ] --END-- [ RunTime:0.002216s ]

[ 2017-04-08T10:03:49+08:00 ] ::1 /MIFOOD/index.php/Home/Index/index
INFO: [ app_init ] --START--
INFO: Run Behavior\BuildLiteBehavior [ RunTime:0.000123s ]
INFO: [ app_init ] --END-- [ RunTime:0.003626s ]

[ 2017-04-08T10:04:34+08:00 ] ::1 /MIFOOD/index.php/Home/Index/top
INFO: [ app_init ] --START--
INFO: Run Behavior\BuildLiteBehavior [ RunTime:0.000138s ]
INFO: [ app_init ] --END-- [ RunTime:0.003318s ]

[ 2017-04-08T10:15:04+08:00 ] ::1 /MIFOOD/index.php/Home/Index
INFO: [ app_init ] --START--
INFO: Run Behavior\BuildLiteBehavior [ RunTime:0.000107s ]
INFO: [ app_init ] --END-- [ RunTime:0.001868s ]

[ 2017-04-08T10:15:06+08:00 ] ::1 /MIFOOD/index.php/Home/Index/log_out
INFO: [ app_init ] --START--
INFO: Run Behavior\BuildLiteBehavior [ RunTime:0.000111s ]
INFO: [ app_init ] --END-- [ RunTime:0.002139s ]

[ 2017-04-08T10:16:18+08:00 ] ::1 /MIFOOD/index.php/Home/Index
INFO: [ app_init ] --START--
INFO: Run Behavior\BuildLiteBehavior [ RunTime:0.000105s ]
INFO: [ app_init ] --END-- [ RunTime:0.001870s ]

[ 2017-04-08T10:16:32+08:00 ] ::1 /MIFOOD/index.php/Home/index.php/Home/Login/checkName
INFO: [ app_init ] --START--
INFO: Run Behavior\BuildLiteBehavior [ RunTime:0.000114s ]
INFO: [ app_init ] --END-- [ RunTime:0.001852s ]
INFO: [ app_begin ] --START--
INFO: Run Behavior\ReadHtmlCacheBehavior [ RunTime:0.002152s ]
INFO: [ app_begin ] --END-- [ RunTime:0.002617s ]
ERR: 无法加载控制器:Index.php

[ 2017-04-08T10:16:38+08:00 ] ::1 /MIFOOD/index.php/Home/Index/logins.html
INFO: [ app_init ] --START--
INFO: Run Behavior\BuildLiteBehavior [ RunTime:0.000146s ]
INFO: [ app_init ] --END-- [ RunTime:0.002791s ]

[ 2017-04-08T10:16:55+08:00 ] ::1 /MIFOOD/index.php/Home/Index/logins.html
INFO: [ app_init ] --START--
INFO: Run Behavior\BuildLiteBehavior [ RunTime:0.000120s ]
INFO: [ app_init ] --END-- [ RunTime:0.001908s ]

[ 2017-04-08T10:16:56+08:00 ] ::1 /MIFOOD/index.php/Home/Index
INFO: [ app_init ] --START--
INFO: Run Behavior\BuildLiteBehavior [ RunTime:0.000108s ]
INFO: [ app_init ] --END-- [ RunTime:0.001927s ]

[ 2017-04-08T10:17:00+08:00 ] ::1 /MIFOOD/index.php/Home/Index/log_out
INFO: [ app_init ] --START--
INFO: Run Behavior\BuildLiteBehavior [ RunTime:0.000131s ]
INFO: [ app_init ] --END-- [ RunTime:0.002255s ]

[ 2017-04-08T10:17:25+08:00 ] ::1 /MIFOOD/index.php/Home/Index/index.php/Home/Login/checkName
INFO: [ app_init ] --START--
INFO: Run Behavior\BuildLiteBehavior [ RunTime:0.000134s ]
INFO: [ app_init ] --END-- [ RunTime:0.001933s ]
INFO: [ app_begin ] --START--
INFO: Run Behavior\ReadHtmlCacheBehavior [ RunTime:0.003217s ]
INFO: [ app_begin ] --END-- [ RunTime:0.003998s ]
ERR: 非法操作:index.php

[ 2017-04-08T10:17:32+08:00 ] ::1 /MIFOOD/index.php/Home/Index/logins.html
INFO: [ app_init ] --START--
INFO: Run Behavior\BuildLiteBehavior [ RunTime:0.000104s ]
INFO: [ app_init ] --END-- [ RunTime:0.001874s ]

[ 2017-04-08T10:17:34+08:00 ] ::1 /MIFOOD/index.php/Home/Index/log_out
INFO: [ app_init ] --START--
INFO: Run Behavior\BuildLiteBehavior [ RunTime:0.000136s ]
INFO: [ app_init ] --END-- [ RunTime:0.002433s ]

[ 2017-04-08T10:17:50+08:00 ] ::1 /MIFOOD/index.php/Home/Index/index.php/Home/Login/checkName
INFO: [ app_init ] --START--
INFO: Run Behavior\BuildLiteBehavior [ RunTime:0.000105s ]
INFO: [ app_init ] --END-- [ RunTime:0.001820s ]
INFO: [ app_begin ] --START--
INFO: Run Behavior\ReadHtmlCacheBehavior [ RunTime:0.002996s ]
INFO: [ app_begin ] --END-- [ RunTime:0.003450s ]
ERR: 非法操作:index.php

[ 2017-04-08T10:17:55+08:00 ] ::1 /MIFOOD/index.php/Home/Index
INFO: [ app_init ] --START--
INFO: Run Behavior\BuildLiteBehavior [ RunTime:0.000107s ]
INFO: [ app_init ] --END-- [ RunTime:0.002049s ]

[ 2017-04-08T10:18:03+08:00 ] ::1 /MIFOOD/index.php/Home/index.php/Home/Login/checkName
INFO: [ app_init ] --START--
INFO: Run Behavior\BuildLiteBehavior [ RunTime:0.000103s ]
INFO: [ app_init ] --END-- [ RunTime:0.002021s ]
INFO: [ app_begin ] --START--
INFO: Run Behavior\ReadHtmlCacheBehavior [ RunTime:0.003039s ]
INFO: [ app_begin ] --END-- [ RunTime:0.003572s ]
ERR: 无法加载控制器:Index.php

[ 2017-04-08T10:18:09+08:00 ] ::1 /MIFOOD/index.php/Home/Index/logins.html
INFO: [ app_init ] --START--
INFO: Run Behavior\BuildLiteBehavior [ RunTime:0.000152s ]
INFO: [ app_init ] --END-- [ RunTime:0.002971s ]

[ 2017-04-08T10:18:11+08:00 ] ::1 /MIFOOD/index.php/Home/Index
INFO: [ app_init ] --START--
INFO: Run Behavior\BuildLiteBehavior [ RunTime:0.000119s ]
INFO: [ app_init ] --END-- [ RunTime:0.002234s ]

[ 2017-04-08T10:18:14+08:00 ] ::1 /MIFOOD/index.php/Home/Index/log_out
INFO: [ app_init ] --START--
INFO: Run Behavior\BuildLiteBehavior [ RunTime:0.000116s ]
INFO: [ app_init ] --END-- [ RunTime:0.002213s ]

[ 2017-04-08T10:19:04+08:00 ] ::1 /MIFOOD/index.php/Home/Index/log_out
INFO: [ app_init ] --START--
INFO: Run Behavior\BuildLiteBehavior [ RunTime:0.000114s ]
INFO: [ app_init ] --END-- [ RunTime:0.002235s ]

[ 2017-04-08T10:19:11+08:00 ] ::1 /MIFOOD/index.php/Home/Index
INFO: [ app_init ] --START--
INFO: Run Behavior\BuildLiteBehavior [ RunTime:0.000116s ]
INFO: [ app_init ] --END-- [ RunTime:0.002270s ]

[ 2017-04-08T10:19:19+08:00 ] ::1 /MIFOOD/index.php/Home/index.php/Home/Login/checkName
INFO: [ app_init ] --START--
INFO: Run Behavior\BuildLiteBehavior [ RunTime:0.000105s ]
INFO: [ app_init ] --END-- [ RunTime:0.001815s ]
INFO: [ app_begin ] --START--
INFO: Run Behavior\ReadHtmlCacheBehavior [ RunTime:0.002627s ]
INFO: [ app_begin ] --END-- [ RunTime:0.003065s ]
ERR: 无法加载控制器:Index.php

[ 2017-04-08T10:19:24+08:00 ] ::1 /MIFOOD/index.php/Home/Index/logins.html
INFO: [ app_init ] --START--
INFO: Run Behavior\BuildLiteBehavior [ RunTime:0.000138s ]
INFO: [ app_init ] --END-- [ RunTime:0.002616s ]

[ 2017-04-08T10:19:26+08:00 ] ::1 /MIFOOD/index.php/Home/Index
INFO: [ app_init ] --START--
INFO: Run Behavior\BuildLiteBehavior [ RunTime:0.000110s ]
INFO: [ app_init ] --END-- [ RunTime:0.002047s ]

[ 2017-04-08T10:19:28+08:00 ] ::1 /MIFOOD/index.php/Home/Index/log_out
INFO: [ app_init ] --START--
INFO: Run Behavior\BuildLiteBehavior [ RunTime:0.000106s ]
INFO: [ app_init ] --END-- [ RunTime:0.001902s ]

[ 2017-04-08T10:21:00+08:00 ] ::1 /MIFOOD/index.php/Home/Index/log_out
INFO: [ app_init ] --START--
INFO: Run Behavior\BuildLiteBehavior [ RunTime:0.000119s ]
INFO: [ app_init ] --END-- [ RunTime:0.002426s ]

[ 2017-04-08T10:21:10+08:00 ] ::1 /MIFOOD/index.php/Home/Index/
INFO: [ app_init ] --START--
INFO: Run Behavior\BuildLiteBehavior [ RunTime:0.000116s ]
INFO: [ app_init ] --END-- [ RunTime:0.002202s ]

[ 2017-04-08T10:21:20+08:00 ] ::1 /MIFOOD/index.php/Home/Index/index.php/Home/Login/checkName
INFO: [ app_init ] --START--
INFO: Run Behavior\BuildLiteBehavior [ RunTime:0.000114s ]
INFO: [ app_init ] --END-- [ RunTime:0.002420s ]
INFO: [ app_begin ] --START--
INFO: Run Behavior\ReadHtmlCacheBehavior [ RunTime:0.002585s ]
INFO: [ app_begin ] --END-- [ RunTime:0.003035s ]
ERR: 非法操作:index.php

[ 2017-04-08T10:21:38+08:00 ] ::1 /MIFOOD/index.php/Home/Index/logins.html
INFO: [ app_init ] --START--
INFO: Run Behavior\BuildLiteBehavior [ RunTime:0.000108s ]
INFO: [ app_init ] --END-- [ RunTime:0.001927s ]

[ 2017-04-08T10:21:39+08:00 ] ::1 /MIFOOD/index.php/Home/Index/
INFO: [ app_init ] --START--
INFO: Run Behavior\BuildLiteBehavior [ RunTime:0.000151s ]
INFO: [ app_init ] --END-- [ RunTime:0.003422s ]

[ 2017-04-08T10:21:44+08:00 ] ::1 /MIFOOD/index.php/Home/Index/log_out
INFO: [ app_init ] --START--
INFO: Run Behavior\BuildLiteBehavior [ RunTime:0.000183s ]
INFO: [ app_init ] --END-- [ RunTime:0.003317s ]

[ 2017-04-08T10:22:16+08:00 ] ::1 /MIFOOD/index.php/Home/Index/index.php/Home/Login/checkName
INFO: [ app_init ] --START--
INFO: Run Behavior\BuildLiteBehavior [ RunTime:0.000105s ]
INFO: [ app_init ] --END-- [ RunTime:0.001865s ]
INFO: [ app_begin ] --START--
INFO: Run Behavior\ReadHtmlCacheBehavior [ RunTime:0.002528s ]
INFO: [ app_begin ] --END-- [ RunTime:0.002958s ]
ERR: 非法操作:index.php

[ 2017-04-08T10:22:21+08:00 ] ::1 /MIFOOD/index.php/Home/Index/logins.html
INFO: [ app_init ] --START--
INFO: Run Behavior\BuildLiteBehavior [ RunTime:0.000156s ]
INFO: [ app_init ] --END-- [ RunTime:0.002699s ]

[ 2017-04-08T10:22:22+08:00 ] ::1 /MIFOOD/index.php/Home/Index/log_out
INFO: [ app_init ] --START--
INFO: Run Behavior\BuildLiteBehavior [ RunTime:0.000282s ]
INFO: [ app_init ] --END-- [ RunTime:0.003422s ]

[ 2017-04-08T10:22:27+08:00 ] ::1 /MIFOOD/index.php/Home/Index
INFO: [ app_init ] --START--
INFO: Run Behavior\BuildLiteBehavior [ RunTime:0.000146s ]
INFO: [ app_init ] --END-- [ RunTime:0.002611s ]

[ 2017-04-08T10:22:35+08:00 ] ::1 /MIFOOD/index.php/Home/index.php/Home/Login/checkName
INFO: [ app_init ] --START--
INFO: Run Behavior\BuildLiteBehavior [ RunTime:0.000104s ]
INFO: [ app_init ] --END-- [ RunTime:0.001966s ]
INFO: [ app_begin ] --START--
INFO: Run Behavior\ReadHtmlCacheBehavior [ RunTime:0.003166s ]
INFO: [ app_begin ] --END-- [ RunTime:0.003647s ]
ERR: 无法加载控制器:Index.php

[ 2017-04-08T10:22:42+08:00 ] ::1 /MIFOOD/index.php/Home/Index/logins.html
INFO: [ app_init ] --START--
INFO: Run Behavior\BuildLiteBehavior [ RunTime:0.000167s ]
INFO: [ app_init ] --END-- [ RunTime:0.003160s ]

[ 2017-04-08T10:22:43+08:00 ] ::1 /MIFOOD/index.php/Home/Index
INFO: [ app_init ] --START--
INFO: Run Behavior\BuildLiteBehavior [ RunTime:0.000150s ]
INFO: [ app_init ] --END-- [ RunTime:0.005473s ]

[ 2017-04-08T10:22:49+08:00 ] ::1 /MIFOOD/index.php/Home/Index/log_out
INFO: [ app_init ] --START--
INFO: Run Behavior\BuildLiteBehavior [ RunTime:0.000140s ]
INFO: [ app_init ] --END-- [ RunTime:0.002733s ]

[ 2017-04-08T10:23:20+08:00 ] ::1 /MIFOOD/index.php/Home/Index/log_out
INFO: [ app_init ] --START--
INFO: Run Behavior\BuildLiteBehavior [ RunTime:0.000115s ]
INFO: [ app_init ] --END-- [ RunTime:0.002026s ]

[ 2017-04-08T10:23:21+08:00 ] ::1 /MIFOOD/index.php/Home/Index/log_out
INFO: [ app_init ] --START--
INFO: Run Behavior\BuildLiteBehavior [ RunTime:0.000117s ]
INFO: [ app_init ] --END-- [ RunTime:0.002321s ]

[ 2017-04-08T10:23:25+08:00 ] ::1 /MIFOOD/index.php/Home/Index
INFO: [ app_init ] --START--
INFO: Run Behavior\BuildLiteBehavior [ RunTime:0.000131s ]
INFO: [ app_init ] --END-- [ RunTime:0.002477s ]

[ 2017-04-08T10:23:34+08:00 ] ::1 /MIFOOD/index.php/Home/index.php/Home/Login/checkName
INFO: [ app_init ] --START--
INFO: Run Behavior\BuildLiteBehavior [ RunTime:0.000121s ]
INFO: [ app_init ] --END-- [ RunTime:0.002344s ]
INFO: [ app_begin ] --START--
INFO: Run Behavior\ReadHtmlCacheBehavior [ RunTime:0.003595s ]
INFO: [ app_begin ] --END-- [ RunTime:0.004106s ]
ERR: 无法加载控制器:Index.php

[ 2017-04-08T10:23:40+08:00 ] ::1 /MIFOOD/index.php/Home/Index/logins.html
INFO: [ app_init ] --START--
INFO: Run Behavior\BuildLiteBehavior [ RunTime:0.000114s ]
INFO: [ app_init ] --END-- [ RunTime:0.002156s ]

[ 2017-04-08T10:23:41+08:00 ] ::1 /MIFOOD/index.php/Home/Index
INFO: [ app_init ] --START--
INFO: Run Behavior\BuildLiteBehavior [ RunTime:0.000105s ]
INFO: [ app_init ] --END-- [ RunTime:0.002016s ]

[ 2017-04-08T10:23:45+08:00 ] ::1 /MIFOOD/index.php/Home/Index/log_out
INFO: [ app_init ] --START--
INFO: Run Behavior\BuildLiteBehavior [ RunTime:0.000116s ]
INFO: [ app_init ] --END-- [ RunTime:0.002105s ]

[ 2017-04-08T10:28:08+08:00 ] ::1 /MIFOOD/index.php/Home/Index
INFO: [ app_init ] --START--
INFO: Run Behavior\BuildLiteBehavior [ RunTime:0.000119s ]
INFO: [ app_init ] --END-- [ RunTime:0.002284s ]

[ 2017-04-08T10:28:17+08:00 ] ::1 /MIFOOD/index.php/Home/index.php/Home/Login/checkName
INFO: [ app_init ] --START--
INFO: Run Behavior\BuildLiteBehavior [ RunTime:0.000104s ]
INFO: [ app_init ] --END-- [ RunTime:0.001677s ]
INFO: [ app_begin ] --START--
INFO: Run Behavior\ReadHtmlCacheBehavior [ RunTime:0.002161s ]
INFO: [ app_begin ] --END-- [ RunTime:0.002604s ]
ERR: 无法加载控制器:Index.php

[ 2017-04-08T10:28:46+08:00 ] ::1 /MIFOOD/index.php/Home/Index/logins.html
INFO: [ app_init ] --START--
INFO: Run Behavior\BuildLiteBehavior [ RunTime:0.000105s ]
INFO: [ app_init ] --END-- [ RunTime:0.001711s ]

[ 2017-04-08T10:28:47+08:00 ] ::1 /MIFOOD/index.php/Home/Index
INFO: [ app_init ] --START--
INFO: Run Behavior\BuildLiteBehavior [ RunTime:0.000107s ]
INFO: [ app_init ] --END-- [ RunTime:0.001806s ]

[ 2017-04-08T10:28:51+08:00 ] ::1 /MIFOOD/index.php/Home/Index/log_out
INFO: [ app_init ] --START--
INFO: Run Behavior\BuildLiteBehavior [ RunTime:0.000107s ]
INFO: [ app_init ] --END-- [ RunTime:0.002568s ]

[ 2017-04-08T11:07:53+08:00 ] ::1 /MIFOOD/index.php/Home/Index
INFO: [ app_init ] --START--
INFO: Run Behavior\BuildLiteBehavior [ RunTime:0.000144s ]
INFO: [ app_init ] --END-- [ RunTime:0.003442s ]

[ 2017-04-08T11:08:08+08:00 ] ::1 /MIFOOD/index.php/Home/index.php/Home/Login/checkName
INFO: [ app_init ] --START--
INFO: Run Behavior\BuildLiteBehavior [ RunTime:0.000104s ]
INFO: [ app_init ] --END-- [ RunTime:0.001901s ]
INFO: [ app_begin ] --START--
INFO: Run Behavior\ReadHtmlCacheBehavior [ RunTime:0.002954s ]
INFO: [ app_begin ] --END-- [ RunTime:0.003430s ]
ERR: 无法加载控制器:Index.php

[ 2017-04-08T11:08:13+08:00 ] ::1 /MIFOOD/index.php/Home/Index/logins.html
INFO: [ app_init ] --START--
INFO: Run Behavior\BuildLiteBehavior [ RunTime:0.000142s ]
INFO: [ app_init ] --END-- [ RunTime:0.002626s ]

[ 2017-04-08T11:09:22+08:00 ] ::1 /MIFOOD/index.php/Home/Index
INFO: [ app_init ] --START--
INFO: Run Behavior\BuildLiteBehavior [ RunTime:0.000114s ]
INFO: [ app_init ] --END-- [ RunTime:0.002024s ]

[ 2017-04-08T11:10:48+08:00 ] ::1 /MIFOOD/index.php/Home/Index
INFO: [ app_init ] --START--
INFO: Run Behavior\BuildLiteBehavior [ RunTime:0.000107s ]
INFO: [ app_init ] --END-- [ RunTime:0.002069s ]

[ 2017-04-08T11:10:51+08:00 ] ::1 /MIFOOD/index.php/Home/Index/log_out
INFO: [ app_init ] --START--
INFO: Run Behavior\BuildLiteBehavior [ RunTime:0.000132s ]
INFO: [ app_init ] --END-- [ RunTime:0.002299s ]

[ 2017-04-08T11:14:53+08:00 ] ::1 /MIFOOD/index.php/Home/Index
INFO: [ app_init ] --START--
INFO: Run Behavior\BuildLiteBehavior [ RunTime:0.000118s ]
INFO: [ app_init ] --END-- [ RunTime:0.002113s ]

[ 2017-04-08T11:15:02+08:00 ] ::1 /MIFOOD/index.php/Home/index.php/Home/Login/checkName
INFO: [ app_init ] --START--
INFO: Run Behavior\BuildLiteBehavior [ RunTime:0.000165s ]
INFO: [ app_init ] --END-- [ RunTime:0.004009s ]
INFO: [ app_begin ] --START--
INFO: Run Behavior\ReadHtmlCacheBehavior [ RunTime:0.008840s ]
INFO: [ app_begin ] --END-- [ RunTime:0.010686s ]
ERR: 无法加载控制器:Index.php

[ 2017-04-08T11:15:08+08:00 ] ::1 /MIFOOD/index.php/Home/Index/logins.html
INFO: [ app_init ] --START--
INFO: Run Behavior\BuildLiteBehavior [ RunTime:0.000146s ]
INFO: [ app_init ] --END-- [ RunTime:0.003123s ]

[ 2017-04-08T11:15:57+08:00 ] ::1 /MIFOOD/index.php/Home/Index
INFO: [ app_init ] --START--
INFO: Run Behavior\BuildLiteBehavior [ RunTime:0.000145s ]
INFO: [ app_init ] --END-- [ RunTime:0.003131s ]

[ 2017-04-08T11:17:13+08:00 ] ::1 /MIFOOD/index.php/Home/Index
INFO: [ app_init ] --START--
INFO: Run Behavior\BuildLiteBehavior [ RunTime:0.000113s ]
INFO: [ app_init ] --END-- [ RunTime:0.002617s ]

[ 2017-04-08T11:17:16+08:00 ] ::1 /MIFOOD/index.php/Home/Index/log_out
INFO: [ app_init ] --START--
INFO: Run Behavior\BuildLiteBehavior [ RunTime:0.000116s ]
INFO: [ app_init ] --END-- [ RunTime:0.002175s ]

[ 2017-04-08T11:17:18+08:00 ] ::1 /MIFOOD/index.php/Home/Index
INFO: [ app_init ] --START--
INFO: Run Behavior\BuildLiteBehavior [ RunTime:0.000110s ]
INFO: [ app_init ] --END-- [ RunTime:0.002082s ]

[ 2017-04-08T11:17:31+08:00 ] ::1 /MIFOOD/index.php/Home/index.php/Home/Login/checkName
INFO: [ app_init ] --START--
INFO: Run Behavior\BuildLiteBehavior [ RunTime:0.000106s ]
INFO: [ app_init ] --END-- [ RunTime:0.002179s ]
INFO: [ app_begin ] --START--
INFO: Run Behavior\ReadHtmlCacheBehavior [ RunTime:0.003644s ]
INFO: [ app_begin ] --END-- [ RunTime:0.004161s ]
ERR: 无法加载控制器:Index.php

[ 2017-04-08T11:17:36+08:00 ] ::1 /MIFOOD/index.php/Home/Index/logins.html
INFO: [ app_init ] --START--
INFO: Run Behavior\BuildLiteBehavior [ RunTime:0.000115s ]
INFO: [ app_init ] --END-- [ RunTime:0.002477s ]

[ 2017-04-08T11:17:38+08:00 ] ::1 /MIFOOD/index.php/Home/Index
INFO: [ app_init ] --START--
INFO: Run Behavior\BuildLiteBehavior [ RunTime:0.000146s ]
INFO: [ app_init ] --END-- [ RunTime:0.003132s ]

[ 2017-04-08T11:18:04+08:00 ] ::1 /MIFOOD/index.php/Home/Index/log_out
INFO: [ app_init ] --START--
INFO: Run Behavior\BuildLiteBehavior [ RunTime:0.000111s ]
INFO: [ app_init ] --END-- [ RunTime:0.002151s ]

[ 2017-04-08T11:18:05+08:00 ] ::1 /MIFOOD/index.php/Home/Index
INFO: [ app_init ] --START--
INFO: Run Behavior\BuildLiteBehavior [ RunTime:0.000130s ]
INFO: [ app_init ] --END-- [ RunTime:0.002276s ]

[ 2017-04-08T11:18:25+08:00 ] ::1 /MIFOOD/index.php/Home/index.php/Home/Login/checkName
INFO: [ app_init ] --START--
INFO: Run Behavior\BuildLiteBehavior [ RunTime:0.000105s ]
INFO: [ app_init ] --END-- [ RunTime:0.002100s ]
INFO: [ app_begin ] --START--
INFO: Run Behavior\ReadHtmlCacheBehavior [ RunTime:0.003294s ]
INFO: [ app_begin ] --END-- [ RunTime:0.003792s ]
ERR: 无法加载控制器:Index.php

[ 2017-04-08T11:18:30+08:00 ] ::1 /MIFOOD/index.php/Home/Index/logins.html
INFO: [ app_init ] --START--
INFO: Run Behavior\BuildLiteBehavior [ RunTime:0.000271s ]
INFO: [ app_init ] --END-- [ RunTime:0.003341s ]

[ 2017-04-08T11:18:31+08:00 ] ::1 /MIFOOD/index.php/Home/Index
INFO: [ app_init ] --START--
INFO: Run Behavior\BuildLiteBehavior [ RunTime:0.000129s ]
INFO: [ app_init ] --END-- [ RunTime:0.002503s ]

[ 2017-04-08T11:18:37+08:00 ] ::1 /MIFOOD/index.php/Home/Index/log_out
INFO: [ app_init ] --START--
INFO: Run Behavior\BuildLiteBehavior [ RunTime:0.000136s ]
INFO: [ app_init ] --END-- [ RunTime:0.002324s ]

[ 2017-04-08T11:18:39+08:00 ] ::1 /MIFOOD/index.php/Home/Index
INFO: [ app_init ] --START--
INFO: Run Behavior\BuildLiteBehavior [ RunTime:0.000145s ]
INFO: [ app_init ] --END-- [ RunTime:0.002873s ]

[ 2017-04-08T11:19:33+08:00 ] ::1 /MIFOOD/index.php/Home/Index/details/shop_id/108
INFO: [ app_init ] --START--
INFO: Run Behavior\BuildLiteBehavior [ RunTime:0.000147s ]
INFO: [ app_init ] --END-- [ RunTime:0.003100s ]

[ 2017-04-08T11:19:55+08:00 ] ::1 /MIFOOD/index.php/Home/Index/top
INFO: [ app_init ] --START--
INFO: Run Behavior\BuildLiteBehavior [ RunTime:0.000126s ]
INFO: [ app_init ] --END-- [ RunTime:0.002602s ]

[ 2017-04-08T11:25:20+08:00 ] ::1 /MIFOOD/index.php/Home/Index/top
INFO: [ app_init ] --START--
INFO: Run Behavior\BuildLiteBehavior [ RunTime:0.000118s ]
INFO: [ app_init ] --END-- [ RunTime:0.002461s ]

[ 2017-04-08T11:26:17+08:00 ] ::1 /MIFOOD/index.php/Home/Index/top
INFO: [ app_init ] --START--
INFO: Run Behavior\BuildLiteBehavior [ RunTime:0.000107s ]
INFO: [ app_init ] --END-- [ RunTime:0.002092s ]

[ 2017-04-08T11:27:26+08:00 ] ::1 /MIFOOD/index.php/Home/Index/top
INFO: [ app_init ] --START--
INFO: Run Behavior\BuildLiteBehavior [ RunTime:0.000129s ]
INFO: [ app_init ] --END-- [ RunTime:0.003143s ]

[ 2017-04-08T11:28:41+08:00 ] ::1 /MIFOOD/index.php/Home/Index/top
INFO: [ app_init ] --START--
INFO: Run Behavior\BuildLiteBehavior [ RunTime:0.000105s ]
INFO: [ app_init ] --END-- [ RunTime:0.001762s ]

[ 2017-04-08T11:33:40+08:00 ] ::1 /MIFOOD/index.php/Home/Index/top
INFO: [ app_init ] --START--
INFO: Run Behavior\BuildLiteBehavior [ RunTime:0.000146s ]
INFO: [ app_init ] --END-- [ RunTime:0.002784s ]

[ 2017-04-08T11:36:56+08:00 ] ::1 /MIFOOD/index.php/Home/Index/top
INFO: [ app_init ] --START--
INFO: Run Behavior\BuildLiteBehavior [ RunTime:0.000155s ]
INFO: [ app_init ] --END-- [ RunTime:0.002799s ]

[ 2017-04-08T11:44:46+08:00 ] ::1 /MIFOOD/index.php/Home/Index/top
INFO: [ app_init ] --START--
INFO: Run Behavior\BuildLiteBehavior [ RunTime:0.000115s ]
INFO: [ app_init ] --END-- [ RunTime:0.002077s ]

[ 2017-04-08T11:46:03+08:00 ] ::1 /MIFOOD/index.php/Home/Index/details/shop_id/14
INFO: [ app_init ] --START--
INFO: Run Behavior\BuildLiteBehavior [ RunTime:0.000106s ]
INFO: [ app_init ] --END-- [ RunTime:0.001888s ]

[ 2017-04-08T11:47:12+08:00 ] ::1 /MIFOOD/index
INFO: [ app_init ] --START--
INFO: Run Behavior\BuildLiteBehavior [ RunTime:0.000113s ]
INFO: [ app_init ] --END-- [ RunTime:0.002161s ]

[ 2017-04-08T11:47:41+08:00 ] ::1 /MIFOOD/index.php/Home/Index/top
INFO: [ app_init ] --START--
INFO: Run Behavior\BuildLiteBehavior [ RunTime:0.000137s ]
INFO: [ app_init ] --END-- [ RunTime:0.002465s ]

[ 2017-04-08T11:47:48+08:00 ] ::1 /MIFOOD/index.php/Home/Index/classify/category_id/24
INFO: [ app_init ] --START--
INFO: Run Behavior\BuildLiteBehavior [ RunTime:0.000185s ]
INFO: [ app_init ] --END-- [ RunTime:0.004589s ]

[ 2017-04-08T11:48:27+08:00 ] ::1 /MIFOOD/index.php/Home/Index/classify/category_id/24
INFO: [ app_init ] --START--
INFO: Run Behavior\BuildLiteBehavior [ RunTime:0.000108s ]
INFO: [ app_init ] --END-- [ RunTime:0.002147s ]

[ 2017-04-08T11:48:35+08:00 ] ::1 /MIFOOD/index.php/Home/Index/details/shop_id/728
INFO: [ app_init ] --START--
INFO: Run Behavior\BuildLiteBehavior [ RunTime:0.000107s ]
INFO: [ app_init ] --END-- [ RunTime:0.002304s ]

[ 2017-04-08T11:49:09+08:00 ] ::1 /MIFOOD/index.php/Home/Index/health
INFO: [ app_init ] --START--
INFO: Run Behavior\BuildLiteBehavior [ RunTime:0.000105s ]
INFO: [ app_init ] --END-- [ RunTime:0.001914s ]

[ 2017-04-08T11:49:09+08:00 ] ::1 /MIFOOD/index.php/Home/Index/js/owl.carousel.js
INFO: [ app_init ] --START--
INFO: Run Behavior\BuildLiteBehavior [ RunTime:0.000147s ]
INFO: [ app_init ] --END-- [ RunTime:0.002724s ]
ERR: 非法操作:js

[ 2017-04-08T11:49:10+08:00 ] ::1 /MIFOOD/index.php/Home/Index/js/owl.carousel.js
INFO: [ app_init ] --START--
INFO: Run Behavior\BuildLiteBehavior [ RunTime:0.000229s ]
INFO: [ app_init ] --END-- [ RunTime:0.003997s ]
ERR: 非法操作:js

[ 2017-04-08T11:49:30+08:00 ] ::1 /MIFOOD/index.php/Home/Index/logins.html
INFO: [ app_init ] --START--
INFO: Run Behavior\BuildLiteBehavior [ RunTime:0.000121s ]
INFO: [ app_init ] --END-- [ RunTime:0.002507s ]

[ 2017-04-08T11:49:32+08:00 ] ::1 /MIFOOD/index.php/Home/Index/details/shop_id/728
INFO: [ app_init ] --START--
INFO: Run Behavior\BuildLiteBehavior [ RunTime:0.000141s ]
INFO: [ app_init ] --END-- [ RunTime:0.002834s ]

[ 2017-04-08T11:49:37+08:00 ] ::1 /MIFOOD/index.php/Home/Index/person
INFO: [ app_init ] --START--
INFO: Run Behavior\BuildLiteBehavior [ RunTime:0.000104s ]
INFO: [ app_init ] --END-- [ RunTime:0.001812s ]

[ 2017-04-08T11:50:42+08:00 ] ::1 /MIFOOD/index.php/Home/Index/index
INFO: [ app_init ] --START--
INFO: Run Behavior\BuildLiteBehavior [ RunTime:0.000107s ]
INFO: [ app_init ] --END-- [ RunTime:0.001919s ]

[ 2017-04-08T11:50:55+08:00 ] ::1 /MIFOOD/index.php/Home/Index/top
INFO: [ app_init ] --START--
INFO: Run Behavior\BuildLiteBehavior [ RunTime:0.000120s ]
INFO: [ app_init ] --END-- [ RunTime:0.002246s ]

[ 2017-04-08T11:51:24+08:00 ] ::1 /MIFOOD/index.php/Home/Index/top
INFO: [ app_init ] --START--
INFO: Run Behavior\BuildLiteBehavior [ RunTime:0.000113s ]
INFO: [ app_init ] --END-- [ RunTime:0.002014s ]

[ 2017-04-08T11:51:28+08:00 ] ::1 /MIFOOD/index.php/Home/Index/top
INFO: [ app_init ] --START--
INFO: Run Behavior\BuildLiteBehavior [ RunTime:0.000104s ]
INFO: [ app_init ] --END-- [ RunTime:0.001962s ]

[ 2017-04-08T11:53:17+08:00 ] ::1 /MIFOOD/index.php/Home/Index/search.html?search=%E7%81%AB%E9%94%85
INFO: [ app_init ] --START--
INFO: Run Behavior\BuildLiteBehavior [ RunTime:0.000106s ]
INFO: [ app_init ] --END-- [ RunTime:0.001866s ]

[ 2017-04-08T11:55:34+08:00 ] ::1 /MIFOOD/index.php/Home/Index/search/search/%E7%81%AB%E9%94%85/p/2.html
INFO: [ app_init ] --START--
INFO: Run Behavior\BuildLiteBehavior [ RunTime:0.000139s ]
INFO: [ app_init ] --END-- [ RunTime:0.002561s ]

[ 2017-04-08T11:55:53+08:00 ] ::1 /MIFOOD/index.php/Home/Index/search/search/%E7%81%AB%E9%94%85/p/codes.html
INFO: [ app_init ] --START--
INFO: Run Behavior\BuildLiteBehavior [ RunTime:0.000137s ]
INFO: [ app_init ] --END-- [ RunTime:0.002422s ]

[ 2017-04-08T11:55:55+08:00 ] ::1 /MIFOOD/index.php/Home/Index/search/search/%E7%81%AB%E9%94%85/p/codes.html
INFO: [ app_init ] --START--
INFO: Run Behavior\BuildLiteBehavior [ RunTime:0.000115s ]
INFO: [ app_init ] --END-- [ RunTime:0.002168s ]

[ 2017-04-08T11:56:01+08:00 ] ::1 /MIFOOD/index.php/Home/Index/classify/category_id/24
INFO: [ app_init ] --START--
INFO: Run Behavior\BuildLiteBehavior [ RunTime:0.000137s ]
INFO: [ app_init ] --END-- [ RunTime:0.002707s ]

[ 2017-04-08T11:56:33+08:00 ] ::1 /MIFOOD/index.php/Home/Index/classify/category_id/24/p/2.html
INFO: [ app_init ] --START--
INFO: Run Behavior\BuildLiteBehavior [ RunTime:0.000107s ]
INFO: [ app_init ] --END-- [ RunTime:0.002225s ]

[ 2017-04-08T11:56:40+08:00 ] ::1 /MIFOOD/index.php/Home/Index/classify/category_id/9
INFO: [ app_init ] --START--
INFO: Run Behavior\BuildLiteBehavior [ RunTime:0.000115s ]
INFO: [ app_init ] --END-- [ RunTime:0.002125s ]

[ 2017-04-08T11:58:04+08:00 ] ::1 /MIFOOD/index.php/Home/Index/classify/category_id/14
INFO: [ app_init ] --START--
INFO: Run Behavior\BuildLiteBehavior [ RunTime:0.000114s ]
INFO: [ app_init ] --END-- [ RunTime:0.002430s ]

[ 2017-04-08T11:58:29+08:00 ] ::1 /MIFOOD/index.php/Home/Index/top
INFO: [ app_init ] --START--
INFO: Run Behavior\BuildLiteBehavior [ RunTime:0.000126s ]
INFO: [ app_init ] --END-- [ RunTime:0.002180s ]

[ 2017-04-08T11:59:24+08:00 ] ::1 /MIFOOD/index.php/Home/Index/top
INFO: [ app_init ] --START--
INFO: Run Behavior\BuildLiteBehavior [ RunTime:0.000120s ]
INFO: [ app_init ] --END-- [ RunTime:0.002515s ]

[ 2017-04-08T14:08:18+08:00 ] ::1 /MIFOOD/index.php/Home/Index/classify/category_id/24
INFO: [ app_init ] --START--
INFO: Run Behavior\BuildLiteBehavior [ RunTime:0.000120s ]
INFO: [ app_init ] --END-- [ RunTime:0.002297s ]

[ 2017-04-08T14:08:25+08:00 ] ::1 /MIFOOD/index.php/Home/Index/person
INFO: [ app_init ] --START--
INFO: Run Behavior\BuildLiteBehavior [ RunTime:0.000108s ]
INFO: [ app_init ] --END-- [ RunTime:0.002044s ]

[ 2017-04-08T14:09:04+08:00 ] ::1 /MIFOOD/index
INFO: [ app_init ] --START--
INFO: Run Behavior\BuildLiteBehavior [ RunTime:0.000119s ]
INFO: [ app_init ] --END-- [ RunTime:0.002046s ]

[ 2017-04-08T14:09:10+08:00 ] ::1 /MIFOOD/index.php/Home/Index/top
INFO: [ app_init ] --START--
INFO: Run Behavior\BuildLiteBehavior [ RunTime:0.000193s ]
INFO: [ app_init ] --END-- [ RunTime:0.004124s ]

[ 2017-04-08T14:09:27+08:00 ] ::1 /MIFOOD/index.php/Home/Index/classify/category_id/24
INFO: [ app_init ] --START--
INFO: Run Behavior\BuildLiteBehavior [ RunTime:0.000146s ]
INFO: [ app_init ] --END-- [ RunTime:0.002833s ]

[ 2017-04-08T14:09:34+08:00 ] ::1 /MIFOOD/index.php/Home/Index/health
INFO: [ app_init ] --START--
INFO: Run Behavior\BuildLiteBehavior [ RunTime:0.000141s ]
INFO: [ app_init ] --END-- [ RunTime:0.002733s ]

[ 2017-04-08T14:09:34+08:00 ] ::1 /MIFOOD/index.php/Home/Index/js/owl.carousel.js
INFO: [ app_init ] --START--
INFO: Run Behavior\BuildLiteBehavior [ RunTime:0.000107s ]
INFO: [ app_init ] --END-- [ RunTime:0.001899s ]
ERR: 非法操作:js

[ 2017-04-08T14:09:34+08:00 ] ::1 /MIFOOD/index.php/Home/Index/js/owl.carousel.js
INFO: [ app_init ] --START--
INFO: Run Behavior\BuildLiteBehavior [ RunTime:0.000133s ]
INFO: [ app_init ] --END-- [ RunTime:0.002700s ]
ERR: 非法操作:js

[ 2017-04-08T14:09:37+08:00 ] ::1 /MIFOOD/index.php/Home/Index/user
INFO: [ app_init ] --START--
INFO: Run Behavior\BuildLiteBehavior [ RunTime:0.000121s ]
INFO: [ app_init ] --END-- [ RunTime:0.002493s ]
ERR: 非法操作:user

[ 2017-04-08T14:09:44+08:00 ] ::1 /MIFOOD/index.php/Home/Index/person
INFO: [ app_init ] --START--
INFO: Run Behavior\BuildLiteBehavior [ RunTime:0.000129s ]
INFO: [ app_init ] --END-- [ RunTime:0.002726s ]

[ 2017-04-08T14:09:57+08:00 ] ::1 /MIFOOD/index
INFO: [ app_init ] --START--
INFO: Run Behavior\BuildLiteBehavior [ RunTime:0.000117s ]
INFO: [ app_init ] --END-- [ RunTime:0.002260s ]

[ 2017-04-08T14:10:17+08:00 ] ::1 /MIFOOD/index.php/Home/Index/log_out
INFO: [ app_init ] --START--
INFO: Run Behavior\BuildLiteBehavior [ RunTime:0.000111s ]
INFO: [ app_init ] --END-- [ RunTime:0.002314s ]

[ 2017-04-08T14:10:18+08:00 ] ::1 /MIFOOD/index
INFO: [ app_init ] --START--
INFO: Run Behavior\BuildLiteBehavior [ RunTime:0.000126s ]
INFO: [ app_init ] --END-- [ RunTime:0.002700s ]

[ 2017-04-08T14:10:30+08:00 ] ::1 /MIFOOD/index.php/Home/Login/checkName
INFO: [ app_init ] --START--
INFO: Run Behavior\BuildLiteBehavior [ RunTime:0.000132s ]
INFO: [ app_init ] --END-- [ RunTime:0.002272s ]
INFO: [ app_begin ] --START--
INFO: Run Behavior\ReadHtmlCacheBehavior [ RunTime:0.002696s ]
INFO: [ app_begin ] --END-- [ RunTime:0.003219s ]
SQL: SHOW COLUMNS FROM `user` [ RunTime:0.002086s ]

[ 2017-04-08T14:10:35+08:00 ] ::1 /MIFOOD/index.php/Home/Index/logins.html
INFO: [ app_init ] --START--
INFO: Run Behavior\BuildLiteBehavior [ RunTime:0.000115s ]
INFO: [ app_init ] --END-- [ RunTime:0.002347s ]

[ 2017-04-08T14:10:36+08:00 ] ::1 /MIFOOD/index
INFO: [ app_init ] --START--
INFO: Run Behavior\BuildLiteBehavior [ RunTime:0.000171s ]
INFO: [ app_init ] --END-- [ RunTime:0.002756s ]

[ 2017-04-08T14:10:42+08:00 ] ::1 /MIFOOD/index.php/Home/Index/top
INFO: [ app_init ] --START--
INFO: Run Behavior\BuildLiteBehavior [ RunTime:0.000105s ]
INFO: [ app_init ] --END-- [ RunTime:0.001956s ]

[ 2017-04-08T14:10:51+08:00 ] ::1 /MIFOOD/index.php/Home/Index/classify/category_id/24
INFO: [ app_init ] --START--
INFO: Run Behavior\BuildLiteBehavior [ RunTime:0.000151s ]
INFO: [ app_init ] --END-- [ RunTime:0.002972s ]

[ 2017-04-08T14:15:32+08:00 ] ::1 /MIFOOD/index.php/Home/Index/details/shop_id/4
INFO: [ app_init ] --START--
INFO: Run Behavior\BuildLiteBehavior [ RunTime:0.000106s ]
INFO: [ app_init ] --END-- [ RunTime:0.001982s ]

[ 2017-04-08T14:16:59+08:00 ] ::1 /MIFOOD/index.php/Home/Index/person
INFO: [ app_init ] --START--
INFO: Run Behavior\BuildLiteBehavior [ RunTime:0.000121s ]
INFO: [ app_init ] --END-- [ RunTime:0.002201s ]

[ 2017-04-08T14:18:32+08:00 ] ::1 /MIFOOD/index.php/Home/Index/index
INFO: [ app_init ] --START--
INFO: Run Behavior\BuildLiteBehavior [ RunTime:0.000109s ]
INFO: [ app_init ] --END-- [ RunTime:0.001693s ]

[ 2017-04-08T14:25:00+08:00 ] ::1 /MIFOOD/index.php/Home/Index/top
INFO: [ app_init ] --START--
INFO: Run Behavior\BuildLiteBehavior [ RunTime:0.000114s ]
INFO: [ app_init ] --END-- [ RunTime:0.001894s ]

[ 2017-04-08T14:43:08+08:00 ] ::1 /MIFOOD/index.php/Home/Index/classify/category_id/24
INFO: [ app_init ] --START--
INFO: Run Behavior\BuildLiteBehavior [ RunTime:0.000147s ]
INFO: [ app_init ] --END-- [ RunTime:0.003452s ]

[ 2017-04-08T14:43:17+08:00 ] ::1 /MIFOOD/index.php/Home/Index/classify/category_id/24
INFO: [ app_init ] --START--
INFO: Run Behavior\BuildLiteBehavior [ RunTime:0.000113s ]
INFO: [ app_init ] --END-- [ RunTime:0.002205s ]

[ 2017-04-08T14:43:39+08:00 ] ::1 /MIFOOD/index.php/Home/Index/classify/category_id/25
INFO: [ app_init ] --START--
INFO: Run Behavior\BuildLiteBehavior [ RunTime:0.000115s ]
INFO: [ app_init ] --END-- [ RunTime:0.002487s ]

[ 2017-04-08T14:43:44+08:00 ] ::1 /MIFOOD/index.php/Home/Index/classify/category_id/25/p/2.html
INFO: [ app_init ] --START--
INFO: Run Behavior\BuildLiteBehavior [ RunTime:0.000205s ]
INFO: [ app_init ] --END-- [ RunTime:0.002573s ]

[ 2017-04-08T14:45:28+08:00 ] ::1 /MIFOOD/index.php/Home/Index/classify/category_id/25/p/2.html
INFO: [ app_init ] --START--
INFO: Run Behavior\BuildLiteBehavior [ RunTime:0.000110s ]
INFO: [ app_init ] --END-- [ RunTime:0.001839s ]

[ 2017-04-08T14:45:32+08:00 ] ::1 /MIFOOD/index.php/Home/Index/top
INFO: [ app_init ] --START--
INFO: Run Behavior\BuildLiteBehavior [ RunTime:0.000155s ]
INFO: [ app_init ] --END-- [ RunTime:0.003847s ]

[ 2017-04-08T14:46:28+08:00 ] ::1 /MIFOOD/index.php/Home/Index/top
INFO: [ app_init ] --START--
INFO: Run Behavior\BuildLiteBehavior [ RunTime:0.000112s ]
INFO: [ app_init ] --END-- [ RunTime:0.001711s ]

[ 2017-04-08T15:01:07+08:00 ] ::1 /MIFOOD/index.php/Home/Index/top
INFO: [ app_init ] --START--
INFO: Run Behavior\BuildLiteBehavior [ RunTime:0.000122s ]
INFO: [ app_init ] --END-- [ RunTime:0.002750s ]

[ 2017-04-08T15:03:50+08:00 ] ::1 /MIFOOD/index.php/Home/Index/top
INFO: [ app_init ] --START--
INFO: Run Behavior\BuildLiteBehavior [ RunTime:0.000107s ]
INFO: [ app_init ] --END-- [ RunTime:0.001898s ]

[ 2017-04-08T15:04:27+08:00 ] ::1 /MIFOOD/index.php/Home/Index/top
INFO: [ app_init ] --START--
INFO: Run Behavior\BuildLiteBehavior [ RunTime:0.000114s ]
INFO: [ app_init ] --END-- [ RunTime:0.002230s ]

[ 2017-04-08T15:06:17+08:00 ] ::1 /MIFOOD/index.php/Home/Index/top
INFO: [ app_init ] --START--
INFO: Run Behavior\BuildLiteBehavior [ RunTime:0.000174s ]
INFO: [ app_init ] --END-- [ RunTime:0.002196s ]

[ 2017-04-08T15:06:22+08:00 ] ::1 /MIFOOD/index.php/Home/Index/details/shop_img/197
INFO: [ app_init ] --START--
INFO: Run Behavior\BuildLiteBehavior [ RunTime:0.000120s ]
INFO: [ app_init ] --END-- [ RunTime:0.002563s ]

[ 2017-04-08T15:06:40+08:00 ] ::1 /MIFOOD/index.php/Home/Index/details/shop_id/197
INFO: [ app_init ] --START--
INFO: Run Behavior\BuildLiteBehavior [ RunTime:0.000109s ]
INFO: [ app_init ] --END-- [ RunTime:0.001955s ]

[ 2017-04-08T15:09:13+08:00 ] ::1 /MIFOOD/index.php/Home/Index/details/shop_id/197
INFO: [ app_init ] --START--
INFO: Run Behavior\BuildLiteBehavior [ RunTime:0.000127s ]
INFO: [ app_init ] --END-- [ RunTime:0.002963s ]

[ 2017-04-08T15:09:16+08:00 ] ::1 /MIFOOD/index.php/Home/Index/addLove/shop_id/197
INFO: [ app_init ] --START--
INFO: Run Behavior\BuildLiteBehavior [ RunTime:0.000184s ]
INFO: [ app_init ] --END-- [ RunTime:0.003123s ]

[ 2017-04-08T15:09:22+08:00 ] ::1 /MIFOOD/index.php/Home/Index/log_out
INFO: [ app_init ] --START--
INFO: Run Behavior\BuildLiteBehavior [ RunTime:0.000145s ]
INFO: [ app_init ] --END-- [ RunTime:0.003088s ]

[ 2017-04-08T15:09:24+08:00 ] ::1 /MIFOOD/index.php/Home/Index/details/shop_id/197
INFO: [ app_init ] --START--
INFO: Run Behavior\BuildLiteBehavior [ RunTime:0.000110s ]
INFO: [ app_init ] --END-- [ RunTime:0.002326s ]

[ 2017-04-08T15:09:42+08:00 ] ::1 /MIFOOD/index.php/Home/Index/logins.html
INFO: [ app_init ] --START--
INFO: Run Behavior\BuildLiteBehavior [ RunTime:0.000150s ]
INFO: [ app_init ] --END-- [ RunTime:0.003109s ]

[ 2017-04-08T15:09:44+08:00 ] ::1 /MIFOOD/index.php/Home/Index/details/shop_id/197
INFO: [ app_init ] --START--
INFO: Run Behavior\BuildLiteBehavior [ RunTime:0.000113s ]
INFO: [ app_init ] --END-- [ RunTime:0.002264s ]

[ 2017-04-08T15:09:46+08:00 ] ::1 /MIFOOD/index.php/Home/Index/addLove/shop_id/197
INFO: [ app_init ] --START--
INFO: Run Behavior\BuildLiteBehavior [ RunTime:0.000152s ]
INFO: [ app_init ] --END-- [ RunTime:0.002942s ]

[ 2017-04-08T15:09:53+08:00 ] ::1 /MIFOOD/index.php/Home/Index/details/shop_id/197
INFO: [ app_init ] --START--
INFO: Run Behavior\BuildLiteBehavior [ RunTime:0.000118s ]
INFO: [ app_init ] --END-- [ RunTime:0.002147s ]

[ 2017-04-08T15:10:08+08:00 ] ::1 /MIFOOD/index.php/Home/Index/person
INFO: [ app_init ] --START--
INFO: Run Behavior\BuildLiteBehavior [ RunTime:0.000106s ]
INFO: [ app_init ] --END-- [ RunTime:0.001948s ]

[ 2017-04-08T15:10:17+08:00 ] ::1 /MIFOOD/index.php/Home/Index/person/p/2.html
INFO: [ app_init ] --START--
INFO: Run Behavior\BuildLiteBehavior [ RunTime:0.000145s ]
INFO: [ app_init ] --END-- [ RunTime:0.002877s ]

[ 2017-04-08T15:10:21+08:00 ] ::1 /MIFOOD/index.php/Home/Index/person/p/3.html
INFO: [ app_init ] --START--
INFO: Run Behavior\BuildLiteBehavior [ RunTime:0.000121s ]
INFO: [ app_init ] --END-- [ RunTime:0.002577s ]

[ 2017-04-08T15:12:27+08:00 ] ::1 /MIFOOD/index.php/Home/Index/details/shop_id/197
INFO: [ app_init ] --START--
INFO: Run Behavior\BuildLiteBehavior [ RunTime:0.000121s ]
INFO: [ app_init ] --END-- [ RunTime:0.003010s ]

[ 2017-04-08T15:12:29+08:00 ] ::1 /MIFOOD/index.php/Home/Index/addLove/shop_id/197
INFO: [ app_init ] --START--
INFO: Run Behavior\BuildLiteBehavior [ RunTime:0.000115s ]
INFO: [ app_init ] --END-- [ RunTime:0.002161s ]
ERR: Think\Model:no_love方法不存在！

[ 2017-04-08T15:13:00+08:00 ] ::1 /MIFOOD/index.php/Home/Index/details/shop_id/197
INFO: [ app_init ] --START--
INFO: Run Behavior\BuildLiteBehavior [ RunTime:0.000112s ]
INFO: [ app_init ] --END-- [ RunTime:0.002079s ]

[ 2017-04-08T15:13:02+08:00 ] ::1 /MIFOOD/index.php/Home/Index/addLove/shop_id/197
INFO: [ app_init ] --START--
INFO: Run Behavior\BuildLiteBehavior [ RunTime:0.000116s ]
INFO: [ app_init ] --END-- [ RunTime:0.002129s ]
ERR: Think\Model:no_love方法不存在！

[ 2017-04-08T15:13:22+08:00 ] ::1 /MIFOOD/index.php/Home/Index/details/shop_id/197
INFO: [ app_init ] --START--
INFO: Run Behavior\BuildLiteBehavior [ RunTime:0.000151s ]
INFO: [ app_init ] --END-- [ RunTime:0.003269s ]

[ 2017-04-08T15:13:24+08:00 ] ::1 /MIFOOD/index.php/Home/Index/addLove/shop_id/197
INFO: [ app_init ] --START--
INFO: Run Behavior\BuildLiteBehavior [ RunTime:0.000112s ]
INFO: [ app_init ] --END-- [ RunTime:0.002328s ]

[ 2017-04-08T15:13:25+08:00 ] ::1 /MIFOOD/index.php/Home/Index/details/shop_id/197
INFO: [ app_init ] --START--
INFO: Run Behavior\BuildLiteBehavior [ RunTime:0.000157s ]
INFO: [ app_init ] --END-- [ RunTime:0.002854s ]

[ 2017-04-08T15:15:27+08:00 ] ::1 /MIFOOD/index.php/Home/Index/details/shop_id/197
INFO: [ app_init ] --START--
INFO: Run Behavior\BuildLiteBehavior [ RunTime:0.000106s ]
INFO: [ app_init ] --END-- [ RunTime:0.001919s ]

[ 2017-04-08T15:15:29+08:00 ] ::1 /MIFOOD/index.php/Home/Index/addLove/shop_id/197
INFO: [ app_init ] --START--
INFO: Run Behavior\BuildLiteBehavior [ RunTime:0.000415s ]
INFO: [ app_init ] --END-- [ RunTime:0.004145s ]

[ 2017-04-08T15:15:31+08:00 ] ::1 /MIFOOD/index.php/Home/Index/details/shop_id/197
INFO: [ app_init ] --START--
INFO: Run Behavior\BuildLiteBehavior [ RunTime:0.000145s ]
INFO: [ app_init ] --END-- [ RunTime:0.002941s ]

[ 2017-04-08T15:15:53+08:00 ] ::1 /MIFOOD/index.php/Home/Index/details/shop_id/197
INFO: [ app_init ] --START--
INFO: Run Behavior\BuildLiteBehavior [ RunTime:0.000116s ]
INFO: [ app_init ] --END-- [ RunTime:0.002156s ]

[ 2017-04-08T15:15:55+08:00 ] ::1 /MIFOOD/index.php/Home/Index/addLove/shop_id/197
INFO: [ app_init ] --START--
INFO: Run Behavior\BuildLiteBehavior [ RunTime:0.000113s ]
INFO: [ app_init ] --END-- [ RunTime:0.003080s ]

[ 2017-04-08T15:16:36+08:00 ] ::1 /MIFOOD/index.php/Home/Index/addLove/shop_id/197
INFO: [ app_init ] --START--
INFO: Run Behavior\BuildLiteBehavior [ RunTime:0.000168s ]
INFO: [ app_init ] --END-- [ RunTime:0.003544s ]

[ 2017-04-08T15:16:42+08:00 ] ::1 /MIFOOD/index.php/Home/Index/details/shop_id/197
INFO: [ app_init ] --START--
INFO: Run Behavior\BuildLiteBehavior [ RunTime:0.000113s ]
INFO: [ app_init ] --END-- [ RunTime:0.002140s ]

[ 2017-04-08T15:16:44+08:00 ] ::1 /MIFOOD/index.php/Home/Index/addLove/shop_id/197
INFO: [ app_init ] --START--
INFO: Run Behavior\BuildLiteBehavior [ RunTime:0.000147s ]
INFO: [ app_init ] --END-- [ RunTime:0.003137s ]

[ 2017-04-08T15:17:19+08:00 ] ::1 /MIFOOD/index.php/Home/Index/log_out
INFO: [ app_init ] --START--
INFO: Run Behavior\BuildLiteBehavior [ RunTime:0.000106s ]
INFO: [ app_init ] --END-- [ RunTime:0.001878s ]

[ 2017-04-08T15:17:20+08:00 ] ::1 /MIFOOD/index.php/Home/Index/details/shop_id/197
INFO: [ app_init ] --START--
INFO: Run Behavior\BuildLiteBehavior [ RunTime:0.000143s ]
INFO: [ app_init ] --END-- [ RunTime:0.002987s ]

[ 2017-04-08T15:17:33+08:00 ] ::1 /MIFOOD/index.php/Home/Index/logins.html
INFO: [ app_init ] --START--
INFO: Run Behavior\BuildLiteBehavior [ RunTime:0.000246s ]
INFO: [ app_init ] --END-- [ RunTime:0.003413s ]

[ 2017-04-08T15:17:35+08:00 ] ::1 /MIFOOD/index.php/Home/Index/details/shop_id/197
INFO: [ app_init ] --START--
INFO: Run Behavior\BuildLiteBehavior [ RunTime:0.000157s ]
INFO: [ app_init ] --END-- [ RunTime:0.003696s ]

[ 2017-04-08T15:17:39+08:00 ] ::1 /MIFOOD/index.php/Home/Index/index
INFO: [ app_init ] --START--
INFO: Run Behavior\BuildLiteBehavior [ RunTime:0.000137s ]
INFO: [ app_init ] --END-- [ RunTime:0.002492s ]

[ 2017-04-08T15:17:44+08:00 ] ::1 /MIFOOD/index.php/Home/Index/details/shop_id/202
INFO: [ app_init ] --START--
INFO: Run Behavior\BuildLiteBehavior [ RunTime:0.000148s ]
INFO: [ app_init ] --END-- [ RunTime:0.002684s ]

[ 2017-04-08T15:17:48+08:00 ] ::1 /MIFOOD/index.php/Home/Index/addLove/shop_id/202
INFO: [ app_init ] --START--
INFO: Run Behavior\BuildLiteBehavior [ RunTime:0.000121s ]
INFO: [ app_init ] --END-- [ RunTime:0.002146s ]

[ 2017-04-08T15:18:05+08:00 ] ::1 /MIFOOD/index.php/Home/Index/details/shop_id/202
INFO: [ app_init ] --START--
INFO: Run Behavior\BuildLiteBehavior [ RunTime:0.000146s ]
INFO: [ app_init ] --END-- [ RunTime:0.003110s ]

[ 2017-04-08T15:18:07+08:00 ] ::1 /MIFOOD/index.php/Home/Index/addLove/shop_id/202
INFO: [ app_init ] --START--
INFO: Run Behavior\BuildLiteBehavior [ RunTime:0.000147s ]
INFO: [ app_init ] --END-- [ RunTime:0.002319s ]

[ 2017-04-08T15:18:09+08:00 ] ::1 /MIFOOD/index.php/Home/Index/details/shop_id/202
INFO: [ app_init ] --START--
INFO: Run Behavior\BuildLiteBehavior [ RunTime:0.000141s ]
INFO: [ app_init ] --END-- [ RunTime:0.002111s ]

[ 2017-04-08T15:18:12+08:00 ] ::1 /MIFOOD/index.php/Home/Index/addLove/shop_id/202
INFO: [ app_init ] --START--
INFO: Run Behavior\BuildLiteBehavior [ RunTime:0.000117s ]
INFO: [ app_init ] --END-- [ RunTime:0.002401s ]

[ 2017-04-08T15:18:14+08:00 ] ::1 /MIFOOD/index.php/Home/Index/details/shop_id/202
INFO: [ app_init ] --START--
INFO: Run Behavior\BuildLiteBehavior [ RunTime:0.000115s ]
INFO: [ app_init ] --END-- [ RunTime:0.002234s ]

[ 2017-04-08T15:19:08+08:00 ] ::1 /MIFOOD/index.php/Home/Index/details/shop_id/202
INFO: [ app_init ] --START--
INFO: Run Behavior\BuildLiteBehavior [ RunTime:0.000105s ]
INFO: [ app_init ] --END-- [ RunTime:0.001879s ]

[ 2017-04-08T15:19:10+08:00 ] ::1 /MIFOOD/index.php/Home/Index/addLove/shop_id/202
INFO: [ app_init ] --START--
INFO: Run Behavior\BuildLiteBehavior [ RunTime:0.000143s ]
INFO: [ app_init ] --END-- [ RunTime:0.002682s ]

[ 2017-04-08T15:20:36+08:00 ] ::1 /MIFOOD/index.php/Home/Index/details/shop_id/202
INFO: [ app_init ] --START--
INFO: Run Behavior\BuildLiteBehavior [ RunTime:0.000114s ]
INFO: [ app_init ] --END-- [ RunTime:0.002620s ]

[ 2017-04-08T15:23:23+08:00 ] ::1 /MIFOOD/index.php/Home/Index/details/shop_id/202
INFO: [ app_init ] --START--
INFO: Run Behavior\BuildLiteBehavior [ RunTime:0.000160s ]
INFO: [ app_init ] --END-- [ RunTime:0.004699s ]

[ 2017-04-08T15:24:26+08:00 ] ::1 /MIFOOD/index.php/Home/Index/details/shop_id/202
INFO: [ app_init ] --START--
INFO: Run Behavior\BuildLiteBehavior [ RunTime:0.000111s ]
INFO: [ app_init ] --END-- [ RunTime:0.002345s ]

[ 2017-04-08T15:24:48+08:00 ] ::1 /MIFOOD/index.php/Home/Index/details/shop_id/14
INFO: [ app_init ] --START--
INFO: Run Behavior\BuildLiteBehavior [ RunTime:0.000106s ]
INFO: [ app_init ] --END-- [ RunTime:0.001954s ]

[ 2017-04-08T15:24:50+08:00 ] ::1 /MIFOOD/index.php/Home/Index/addLove/shop_id/14
INFO: [ app_init ] --START--
INFO: Run Behavior\BuildLiteBehavior [ RunTime:0.000117s ]
INFO: [ app_init ] --END-- [ RunTime:0.003209s ]

[ 2017-04-08T15:24:51+08:00 ] ::1 /MIFOOD/index.php/Home/Index/details/shop_id/14
INFO: [ app_init ] --START--
INFO: Run Behavior\BuildLiteBehavior [ RunTime:0.000141s ]
INFO: [ app_init ] --END-- [ RunTime:0.002403s ]

[ 2017-04-08T15:32:44+08:00 ] ::1 /MIFOOD/index.php/Home/Index/details/shop_id/14
INFO: [ app_init ] --START--
INFO: Run Behavior\BuildLiteBehavior [ RunTime:0.000121s ]
INFO: [ app_init ] --END-- [ RunTime:0.003193s ]

[ 2017-04-08T15:36:50+08:00 ] ::1 /MIFOOD/index.php/Home/Index/details/shop_id/14
INFO: [ app_init ] --START--
INFO: Run Behavior\BuildLiteBehavior [ RunTime:0.000147s ]
INFO: [ app_init ] --END-- [ RunTime:0.002785s ]

[ 2017-04-08T15:37:51+08:00 ] ::1 /MIFOOD/index.php/Home/Index/details/shop_id/1
INFO: [ app_init ] --START--
INFO: Run Behavior\BuildLiteBehavior [ RunTime:0.000106s ]
INFO: [ app_init ] --END-- [ RunTime:0.001922s ]

[ 2017-04-08T15:38:47+08:00 ] ::1 /MIFOOD/index.php/Home/Index/details/shop_id/1
INFO: [ app_init ] --START--
INFO: Run Behavior\BuildLiteBehavior [ RunTime:0.000111s ]
INFO: [ app_init ] --END-- [ RunTime:0.002155s ]

[ 2017-04-08T15:42:24+08:00 ] ::1 /MIFOOD/index.php/Home/Index/details/shop_id/1
INFO: [ app_init ] --START--
INFO: Run Behavior\BuildLiteBehavior [ RunTime:0.000164s ]
INFO: [ app_init ] --END-- [ RunTime:0.003324s ]

[ 2017-04-08T15:42:54+08:00 ] ::1 /MIFOOD/index.php/Home/Index/details/shop_id/1
INFO: [ app_init ] --START--
INFO: Run Behavior\BuildLiteBehavior [ RunTime:0.000113s ]
INFO: [ app_init ] --END-- [ RunTime:0.002375s ]

[ 2017-04-08T15:43:27+08:00 ] ::1 /MIFOOD/index.php/Home/Index/details/shop_id/1
INFO: [ app_init ] --START--
INFO: Run Behavior\BuildLiteBehavior [ RunTime:0.000112s ]
INFO: [ app_init ] --END-- [ RunTime:0.002123s ]

[ 2017-04-08T15:43:52+08:00 ] ::1 /MIFOOD/index.php/Home/Index/details/shop_id/1
INFO: [ app_init ] --START--
INFO: Run Behavior\BuildLiteBehavior [ RunTime:0.000124s ]
INFO: [ app_init ] --END-- [ RunTime:0.002239s ]

[ 2017-04-08T15:44:43+08:00 ] ::1 /MIFOOD/index.php/Home/Index/details/shop_id/1
INFO: [ app_init ] --START--
INFO: Run Behavior\BuildLiteBehavior [ RunTime:0.000138s ]
INFO: [ app_init ] --END-- [ RunTime:0.002431s ]

[ 2017-04-08T16:57:28+08:00 ] ::1 /MIFOOD/index.php/Home/Index/details/shop_id/1
INFO: [ app_init ] --START--
INFO: Run Behavior\BuildLiteBehavior [ RunTime:0.000111s ]
INFO: [ app_init ] --END-- [ RunTime:0.007763s ]

[ 2017-04-08T16:58:34+08:00 ] ::1 /MIFOOD/index.php/Home/Index/details/shop_id/1
INFO: [ app_init ] --START--
INFO: Run Behavior\BuildLiteBehavior [ RunTime:0.000104s ]
INFO: [ app_init ] --END-- [ RunTime:0.001679s ]

[ 2017-04-08T16:59:04+08:00 ] ::1 /MIFOOD/index.php/Home/Index/details/shop_id/1/p/2.html
INFO: [ app_init ] --START--
INFO: Run Behavior\BuildLiteBehavior [ RunTime:0.000157s ]
INFO: [ app_init ] --END-- [ RunTime:0.002722s ]

[ 2017-04-08T17:00:05+08:00 ] ::1 /MIFOOD/index.php/Home/Index/details/shop_id/1/p/2.html
INFO: [ app_init ] --START--
INFO: Run Behavior\BuildLiteBehavior [ RunTime:0.000109s ]
INFO: [ app_init ] --END-- [ RunTime:0.001602s ]

[ 2017-04-08T17:01:39+08:00 ] ::1 /MIFOOD/index.php/Home/Index/details/shop_id/1/p/2.html
INFO: [ app_init ] --START--
INFO: Run Behavior\BuildLiteBehavior [ RunTime:0.000121s ]
INFO: [ app_init ] --END-- [ RunTime:0.002362s ]

[ 2017-04-08T17:02:01+08:00 ] ::1 /MIFOOD/index.php/Home/Index/details/shop_id/2
INFO: [ app_init ] --START--
INFO: Run Behavior\BuildLiteBehavior [ RunTime:0.000549s ]
INFO: [ app_init ] --END-- [ RunTime:0.005534s ]

[ 2017-04-08T17:03:32+08:00 ] ::1 /MIFOOD/index.php/Home/Index/details/shop_id/2
INFO: [ app_init ] --START--
INFO: Run Behavior\BuildLiteBehavior [ RunTime:0.000105s ]
INFO: [ app_init ] --END-- [ RunTime:0.001642s ]

[ 2017-04-08T17:04:08+08:00 ] ::1 /MIFOOD/index.php/Home/Index/details/shop_id/2
INFO: [ app_init ] --START--
INFO: Run Behavior\BuildLiteBehavior [ RunTime:0.000107s ]
INFO: [ app_init ] --END-- [ RunTime:0.001696s ]

[ 2017-04-08T17:05:13+08:00 ] ::1 /MIFOOD/index.php/Home/Index/details/shop_id/1
INFO: [ app_init ] --START--
INFO: Run Behavior\BuildLiteBehavior [ RunTime:0.000125s ]
INFO: [ app_init ] --END-- [ RunTime:0.002923s ]

[ 2017-04-08T17:05:18+08:00 ] ::1 /MIFOOD/index.php/Home/Index/person
INFO: [ app_init ] --START--
INFO: Run Behavior\BuildLiteBehavior [ RunTime:0.000112s ]
INFO: [ app_init ] --END-- [ RunTime:0.001394s ]

[ 2017-04-08T17:19:32+08:00 ] ::1 /MIFOOD/index.php/Home/Index/person
INFO: [ app_init ] --START--
INFO: Run Behavior\BuildLiteBehavior [ RunTime:0.000110s ]
INFO: [ app_init ] --END-- [ RunTime:0.001868s ]

[ 2017-04-08T17:19:41+08:00 ] ::1 /MIFOOD/index.php/Home/Index/person
INFO: [ app_init ] --START--
INFO: Run Behavior\BuildLiteBehavior [ RunTime:0.000111s ]
INFO: [ app_init ] --END-- [ RunTime:0.001551s ]

[ 2017-04-08T17:19:45+08:00 ] ::1 /MIFOOD/index.php/Home/Index/person/p/2.html
INFO: [ app_init ] --START--
INFO: Run Behavior\BuildLiteBehavior [ RunTime:0.000158s ]
INFO: [ app_init ] --END-- [ RunTime:0.002470s ]

[ 2017-04-08T17:20:20+08:00 ] ::1 /MIFOOD/index.php/Home/Index/person/p/2.html
INFO: [ app_init ] --START--
INFO: Run Behavior\BuildLiteBehavior [ RunTime:0.000127s ]
INFO: [ app_init ] --END-- [ RunTime:0.002265s ]

[ 2017-04-08T17:21:31+08:00 ] ::1 /MIFOOD/index.php/Home/Index/person
INFO: [ app_init ] --START--
INFO: Run Behavior\BuildLiteBehavior [ RunTime:0.000169s ]
INFO: [ app_init ] --END-- [ RunTime:0.001812s ]

[ 2017-04-08T17:21:44+08:00 ] ::1 /MIFOOD/index.php/Home/Index/person
INFO: [ app_init ] --START--
INFO: Run Behavior\BuildLiteBehavior [ RunTime:0.000106s ]
INFO: [ app_init ] --END-- [ RunTime:0.001837s ]

[ 2017-04-08T17:22:14+08:00 ] ::1 /MIFOOD/index.php/Home/Index/person
INFO: [ app_init ] --START--
INFO: Run Behavior\BuildLiteBehavior [ RunTime:0.000158s ]
INFO: [ app_init ] --END-- [ RunTime:0.002589s ]

[ 2017-04-08T17:22:20+08:00 ] ::1 /MIFOOD/index.php/Home/Index/person/p/2.html
INFO: [ app_init ] --START--
INFO: Run Behavior\BuildLiteBehavior [ RunTime:0.000108s ]
INFO: [ app_init ] --END-- [ RunTime:0.001515s ]

[ 2017-04-08T17:24:01+08:00 ] ::1 /MIFOOD/index.php/Home/Index/person
INFO: [ app_init ] --START--
INFO: Run Behavior\BuildLiteBehavior [ RunTime:0.000117s ]
INFO: [ app_init ] --END-- [ RunTime:0.001758s ]

[ 2017-04-08T17:24:09+08:00 ] ::1 /MIFOOD/index.php/Home/Index/person/p/2.html
INFO: [ app_init ] --START--
INFO: Run Behavior\BuildLiteBehavior [ RunTime:0.000114s ]
INFO: [ app_init ] --END-- [ RunTime:0.002261s ]

[ 2017-04-08T17:25:55+08:00 ] ::1 /MIFOOD/index.php/Home/Index/person/p/2.html
INFO: [ app_init ] --START--
INFO: Run Behavior\BuildLiteBehavior [ RunTime:0.000113s ]
INFO: [ app_init ] --END-- [ RunTime:0.001959s ]

[ 2017-04-08T17:26:01+08:00 ] ::1 /MIFOOD/index.php/Home/Index/person
INFO: [ app_init ] --START--
INFO: Run Behavior\BuildLiteBehavior [ RunTime:0.000110s ]
INFO: [ app_init ] --END-- [ RunTime:0.002047s ]

[ 2017-04-08T17:27:54+08:00 ] ::1 /MIFOOD/index.php/Home/Index/person/p/2.html
INFO: [ app_init ] --START--
INFO: Run Behavior\BuildLiteBehavior [ RunTime:0.000158s ]
INFO: [ app_init ] --END-- [ RunTime:0.002164s ]

[ 2017-04-08T17:29:56+08:00 ] ::1 /MIFOOD/index.php/Home/Index/person
INFO: [ app_init ] --START--
INFO: Run Behavior\BuildLiteBehavior [ RunTime:0.000120s ]
INFO: [ app_init ] --END-- [ RunTime:0.001829s ]

[ 2017-04-08T17:30:06+08:00 ] ::1 /MIFOOD/index.php/Home/Index/person
INFO: [ app_init ] --START--
INFO: Run Behavior\BuildLiteBehavior [ RunTime:0.000104s ]
INFO: [ app_init ] --END-- [ RunTime:0.001565s ]

[ 2017-04-08T17:30:12+08:00 ] ::1 /MIFOOD/index.php/Home/Index/index
INFO: [ app_init ] --START--
INFO: Run Behavior\BuildLiteBehavior [ RunTime:0.000151s ]
INFO: [ app_init ] --END-- [ RunTime:0.002145s ]

[ 2017-04-08T17:30:27+08:00 ] ::1 /MIFOOD/index.php/Home/Index/top
INFO: [ app_init ] --START--
INFO: Run Behavior\BuildLiteBehavior [ RunTime:0.000118s ]
INFO: [ app_init ] --END-- [ RunTime:0.001591s ]

[ 2017-04-08T17:30:49+08:00 ] ::1 /MIFOOD/index.php/Home/Index/index
INFO: [ app_init ] --START--
INFO: Run Behavior\BuildLiteBehavior [ RunTime:0.001276s ]
INFO: [ app_init ] --END-- [ RunTime:0.004884s ]

[ 2017-04-08T17:30:54+08:00 ] ::1 /MIFOOD/index.php/Home/Index/classify/category_id/24
INFO: [ app_init ] --START--
INFO: Run Behavior\BuildLiteBehavior [ RunTime:0.000105s ]
INFO: [ app_init ] --END-- [ RunTime:0.001412s ]

[ 2017-04-08T17:31:00+08:00 ] ::1 /MIFOOD/index.php/Home/Index/classify/category_id/7
INFO: [ app_init ] --START--
INFO: Run Behavior\BuildLiteBehavior [ RunTime:0.000108s ]
INFO: [ app_init ] --END-- [ RunTime:0.001590s ]

[ 2017-04-08T17:31:14+08:00 ] ::1 /MIFOOD/index.php/Home/Index/classify/category_id/25
INFO: [ app_init ] --START--
INFO: Run Behavior\BuildLiteBehavior [ RunTime:0.000104s ]
INFO: [ app_init ] --END-- [ RunTime:0.001521s ]

[ 2017-04-08T17:31:20+08:00 ] ::1 /MIFOOD/index.php/Home/Index/classify/category_id/25
INFO: [ app_init ] --START--
INFO: Run Behavior\BuildLiteBehavior [ RunTime:0.000152s ]
INFO: [ app_init ] --END-- [ RunTime:0.002952s ]

[ 2017-04-08T17:31:25+08:00 ] ::1 /MIFOOD/index.php/Home/Index/classify/category_id/25
INFO: [ app_init ] --START--
INFO: Run Behavior\BuildLiteBehavior [ RunTime:0.000105s ]
INFO: [ app_init ] --END-- [ RunTime:0.001789s ]

[ 2017-04-08T17:31:33+08:00 ] ::1 /MIFOOD/index.php/Home/Index/details/shop_id/966
INFO: [ app_init ] --START--
INFO: Run Behavior\BuildLiteBehavior [ RunTime:0.000110s ]
INFO: [ app_init ] --END-- [ RunTime:0.001516s ]

[ 2017-04-08T17:31:44+08:00 ] ::1 /MIFOOD/index.php/Home/Index/classify/category_id/25
INFO: [ app_init ] --START--
INFO: Run Behavior\BuildLiteBehavior [ RunTime:0.000105s ]
INFO: [ app_init ] --END-- [ RunTime:0.001516s ]

[ 2017-04-08T17:31:51+08:00 ] ::1 /MIFOOD/index.php/Home/Index/details/shop_id/966
INFO: [ app_init ] --START--
INFO: Run Behavior\BuildLiteBehavior [ RunTime:0.000150s ]
INFO: [ app_init ] --END-- [ RunTime:0.002474s ]

[ 2017-04-08T17:32:50+08:00 ] ::1 /MIFOOD/index.php/Home/Index/addLove/shop_id/966
INFO: [ app_init ] --START--
INFO: Run Behavior\BuildLiteBehavior [ RunTime:0.000114s ]
INFO: [ app_init ] --END-- [ RunTime:0.001899s ]

[ 2017-04-08T17:32:51+08:00 ] ::1 /MIFOOD/index.php/Home/Index/details/shop_id/966
INFO: [ app_init ] --START--
INFO: Run Behavior\BuildLiteBehavior [ RunTime:0.000139s ]
INFO: [ app_init ] --END-- [ RunTime:0.002131s ]

[ 2017-04-08T17:32:55+08:00 ] ::1 /MIFOOD/index.php/Home/Index/person
INFO: [ app_init ] --START--
INFO: Run Behavior\BuildLiteBehavior [ RunTime:0.000106s ]
INFO: [ app_init ] --END-- [ RunTime:0.001543s ]

[ 2017-04-08T17:32:59+08:00 ] ::1 /MIFOOD/index.php/Home/Index/person/p/2.html
INFO: [ app_init ] --START--
INFO: Run Behavior\BuildLiteBehavior [ RunTime:0.000146s ]
INFO: [ app_init ] --END-- [ RunTime:0.003215s ]

[ 2017-04-08T17:33:09+08:00 ] ::1 /MIFOOD/index.php/Home/Index/person/p/1.html
INFO: [ app_init ] --START--
INFO: Run Behavior\BuildLiteBehavior [ RunTime:0.000152s ]
INFO: [ app_init ] --END-- [ RunTime:0.002371s ]

