[ 2017-04-09T08:22:11+08:00 ] ::1 /MIFOOD/index
INFO: [ app_init ] --START--
INFO: Run Behavior\BuildLiteBehavior [ RunTime:0.000120s ]
INFO: [ app_init ] --END-- [ RunTime:0.007847s ]

[ 2017-04-09T08:22:29+08:00 ] ::1 /MIFOOD/index.php/Home/Login/checkName
INFO: [ app_init ] --START--
INFO: Run Behavior\BuildLiteBehavior [ RunTime:0.000113s ]
INFO: [ app_init ] --END-- [ RunTime:0.001793s ]
INFO: [ app_begin ] --START--
INFO: Run Behavior\ReadHtmlCacheBehavior [ RunTime:0.002410s ]
INFO: [ app_begin ] --END-- [ RunTime:0.002880s ]
SQL: SHOW COLUMNS FROM `user` [ RunTime:0.001965s ]

[ 2017-04-09T08:22:32+08:00 ] ::1 /MIFOOD/index.php/Home/Login/checkName
INFO: [ app_init ] --START--
INFO: Run Behavior\BuildLiteBehavior [ RunTime:0.000117s ]
INFO: [ app_init ] --END-- [ RunTime:0.002020s ]
INFO: [ app_begin ] --START--
INFO: Run Behavior\ReadHtmlCacheBehavior [ RunTime:0.002234s ]
INFO: [ app_begin ] --END-- [ RunTime:0.002705s ]
SQL: SHOW COLUMNS FROM `user` [ RunTime:0.002047s ]

[ 2017-04-09T08:22:39+08:00 ] ::1 /MIFOOD/index.php/Home/Index/top
INFO: [ app_init ] --START--
INFO: Run Behavior\BuildLiteBehavior [ RunTime:0.000144s ]
INFO: [ app_init ] --END-- [ RunTime:0.003197s ]

[ 2017-04-09T08:23:03+08:00 ] ::1 /MIFOOD/index.php/Home/Index/classify/category_id/24
INFO: [ app_init ] --START--
INFO: Run Behavior\BuildLiteBehavior [ RunTime:0.000192s ]
INFO: [ app_init ] --END-- [ RunTime:0.004325s ]

[ 2017-04-09T08:28:54+08:00 ] ::1 /MIFOOD/index.php/Home/Index/search.html?search=%E7%81%AB%E9%94%85
INFO: [ app_init ] --START--
INFO: Run Behavior\BuildLiteBehavior [ RunTime:0.000121s ]
INFO: [ app_init ] --END-- [ RunTime:0.001967s ]

[ 2017-04-09T08:29:41+08:00 ] ::1 /MIFOOD/index.php/Home/Index/top
INFO: [ app_init ] --START--
INFO: Run Behavior\BuildLiteBehavior [ RunTime:0.000149s ]
INFO: [ app_init ] --END-- [ RunTime:0.002832s ]

[ 2017-04-09T08:29:47+08:00 ] ::1 /MIFOOD/index.php/Home/Index/search.html?search=%E7%81%AB%E9%94%85
INFO: [ app_init ] --START--
INFO: Run Behavior\BuildLiteBehavior [ RunTime:0.000105s ]
INFO: [ app_init ] --END-- [ RunTime:0.001976s ]

[ 2017-04-09T08:29:58+08:00 ] ::1 /MIFOOD/index.php/Home/Index/classify/category_id/24
INFO: [ app_init ] --START--
INFO: Run Behavior\BuildLiteBehavior [ RunTime:0.000117s ]
INFO: [ app_init ] --END-- [ RunTime:0.002155s ]

[ 2017-04-09T08:30:03+08:00 ] ::1 /MIFOOD/index.php/Home/Index/search.html?search=%E7%81%AB%E9%94%85
INFO: [ app_init ] --START--
INFO: Run Behavior\BuildLiteBehavior [ RunTime:0.000113s ]
INFO: [ app_init ] --END-- [ RunTime:0.002038s ]

[ 2017-04-09T08:30:39+08:00 ] ::1 /MIFOOD/index.php/Home/Index/classify/category_id/24
INFO: [ app_init ] --START--
INFO: Run Behavior\BuildLiteBehavior [ RunTime:0.000122s ]
INFO: [ app_init ] --END-- [ RunTime:0.002188s ]

[ 2017-04-09T08:30:48+08:00 ] ::1 /MIFOOD/index.php/Home/Index/classify/category_id/24
INFO: [ app_init ] --START--
INFO: Run Behavior\BuildLiteBehavior [ RunTime:0.000229s ]
INFO: [ app_init ] --END-- [ RunTime:0.002963s ]

[ 2017-04-09T08:31:16+08:00 ] ::1 /MIFOOD/index.php/Home/Index/classify/category_id/24
INFO: [ app_init ] --START--
INFO: Run Behavior\BuildLiteBehavior [ RunTime:0.000147s ]
INFO: [ app_init ] --END-- [ RunTime:0.003024s ]

[ 2017-04-09T08:32:44+08:00 ] ::1 /MIFOOD/index.php/Home/Index/classify/category_id/24
INFO: [ app_init ] --START--
INFO: Run Behavior\BuildLiteBehavior [ RunTime:0.000144s ]
INFO: [ app_init ] --END-- [ RunTime:0.002476s ]

[ 2017-04-09T08:33:10+08:00 ] ::1 /MIFOOD/index.php/Home/Index/classify/category_id/24
INFO: [ app_init ] --START--
INFO: Run Behavior\BuildLiteBehavior [ RunTime:0.000122s ]
INFO: [ app_init ] --END-- [ RunTime:0.005489s ]

[ 2017-04-09T08:33:15+08:00 ] ::1 /MIFOOD/index.php/Home/Index/classify/category_id/24
INFO: [ app_init ] --START--
INFO: Run Behavior\BuildLiteBehavior [ RunTime:0.000157s ]
INFO: [ app_init ] --END-- [ RunTime:0.002586s ]

[ 2017-04-09T08:35:01+08:00 ] ::1 /MIFOOD/index.php/Home/Index/classify/category_id/24
INFO: [ app_init ] --START--
INFO: Run Behavior\BuildLiteBehavior [ RunTime:0.000124s ]
INFO: [ app_init ] --END-- [ RunTime:0.002401s ]

[ 2017-04-09T08:35:20+08:00 ] ::1 /MIFOOD/index.php/Home/Index/classify/category_id/24
INFO: [ app_init ] --START--
INFO: Run Behavior\BuildLiteBehavior [ RunTime:0.000109s ]
INFO: [ app_init ] --END-- [ RunTime:0.002182s ]

[ 2017-04-09T08:35:48+08:00 ] ::1 /MIFOOD/index.php/Home/Index/classify/category_id/24
INFO: [ app_init ] --START--
INFO: Run Behavior\BuildLiteBehavior [ RunTime:0.000188s ]
INFO: [ app_init ] --END-- [ RunTime:0.004061s ]

[ 2017-04-09T08:36:11+08:00 ] ::1 /MIFOOD/index.php/Home/Index/classify/category_id/11
INFO: [ app_init ] --START--
INFO: Run Behavior\BuildLiteBehavior [ RunTime:0.000106s ]
INFO: [ app_init ] --END-- [ RunTime:0.001979s ]

[ 2017-04-09T08:37:27+08:00 ] ::1 /MIFOOD/index.php/Home/Index/classify/category_id/11
INFO: [ app_init ] --START--
INFO: Run Behavior\BuildLiteBehavior [ RunTime:0.000113s ]
INFO: [ app_init ] --END-- [ RunTime:0.001926s ]

[ 2017-04-09T08:40:16+08:00 ] ::1 /MIFOOD/index.php/Home/Index/classify/category_id/11
INFO: [ app_init ] --START--
INFO: Run Behavior\BuildLiteBehavior [ RunTime:0.000144s ]
INFO: [ app_init ] --END-- [ RunTime:0.002770s ]

[ 2017-04-09T08:41:09+08:00 ] ::1 /MIFOOD/index.php/Home/Index/classify/category_id/11/p/2.html
INFO: [ app_init ] --START--
INFO: Run Behavior\BuildLiteBehavior [ RunTime:0.000137s ]
INFO: [ app_init ] --END-- [ RunTime:0.002518s ]

[ 2017-04-09T08:44:17+08:00 ] ::1 /MIFOOD/index.php/Home/Index/classify/category_id/11/p/2.html
INFO: [ app_init ] --START--
INFO: Run Behavior\BuildLiteBehavior [ RunTime:0.000203s ]
INFO: [ app_init ] --END-- [ RunTime:0.004862s ]

[ 2017-04-09T08:44:31+08:00 ] ::1 /MIFOOD/index.php/Home/Index/classsify/p/1.html
INFO: [ app_init ] --START--
INFO: Run Behavior\BuildLiteBehavior [ RunTime:0.000150s ]
INFO: [ app_init ] --END-- [ RunTime:0.002910s ]
INFO: [ app_begin ] --START--
INFO: Run Behavior\ReadHtmlCacheBehavior [ RunTime:0.003404s ]
INFO: [ app_begin ] --END-- [ RunTime:0.004059s ]
ERR: 非法操作:classsify

[ 2017-04-09T08:47:11+08:00 ] ::1 /MIFOOD/index.php/Home/Index/classify/category_id/11/p/2.html
INFO: [ app_init ] --START--
INFO: Run Behavior\BuildLiteBehavior [ RunTime:0.000124s ]
INFO: [ app_init ] --END-- [ RunTime:0.002664s ]

[ 2017-04-09T08:47:24+08:00 ] ::1 /MIFOOD/index.php/Home/Index/classsify/p/1.html
INFO: [ app_init ] --START--
INFO: Run Behavior\BuildLiteBehavior [ RunTime:0.000117s ]
INFO: [ app_init ] --END-- [ RunTime:0.002523s ]
INFO: [ app_begin ] --START--
INFO: Run Behavior\ReadHtmlCacheBehavior [ RunTime:0.003510s ]
INFO: [ app_begin ] --END-- [ RunTime:0.004155s ]
ERR: 非法操作:classsify

[ 2017-04-09T08:51:40+08:00 ] ::1 /MIFOOD/index.php/Home/Index/classify/category_id/11
INFO: [ app_init ] --START--
INFO: Run Behavior\BuildLiteBehavior [ RunTime:0.000104s ]
INFO: [ app_init ] --END-- [ RunTime:0.001840s ]

[ 2017-04-09T08:51:42+08:00 ] ::1 /MIFOOD/index.php/Home/Index/classsify/p/1.html
INFO: [ app_init ] --START--
INFO: Run Behavior\BuildLiteBehavior [ RunTime:0.000114s ]
INFO: [ app_init ] --END-- [ RunTime:0.001955s ]
INFO: [ app_begin ] --START--
INFO: Run Behavior\ReadHtmlCacheBehavior [ RunTime:0.002882s ]
INFO: [ app_begin ] --END-- [ RunTime:0.003386s ]
ERR: 非法操作:classsify

[ 2017-04-09T08:53:00+08:00 ] ::1 /MIFOOD/index.php/Home/Index/classify/category_id/11
INFO: [ app_init ] --START--
INFO: Run Behavior\BuildLiteBehavior [ RunTime:0.000114s ]
INFO: [ app_init ] --END-- [ RunTime:0.002297s ]

[ 2017-04-09T08:53:01+08:00 ] ::1 /MIFOOD/index.php/Home/Index/classsify/p/1.html
INFO: [ app_init ] --START--
INFO: Run Behavior\BuildLiteBehavior [ RunTime:0.000111s ]
INFO: [ app_init ] --END-- [ RunTime:0.002132s ]
INFO: [ app_begin ] --START--
INFO: Run Behavior\ReadHtmlCacheBehavior [ RunTime:0.002566s ]
INFO: [ app_begin ] --END-- [ RunTime:0.003045s ]
ERR: 非法操作:classsify

[ 2017-04-09T08:53:29+08:00 ] ::1 /MIFOOD/index.php/Home/Index/classify/category_id/11
INFO: [ app_init ] --START--
INFO: Run Behavior\BuildLiteBehavior [ RunTime:0.000151s ]
INFO: [ app_init ] --END-- [ RunTime:0.003725s ]

[ 2017-04-09T08:53:30+08:00 ] ::1 /MIFOOD/index.php/Home/Index/classsify/p/1.html
INFO: [ app_init ] --START--
INFO: Run Behavior\BuildLiteBehavior [ RunTime:0.000154s ]
INFO: [ app_init ] --END-- [ RunTime:0.003646s ]
INFO: [ app_begin ] --START--
INFO: Run Behavior\ReadHtmlCacheBehavior [ RunTime:0.003300s ]
INFO: [ app_begin ] --END-- [ RunTime:0.003954s ]
ERR: 非法操作:classsify

[ 2017-04-09T08:55:36+08:00 ] ::1 /MIFOOD/index.php/Home/Index/classify/category_id/11
INFO: [ app_init ] --START--
INFO: Run Behavior\BuildLiteBehavior [ RunTime:0.000105s ]
INFO: [ app_init ] --END-- [ RunTime:0.002028s ]

[ 2017-04-09T08:55:36+08:00 ] ::1 /MIFOOD/index.php/Home/Index/classsify/p/1.html
INFO: [ app_init ] --START--
INFO: Run Behavior\BuildLiteBehavior [ RunTime:0.000110s ]
INFO: [ app_init ] --END-- [ RunTime:0.002151s ]
INFO: [ app_begin ] --START--
INFO: Run Behavior\ReadHtmlCacheBehavior [ RunTime:0.002190s ]
INFO: [ app_begin ] --END-- [ RunTime:0.002666s ]
ERR: 非法操作:classsify

[ 2017-04-09T08:55:49+08:00 ] ::1 /MIFOOD/index.php/Home/Index/classify/category_id/11
INFO: [ app_init ] --START--
INFO: Run Behavior\BuildLiteBehavior [ RunTime:0.000110s ]
INFO: [ app_init ] --END-- [ RunTime:0.001885s ]

[ 2017-04-09T08:55:51+08:00 ] ::1 /MIFOOD/index.php/Home/Index/classsify/p/1.html
INFO: [ app_init ] --START--
INFO: Run Behavior\BuildLiteBehavior [ RunTime:0.000116s ]
INFO: [ app_init ] --END-- [ RunTime:0.002359s ]
INFO: [ app_begin ] --START--
INFO: Run Behavior\ReadHtmlCacheBehavior [ RunTime:0.002856s ]
INFO: [ app_begin ] --END-- [ RunTime:0.003799s ]
ERR: 非法操作:classsify

[ 2017-04-09T08:56:07+08:00 ] ::1 /MIFOOD/index.php/Home/Index/classify/category_id/11
INFO: [ app_init ] --START--
INFO: Run Behavior\BuildLiteBehavior [ RunTime:0.000114s ]
INFO: [ app_init ] --END-- [ RunTime:0.001930s ]

[ 2017-04-09T08:56:09+08:00 ] ::1 /MIFOOD/index.php/Home/Index/classsify/p/1.html
INFO: [ app_init ] --START--
INFO: Run Behavior\BuildLiteBehavior [ RunTime:0.000118s ]
INFO: [ app_init ] --END-- [ RunTime:0.002336s ]
INFO: [ app_begin ] --START--
INFO: Run Behavior\ReadHtmlCacheBehavior [ RunTime:0.002715s ]
INFO: [ app_begin ] --END-- [ RunTime:0.003247s ]
ERR: 非法操作:classsify

[ 2017-04-09T08:56:16+08:00 ] ::1 /MIFOOD/index.php/Home/Index/classify/category_id/11
INFO: [ app_init ] --START--
INFO: Run Behavior\BuildLiteBehavior [ RunTime:0.000146s ]
INFO: [ app_init ] --END-- [ RunTime:0.002868s ]

[ 2017-04-09T08:56:16+08:00 ] ::1 /MIFOOD/index.php/Home/Index/classsify/p/1.html
INFO: [ app_init ] --START--
INFO: Run Behavior\BuildLiteBehavior [ RunTime:0.000153s ]
INFO: [ app_init ] --END-- [ RunTime:0.003499s ]
INFO: [ app_begin ] --START--
INFO: Run Behavior\ReadHtmlCacheBehavior [ RunTime:0.004758s ]
INFO: [ app_begin ] --END-- [ RunTime:0.005428s ]
ERR: 非法操作:classsify

[ 2017-04-09T08:56:31+08:00 ] ::1 /MIFOOD/index.php/Home/Index/classify/category_id/11
INFO: [ app_init ] --START--
INFO: Run Behavior\BuildLiteBehavior [ RunTime:0.000147s ]
INFO: [ app_init ] --END-- [ RunTime:0.002733s ]

[ 2017-04-09T08:56:31+08:00 ] ::1 /MIFOOD/index.php/Home/Index/classsify/p/1.html
INFO: [ app_init ] --START--
INFO: Run Behavior\BuildLiteBehavior [ RunTime:0.000111s ]
INFO: [ app_init ] --END-- [ RunTime:0.002110s ]
INFO: [ app_begin ] --START--
INFO: Run Behavior\ReadHtmlCacheBehavior [ RunTime:0.002684s ]
INFO: [ app_begin ] --END-- [ RunTime:0.003165s ]
ERR: 非法操作:classsify

[ 2017-04-09T08:56:40+08:00 ] ::1 /MIFOOD/index.php/Home/Index/classify/category_id/11/p/2.html
INFO: [ app_init ] --START--
INFO: Run Behavior\BuildLiteBehavior [ RunTime:0.000110s ]
INFO: [ app_init ] --END-- [ RunTime:0.002148s ]

[ 2017-04-09T08:56:40+08:00 ] ::1 /MIFOOD/index.php/Home/Index/classsify/p/1.html
INFO: [ app_init ] --START--
INFO: Run Behavior\BuildLiteBehavior [ RunTime:0.000211s ]
INFO: [ app_init ] --END-- [ RunTime:0.002453s ]
INFO: [ app_begin ] --START--
INFO: Run Behavior\ReadHtmlCacheBehavior [ RunTime:0.004546s ]
INFO: [ app_begin ] --END-- [ RunTime:0.005488s ]
ERR: 非法操作:classsify

[ 2017-04-09T08:57:17+08:00 ] ::1 /MIFOOD/index.php/Home/Index/classify/category_id/11/p/2.html
INFO: [ app_init ] --START--
INFO: Run Behavior\BuildLiteBehavior [ RunTime:0.000145s ]
INFO: [ app_init ] --END-- [ RunTime:0.002448s ]

[ 2017-04-09T08:57:18+08:00 ] ::1 /MIFOOD/index.php/Home/Index/classsify/p/1.html
INFO: [ app_init ] --START--
INFO: Run Behavior\BuildLiteBehavior [ RunTime:0.000117s ]
INFO: [ app_init ] --END-- [ RunTime:0.002431s ]
INFO: [ app_begin ] --START--
INFO: Run Behavior\ReadHtmlCacheBehavior [ RunTime:0.032044s ]
INFO: [ app_begin ] --END-- [ RunTime:0.032758s ]
ERR: 非法操作:classsify

[ 2017-04-09T08:57:22+08:00 ] ::1 /MIFOOD/index.php/Home/Index/details/shop_id/664
INFO: [ app_init ] --START--
INFO: Run Behavior\BuildLiteBehavior [ RunTime:0.000113s ]
INFO: [ app_init ] --END-- [ RunTime:0.002111s ]

[ 2017-04-09T08:59:47+08:00 ] ::1 /MIFOOD/index.php/Home/Index/details/shop_id/664
INFO: [ app_init ] --START--
INFO: Run Behavior\BuildLiteBehavior [ RunTime:0.000152s ]
INFO: [ app_init ] --END-- [ RunTime:0.004074s ]

[ 2017-04-09T09:00:12+08:00 ] ::1 /MIFOOD/index.php/Home/Index/details/shop_id/664
INFO: [ app_init ] --START--
INFO: Run Behavior\BuildLiteBehavior [ RunTime:0.000105s ]
INFO: [ app_init ] --END-- [ RunTime:0.001682s ]

[ 2017-04-09T09:00:47+08:00 ] ::1 /MIFOOD/index.php/Home/Index/details/shop_id/664
INFO: [ app_init ] --START--
INFO: Run Behavior\BuildLiteBehavior [ RunTime:0.000116s ]
INFO: [ app_init ] --END-- [ RunTime:0.002867s ]

[ 2017-04-09T09:00:49+08:00 ] ::1 /MIFOOD/index.php/Home/Index/details/shop_id/664
INFO: [ app_init ] --START--
INFO: Run Behavior\BuildLiteBehavior [ RunTime:0.000112s ]
INFO: [ app_init ] --END-- [ RunTime:0.001905s ]

[ 2017-04-09T09:01:04+08:00 ] ::1 /MIFOOD/index.php/Home/Index/details/shop_id/664
INFO: [ app_init ] --START--
INFO: Run Behavior\BuildLiteBehavior [ RunTime:0.000103s ]
INFO: [ app_init ] --END-- [ RunTime:0.001816s ]

[ 2017-04-09T09:01:07+08:00 ] ::1 /MIFOOD/index.php/Home/Index/classsify/p/1.html
INFO: [ app_init ] --START--
INFO: Run Behavior\BuildLiteBehavior [ RunTime:0.000112s ]
INFO: [ app_init ] --END-- [ RunTime:0.002121s ]
INFO: [ app_begin ] --START--
INFO: Run Behavior\ReadHtmlCacheBehavior [ RunTime:0.002617s ]
INFO: [ app_begin ] --END-- [ RunTime:0.003108s ]
ERR: 非法操作:classsify

[ 2017-04-09T09:01:10+08:00 ] ::1 /MIFOOD/index.php/Home/Index/details/shop_id/664
INFO: [ app_init ] --START--
INFO: Run Behavior\BuildLiteBehavior [ RunTime:0.000105s ]
INFO: [ app_init ] --END-- [ RunTime:0.001752s ]

[ 2017-04-09T09:01:33+08:00 ] ::1 /MIFOOD/index.php/Home/Index/classify/category_id/11
INFO: [ app_init ] --START--
INFO: Run Behavior\BuildLiteBehavior [ RunTime:0.000128s ]
INFO: [ app_init ] --END-- [ RunTime:0.002289s ]

[ 2017-04-09T09:01:35+08:00 ] ::1 /MIFOOD/index.php/Home/Index/classsify/p/1.html
INFO: [ app_init ] --START--
INFO: Run Behavior\BuildLiteBehavior [ RunTime:0.000120s ]
INFO: [ app_init ] --END-- [ RunTime:0.002351s ]
INFO: [ app_begin ] --START--
INFO: Run Behavior\ReadHtmlCacheBehavior [ RunTime:0.004143s ]
INFO: [ app_begin ] --END-- [ RunTime:0.004674s ]
ERR: 非法操作:classsify

[ 2017-04-09T09:01:39+08:00 ] ::1 /MIFOOD/index.php/Home/Index/details/shop_id/1121
INFO: [ app_init ] --START--
INFO: Run Behavior\BuildLiteBehavior [ RunTime:0.000115s ]
INFO: [ app_init ] --END-- [ RunTime:0.002229s ]

[ 2017-04-09T09:02:40+08:00 ] ::1 /MIFOOD/index.php/Home/Index/details/shop_id/664
INFO: [ app_init ] --START--
INFO: Run Behavior\BuildLiteBehavior [ RunTime:0.000113s ]
INFO: [ app_init ] --END-- [ RunTime:0.002248s ]

[ 2017-04-09T09:54:51+08:00 ] ::1 /MIFOOD/index.php/Home/Index/details/shop_id/664
INFO: [ app_init ] --START--
INFO: Run Behavior\BuildLiteBehavior [ RunTime:0.000145s ]
INFO: [ app_init ] --END-- [ RunTime:0.002437s ]

[ 2017-04-09T09:56:40+08:00 ] ::1 /MIFOOD/index.php/Home/Index/details/shop_id/664
INFO: [ app_init ] --START--
INFO: Run Behavior\BuildLiteBehavior [ RunTime:0.000114s ]
INFO: [ app_init ] --END-- [ RunTime:0.002175s ]

[ 2017-04-09T09:57:17+08:00 ] ::1 /MIFOOD/index.php/Home/Index/details/shop_id/1121
INFO: [ app_init ] --START--
INFO: Run Behavior\BuildLiteBehavior [ RunTime:0.000103s ]
INFO: [ app_init ] --END-- [ RunTime:0.001782s ]

[ 2017-04-09T09:58:40+08:00 ] ::1 /MIFOOD/index.php/Home/Index/logins.html
INFO: [ app_init ] --START--
INFO: Run Behavior\BuildLiteBehavior [ RunTime:0.000105s ]
INFO: [ app_init ] --END-- [ RunTime:0.001800s ]

[ 2017-04-09T09:58:42+08:00 ] ::1 /MIFOOD/index.php/Home/Index/details/shop_id/1121
INFO: [ app_init ] --START--
INFO: Run Behavior\BuildLiteBehavior [ RunTime:0.000160s ]
INFO: [ app_init ] --END-- [ RunTime:0.003038s ]

[ 2017-04-09T10:01:53+08:00 ] ::1 /MIFOOD/index.php/Home/Index/person
INFO: [ app_init ] --START--
INFO: Run Behavior\BuildLiteBehavior [ RunTime:0.000121s ]
INFO: [ app_init ] --END-- [ RunTime:0.002032s ]

[ 2017-04-09T10:02:37+08:00 ] ::1 /MIFOOD/index.php/Home/Index/person
INFO: [ app_init ] --START--
INFO: Run Behavior\BuildLiteBehavior [ RunTime:0.000106s ]
INFO: [ app_init ] --END-- [ RunTime:0.001722s ]

[ 2017-04-09T10:11:47+08:00 ] ::1 /MIFOOD/index.php/Home/Index/person
INFO: [ app_init ] --START--
INFO: Run Behavior\BuildLiteBehavior [ RunTime:0.000108s ]
INFO: [ app_init ] --END-- [ RunTime:0.001894s ]

[ 2017-04-09T10:12:41+08:00 ] ::1 /MIFOOD/index.php/Home/Index/person
INFO: [ app_init ] --START--
INFO: Run Behavior\BuildLiteBehavior [ RunTime:0.000113s ]
INFO: [ app_init ] --END-- [ RunTime:0.001975s ]

[ 2017-04-09T10:13:29+08:00 ] ::1 /MIFOOD/index.php/Home/Index/person
INFO: [ app_init ] --START--
INFO: Run Behavior\BuildLiteBehavior [ RunTime:0.000119s ]
INFO: [ app_init ] --END-- [ RunTime:0.002116s ]

[ 2017-04-09T10:13:36+08:00 ] ::1 /MIFOOD/index.php/Home/Index/person/p/2.html
INFO: [ app_init ] --START--
INFO: Run Behavior\BuildLiteBehavior [ RunTime:0.000135s ]
INFO: [ app_init ] --END-- [ RunTime:0.003291s ]

[ 2017-04-09T10:13:49+08:00 ] ::1 /MIFOOD/index.php/Home/Index/person/p/3.html
INFO: [ app_init ] --START--
INFO: Run Behavior\BuildLiteBehavior [ RunTime:0.000106s ]
INFO: [ app_init ] --END-- [ RunTime:0.001773s ]

[ 2017-04-09T10:14:46+08:00 ] ::1 /MIFOOD/index.php/Home/Index/person/p/3.html
INFO: [ app_init ] --START--
INFO: Run Behavior\BuildLiteBehavior [ RunTime:0.000125s ]
INFO: [ app_init ] --END-- [ RunTime:0.002497s ]

[ 2017-04-09T10:14:54+08:00 ] ::1 /MIFOOD/index.php/Home/Index/person/p/2.html
INFO: [ app_init ] --START--
INFO: Run Behavior\BuildLiteBehavior [ RunTime:0.000124s ]
INFO: [ app_init ] --END-- [ RunTime:0.002122s ]

[ 2017-04-09T10:14:57+08:00 ] ::1 /MIFOOD/index.php/Home/Index/person/p/1.html
INFO: [ app_init ] --START--
INFO: Run Behavior\BuildLiteBehavior [ RunTime:0.000112s ]
INFO: [ app_init ] --END-- [ RunTime:0.001979s ]

[ 2017-04-09T10:15:00+08:00 ] ::1 /MIFOOD/index.php/Home/Index/person/p/1.html
INFO: [ app_init ] --START--
INFO: Run Behavior\BuildLiteBehavior [ RunTime:0.000124s ]
INFO: [ app_init ] --END-- [ RunTime:0.002772s ]

[ 2017-04-09T10:16:00+08:00 ] ::1 /MIFOOD/index.php/Home/Index/person/p/1.html
INFO: [ app_init ] --START--
INFO: Run Behavior\BuildLiteBehavior [ RunTime:0.000130s ]
INFO: [ app_init ] --END-- [ RunTime:0.002338s ]

[ 2017-04-09T10:16:06+08:00 ] ::1 /MIFOOD/index.php/Home/Index/person/p/3.html
INFO: [ app_init ] --START--
INFO: Run Behavior\BuildLiteBehavior [ RunTime:0.000158s ]
INFO: [ app_init ] --END-- [ RunTime:0.002358s ]

[ 2017-04-09T10:16:13+08:00 ] ::1 /MIFOOD/index.php/Home/Index/details/shop_id/5
INFO: [ app_init ] --START--
INFO: Run Behavior\BuildLiteBehavior [ RunTime:0.000136s ]
INFO: [ app_init ] --END-- [ RunTime:0.002414s ]

[ 2017-04-09T10:24:57+08:00 ] ::1 /MIFOOD/index.php/Home/Index/person/p/3.html
INFO: [ app_init ] --START--
INFO: Run Behavior\BuildLiteBehavior [ RunTime:0.000118s ]
INFO: [ app_init ] --END-- [ RunTime:0.001862s ]

[ 2017-04-09T10:25:36+08:00 ] ::1 /MIFOOD/index.php/Home/Index/person/p/3.html
INFO: [ app_init ] --START--
INFO: Run Behavior\BuildLiteBehavior [ RunTime:0.000120s ]
INFO: [ app_init ] --END-- [ RunTime:0.002005s ]

[ 2017-04-09T10:25:44+08:00 ] ::1 /MIFOOD/index.php/Home/Index/person
INFO: [ app_init ] --START--
INFO: Run Behavior\BuildLiteBehavior [ RunTime:0.000108s ]
INFO: [ app_init ] --END-- [ RunTime:0.002015s ]

[ 2017-04-09T10:26:03+08:00 ] ::1 /MIFOOD/index.php/Home/Index/person/p/2.html
INFO: [ app_init ] --START--
INFO: Run Behavior\BuildLiteBehavior [ RunTime:0.000116s ]
INFO: [ app_init ] --END-- [ RunTime:0.002217s ]

[ 2017-04-09T10:26:11+08:00 ] ::1 /MIFOOD/index.php/Home/Index/delLove/shop_id/14
INFO: [ app_init ] --START--
INFO: Run Behavior\BuildLiteBehavior [ RunTime:0.000150s ]
INFO: [ app_init ] --END-- [ RunTime:0.002875s ]

[ 2017-04-09T10:26:19+08:00 ] ::1 /MIFOOD/index.php/Home/Index/person/p/3.html
INFO: [ app_init ] --START--
INFO: Run Behavior\BuildLiteBehavior [ RunTime:0.000149s ]
INFO: [ app_init ] --END-- [ RunTime:0.003116s ]

[ 2017-04-09T10:26:26+08:00 ] ::1 /MIFOOD/index.php/Home/Index/person/p/1.html
INFO: [ app_init ] --START--
INFO: Run Behavior\BuildLiteBehavior [ RunTime:0.000104s ]
INFO: [ app_init ] --END-- [ RunTime:0.001644s ]

[ 2017-04-09T10:27:16+08:00 ] ::1 /MIFOOD/index.php/Home/Index/mail
INFO: [ app_init ] --START--
INFO: Run Behavior\BuildLiteBehavior [ RunTime:0.000110s ]
INFO: [ app_init ] --END-- [ RunTime:0.002048s ]

[ 2017-04-09T10:27:59+08:00 ] ::1 /MIFOOD/index.php/Home/Index/mail
INFO: [ app_init ] --START--
INFO: Run Behavior\BuildLiteBehavior [ RunTime:0.000122s ]
INFO: [ app_init ] --END-- [ RunTime:0.002511s ]

[ 2017-04-09T10:28:23+08:00 ] ::1 /MIFOOD/index.php/Home/Index/details/shop_id/664
INFO: [ app_init ] --START--
INFO: Run Behavior\BuildLiteBehavior [ RunTime:0.000114s ]
INFO: [ app_init ] --END-- [ RunTime:0.002060s ]

[ 2017-04-09T10:28:39+08:00 ] ::1 /MIFOOD/index.php/Home/Index/log_off
INFO: [ app_init ] --START--
INFO: Run Behavior\BuildLiteBehavior [ RunTime:0.000103s ]
INFO: [ app_init ] --END-- [ RunTime:0.001637s ]

[ 2017-04-09T10:31:50+08:00 ] ::1 /MIFOOD/index.php/Home/Index/person/p/1.html
INFO: [ app_init ] --START--
INFO: Run Behavior\BuildLiteBehavior [ RunTime:0.000119s ]
INFO: [ app_init ] --END-- [ RunTime:0.002623s ]

[ 2017-04-09T10:31:56+08:00 ] ::1 /MIFOOD/index.php/Home/Index/log_off
INFO: [ app_init ] --START--
INFO: Run Behavior\BuildLiteBehavior [ RunTime:0.000113s ]
INFO: [ app_init ] --END-- [ RunTime:0.002302s ]

[ 2017-04-09T10:32:06+08:00 ] ::1 /MIFOOD/index.php/Home/Index/person/p/1.html
INFO: [ app_init ] --START--
INFO: Run Behavior\BuildLiteBehavior [ RunTime:0.000112s ]
INFO: [ app_init ] --END-- [ RunTime:0.002152s ]

[ 2017-04-09T10:32:26+08:00 ] ::1 /MIFOOD/index.php/Home/Index/index
INFO: [ app_init ] --START--
INFO: Run Behavior\BuildLiteBehavior [ RunTime:0.000150s ]
INFO: [ app_init ] --END-- [ RunTime:0.002928s ]

[ 2017-04-09T10:32:47+08:00 ] ::1 /MIFOOD/index.php/Home/Index/details/shop_id/199
INFO: [ app_init ] --START--
INFO: Run Behavior\BuildLiteBehavior [ RunTime:0.000176s ]
INFO: [ app_init ] --END-- [ RunTime:0.003557s ]

[ 2017-04-09T10:37:55+08:00 ] ::1 /MIFOOD/index.php/Home/Index/addLove/shop_id/199
INFO: [ app_init ] --START--
INFO: Run Behavior\BuildLiteBehavior [ RunTime:0.000110s ]
INFO: [ app_init ] --END-- [ RunTime:0.001793s ]

[ 2017-04-09T10:37:56+08:00 ] ::1 /MIFOOD/index.php/Home/Index/details/shop_id/199
INFO: [ app_init ] --START--
INFO: Run Behavior\BuildLiteBehavior [ RunTime:0.000143s ]
INFO: [ app_init ] --END-- [ RunTime:0.002740s ]

